This is LuaHBTeX, Version 1.17.0 (MiKTeX 23.5) (format=lualatex 2024.5.5)  12 FEB 2025 19:11
 restricted system commands enabled.
**Virtel_User_Guide.tex
(./Virtel_User_Guide.tex
LaTeX2e <2023-06-01> patch level 1
L3 programming layer <2023-06-30>
Lua module: luaotfload 2022-10-03 3.23 Lua based OpenType font support
Lua module: lualibs 2022-10-04 2.75 ConTeXt Lua standard libraries.
Lua module: lualibs-extended 2022-10-04 2.75 ConTeXt Lua libraries -- extended c
ollection.
luaotfload | conf : Root cache directory is "C:/Users/Holt/AppData/Local/MiKTeX/
luatex-cache/generic/names".
luaotfload | init : Loading fontloader "fontloader-2022-10-03.lua" from kpse-res
olved path "C:/Users/Holt/AppData/Local/Programs/MiKTeX/tex/luatex/luaotfload/fo
ntloader-2022-10-03.lua".
Lua-only attribute luaotfload@noligature = 1
luaotfload | init : Context OpenType loader version 3.120
Inserting `luaotfload.node_processor' in `pre_linebreak_filter'.
Inserting `luaotfload.node_processor' in `hpack_filter'.
Inserting `luaotfload.glyph_stream' in `glyph_stream_provider'.
Inserting `luaotfload.define_font' in `define_font'.
Lua-only attribute luaotfload_color_attribute = 2
luaotfload | conf : Root cache directory is "C:/Users/Holt/AppData/Local/MiKTeX/
luatex-cache/generic/names".
Inserting `luaotfload.harf.strip_prefix' in `find_opentype_file'.
Inserting `luaotfload.harf.strip_prefix' in `find_truetype_file'.
Removing  `luaotfload.glyph_stream' from `glyph_stream_provider'.
Inserting `luaotfload.harf.glyphstream' in `glyph_stream_provider'.
Inserting `luaotfload.harf.finalize_vlist' in `post_linebreak_filter'.
Inserting `luaotfload.harf.finalize_hlist' in `hpack_filter'.
Inserting `luaotfload.cleanup_files' in `wrapup_run'.
Inserting `luaotfload.harf.finalize_unicode' in `finish_pdffile'.
Inserting `luaotfload.glyphinfo' in `glyph_info'.
Lua-only attribute luaotfload.letterspace_done = 3
Inserting `luaotfload.aux.set_sscale_dimens' in `luaotfload.patch_font'.
Inserting `luaotfload.aux.set_font_index' in `luaotfload.patch_font'.
Inserting `luaotfload.aux.patch_cambria_domh' in `luaotfload.patch_font'.
Inserting `luaotfload.aux.fixup_fontdata' in `luaotfload.patch_font_unsafe'.
Inserting `luaotfload.aux.set_capheight' in `luaotfload.patch_font'.
Inserting `luaotfload.aux.set_xheight' in `luaotfload.patch_font'.
Inserting `luaotfload.rewrite_fontname' in `luaotfload.patch_font'.
Inserting `tracingstacklevels' in `input_level_string'. (./sphinxmanual.cls
Document Class: sphinxmanual 2019/12/01 v2.3.0 Document class (Sphinx manual)
(C:/Users/Holt/AppData/Local/Programs/MiKTeX/tex/latex/base/report.cls
Document Class: report 2023/05/17 v1.4n Standard LaTeX document class
(C:/Users/Holt/AppData/Local/Programs/MiKTeX/tex/latex/base/size10.clo
File: size10.clo 2023/05/17 v1.4n Standard LaTeX file (size option)
luaotfload | db : Font names database loaded from C:/Users/Holt/AppData/Local/Mi
KTeX/luatex-cache/generic/names/luaotfload-names.luc.gz)
\c@part=\count183
\c@chapter=\count184
\c@section=\count185
\c@subsection=\count186
\c@subsubsection=\count187
\c@paragraph=\count188
\c@subparagraph=\count189
\c@figure=\count190
\c@table=\count191
\abovecaptionskip=\skip48
\belowcaptionskip=\skip49
\bibindent=\dimen139
)
LaTeX Info: Redefining \and on input line 35.
)
\sphinxpxdimen=\dimen140

(C:/Users/Holt/AppData/Local/Programs/MiKTeX/tex/latex/cmap/cmap.sty
Package: cmap 2021/02/06 v1.0j CMap support: searchable PDF
)
(C:/Users/Holt/AppData/Local/Programs/MiKTeX/tex/latex/amsmath/amsmath.sty
Package: amsmath 2023/05/13 v2.17o AMS math features
\@mathmargin=\skip50

For additional information on amsmath, use the `?' option.
(C:/Users/Holt/AppData/Local/Programs/MiKTeX/tex/latex/amsmath/amstext.sty
Package: amstext 2021/08/26 v2.01 AMS text

(C:/Users/Holt/AppData/Local/Programs/MiKTeX/tex/latex/amsmath/amsgen.sty
File: amsgen.sty 1999/11/30 v2.0 generic functions
\@emptytoks=\toks17
\ex@=\dimen141
))
(C:/Users/Holt/AppData/Local/Programs/MiKTeX/tex/latex/amsmath/amsbsy.sty
Package: amsbsy 1999/11/29 v1.2d Bold Symbols
\pmbraise@=\dimen142
)
(C:/Users/Holt/AppData/Local/Programs/MiKTeX/tex/latex/amsmath/amsopn.sty
Package: amsopn 2022/04/08 v2.04 operator names
)
\inf@bad=\count192
LaTeX Info: Redefining \frac on input line 236.
\uproot@=\count193
\leftroot@=\count194
LaTeX Info: Redefining \overline on input line 399.
LaTeX Info: Redefining \colon on input line 410.
\classnum@=\count195
\DOTSCASE@=\count196
LaTeX Info: Redefining \ldots on input line 496.
LaTeX Info: Redefining \dots on input line 499.
LaTeX Info: Redefining \cdots on input line 620.
\Mathstrutbox@=\box51
\strutbox@=\box52
LaTeX Info: Redefining \big on input line 722.
LaTeX Info: Redefining \Big on input line 723.
LaTeX Info: Redefining \bigg on input line 724.
LaTeX Info: Redefining \Bigg on input line 725.
\big@size=\dimen143
LaTeX Font Info:    Redeclaring font encoding OML on input line 743.
LaTeX Font Info:    Redeclaring font encoding OMS on input line 744.
\macc@depth=\count197
LaTeX Info: Redefining \bmod on input line 905.
LaTeX Info: Redefining \pmod on input line 910.
LaTeX Info: Redefining \smash on input line 940.
LaTeX Info: Redefining \relbar on input line 970.
LaTeX Info: Redefining \Relbar on input line 971.
\c@MaxMatrixCols=\count198
\dotsspace@=\muskip16
\c@parentequation=\count199
\dspbrk@lvl=\count266
\tag@help=\toks18
\row@=\count267
\column@=\count268
\maxfields@=\count269
\andhelp@=\toks19
\eqnshift@=\dimen144
\alignsep@=\dimen145
\tagshift@=\dimen146
\tagwidth@=\dimen147
\totwidth@=\dimen148
\lineht@=\dimen149
\@envbody=\toks20
\multlinegap=\skip51
\multlinetaggap=\skip52
\mathdisplay@stack=\toks21
LaTeX Info: Redefining \[ on input line 2953.
LaTeX Info: Redefining \] on input line 2954.
)
(C:/Users/Holt/AppData/Local/Programs/MiKTeX/tex/latex/amsfonts/amssymb.sty
Package: amssymb 2013/01/14 v3.01 AMS font symbols

(C:/Users/Holt/AppData/Local/Programs/MiKTeX/tex/latex/amsfonts/amsfonts.sty
Package: amsfonts 2013/01/14 v3.01 Basic AMSFonts support
\symAMSa=\mathgroup4
\symAMSb=\mathgroup5
LaTeX Font Info:    Redeclaring math symbol \hbar on input line 98.
LaTeX Font Info:    Overwriting math alphabet `\mathfrak' in version `bold'
(Font)                  U/euf/m/n --> U/euf/b/n on input line 106.
))
(C:/Users/Holt/AppData/Local/Programs/MiKTeX/tex/generic/babel/babel.sty
Package: babel 2023/07/15 v3.92 The Babel package

(C:/Users/Holt/AppData/Local/Programs/MiKTeX/tex/generic/babel/luababel.def
\bbl@readstream=\read2
\l@afrikaans=\language2
Package babel Info: Non-standard hyphenation setup on input line 118.
\l@ancientgreek=\language3
\l@armenian=\language4
\l@assamese=\language5
\l@basque=\language6
\l@belarusian=\language7
\l@bengali=\language8
\l@bokmal=\language9
\l@bulgarian=\language10
\l@catalan=\language11
\l@churchslavonic=\language12
\l@classiclatin=\language13
\l@coptic=\language14
\l@croatian=\language15
\l@czech=\language16
\l@danish=\language17
\l@dutch=\language18
\l@esperanto=\language19
\l@estonian=\language20
\l@ethiopic=\language21
\l@finnish=\language22
\l@french=\language23
\l@friulan=\language24
\l@galician=\language25
\l@georgian=\language26
\l@german=\language27
\l@greek=\language28
\l@gujarati=\language29
\l@hindi=\language30
\l@hungarian=\language31
\l@icelandic=\language32
\l@indonesian=\language33
\l@interlingua=\language34
\l@irish=\language35
\l@italian=\language36
\l@kannada=\language37
\l@kurmanji=\language38
\l@latin=\language39
\l@latvian=\language40
\l@lithuanian=\language41
\l@liturgicallatin=\language42
\l@macedonian=\language43
\l@malayalam=\language44
\l@marathi=\language45
\l@mongolian=\language46
\l@mongolianlmc=\language47
\l@monogreek=\language48
\l@ngerman=\language49
\l@nynorsk=\language50
\l@occitan=\language51
\l@oriya=\language52
\l@pali=\language53
\l@panjabi=\language54
\l@piedmontese=\language55
\l@polish=\language56
\l@portuguese=\language57
\l@romanian=\language58
\l@romansh=\language59
\l@russian=\language60
\l@sanskrit=\language61
\l@serbian=\language62
\l@serbianc=\language63
\l@slovak=\language64
\l@slovenian=\language65
\l@spanish=\language66
\l@swedish=\language67
\l@swissgerman=\language68
\l@tamil=\language69
\l@telugu=\language70
\l@thai=\language71
\l@turkish=\language72
\l@turkmen=\language73
\l@ukenglish=\language74
\l@ukrainian=\language75
\l@uppersorbian=\language76
\l@usenglishmax=\language77
\l@welsh=\language78
\babelcatcodetablenum=\catcodetable14
\bbl@pattcodes=\catcodetable15
)
\babel@savecnt=\count270
\U@D=\dimen150
\l@unhyphenated=\language79

(C:/Users/Holt/AppData/Local/Programs/MiKTeX/tex/generic/babel/luababel.def
\bbl@attr@locale=\attribute4
)
*************************************
* Local config file bblopts.cfg used
*
(C:/Users/Holt/AppData/Local/Programs/MiKTeX/tex/latex/arabi/bblopts.cfg
File: bblopts.cfg 2005/09/08 v0.1 add Arabic and Farsi to "declared" options of
 babel
)
(C:/Users/Holt/AppData/Local/Programs/MiKTeX/tex/latex/babel-english/english.ld
f
Language: english 2017/06/06 v3.3r English support from the babel system
Package babel Info: Hyphen rules for 'canadian' set to \l@english
(babel)             (\language0). Reported on input line 102.
Package babel Info: Hyphen rules for 'australian' set to \l@ukenglish
(babel)             (\language74). Reported on input line 105.
Package babel Info: Hyphen rules for 'newzealand' set to \l@ukenglish
(babel)             (\language74). Reported on input line 108.
))
(C:/Users/Holt/AppData/Local/Programs/MiKTeX/tex/generic/babel/locale/en/babel-
english.tex
Package babel Info: Importing font and identification data for english
(babel)             from babel-en.ini. Reported on input line 11.
)
(C:/Users/Holt/AppData/Local/Programs/MiKTeX/tex/latex/fncychap/fncychap.sty
Package: fncychap 2007/07/30 v1.34 LaTeX package (Revised chapters)
\RW=\skip53
\mylen=\skip54
\myhi=\skip55
\px=\skip56
\py=\skip57
\pyy=\skip58
\pxx=\skip59
\c@AlphaCnt=\count271
\c@AlphaDecCnt=\count272
)
(./sphinx.sty
Package: sphinx 2023/03/19 v6.2.0 LaTeX package (Sphinx markup)

(C:/Users/Holt/AppData/Local/Programs/MiKTeX/tex/generic/ltxcmds/ltxcmds.sty
Package: ltxcmds 2020-05-10 v1.25 LaTeX kernel commands for general use (HO)
)
(C:/Users/Holt/AppData/Local/Programs/MiKTeX/tex/latex/xcolor/xcolor.sty
Package: xcolor 2022/06/12 v2.14 LaTeX color extensions (UK)

(C:/Users/Holt/AppData/Local/Programs/MiKTeX/tex/latex/graphics-cfg/color.cfg
File: color.cfg 2016/01/02 v1.6 sample color configuration
)
Package xcolor Info: Driver file: luatex.def on input line 227.

(C:/Users/Holt/AppData/Local/Programs/MiKTeX/tex/latex/graphics-def/luatex.def
File: luatex.def 2022/09/22 v1.2d Graphics/color driver for luatex
) (C:/Users/Holt/AppData/Local/Programs/MiKTeX/tex/latex/graphics/mathcolor.ltx
)
Package xcolor Info: Model `cmy' substituted by `cmy0' on input line 1353.
Package xcolor Info: Model `hsb' substituted by `rgb' on input line 1357.
Package xcolor Info: Model `RGB' extended on input line 1369.
Package xcolor Info: Model `HTML' substituted by `rgb' on input line 1371.
Package xcolor Info: Model `Hsb' substituted by `hsb' on input line 1372.
Package xcolor Info: Model `tHsb' substituted by `hsb' on input line 1373.
Package xcolor Info: Model `HSB' substituted by `hsb' on input line 1374.
Package xcolor Info: Model `Gray' substituted by `gray' on input line 1375.
Package xcolor Info: Model `wave' substituted by `hsb' on input line 1376.
)
(C:/Users/Holt/AppData/Local/Programs/MiKTeX/tex/latex/kvoptions/kvoptions.sty
Package: kvoptions 2022-06-15 v3.15 Key value format for package options (HO)

(C:/Users/Holt/AppData/Local/Programs/MiKTeX/tex/latex/graphics/keyval.sty
Package: keyval 2022/05/29 v1.15 key=value parser (DPC)
\KV@toks@=\toks22
)
(C:/Users/Holt/AppData/Local/Programs/MiKTeX/tex/latex/kvsetkeys/kvsetkeys.sty
Package: kvsetkeys 2022-10-05 v1.19 Key value parser (HO)
)) (./sphinxoptionshyperref.sty
File: sphinxoptionshyperref.sty 2021/01/27 hyperref
) (./sphinxoptionsgeometry.sty
File: sphinxoptionsgeometry.sty 2021/01/27 geometry
)
(C:/Users/Holt/AppData/Local/Programs/MiKTeX/tex/latex/base/textcomp.sty
Package: textcomp 2020/02/02 v2.0n Standard LaTeX package
)
(C:/Users/Holt/AppData/Local/Programs/MiKTeX/tex/latex/float/float.sty
Package: float 2001/11/08 v1.3d Float enhancements (AL)
\c@float@type=\count273
\float@exts=\toks23
\float@box=\box53
\@float@everytoks=\toks24
\@floatcapt=\box54
)
(C:/Users/Holt/AppData/Local/Programs/MiKTeX/tex/latex/wrapfig/wrapfig.sty
\wrapoverhang=\dimen151
\WF@size=\dimen152
\c@WF@wrappedlines=\count274
\WF@box=\box55
\WF@everypar=\toks25
Package: wrapfig 2003/01/31  v 3.6
)
(C:/Users/Holt/AppData/Local/Programs/MiKTeX/tex/latex/capt-of/capt-of.sty
Package: capt-of 2009/12/29 v0.2 standard captions outside of floats
)
(C:/Users/Holt/AppData/Local/Programs/MiKTeX/tex/latex/tools/multicol.sty
Package: multicol 2023/03/30 v1.9f multicolumn formatting (FMi)
\c@tracingmulticols=\count275
\mult@box=\box56
\multicol@leftmargin=\dimen153
\c@unbalance=\count276
\c@collectmore=\count277
\doublecol@number=\count278
\multicoltolerance=\count279
\multicolpretolerance=\count280
\full@width=\dimen154
\page@free=\dimen155
\premulticols=\dimen156
\postmulticols=\dimen157
\multicolsep=\skip60
\multicolbaselineskip=\skip61
\partial@page=\box57
\last@line=\box58
\mc@boxedresult=\box59
\maxbalancingoverflow=\dimen158
\mult@rightbox=\box60
\mult@grightbox=\box61
\mult@firstbox=\box62
\mult@gfirstbox=\box63
\@tempa=\box64
\@tempa=\box65
\@tempa=\box66
\@tempa=\box67
\@tempa=\box68
\@tempa=\box69
\@tempa=\box70
\@tempa=\box71
\@tempa=\box72
\@tempa=\box73
\@tempa=\box74
\@tempa=\box75
\@tempa=\box76
\@tempa=\box77
\@tempa=\box78
\@tempa=\box79
\@tempa=\box80
\@tempa=\box81
\@tempa=\box82
\@tempa=\box83
\@tempa=\box84
\@tempa=\box85
\@tempa=\box86
\@tempa=\box87
\@tempa=\box88
\@tempa=\box89
\@tempa=\box90
\@tempa=\box91
\@tempa=\box92
\@tempa=\box93
\@tempa=\box94
\@tempa=\box95
\@tempa=\box96
\@tempa=\box97
\@tempa=\box98
\@tempa=\box99
\c@minrows=\count281
\c@columnbadness=\count282
\c@finalcolumnbadness=\count283
\last@try=\dimen159
\multicolovershoot=\dimen160
\multicolundershoot=\dimen161
\mult@nat@firstbox=\box100
\colbreak@box=\box101
\mc@col@check@num=\count284
)
(C:/Users/Holt/AppData/Local/Programs/MiKTeX/tex/latex/graphics/graphicx.sty
Package: graphicx 2021/09/16 v1.2d Enhanced LaTeX Graphics (DPC,SPQR)

(C:/Users/Holt/AppData/Local/Programs/MiKTeX/tex/latex/graphics/graphics.sty
Package: graphics 2022/03/10 v1.4e Standard LaTeX Graphics (DPC,SPQR)

(C:/Users/Holt/AppData/Local/Programs/MiKTeX/tex/latex/graphics/trig.sty
Package: trig 2021/08/11 v1.11 sin cos tan (DPC)
)
(C:/Users/Holt/AppData/Local/Programs/MiKTeX/tex/latex/graphics-cfg/graphics.cf
g
File: graphics.cfg 2016/06/04 v1.11 sample graphics configuration
)
Package graphics Info: Driver file: luatex.def on input line 107.
)
\Gin@req@height=\dimen162
\Gin@req@width=\dimen163
) (./sphinxlatexgraphics.sty
File: sphinxlatexgraphics.sty 2021/01/27 graphics
\spx@image@maxheight=\dimen164
\spx@image@box=\box102
) (./sphinxpackageboxes.sty
Package: sphinxpackageboxes 2023/03/19 v6.2.0 advanced colored boxes

(C:/Users/Holt/AppData/Local/Programs/MiKTeX/tex/latex/pict2e/pict2e.sty
Package: pict2e 2020/09/30 v0.4b Improved picture commands (HjG,RN,JT)

(C:/Users/Holt/AppData/Local/Programs/MiKTeX/tex/latex/pict2e/pict2e.cfg
File: pict2e.cfg 2016/02/05 v0.1u pict2e configuration for teTeX/TeXLive
)
Package pict2e Info: Driver file: luatex.def on input line 112.
Package pict2e Info: Driver file for pict2e: p2e-luatex.def on input line 114.

(C:/Users/Holt/AppData/Local/Programs/MiKTeX/tex/latex/pict2e/p2e-luatex.def
File: p2e-luatex.def 2016/02/05 v0.1u Driver-dependant file (RN,HjG,JT)
)
\pIIe@GRAPH=\toks26
\@arclen=\dimen165
\@arcrad=\dimen166
\pIIe@tempdima=\dimen167
\pIIe@tempdimb=\dimen168
\pIIe@tempdimc=\dimen169
\pIIe@tempdimd=\dimen170
\pIIe@tempdime=\dimen171
\pIIe@tempdimf=\dimen172
)
(C:/Users/Holt/AppData/Local/Programs/MiKTeX/tex/latex/ellipse/ellipse.sty
Package: ellipse 2004/11/05 v1.0 .dtx ellipse file
)
\@tempdimd=\dimen173
\spx@tempboxa=\box103
\spx@tempboxb=\box104
\spx@boxes@border=\dimen174
\spx@boxes@border@top=\dimen175
\spx@boxes@border@right=\dimen176
\spx@boxes@border@bottom=\dimen177
\spx@boxes@border@left=\dimen178
\spx@boxes@padding@top=\dimen179
\spx@boxes@padding@right=\dimen180
\spx@boxes@padding@bottom=\dimen181
\spx@boxes@padding@left=\dimen182
\spx@boxes@shadow@xoffset=\dimen183
\spx@boxes@shadow@yoffset=\dimen184
\spx@boxes@radius@topleft@x=\dimen185
\spx@boxes@radius@topright@x=\dimen186
\spx@boxes@radius@bottomright@x=\dimen187
\spx@boxes@radius@bottomleft@x=\dimen188
\spx@boxes@radius@topleft@y=\dimen189
\spx@boxes@radius@topright@y=\dimen190
\spx@boxes@radius@bottomright@y=\dimen191
\spx@boxes@radius@bottomleft@y=\dimen192
)
(./sphinxlatexadmonitions.sty
File: sphinxlatexadmonitions.sty 2023/03/19 admonitions

(C:/Users/Holt/AppData/Local/Programs/MiKTeX/tex/latex/framed/framed.sty
Package: framed 2011/10/22 v 0.96: framed or shaded text with page breaks
\OuterFrameSep=\skip62
\fb@frw=\dimen193
\fb@frh=\dimen194
\FrameRule=\dimen195
\FrameSep=\dimen196
)
\spx@notice@border=\dimen197
)
(./sphinxlatexliterals.sty
File: sphinxlatexliterals.sty 2023/04/01 code-blocks and parsed literals

(C:/Users/Holt/AppData/Local/Programs/MiKTeX/tex/latex/fancyvrb/fancyvrb.sty
Package: fancyvrb 2023/01/19 4.5a verbatim text (tvz,hv)
\FV@CodeLineNo=\count285
\FV@InFile=\read3
\FV@TabBox=\box105
\c@FancyVerbLine=\count286
\FV@StepNumber=\count287
\FV@OutFile=\write3
)
(C:/Users/Holt/AppData/Local/Programs/MiKTeX/tex/latex/base/alltt.sty
Package: alltt 2021/01/29 v2.0g defines alltt environment
)
(C:/Users/Holt/AppData/Local/Programs/MiKTeX/tex/latex/upquote/upquote.sty
Package: upquote 2012/04/19 v1.3 upright-quote and grave-accent glyphs in verba
tim
)
(C:/Users/Holt/AppData/Local/Programs/MiKTeX/tex/latex/needspace/needspace.sty
Package: needspace 2010/09/12 v1.3d reserve vertical space
)
\sphinxcontinuationbox=\box106
\sphinxvisiblespacebox=\box107
\sphinxVerbatim@TitleBox=\box108
\sphinxVerbatim@ContentsBox=\box109
) (./sphinxlatexshadowbox.sty
File: sphinxlatexshadowbox.sty 2023/03/19 sphinxShadowBox
) (./sphinxlatexcontainers.sty
File: sphinxlatexcontainers.sty 2021/05/03 containers
)
(./sphinxhighlight.sty
Package: sphinxhighlight 2022/06/30 stylesheet for highlighting with pygments
) (./sphinxlatextables.sty
File: sphinxlatextables.sty 2022/08/15 tables

(C:/Users/Holt/AppData/Local/Programs/MiKTeX/tex/latex/tabulary/tabulary.sty
Package: tabulary 2014/06/11 v0.10 tabulary package (DPC)

(C:/Users/Holt/AppData/Local/Programs/MiKTeX/tex/latex/tools/array.sty
Package: array 2022/09/04 v2.5g Tabular extension package (FMi)
\col@sep=\dimen198
\ar@mcellbox=\box110
\extrarowheight=\dimen199
\NC@list=\toks27
\extratabsurround=\skip63
\backup@length=\skip64
\ar@cellbox=\box111
)
\TY@count=\count288
\TY@linewidth=\dimen256
\tymin=\dimen257
\tymax=\dimen258
\TY@tablewidth=\dimen259
)
(C:/Users/Holt/AppData/Local/Programs/MiKTeX/tex/latex/tools/longtable.sty
Package: longtable 2021-09-01 v4.17 Multi-page Table package (DPC)
\LTleft=\skip65
\LTright=\skip66
\LTpre=\skip67
\LTpost=\skip68
\LTchunksize=\count289
\LTcapwidth=\dimen260
\LT@head=\box112
\LT@firsthead=\box113
\LT@foot=\box114
\LT@lastfoot=\box115
\LT@gbox=\box116
\LT@cols=\count290
\LT@rows=\count291
\c@LT@tables=\count292
\c@LT@chunks=\count293
\LT@p@ftn=\toks28
)
(C:/Users/Holt/AppData/Local/Programs/MiKTeX/tex/latex/varwidth/varwidth.sty
Package: varwidth 2009/03/30 ver 0.92;  Variable-width minipages
\@vwid@box=\box117
\sift@deathcycles=\count294
\@vwid@loff=\dimen261
\@vwid@roff=\dimen262
)
\sphinx@TY@tablewidth=\dimen263

(C:/Users/Holt/AppData/Local/Programs/MiKTeX/tex/latex/colortbl/colortbl.sty
Package: colortbl 2022/06/20 v1.0f Color table columns (DPC)
\everycr=\toks29
\minrowclearance=\skip69
\rownum=\count295
)
(C:/Users/Holt/AppData/Local/Programs/MiKTeX/tex/latex/booktabs/booktabs.sty
Package: booktabs 2020/01/12 v1.61803398 Publication quality tables
\heavyrulewidth=\dimen264
\lightrulewidth=\dimen265
\cmidrulewidth=\dimen266
\belowrulesep=\dimen267
\belowbottomsep=\dimen268
\aboverulesep=\dimen269
\abovetopsep=\dimen270
\cmidrulesep=\dimen271
\cmidrulekern=\dimen272
\defaultaddspace=\dimen273
\@cmidla=\count296
\@cmidlb=\count297
\@aboverulesep=\dimen274
\@belowrulesep=\dimen275
\@thisruleclass=\count298
\@lastruleclass=\count299
\@thisrulewidth=\dimen276
))
(./sphinxlatexnumfig.sty
File: sphinxlatexnumfig.sty 2021/01/27 numbering
) (./sphinxlatexlists.sty
File: sphinxlatexlists.sty 2021/12/20 lists
\spx@lineitemlabel=\toks30
)
\c@sphinxscope=\count300
 (./sphinxpackagefootnote.sty
Package: sphinxpackagefootnote 2022/08/15 v5.3.0 Sphinx custom footnotehyper pa
ckage (Sphinx team)
\FNH@notes=\box118
\FNH@toks=\toks31
\FNH@width=\dimen277
\c@sphinxfootnotemark=\count301
) (./sphinxlatexindbibtoc.sty
File: sphinxlatexindbibtoc.sty 2021/01/27 index, bib., toc

(C:/Users/Holt/AppData/Local/Programs/MiKTeX/tex/latex/base/makeidx.sty
Package: makeidx 2021/10/04 v1.0m Standard LaTeX package
))
(./sphinxlatexstylepage.sty
File: sphinxlatexstylepage.sty 2021/01/27 page styling

(C:/Users/Holt/AppData/Local/Programs/MiKTeX/tex/latex/parskip/parskip.sty
Rollback for package 'parskip' requested -> version 'v1'.
         This corresponds to the release introduced on 2001-04-09.

(C:/Users/Holt/AppData/Local/Programs/MiKTeX/tex/latex/parskip/parskip-2001-04-
09.sty
Package: parskip 2001/04/09 non-zero parskip adjustments
))
(C:/Users/Holt/AppData/Local/Programs/MiKTeX/tex/latex/fancyhdr/fancyhdr.sty
Package: fancyhdr 2022/11/09 v4.1 Extensive control of page headers and footers

\f@nch@headwidth=\skip70
\f@nch@O@elh=\skip71
\f@nch@O@erh=\skip72
\f@nch@O@olh=\skip73
\f@nch@O@orh=\skip74
\f@nch@O@elf=\skip75
\f@nch@O@erf=\skip76
\f@nch@O@olf=\skip77
\f@nch@O@orf=\skip78
))
(./sphinxlatexstyleheadings.sty
File: sphinxlatexstyleheadings.sty 2023/02/11 headings

(C:/Users/Holt/AppData/Local/Programs/MiKTeX/tex/latex/titlesec/titlesec.sty
Package: titlesec 2021/07/05 v2.14 Sectioning titles
\ttl@box=\box119
\beforetitleunit=\skip79
\aftertitleunit=\skip80
\ttl@plus=\dimen278
\ttl@minus=\dimen279
\ttl@toksa=\toks32
\titlewidth=\dimen280
\titlewidthlast=\dimen281
\titlewidthfirst=\dimen282
))
(./sphinxlatexstyletext.sty
File: sphinxlatexstyletext.sty 2023/03/26 text styling
) (./sphinxlatexobjects.sty
File: sphinxlatexobjects.sty 2022/01/13 documentation environments
\sphinxsignaturesep=\skip81
\py@argswidth=\skip82
\lineblockindentation=\skip83
\DUlineblockindent=\skip84
))
(C:/Users/Holt/AppData/Local/Programs/MiKTeX/tex/latex/geometry/geometry.sty
Package: geometry 2020/01/02 v5.9 Page Geometry

(C:/Users/Holt/AppData/Local/Programs/MiKTeX/tex/generic/iftex/ifvtex.sty
Package: ifvtex 2019/10/25 v1.7 ifvtex legacy package. Use iftex instead.

(C:/Users/Holt/AppData/Local/Programs/MiKTeX/tex/generic/iftex/iftex.sty
Package: iftex 2022/02/03 v1.0f TeX engine tests
))
\Gm@cnth=\count302
\Gm@cntv=\count303
\c@Gm@tempcnt=\count304
\Gm@bindingoffset=\dimen283
\Gm@wd@mp=\dimen284
\Gm@odd@mp=\dimen285
\Gm@even@mp=\dimen286
\Gm@layoutwidth=\dimen287
\Gm@layoutheight=\dimen288
\Gm@layouthoffset=\dimen289
\Gm@layoutvoffset=\dimen290
\Gm@dimlist=\toks33

(C:/Users/Holt/AppData/Local/Programs/MiKTeX/tex/latex/geometry/geometry.cfg))
(C:/Users/Holt/AppData/Local/Programs/MiKTeX/tex/latex/hyperref/hyperref.sty
Package: hyperref 2023-07-08 v7.01b Hypertext links for LaTeX

(C:/Users/Holt/AppData/Local/Programs/MiKTeX/tex/generic/pdftexcmds/pdftexcmds.
sty
Package: pdftexcmds 2020-06-27 v0.33 Utility functions of pdfTeX for LuaTeX (HO
)

(C:/Users/Holt/AppData/Local/Programs/MiKTeX/tex/generic/infwarerr/infwarerr.st
y
Package: infwarerr 2019/12/03 v1.5 Providing info/warning/error messages (HO)
)
Package pdftexcmds Info: \pdf@primitive is available.
Package pdftexcmds Info: \pdf@ifprimitive is available.
Package pdftexcmds Info: \pdfdraftmode found.
\pdftexcmds@toks=\toks34
)
(C:/Users/Holt/AppData/Local/Programs/MiKTeX/tex/generic/kvdefinekeys/kvdefinek
eys.sty
Package: kvdefinekeys 2019-12-19 v1.6 Define keys (HO)
)
(C:/Users/Holt/AppData/Local/Programs/MiKTeX/tex/generic/pdfescape/pdfescape.st
y
Package: pdfescape 2019/12/09 v1.15 Implements pdfTeX's escape features (HO)
) (C:/Users/Holt/AppData/Local/Programs/MiKTeX/tex/latex/hycolor/hycolor.sty
Package: hycolor 2020-01-27 v1.10 Color options for hyperref/bookmark (HO)
)
(C:/Users/Holt/AppData/Local/Programs/MiKTeX/tex/latex/letltxmacro/letltxmacro.
sty
Package: letltxmacro 2019/12/03 v1.6 Let assignment for LaTeX macros (HO)
) (C:/Users/Holt/AppData/Local/Programs/MiKTeX/tex/latex/auxhook/auxhook.sty
Package: auxhook 2019-12-17 v1.6 Hooks for auxiliary files (HO)
) (C:/Users/Holt/AppData/Local/Programs/MiKTeX/tex/latex/hyperref/nameref.sty
Package: nameref 2023-08-07 v2.53 Cross-referencing by name of section

(C:/Users/Holt/AppData/Local/Programs/MiKTeX/tex/latex/refcount/refcount.sty
Package: refcount 2019/12/15 v3.6 Data extraction from label references (HO)
)
(C:/Users/Holt/AppData/Local/Programs/MiKTeX/tex/generic/gettitlestring/gettitl
estring.sty
Package: gettitlestring 2019/12/15 v1.6 Cleanup title references (HO)
)
\c@section@level=\count305
)
(C:/Users/Holt/AppData/Local/Programs/MiKTeX/tex/latex/etoolbox/etoolbox.sty
Package: etoolbox 2020/10/05 v2.5k e-TeX tools for LaTeX (JAW)
\etb@tempcnta=\count306
)
\@linkdim=\dimen291
\Hy@linkcounter=\count307
\Hy@pagecounter=\count308

(C:/Users/Holt/AppData/Local/Programs/MiKTeX/tex/latex/hyperref/pd1enc.def
File: pd1enc.def 2023-07-08 v7.01b Hyperref: PDFDocEncoding definition (HO)
)
(C:/Users/Holt/AppData/Local/Programs/MiKTeX/tex/generic/intcalc/intcalc.sty
Package: intcalc 2019/12/15 v1.3 Expandable calculations with integers (HO)
)
\Hy@SavedSpaceFactor=\count309

(C:/Users/Holt/AppData/Local/Programs/MiKTeX/tex/latex/hyperref/puenc.def
File: puenc.def 2023-07-08 v7.01b Hyperref: PDF Unicode definition (HO)
)
Package hyperref Info: Option `unicode' set `true' on input line 4050.
Package hyperref Info: Option `colorlinks' set `true' on input line 4050.
Package hyperref Info: Option `breaklinks' set `true' on input line 4050.
Package hyperref Info: Hyper figures OFF on input line 4167.
Package hyperref Info: Link nesting OFF on input line 4172.
Package hyperref Info: Hyper index ON on input line 4175.
Package hyperref Info: Plain pages OFF on input line 4182.
Package hyperref Info: Backreferencing OFF on input line 4187.
Package hyperref Info: Implicit mode ON; LaTeX internals redefined.
Package hyperref Info: Bookmarks ON on input line 4434.
\c@Hy@tempcnt=\count310

(C:/Users/Holt/AppData/Local/Programs/MiKTeX/tex/latex/url/url.sty
\Urlmuskip=\muskip17
Package: url 2013/09/16  ver 3.4  Verb mode for urls, etc.
)
LaTeX Info: Redefining \url on input line 4772.
\XeTeXLinkMargin=\dimen292

(C:/Users/Holt/AppData/Local/Programs/MiKTeX/tex/generic/bitset/bitset.sty
Package: bitset 2019/12/09 v1.3 Handle bit-vector datatype (HO)

(C:/Users/Holt/AppData/Local/Programs/MiKTeX/tex/generic/bigintcalc/bigintcalc.
sty
Package: bigintcalc 2019/12/15 v1.5 Expandable calculations on big integers (HO
)
))
\Fld@menulength=\count311
\Field@Width=\dimen293
\Fld@charsize=\dimen294
Package hyperref Info: Hyper figures OFF on input line 6051.
Package hyperref Info: Link nesting OFF on input line 6056.
Package hyperref Info: Hyper index ON on input line 6059.
Package hyperref Info: backreferencing OFF on input line 6066.
Package hyperref Info: Link coloring ON on input line 6069.
Package hyperref Info: Link coloring with OCG OFF on input line 6076.
Package hyperref Info: PDF/A mode OFF on input line 6081.

(C:/Users/Holt/AppData/Local/Programs/MiKTeX/tex/latex/base/atbegshi-ltx.sty
Package: atbegshi-ltx 2021/01/10 v1.0c Emulation of the original atbegshi
package with kernel methods
)
\Hy@abspage=\count312
\c@Item=\count313
\c@Hfootnote=\count314
)
Package hyperref Info: Driver (autodetected): hluatex.

(C:/Users/Holt/AppData/Local/Programs/MiKTeX/tex/latex/hyperref/hluatex.def
File: hluatex.def 2023-07-08 v7.01b Hyperref driver for luaTeX

(C:/Users/Holt/AppData/Local/Programs/MiKTeX/tex/generic/stringenc/stringenc.st
y
Package: stringenc 2019/11/29 v1.12 Convert strings between diff. encodings (HO
)
)
(C:/Users/Holt/AppData/Local/Programs/MiKTeX/tex/latex/base/atveryend-ltx.sty
Package: atveryend-ltx 2020/08/19 v1.0a Emulation of the original atveryend pac
kage
with kernel methods
)
\Fld@listcount=\count315
\c@bookmark@seq@number=\count316

(C:/Users/Holt/AppData/Local/Programs/MiKTeX/tex/latex/rerunfilecheck/rerunfile
check.sty
Package: rerunfilecheck 2022-07-10 v1.10 Rerun checks for auxiliary files (HO)

(C:/Users/Holt/AppData/Local/Programs/MiKTeX/tex/generic/uniquecounter/uniqueco
unter.sty
Package: uniquecounter 2019/12/15 v1.4 Provide unlimited unique counter (HO)
)
Package uniquecounter Info: New unique counter `rerunfilecheck' on input line 2
85.
)
\Hy@SectionHShift=\skip85
)
(C:/Users/Holt/AppData/Local/Programs/MiKTeX/tex/latex/oberdiek/hypcap.sty
Package: hypcap 2016/05/16 v1.12 Adjusting the anchors of captions (HO)
)
(./sphinxmessages.sty
Package: sphinxmessages 2019/01/04 v2.0 Localized LaTeX macros (Sphinx team)
)
(C:/Users/Holt/AppData/Local/Programs/MiKTeX/tex/latex/fontspec/fontspec.sty
(C:/Users/Holt/AppData/Local/Programs/MiKTeX/tex/latex/l3packages/xparse/xparse
.sty (C:/Users/Holt/AppData/Local/Programs/MiKTeX/tex/latex/l3kernel/expl3.sty
Package: expl3 2023-06-30 L3 programming layer (loader) 

(C:/Users/Holt/AppData/Local/Programs/MiKTeX/tex/latex/l3backend/l3backend-luat
ex.def
File: l3backend-luatex.def 2023-04-19 L3 backend support: PDF output (LuaTeX)
\l__color_backend_stack_int=\count317
Inserting `l3color' in `luaotfload.parse_color'.
\l__pdf_internal_box=\box120
))
Package: xparse 2023-02-02 L3 Experimental document command parser
)
Package: fontspec 2022/01/15 v2.8a Font selection for XeLaTeX and LuaLaTeX
Lua module: fontspec 2022/01/15 2.8a Font selection for XeLaTeX and LuaLaTeX
(C:/Users/Holt/AppData/Local/Programs/MiKTeX/tex/latex/fontspec/fontspec-luatex
.sty
Package: fontspec-luatex 2022/01/15 v2.8a Font selection for XeLaTeX and LuaLaT
eX
\l__fontspec_script_int=\count318
\l__fontspec_language_int=\count319
\l__fontspec_strnum_int=\count320
\l__fontspec_tmp_int=\count321
\l__fontspec_tmpa_int=\count322
\l__fontspec_tmpb_int=\count323
\l__fontspec_tmpc_int=\count324
\l__fontspec_em_int=\count325
\l__fontspec_emdef_int=\count326
\l__fontspec_strong_int=\count327
\l__fontspec_strongdef_int=\count328
\l__fontspec_tmpa_dim=\dimen295
\l__fontspec_tmpb_dim=\dimen296
\l__fontspec_tmpc_dim=\dimen297
 (C:/Users/Holt/AppData/Local/Programs/MiKTeX/tex/latex/base/fontenc.sty
Package: fontenc 2021/04/29 v2.0v Standard LaTeX package
)
(C:/Users/Holt/AppData/Local/Programs/MiKTeX/tex/latex/fontspec/fontspec.cfg)))
luaotfload | cache : Lookup cache loaded from C:/Users/Holt/AppData/Local/MiKTeX
/luatex-cache/generic/names/luaotfload-lookup-cache.luc.
luaotfload | aux : font no 23 (nil) does not define feature smcp for script latn
 with language dflt
luaotfload | aux : font no 24 (nil) does not define feature smcp for script latn
 with language dflt
luaotfload | aux : font no 25 (nil) does not define feature smcp for script latn
 with language dflt
luaotfload | aux : font no 26 (nil) does not define feature smcp for script latn
 with language dflt

Package fontspec Info: Font family 'CourierNew(0)' created for font 'Courier
(fontspec)             New' with options
(fontspec)             [WordSpace={1,0,0},HyphenChar=None,PunctuationSpace=Word
Space].
(fontspec)              
(fontspec)              This font family consists of the following NFSS
(fontspec)             series/shapes:
(fontspec)              
(fontspec)             - 'normal' (m/n) with NFSS spec.:
(fontspec)             <->"CourierNew:mode=node;script=latn;language=dflt;"
(fontspec)             - 'small caps'  (m/sc) with NFSS spec.: 
(fontspec)             and font adjustment code:
(fontspec)             \fontdimen 2\font =1\fontdimen 2\font \fontdimen 3\font
(fontspec)             =0\fontdimen 3\font \fontdimen 4\font =0\fontdimen
(fontspec)             4\font \fontdimen 7\font =0\fontdimen 2\font
(fontspec)             \tex_hyphenchar:D \font =-1\scan_stop: 
(fontspec)             - 'bold' (b/n) with NFSS spec.:
(fontspec)             <->"CourierNew/B:mode=node;script=latn;language=dflt;"
(fontspec)             - 'bold small caps'  (b/sc) with NFSS spec.: 
(fontspec)             and font adjustment code:
(fontspec)             \fontdimen 2\font =1\fontdimen 2\font \fontdimen 3\font
(fontspec)             =0\fontdimen 3\font \fontdimen 4\font =0\fontdimen
(fontspec)             4\font \fontdimen 7\font =0\fontdimen 2\font
(fontspec)             \tex_hyphenchar:D \font =-1\scan_stop: 
(fontspec)             - 'italic' (m/it) with NFSS spec.:
(fontspec)             <->"CourierNew/I:mode=node;script=latn;language=dflt;"
(fontspec)             - 'italic small caps'  (m/scit) with NFSS spec.: 
(fontspec)             and font adjustment code:
(fontspec)             \fontdimen 2\font =1\fontdimen 2\font \fontdimen 3\font
(fontspec)             =0\fontdimen 3\font \fontdimen 4\font =0\fontdimen
(fontspec)             4\font \fontdimen 7\font =0\fontdimen 2\font
(fontspec)             \tex_hyphenchar:D \font =-1\scan_stop: 
(fontspec)             - 'bold italic' (b/it) with NFSS spec.:
(fontspec)             <->"CourierNew/BI:mode=node;script=latn;language=dflt;"
(fontspec)             - 'bold italic small caps'  (b/scit) with NFSS spec.: 
(fontspec)             and font adjustment code:
(fontspec)             \fontdimen 2\font =1\fontdimen 2\font \fontdimen 3\font
(fontspec)             =0\fontdimen 3\font \fontdimen 4\font =0\fontdimen
(fontspec)             4\font \fontdimen 7\font =0\fontdimen 2\font
(fontspec)             \tex_hyphenchar:D \font =-1\scan_stop: 

\@indexfile=\write4

\openout4 = Virtel_User_Guide.idx
Writing index file Virtel_User_Guide.idx
(./Virtel_User_Guide.aux)
\openout1 = Virtel_User_Guide.aux

LaTeX Font Info:    Checking defaults for OML/cmm/m/it on input line 62.
LaTeX Font Info:    ... okay on input line 62.
LaTeX Font Info:    Checking defaults for OMS/cmsy/m/n on input line 62.
LaTeX Font Info:    ... okay on input line 62.
LaTeX Font Info:    Checking defaults for OT1/cmr/m/n on input line 62.
LaTeX Font Info:    ... okay on input line 62.
LaTeX Font Info:    Checking defaults for T1/cmr/m/n on input line 62.
LaTeX Font Info:    ... okay on input line 62.
LaTeX Font Info:    Checking defaults for TS1/cmr/m/n on input line 62.
LaTeX Font Info:    Trying to load font information for TS1+cmr on input line 6
2.

(C:/Users/Holt/AppData/Local/Programs/MiKTeX/tex/latex/base/ts1cmr.fd
File: ts1cmr.fd 2023/04/13 v2.5m Standard LaTeX font definitions
)
LaTeX Font Info:    ... okay on input line 62.
LaTeX Font Info:    Checking defaults for TU/lmr/m/n on input line 62.
LaTeX Font Info:    ... okay on input line 62.
LaTeX Font Info:    Checking defaults for OMX/cmex/m/n on input line 62.
LaTeX Font Info:    ... okay on input line 62.
LaTeX Font Info:    Checking defaults for U/cmr/m/n on input line 62.
LaTeX Font Info:    ... okay on input line 62.
LaTeX Font Info:    Checking defaults for PD1/pdf/m/n on input line 62.
LaTeX Font Info:    ... okay on input line 62.
LaTeX Font Info:    Checking defaults for PU/pdf/m/n on input line 62.
LaTeX Font Info:    ... okay on input line 62.

(C:/Users/Holt/AppData/Local/Programs/MiKTeX/tex/context/base/mkii/supp-pdf.mki
i
[Loading MPS to PDF converter (version 2006.09.02).]
\scratchcounter=\count329
\scratchdimen=\dimen298
\scratchbox=\box121
\nofMPsegments=\count330
\nofMParguments=\count331
\everyMPshowfont=\toks35
\MPscratchCnt=\count332
\MPscratchDim=\dimen299
\MPnumerator=\count333
\makeMPintoPDFobject=\count334
\everyMPtoPDFconversion=\toks36
)
(C:/Users/Holt/AppData/Local/Programs/MiKTeX/tex/latex/epstopdf-pkg/epstopdf-ba
se.sty
Package: epstopdf-base 2020-01-24 v2.11 Base part for package epstopdf
 (C:/Users/Holt/AppData/Local/Programs/MiKTeX/tex/latex/grfext/grfext.sty
Package: grfext 2019/12/03 v1.3 Manage graphics extensions (HO)
)
Package epstopdf-base Info: Redefining graphics rule for `.eps' on input line 4
85.
Package grfext Info: Graphics extension search list:
(grfext)             [.pdf,.png,.jpg,.mps,.jpeg,.jbig2,.jb2,.PDF,.PNG,.JPG,.JPE
G,.JBIG2,.JB2,.eps]
(grfext)             \AppendGraphicsExtensions on input line 504.

(C:/Users/Holt/AppData/Local/Programs/MiKTeX/tex/latex/00miktex/epstopdf-sys.cf
g
File: epstopdf-sys.cfg 2021/03/18 v2.0 Configuration of epstopdf for MiKTeX
))
\c@literalblock=\count335

*geometry* driver: auto-detecting
*geometry* detected driver: luatex
*geometry* verbose mode - [ preamble ] result:
* driver: luatex
* paper: letterpaper
* layout: <same size as paper>
* layoutoffset:(h,v)=(0.0pt,0.0pt)
* modes: twoside 
* h-part:(L,W,R)=(72.26999pt, 469.75502pt, 72.26999pt)
* v-part:(T,H,B)=(72.26999pt, 650.43001pt, 72.26999pt)
* \paperwidth=614.295pt
* \paperheight=794.96999pt
* \textwidth=469.75502pt
* \textheight=650.43001pt
* \oddsidemargin=0.0pt
* \evensidemargin=0.0pt
* \topmargin=-37.0pt
* \headheight=12.0pt
* \headsep=25.0pt
* \topskip=10.0pt
* \footskip=30.0pt
* \marginparwidth=36.135pt
* \marginparsep=11.0pt
* \columnsep=10.0pt
* \skip\footins=9.0pt plus 4.0pt minus 2.0pt
* \hoffset=0.0pt
* \voffset=0.0pt
* \mag=1000
* \@twocolumnfalse
* \@twosidetrue
* \@mparswitchtrue
* \@reversemarginfalse
* (1in=72.27pt=25.4mm, 1cm=28.453pt)

Package hyperref Info: Link coloring ON on input line 62.
(./Virtel_User_Guide.out) (./Virtel_User_Guide.out)
\@outlinefile=\write5

\openout5 = Virtel_User_Guide.out

Package fontspec Info: Adjusting the maths setup (use [no-math] to avoid
(fontspec)             this).

\symlegacymaths=\mathgroup6
LaTeX Font Info:    Overwriting symbol font `legacymaths' in version `bold'
(Font)                  OT1/cmr/m/n --> OT1/cmr/bx/n on input line 62.
LaTeX Font Info:    Redeclaring math accent \acute on input line 62.
LaTeX Font Info:    Redeclaring math accent \grave on input line 62.
LaTeX Font Info:    Redeclaring math accent \ddot on input line 62.
LaTeX Font Info:    Redeclaring math accent \tilde on input line 62.
LaTeX Font Info:    Redeclaring math accent \bar on input line 62.
LaTeX Font Info:    Redeclaring math accent \breve on input line 62.
LaTeX Font Info:    Redeclaring math accent \check on input line 62.
LaTeX Font Info:    Redeclaring math accent \hat on input line 62.
LaTeX Font Info:    Redeclaring math accent \dot on input line 62.
LaTeX Font Info:    Redeclaring math accent \mathring on input line 62.
LaTeX Font Info:    Redeclaring math symbol \Gamma on input line 62.
LaTeX Font Info:    Redeclaring math symbol \Delta on input line 62.
LaTeX Font Info:    Redeclaring math symbol \Theta on input line 62.
LaTeX Font Info:    Redeclaring math symbol \Lambda on input line 62.
LaTeX Font Info:    Redeclaring math symbol \Xi on input line 62.
LaTeX Font Info:    Redeclaring math symbol \Pi on input line 62.
LaTeX Font Info:    Redeclaring math symbol \Sigma on input line 62.
LaTeX Font Info:    Redeclaring math symbol \Upsilon on input line 62.
LaTeX Font Info:    Redeclaring math symbol \Phi on input line 62.
LaTeX Font Info:    Redeclaring math symbol \Psi on input line 62.
LaTeX Font Info:    Redeclaring math symbol \Omega on input line 62.
LaTeX Font Info:    Redeclaring math symbol \mathdollar on input line 62.
LaTeX Font Info:    Redeclaring symbol font `operators' on input line 62.
LaTeX Font Info:    Encoding `OT1' has changed to `TU' for symbol font
(Font)              `operators' in the math version `normal' on input line 62.
LaTeX Font Info:    Overwriting symbol font `operators' in version `normal'
(Font)                  OT1/cmr/m/n --> TU/lmr/m/n on input line 62.
LaTeX Font Info:    Encoding `OT1' has changed to `TU' for symbol font
(Font)              `operators' in the math version `bold' on input line 62.
LaTeX Font Info:    Overwriting symbol font `operators' in version `bold'
(Font)                  OT1/cmr/bx/n --> TU/lmr/m/n on input line 62.
LaTeX Font Info:    Overwriting symbol font `operators' in version `normal'
(Font)                  TU/lmr/m/n --> TU/lmr/m/n on input line 62.
LaTeX Font Info:    Overwriting math alphabet `\mathit' in version `normal'
(Font)                  OT1/cmr/m/it --> TU/lmr/m/it on input line 62.
LaTeX Font Info:    Overwriting math alphabet `\mathbf' in version `normal'
(Font)                  OT1/cmr/bx/n --> TU/lmr/b/n on input line 62.
LaTeX Font Info:    Overwriting math alphabet `\mathsf' in version `normal'
(Font)                  OT1/cmss/m/n --> TU/lmss/m/n on input line 62.
LaTeX Font Info:    Overwriting math alphabet `\mathtt' in version `normal'
(Font)                  OT1/cmtt/m/n --> TU/CourierNew(0)/m/n on input line 62.

LaTeX Font Info:    Overwriting symbol font `operators' in version `bold'
(Font)                  TU/lmr/m/n --> TU/lmr/b/n on input line 62.
LaTeX Font Info:    Overwriting math alphabet `\mathit' in version `bold'
(Font)                  OT1/cmr/bx/it --> TU/lmr/b/it on input line 62.
LaTeX Font Info:    Overwriting math alphabet `\mathsf' in version `bold'
(Font)                  OT1/cmss/bx/n --> TU/lmss/b/n on input line 62.
LaTeX Font Info:    Overwriting math alphabet `\mathtt' in version `bold'
(Font)                  OT1/cmtt/m/n --> TU/CourierNew(0)/b/n on input line 62.

Package hyperref Info: Option `pageanchor' set `false' on input line 70.
LaTeX Font Info:    Font shape `TU/lmss/bx/it' in size <10> not available
(Font)              Font shape `TU/lmss/bx/sl' tried instead on input line 70.
LaTeX Font Info:    Font shape `TU/lmss/bx/it' in size <17.28> not available
(Font)              Font shape `TU/lmss/bx/sl' tried instead on input line 70.
<<oml.cmap>><<oms.cmap>><<omx.cmap>>
LaTeX Font Info:    Trying to load font information for U+msa on input line 70.


(C:/Users/Holt/AppData/Local/Programs/MiKTeX/tex/latex/amsfonts/umsa.fd
File: umsa.fd 2013/01/14 v3.01 AMS symbols A
)
LaTeX Font Info:    Trying to load font information for U+msb on input line 70.


(C:/Users/Holt/AppData/Local/Programs/MiKTeX/tex/latex/amsfonts/umsb.fd
File: umsb.fd 2013/01/14 v3.01 AMS symbols B
)<<ot1.cmap>> [1

{C:/Users/Holt/AppData/Local/MiKTeX/fonts/map/pdftex/pdftex.map}]
[2


] (./Virtel_User_Guide.toc [1

] [2] [3] [4])
\tf@toc=\write6

\openout6 = Virtel_User_Guide.toc
 [5] [6

]
<logo_virtel_web.png, id=2097, 559.83803pt x 207.64902pt>
File: logo_virtel_web.png Graphic file (type png)
<use logo_virtel_web.png>
Package luatex.def Info: logo_virtel_web.png  used on input line 78.
(luatex.def)             Requested size: 279.91832pt x 103.82425pt.
 [1<./logo_virtel_web.png>] [2]
Chapter 1.
<overview.png, id=2111, 813.0375pt x 471.7625pt>
File: overview.png Graphic file (type png)
<use overview.png>
Package luatex.def Info: overview.png  used on input line 150.
(luatex.def)             Requested size: 469.75082pt x 272.57864pt.
[3

<./overview.png>] [4] [5]
<vwa_overview.png, id=2135, 1244.65pt x 602.25pt>
File: vwa_overview.png Graphic file (type png)
<use vwa_overview.png>
Package luatex.def Info: vwa_overview.png  used on input line 230.
(luatex.def)             Requested size: 469.7623pt x 227.30434pt.
 [6<./vwa_overview.png>]
<vwa_example.png, id=2147, 1184.17406pt x 767.11594pt>
File: vwa_example.png Graphic file (type png)
<use vwa_example.png>
Package luatex.def Info: vwa_example.png  used on input line 273.
(luatex.def)             Requested size: 469.75833pt x 304.3126pt.
 [7<./vwa_example.png>]
[8]
<vwm_overview.png, id=2162, 1304.875pt x 1033.8625pt>
File: vwm_overview.png Graphic file (type png)
<use vwm_overview.png>
Package luatex.def Info: vwm_overview.png  used on input line 354.
(luatex.def)             Requested size: 469.75464pt x 372.19022pt.
 [9<./vwm_overview.png>] [10]
<vwi_overview.png, id=2176, 679.78969pt x 402.00188pt>
File: vwi_overview.png Graphic file (type png)
<use vwi_overview.png>
Package luatex.def Info: vwi_overview.png  used on input line 477.
(luatex.def)             Requested size: 469.75037pt x 277.79257pt.
 [11] [12<./vwi_overview.png>]
<static_pages.png, id=2191, 1023.825pt x 792.9625pt>
File: static_pages.png Graphic file (type png)
<use static_pages.png>
Package luatex.def Info: static_pages.png  used on input line 508.
(luatex.def)             Requested size: 469.74667pt x 363.8355pt.
 [13<./static_pages.png>] [14]
<image67.png, id=2207, 996.72375pt x 505.13719pt>
File: image67.png Graphic file (type png)
<use image67.png>
Package luatex.def Info: image67.png  used on input line 649.
(luatex.def)             Requested size: 469.75298pt x 238.06967pt.
<image68.png, id=2208, 1005.00468pt x 625.58719pt>
File: image68.png Graphic file (type png)
<use image68.png>
Package luatex.def Info: image68.png  used on input line 659.
(luatex.def)             Requested size: 469.7453pt x 292.4128pt.
 [15<./image67.png>] [16<./image68.png>]
<image69.png, id=2217, 1004.25188pt x 621.07031pt>
File: image69.png Graphic file (type png)
<use image69.png>
Package luatex.def Info: image69.png  used on input line 754.
(luatex.def)             Requested size: 469.7612pt x 290.51pt.
 [17]
<image70.png, id=2222, 1005.00468pt x 624.83438pt>
File: image70.png Graphic file (type png)
<use image70.png>
Package luatex.def Info: image70.png  used on input line 760.
(luatex.def)             Requested size: 469.7453pt x 292.06091pt.
 [18<./image69.png>]
[19<./image70.png>] [20] [21] [22] [23] [24] [25] [26]
<image113.png, id=2283, 782.925pt x 469.755pt>
File: image113.png Graphic file (type png)
<use image113.png>
Package luatex.def Info: image113.png  used on input line 1273.
(luatex.def)             Requested size: 469.75862pt x 281.85518pt.
<image114.png, id=2284, 782.925pt x 469.755pt>
File: image114.png Graphic file (type png)
<use image114.png>
Package luatex.def Info: image114.png  used on input line 1280.
(luatex.def)             Requested size: 469.75862pt x 281.85518pt.
 [27<./image113.png>]
[28<./image114.png>]
<image71.png, id=2294, 992.95969pt x 618.05907pt>
File: image71.png Graphic file (type png)
<use image71.png>
Package luatex.def Info: image71.png  used on input line 1308.
(luatex.def)             Requested size: 469.75168pt x 292.40225pt.
 [29<./image71.png>]
<image72.png, id=2299, 1001.99344pt x 620.3175pt>
File: image72.png Graphic file (type png)
<use image72.png>
Package luatex.def Info: image72.png  used on input line 1353.
(luatex.def)             Requested size: 469.75972pt x 290.81097pt.
 [30] [31<./image72.png>]
<image73.png, id=2308, 1002.74625pt x 619.56468pt>
File: image73.png Graphic file (type png)
<use image73.png>
Package luatex.def Info: image73.png  used on input line 1405.
(luatex.def)             Requested size: 469.76074pt x 290.2406pt.
 [32<./image73.png>]
<image115.png, id=2314, 986.9372pt x 629.35126pt>
File: image115.png Graphic file (type png)
<use image115.png>
Package luatex.def Info: image115.png  used on input line 1444.
(luatex.def)             Requested size: 469.76384pt x 299.54994pt.
<image116.png, id=2315, 986.9372pt x 629.35126pt>
File: image116.png Graphic file (type png)
<use image116.png>
Package luatex.def Info: image116.png  used on input line 1451.
(luatex.def)             Requested size: 469.76384pt x 299.54994pt.
 [33<./image115.png>]
<image117.png, id=2322, 986.9372pt x 629.35126pt>
File: image117.png Graphic file (type png)
<use image117.png>
Package luatex.def Info: image117.png  used on input line 1460.
(luatex.def)             Requested size: 469.76384pt x 299.54994pt.
 [34<./image116.png><./image117.png>]
<image118.png, id=2327, 986.9372pt x 629.35126pt>
File: image118.png Graphic file (type png)
<use image118.png>
Package luatex.def Info: image118.png  used on input line 1467.
(luatex.def)             Requested size: 469.76384pt x 299.54994pt.
 [35<./image118.png>] [36] [37] [38]
Overfull \vbox (0.63498pt too high) detected at line 1717
 []

[39] [40] [41] [42] [43]
Underfull \hbox (badness 10000) in paragraph at lines 2048--2049
[]\TU/lmr/m/n/10 The name spec-i-fied by the DEFINE-DFHMDF-COLUMN tag can be use
d in sub-se-quent
 []

[44] [45] [46]
Underfull \hbox (badness 6220) in paragraph at lines 2355--2360
\TU/lmr/m/n/10 the ON-END-OF-ATTRIBUTE tag to match only if no match has been fo
und with the
 []

[47]
Underfull \hbox (badness 10000) in paragraph at lines 2392--2396
\TU/lmr/m/n/10 If the page tem-plate con-tains ON-CHARACTER-ATTRIBUTE and
 []

[48] [49] [50] [51] [52] [53]
Underfull \hbox (badness 10000) in paragraph at lines 2865--2867
\TU/lmr/m/n/10 Af-fects the pro-cess-ing of the CURRENT-VALUE-OF, TRIMMED-VALUE-
OF and
 []

[54] [55] [56] [57] [58] [59] [60] [61] [62] [63] [64] [65] [66]
Underfull \hbox (badness 5475) in paragraph at lines 3873--3875
[]\TU/lmr/m/n/10 then the tag {{{ENCRYPTION-PARAMETERS (AL-GO-RITHM) “CRYPT327
0”}}} re-turns the
 []

[67] [68] [69] [70] [71] [72] [73] [74] [75] [76]
<image18.jpeg, id=2569, 16.56187pt x 16.56187pt>
File: image18.jpeg Graphic file (type jpg)
<use image18.jpeg>
Package luatex.def Info: image18.jpeg  used on input line 4616.
(luatex.def)             Requested size: 16.26236pt x 16.26236pt.
<image19.png, id=2570, 401.24907pt x 600.74437pt>
File: image19.png Graphic file (type png)
<use image19.png>
Package luatex.def Info: image19.png  used on input line 4623.
(luatex.def)             Requested size: 289.09502pt x 397.50084pt.
 [77<./image18.jpeg>] [78<./image19.png>] [79]
<image20.png, id=2590, 400.49625pt x 601.4972pt>
File: image20.png Graphic file (type png)
<use image20.png>
Package luatex.def Info: image20.png  used on input line 4755.
(luatex.def)             Requested size: 289.09651pt x 397.49417pt.
 [80<./image20.png>] [81]
<image21.png, id=2599, 390.70969pt x 738.50906pt>
File: image21.png Graphic file (type png)
<use image21.png>
Package luatex.def Info: image21.png  used on input line 4878.
(luatex.def)             Requested size: 289.09082pt x 397.48178pt.
 [82] [83<./image21.png>]
<image22.png, id=2610, 417.05812pt x 603.75563pt>
File: image22.png Graphic file (type png)
<use image22.png>
Package luatex.def Info: image22.png  used on input line 4910.
(luatex.def)             Requested size: 289.09407pt x 397.48499pt.
 [84<./image22.png>] [85] [86] [87]
<image27.png, id=2635, 1440.88312pt x 757.32938pt>
File: image27.png Graphic file (type png)
<use image27.png>
Package luatex.def Info: image27.png  used on input line 5103.
(luatex.def)             Requested size: 469.75453pt x 246.90338pt.
 [88<./image27.png>]
<image81.png, id=2643, 1098.35344pt x 735.49782pt>
File: image81.png Graphic file (type png)
<use image81.png>
Package luatex.def Info: image81.png  used on input line 5167.
(luatex.def)             Requested size: 469.75209pt x 314.57448pt.
 [89]
<image82.png, id=2651, 1086.30844pt x 737.00343pt>
File: image82.png Graphic file (type png)
<use image82.png>
Package luatex.def Info: image82.png  used on input line 5183.
(luatex.def)             Requested size: 469.75565pt x 318.70462pt.
 [90<./image81.png>] [91<./image82.png>]
<image28.png, id=2661, 16.56187pt x 16.56187pt>
File: image28.png Graphic file (type png)
<use image28.png>
Package luatex.def Info: image28.png  used on input line 5199.
(luatex.def)             Requested size: 16.56183pt x 16.56183pt.
<image83.png, id=2662, 1078.78032pt x 738.50906pt>
File: image83.png Graphic file (type png)
<use image83.png>
Package luatex.def Info: image83.png  used on input line 5228.
(luatex.def)             Requested size: 426.79668pt x 256.07054pt.
<image84.png, id=2663, 1078.0275pt x 739.26187pt>
File: image84.png Graphic file (type png)
<use image84.png>
Package luatex.def Info: image84.png  used on input line 5238.
(luatex.def)             Requested size: 426.79494pt x 256.07211pt.
 [92<./image28.png><./image83.png>]
<image85.png, id=2668, 1080.28593pt x 737.00343pt>
File: image85.png Graphic file (type png)
<use image85.png>
Package luatex.def Info: image85.png  used on input line 5253.
(luatex.def)             Requested size: 426.78244pt x 256.06578pt.
 [93<./image84.png><./image85.png>]
<image86.png, id=2674, 1100.61188pt x 741.52031pt>
File: image86.png Graphic file (type png)
<use image86.png>
Package luatex.def Info: image86.png  used on input line 5274.
(luatex.def)             Requested size: 469.76074pt x 316.49406pt.
<image87.png, id=2675, 1102.1175pt x 741.52031pt>
File: image87.png Graphic file (type png)
<use image87.png>
Package luatex.def Info: image87.png  used on input line 5278.
(luatex.def)             Requested size: 469.7475pt x 316.0641pt.

[94<./image86.png>] [95<./image87.png>]
File: image28.png Graphic file (type png)
<use image28.png>
Package luatex.def Info: image28.png  used on input line 5367.
(luatex.def)             Requested size: 16.56183pt x 16.56183pt.
 [96]
<image88.png, id=2688, 1100.61188pt x 743.77875pt>
File: image88.png Graphic file (type png)
<use image88.png>
Package luatex.def Info: image88.png  used on input line 5427.
(luatex.def)             Requested size: 469.76074pt x 317.45801pt.
 [97<./image88.png>]
<image89.png, id=2693, 1105.12875pt x 736.25063pt>
File: image89.png Graphic file (type png)
<use image89.png>
Package luatex.def Info: image89.png  used on input line 5452.
(luatex.def)             Requested size: 469.74939pt x 312.96416pt.
 [98<./image89.png>]
<image90.png, id=2698, 684.30656pt x 213.04594pt>
File: image90.png Graphic file (type png)
<use image90.png>
Package luatex.def Info: image90.png  used on input line 5467.
(luatex.def)             Requested size: 469.77045pt x 146.25742pt.
<image30.jpeg, id=2699, 569.87906pt x 385.44pt>
File: image30.jpeg Graphic file (type jpg)
<use image30.jpeg>
Package luatex.def Info: image30.jpeg  used on input line 5478.
(luatex.def)             Requested size: 469.75601pt x 317.72137pt.
 [99<./image90.png><./image30.jpeg>]
<image31.jpeg, id=2704, 486.31688pt x 371.13657pt>
File: image31.jpeg Graphic file (type jpg)
<use image31.jpeg>
Package luatex.def Info: image31.jpeg  used on input line 5489.
(luatex.def)             Requested size: 469.75293pt x 358.50697pt.
<image32.jpeg, id=2705, 601.4972pt x 350.05782pt>
File: image32.jpeg Graphic file (type jpg)
<use image32.jpeg>
Package luatex.def Info: image32.jpeg  used on input line 5497.
(luatex.def)             Requested size: 469.77168pt x 273.40186pt.
 [100<./image31.jpeg>]
<image33.jpeg, id=2710, 505.13719pt x 354.57469pt>
File: image33.jpeg Graphic file (type jpg)
<use image33.jpeg>
Package luatex.def Info: image33.jpeg  used on input line 5505.
(luatex.def)             Requested size: 469.76503pt x 329.74564pt.
 [101<./image32.jpeg>]
<image34.jpeg, id=2715, 551.05875pt x 335.00156pt>
File: image34.jpeg Graphic file (type jpg)
<use image34.jpeg>
Package luatex.def Info: image34.jpeg  used on input line 5516.
(luatex.def)             Requested size: 469.77272pt x 285.57564pt.
 [102<./image33.jpeg>]
<image35.jpeg, id=2720, 504.38437pt x 386.19281pt>
File: image35.jpeg Graphic file (type jpg)
<use image35.jpeg>
Package luatex.def Info: image35.jpeg  used on input line 5523.
(luatex.def)             Requested size: 469.75758pt x 359.68004pt.
 [103<./image34.jpeg>]
<image36.jpeg, id=2726, 467.49657pt x 345.54094pt>
File: image36.jpeg Graphic file (type jpg)
<use image36.jpeg>
Package luatex.def Info: image36.jpeg  used on input line 5530.
(luatex.def)             Requested size: 467.49542pt x 345.54008pt.
 [104<./image35.jpeg>]
<image37.jpeg, id=2731, 478.78876pt x 346.29375pt>
File: image37.jpeg Graphic file (type jpg)
<use image37.jpeg>
Package luatex.def Info: image37.jpeg  used on input line 5554.
(luatex.def)             Requested size: 469.7577pt x 339.76714pt.

[105<./image36.jpeg>] [106<./image37.jpeg>]
<image38.png, id=2740, 374.90062pt x 304.13625pt>
File: image38.png Graphic file (type png)
<use image38.png>
Package luatex.def Info: image38.png  used on input line 5591.
(luatex.def)             Requested size: 374.8997pt x 304.1355pt.
<image39.png, id=2741, 374.90062pt x 106.14656pt>
File: image39.png Graphic file (type png)
<use image39.png>
Package luatex.def Info: image39.png  used on input line 5599.
(luatex.def)             Requested size: 374.8997pt x 106.1463pt.
 [107<./image38.png><./image39.png>]
<image91.png, id=2746, 1445.4pt x 848.4197pt>
File: image91.png Graphic file (type png)
<use image91.png>
Package luatex.def Info: image91.png  used on input line 5632.
(luatex.def)             Requested size: 469.74944pt x 275.73314pt.
[108<./image91.png>]
<image41.png, id=2751, 868.74562pt x 546.54187pt>
File: image41.png Graphic file (type png)
<use image41.png>
Package luatex.def Info: image41.png  used on input line 5665.
(luatex.def)             Requested size: 469.7652pt x 295.5285pt.
 [109<./image41.png>] [110]
<image42.jpeg, id=2775, 1007.26312pt x 209.28188pt>
File: image42.jpeg Graphic file (type jpg)
<use image42.jpeg>
Package luatex.def Info: image42.jpeg  used on input line 5773.
(luatex.def)             Requested size: 469.75577pt x 97.59926pt.
<image43.jpeg, id=2776, 1014.03844pt x 213.79875pt>
File: image43.jpeg Graphic file (type jpg)
<use image43.jpeg>
Package luatex.def Info: image43.jpeg  used on input line 5777.
(luatex.def)             Requested size: 469.7436pt x 99.04022pt.
 [111<./image42.jpeg><./image43.jpeg>]
<image44.jpeg, id=2785, 792.71156pt x 195.73125pt>
File: image44.jpeg Graphic file (type jpg)
<use image44.jpeg>
Package luatex.def Info: image44.jpeg  used on input line 5820.
(luatex.def)             Requested size: 469.76414pt x 115.99113pt.
<image45.jpeg, id=2786, 790.45313pt x 157.33781pt>
File: image45.jpeg Graphic file (type jpg)
<use image45.jpeg>
Package luatex.def Info: image45.jpeg  used on input line 5833.
(luatex.def)             Requested size: 469.75253pt x 93.50311pt.
 [112<./image44.jpeg><./image45.jpeg>] [113] [114
Missing character: There is no ␣ (U+2423) in font CourierNew:mode=node;script=
latn;language=dflt;!
] [115
Missing character: There is no ␣ (U+2423) in font CourierNew:mode=node;script=
latn;language=dflt;!
] [116] [117] [118] [119
Missing character: There is no ␣ (U+2423) in font CourierNew:mode=node;script=
latn;language=dflt;!
Missing character: There is no ␣ (U+2423) in font CourierNew:mode=node;script=
latn;language=dflt;!
] [120] [121] [122]
<image46.png, id=2855, 834.11626pt x 584.93532pt>
File: image46.png Graphic file (type png)
<use image46.png>
Package luatex.def Info: image46.png  used on input line 6590.
(luatex.def)             Requested size: 469.762pt x 329.43587pt.
 [123
Missing character: There is no ␣ (U+2423) in font CourierNew:mode=node;script=
latn;language=dflt;!
] [124<./image46.png>]
<image47.png, id=2865, 16.56187pt x 16.56187pt>
File: image47.png Graphic file (type png)
<use image47.png>
Package luatex.def Info: image47.png  used on input line 6627.
(luatex.def)             Requested size: 16.56183pt x 16.56183pt.
<image48.jpeg, id=2866, 598.48593pt x 677.53125pt>
File: image48.jpeg Graphic file (type jpg)
<use image48.jpeg>
Package luatex.def Info: image48.jpeg  used on input line 6642.
(luatex.def)             Requested size: 469.76683pt x 531.81151pt.
 [125<./image47.png>] [126<./image48.jpeg>] [127]
<image49.jpeg, id=2881, 757.32938pt x 310.91156pt>
File: image49.jpeg Graphic file (type jpg)
<use image49.jpeg>
Package luatex.def Info: image49.jpeg  used on input line 6694.
(luatex.def)             Requested size: 469.75893pt x 192.8533pt.
<image50.jpeg, id=2882, 577.40718pt x 207.77625pt>
File: image50.jpeg Graphic file (type jpg)
<use image50.jpeg>
Package luatex.def Info: image50.jpeg  used on input line 6701.
(luatex.def)             Requested size: 469.77655pt x 169.04604pt.

[128<./image49.jpeg>]
<image52.png, id=2888, 250.68657pt x 441.14813pt>
File: image52.png Graphic file (type png)
<use image52.png>
Package luatex.def Info: image52.png  used on input line 6720.
(luatex.def)             Requested size: 250.68594pt x 441.14705pt.
 [129<./image50.jpeg>]
<image53.jpeg, id=2893, 1124.70187pt x 252.19218pt>
File: image53.jpeg Graphic file (type jpg)
<use image53.jpeg>
Package luatex.def Info: image53.jpeg  used on input line 6727.
(luatex.def)             Requested size: 469.74585pt x 105.33122pt.
<image54.jpeg, id=2894, 853.68938pt x 449.42906pt>
File: image54.jpeg Graphic file (type jpg)
<use image54.jpeg>
Package luatex.def Info: image54.jpeg  used on input line 6730.
(luatex.def)             Requested size: 469.76509pt x 247.30331pt.
 [130<./image52.png><./image53.jpeg>] [131<./image54.jpeg>]
<image51.jpeg, id=2912, 746.03719pt x 140.77594pt>
File: image51.jpeg Graphic file (type jpg)
<use image51.jpeg>
Package luatex.def Info: image51.jpeg  used on input line 6803.
(luatex.def)             Requested size: 469.75546pt x 88.64203pt.
<image56.png, id=2913, 557.08125pt x 130.98938pt>
File: image56.png Graphic file (type png)
<use image56.png>
Package luatex.def Info: image56.png  used on input line 6818.
(luatex.def)             Requested size: 469.76414pt x 110.45804pt.
<image57.png, id=2914, 491.58656pt x 633.11531pt>
File: image57.png Graphic file (type png)
<use image57.png>
Package luatex.def Info: image57.png  used on input line 6824.
(luatex.def)             Requested size: 469.77245pt x 605.04019pt.
 [132<./image51.jpeg><./image56.png>]
<image58.png, id=2920, 492.33937pt x 321.45094pt>
File: image58.png Graphic file (type png)
<use image58.png>
Package luatex.def Info: image58.png  used on input line 6830.
(luatex.def)             Requested size: 469.77815pt x 306.7157pt.
 [133<./image57.png>] [134<./image58.png>]
<image55.png, id=2936, 1439.3775pt x 895.09406pt>
File: image55.png Graphic file (type png)
<use image55.png>
Package luatex.def Info: image55.png  used on input line 6919.
(luatex.def)             Requested size: 469.74686pt x 292.13133pt.
 [135] [136
Missing character: There is no ␣ (U+2423) in font CourierNew:mode=node;script=
latn;language=dflt;!
Missing character: There is no ␣ (U+2423) in font CourierNew:mode=node;script=
latn;language=dflt;!
Missing character: There is no ␣ (U+2423) in font CourierNew:mode=node;script=
latn;language=dflt;!
Missing character: There is no ␣ (U+2423) in font CourierNew:mode=node;script=
latn;language=dflt;!
Missing character: There is no ␣ (U+2423) in font CourierNew:mode=node;script=
latn;language=dflt;!
<./image55.png>]
Underfull \vbox (badness 10000) detected at line 7020
 []


Overfull \vbox (0.56999pt too high) detected at line 7020
 []

[137
Missing character: There is no ␣ (U+2423) in font CourierNew:mode=node;script=
latn;language=dflt;!
Missing character: There is no ␣ (U+2423) in font CourierNew:mode=node;script=
latn;language=dflt;!
Missing character: There is no ␣ (U+2423) in font CourierNew:mode=node;script=
latn;language=dflt;!
]
<image59.png, id=2949, 140.02313pt x 137.7647pt>
File: image59.png Graphic file (type png)
<use image59.png>
Package luatex.def Info: image59.png  used on input line 7029.
(luatex.def)             Requested size: 141.42863pt x 139.15593pt.
<image59a.png, id=2950, 138.5175pt x 134.75343pt>
File: image59a.png Graphic file (type png)
<use image59a.png>
Package luatex.def Info: image59a.png  used on input line 7030.
(luatex.def)             Requested size: 141.42336pt x 139.14507pt.
<image60.png, id=2951, 140.02313pt x 138.5175pt>
File: image60.png Graphic file (type png)
<use image60.png>
Package luatex.def Info: image60.png  used on input line 7036.
(luatex.def)             Requested size: 141.42863pt x 139.90367pt.
 [138
Missing character: There is no ␣ (U+2423) in font CourierNew:mode=node;script=
latn;language=dflt;!
Missing character: There is no ␣ (U+2423) in font CourierNew:mode=node;script=
latn;language=dflt;!
Missing character: There is no ␣ (U+2423) in font CourierNew:mode=node;script=
latn;language=dflt;!
Missing character: There is no ␣ (U+2423) in font CourierNew:mode=node;script=
latn;language=dflt;!
Missing character: There is no ␣ (U+2423) in font CourierNew:mode=node;script=
latn;language=dflt;!
Missing character: There is no ␣ (U+2423) in font CourierNew:mode=node;script=
latn;language=dflt;!
<./image59.png><./image59a.png>]
<image61.png, id=2956, 140.77594pt x 139.27031pt>
File: image61.png Graphic file (type png)
<use image61.png>
Package luatex.def Info: image61.png  used on input line 7042.
(luatex.def)             Requested size: 142.19328pt x 140.66614pt.
 [139<./image60.png><./image61.png>] [140
Missing character: There is no ␣ (U+2423) in font CourierNew:mode=node;script=
latn;language=dflt;!
] [141
Missing character: There is no ␣ (U+2423) in font CourierNew:mode=node;script=
latn;language=dflt;!
]
<image98.png, id=2969, 1431.09656pt x 889.82437pt>
File: image98.png Graphic file (type png)
<use image98.png>
Package luatex.def Info: image98.png  used on input line 7207.
(luatex.def)             Requested size: 469.7521pt x 292.08153pt.
 [142<./image98.png>]
<image94.png, id=2974, 666.99188pt x 686.565pt>
File: image94.png Graphic file (type png)
<use image94.png>
Package luatex.def Info: image94.png  used on input line 7269.
(luatex.def)             Requested size: 469.76117pt x 483.53601pt.
 [143]
<image92.png, id=2980, 621.82312pt x 438.8897pt>
File: image92.png Graphic file (type png)
<use image92.png>
Package luatex.def Info: image92.png  used on input line 7276.
(luatex.def)             Requested size: 469.7535pt x 331.56395pt.
 [144<./image94.png>]
<image93.png, id=2985, 624.83438pt x 590.95781pt>
File: image93.png Graphic file (type png)
<use image93.png>
Package luatex.def Info: image93.png  used on input line 7286.
(luatex.def)             Requested size: 469.76874pt x 444.29933pt.
 [145<./image92.png>] [146<./image93.png>]
<image95.png, id=2994, 614.295pt x 456.20438pt>
File: image95.png Graphic file (type png)
<use image95.png>
Package luatex.def Info: image95.png  used on input line 7307.
(luatex.def)             Requested size: 469.75604pt x 348.8699pt.
 [147<./image95.png>]
<image63a.png, id=3000, 488.57532pt x 510.40688pt>
File: image63a.png Graphic file (type png)
<use image63a.png>
Package luatex.def Info: image63a.png  used on input line 7327.
(luatex.def)             Requested size: 342.0004pt x 357.28238pt.
 [148<./image63a.png>]
<image63b.png, id=3007, 619.56468pt x 549.55313pt>
File: image63b.png Graphic file (type png)
<use image63b.png>
Package luatex.def Info: image63b.png  used on input line 7393.
(luatex.def)             Requested size: 309.78157pt x 274.7759pt.
 [149]
<image96.png, id=3012, 572.1375pt x 681.29532pt>
File: image96.png Graphic file (type png)
<use image96.png>
Package luatex.def Info: image96.png  used on input line 7420.
(luatex.def)             Requested size: 469.75816pt x 559.41428pt.
 [150<./image63b.png>] [151<./image96.png>] [152]
<image97.png, id=3025, 752.8125pt x 646.66594pt>
File: image97.png Graphic file (type png)
<use image97.png>
Package luatex.def Info: image97.png  used on input line 7484.
(luatex.def)             Requested size: 469.77148pt x 403.52383pt.
 [153<./image97.png>] [154] [155]
<image105.png, id=3043, 586.44093pt x 435.12563pt>
File: image105.png Graphic file (type png)
<use image105.png>
Package luatex.def Info: image105.png  used on input line 7628.
(luatex.def)             Requested size: 469.75291pt x 348.56573pt.
<image106.png, id=3044, 858.95906pt x 502.12593pt>
File: image106.png Graphic file (type png)
<use image106.png>
Package luatex.def Info: image106.png  used on input line 7637.
(luatex.def)             Requested size: 469.75519pt x 274.62242pt.
 [156<./image105.png>]
<image107.png, id=3049, 854.44218pt x 535.2497pt>
File: image107.png Graphic file (type png)
<use image107.png>
Package luatex.def Info: image107.png  used on input line 7646.
(luatex.def)             Requested size: 469.74908pt x 294.28206pt.
 [157<./image106.png><./image107.png>]
<image108.png, id=3054, 596.98032pt x 508.90125pt>
File: image108.png Graphic file (type png)
<use image108.png>
Package luatex.def Info: image108.png  used on input line 7658.
(luatex.def)             Requested size: 469.76012pt x 400.45901pt.
<image109.png, id=3055, 859.71187pt x 626.34pt>
File: image109.png Graphic file (type png)
<use image109.png>
Package luatex.def Info: image109.png  used on input line 7667.
(luatex.def)             Requested size: 469.76022pt x 342.25168pt.
 [158<./image108.png>]
<image110.png, id=3060, 457.71pt x 444.91219pt>
File: image110.png Graphic file (type png)
<use image110.png>
Package luatex.def Info: image110.png  used on input line 7676.
(luatex.def)             Requested size: 457.7089pt x 444.91109pt.
 [159<./image109.png>]
<image111.png, id=3065, 572.89032pt x 472.76625pt>
File: image111.png Graphic file (type png)
<use image111.png>
Package luatex.def Info: image111.png  used on input line 7689.
(luatex.def)             Requested size: 469.76436pt x 387.66362pt.
 [160<./image110.png>] [161<./image111.png>] [162]
<image119.png, id=3078, 720.44156pt x 518.6878pt>
File: image119.png Graphic file (type png)
<use image119.png>
Package luatex.def Info: image119.png  used on input line 7816.
(luatex.def)             Requested size: 469.75453pt x 338.21945pt.
 [163] [164<./image119.png>] [165]
<image112.png, id=3092, 640.64343pt x 468.24937pt>
File: image112.png Graphic file (type png)
<use image112.png>
Package luatex.def Info: image112.png  used on input line 7885.
(luatex.def)             Requested size: 469.75775pt x 343.36249pt.
 [166<./image112.png>] [167]
<image120.png, id=3101, 1445.4pt x 873.2625pt>
File: image120.png Graphic file (type png)
<use image120.png>
Package luatex.def Info: image120.png  used on input line 7966.
(luatex.def)             Requested size: 469.74944pt x 283.80695pt.
 [168<./image120.png>] [169]
[170] [171] [172] [173] [174] [175] [176
Missing character: There is no ␣ (U+2423) in font CourierNew:mode=node;script=
latn;language=dflt;!
Missing character: There is no ␣ (U+2423) in font CourierNew:mode=node;script=
latn;language=dflt;!
Missing character: There is no ␣ (U+2423) in font CourierNew:mode=node;script=
latn;language=dflt;!
Missing character: There is no ␣ (U+2423) in font CourierNew:mode=node;script=
latn;language=dflt;!
Missing character: There is no ␣ (U+2423) in font CourierNew:mode=node;script=
latn;language=dflt;!
] [177] [178] [179] [180]
Underfull \hbox (badness 6944) in paragraph at lines 8992--8994
\TU/lmr/m/n/10 In-for-ma-tion from the user’s RACF pro-file is copied to the 
ta-ble vari-able. When
 []

[181] [182] [183] [184] [185] [186] [187] [188] [189] [190] [191] [192]
[193] [194] [195] [196] [197] [198] [199] [200] [201] [202] [203] [204]
[205] [206] [207] [208] [209] [210] [211] [212] [213] [214] [215] [216]
[217] [218] [219] [220] [221] [222
Missing character: There is no ъ (U+044A) in font [lmroman10-regular]:+tlig;!
Missing character: There is no ъ (U+044A) in font [lmroman10-regular]:+tlig;!
Missing character: There is no ъ (U+044A) in font [lmroman10-regular]:+tlig;!
] [223] [224] [225] [226] [227] [228] [229] [230] [231] [232] [233] [234]
Underfull \hbox (badness 10000) in paragraph at lines 13206--13206
[]\TU/lmr/m/n/10 NO or
 []

[235] [236] [237] [238] [239] [240] [241
Missing character: There is no ␣ (U+2423) in font CourierNew:mode=node;script=
latn;language=dflt;!
] [242] [243] [244
Missing character: There is no ␣ (U+2423) in font CourierNew:mode=node;script=
latn;language=dflt;!
] [245] [246] [247] [248] [249] [250
Missing character: There is no ␣ (U+2423) in font CourierNew:mode=node;script=
latn;language=dflt;!
] [251]
Overfull \vbox (1.95287pt too high) detected at line 14216
 []

[252
Missing character: There is no ␣ (U+2423) in font CourierNew:mode=node;script=
latn;language=dflt;!
] [253] [254] [255] [256] [257] [258] [259] [260] [261] [262] [263] [264]
[265] [266] [267] [268]
Chapter 2.
[269

] [270

]
Chapter 3.
[271] [272] [273] [274] [275] [276] [277] [278] [279] [280] [281] [282]
[283] [284] [285] [286] [287] [288] [289] [290] [291] [292]
Chapter 4.
[293

] [294] [295] [296] [297]
Underfull \vbox (badness 10000) detected at line 16938
 []


Overfull \vbox (0.56999pt too high) detected at line 16938
 []

[298] [299] [300

]
Chapter 5.
<image65.png, id=3810, 419.31656pt x 284.56313pt>
File: image65.png Graphic file (type png)
<use image65.png>
Package luatex.def Info: image65.png  used on input line 17006.
(luatex.def)             Requested size: 419.31552pt x 284.56242pt.
[301] [302<./image65.png>] [303] [304]
Overfull \vbox (3.56998pt too high) detected at line 17230
 []

[305] [306] [307] [308]
Chapter 6.

Overfull \vbox (2.42595pt too high) detected at line 17437
 []

[309

] [310
Missing character: There is no ␣ (U+2423) in font CourierNew:mode=node;script=
latn;language=dflt;!
] [311] [312] [313]
Overfull \vbox (2.20079pt too high) detected at line 17728
 []

[314
Missing character: There is no ␣ (U+2423) in font CourierNew:mode=node;script=
latn;language=dflt;!
Missing character: There is no ␣ (U+2423) in font CourierNew:mode=node;script=
latn;language=dflt;!
Missing character: There is no ␣ (U+2423) in font CourierNew:mode=node;script=
latn;language=dflt;!
Missing character: There is no ␣ (U+2423) in font CourierNew:mode=node;script=
latn;language=dflt;!
] [315
Missing character: There is no ␣ (U+2423) in font CourierNew:mode=node;script=
latn;language=dflt;!
] [316] [317
Missing character: There is no ␣ (U+2423) in font CourierNew:mode=node;script=
latn;language=dflt;!
] [318
Missing character: There is no ␣ (U+2423) in font CourierNew:mode=node;script=
latn;language=dflt;!
] [319
Missing character: There is no ␣ (U+2423) in font CourierNew:mode=node;script=
latn;language=dflt;!
Missing character: There is no ␣ (U+2423) in font CourierNew:mode=node;script=
latn;language=dflt;!
] [320
Missing character: There is no ␣ (U+2423) in font CourierNew:mode=node;script=
latn;language=dflt;!
] [321] [322

]
Chapter 7.

Underfull \hbox (badness 10000) in paragraph at lines 18314--18316
[]|\TU/lmr/m/n/10 “CLEAR”, “ATTN”, “PA3”,
 []


Underfull \hbox (badness 10000) in paragraph at lines 18404--18406
[]|\TU/lmr/m/n/10 “no”, “Re-set”, “ATTN”,
 []


Underfull \hbox (badness 10000) in paragraph at lines 18514--18516
[]|\TU/lmr/m/n/10 “no”, “”no”, “ATTN”,
 []


Underfull \hbox (badness 10000) in paragraph at lines 18557--18559
[]|\TU/lmr/m/n/10 “no”, “ATTN”, “CLEAR”,
 []


Underfull \hbox (badness 10000) in paragraph at lines 18718--18720
[]|\TU/lmr/m/n/10 “3270”, “gray”, “white”,
 []


Underfull \hbox (badness 10000) in paragraph at lines 18878--18880
[]|\TU/lmr/m/n/10 “no”, “Re-set”, “ATTN”,
 []


Underfull \hbox (badness 10000) in paragraph at lines 18954--18956
[]|\TU/lmr/m/n/10 “no”, “Back-tab”, “New-line”,
 []


Underfull \hbox (badness 10000) in paragraph at lines 18964--18966
[]|\TU/lmr/m/n/10 “no”, “Back-tab”, “CLEAR”,
 []

[323] [324] [325]
Underfull \hbox (badness 10000) in paragraph at lines 19096--19098
\TU/lmr/m/n/10 Un-der MIT li-cense - [][]$https://github.com/marcuswestin/store.
js/commit/
 []

No file Virtel_User_Guide.ind.
[326] (./Virtel_User_Guide.aux)
 ***********
LaTeX2e <2023-06-01> patch level 1
L3 programming layer <2023-06-30>
 ***********
Package rerunfilecheck Info: File `Virtel_User_Guide.out' has not changed.
(rerunfilecheck)             Checksum: 2051CAF46A5CD378DFA348C9DF67F21D;95332.
)

Here is how much of LuaTeX's memory you used:
 22148 strings out of 477545
 477020,1977958 words of node,token memory allocated
 921 words of node memory still in use:
   6 hlist, 2 vlist, 2 rule, 2 glue, 4 kern, 1 glyph, 65 attribute, 71 glue_spec
, 34 attribute_list, 1 write, 28 pdf_action nodes
   avail lists: 1:4,2:12610,3:2456,4:19525,5:4949,6:558,7:25261,8:88,9:10316,10:
71,11:2795
 41326 multiletter control sequences out of 65536+600000
 78 fonts using 12691143 bytes
 79i,13n,89p,1685b,682s stack positions out of 10000i,1000n,20000p,200000b,200000s
<//?/c:/windows/fonts/couri.ttf><C:/Users/Holt/AppData/Local/Programs/MiKTeX/fon
ts/opentype/public/lm/lmsans10-regular.otf><C:/Users/Holt/AppData/Local/Programs
/MiKTeX/fonts/opentype/public/lm/lmroman8-regular.otf><//?/c:/windows/fonts/cour
bd.ttf><//?/c:/windows/fonts/cour.ttf><C:/Users/Holt/AppData/Local/Programs/MiKT
eX/fonts/opentype/public/lm/lmroman10-italic.otf><C:/Users/Holt/AppData/Local/Pr
ograms/MiKTeX/fonts/opentype/public/lm/lmroman10-regular.otf><C:/Users/Holt/AppD
ata/Local/Programs/MiKTeX/fonts/opentype/public/lm/lmroman10-bold.otf><C:/Users/
Holt/AppData/Local/Programs/MiKTeX/fonts/opentype/public/lm/lmsans10-boldoblique
.otf><C:/Users/Holt/AppData/Local/Programs/MiKTeX/fonts/opentype/public/lm/lmsan
s10-bold.otf><C:/Users/Holt/AppData/Local/Programs/MiKTeX/fonts/type1/public/ams
fonts/cm/cmmi5.pfb><C:/Users/Holt/AppData/Local/Programs/MiKTeX/fonts/type1/publ
ic/amsfonts/cm/cmsy5.pfb>
Output written on Virtel_User_Guide.pdf (334 pages, 6418714 bytes).

PDF statistics: 4052 PDF objects out of 4296 (max. 8388607)
 922 named destinations out of 1000 (max. 131072)
 3685 words of extra memory for PDF output out of 10000 (max. 100000000)

