\BOOKMARK [0][-]{chapter.1}{\376\377\000S\000u\000m\000m\000a\000r\000y\000\040\000o\000f\000\040\000A\000m\000e\000n\000d\000m\000e\000n\000t\000s}{}% 1
\BOOKMARK [1][-]{section.1.1}{\376\377\000V\000i\000r\000t\000e\000l\000\040\000v\000e\000r\000s\000i\000o\000n\000\040\0004\000.\0006\0001\000\040\000\050\0001\0001\000t\000h\000\040\000O\000c\000t\000\040\0002\0000\0002\0001\000\051}{chapter.1}% 2
\BOOKMARK [0][-]{chapter.2}{\376\377\000I\000P\000V\0006\000\040\000S\000u\000p\000p\000o\000r\000t}{}% 3
\BOOKMARK [0][-]{chapter.3}{\376\377\000W\0002\000H\000\040\000C\000u\000s\000t\000o\000m\000i\000z\000a\000t\000i\000o\000n}{}% 4
\BOOKMARK [1][-]{section.3.1}{\376\377\000L\000e\000v\000e\000l\000s\000\040\000o\000f\000\040\000c\000u\000s\000t\000o\000m\000i\000z\000a\000t\000i\000o\000n}{chapter.3}% 5
\BOOKMARK [2][-]{subsection.3.1.1}{\376\377\000S\000e\000t\000t\000i\000n\000g\000s\000\040\000m\000e\000m\000b\000e\000r\000\040\000W\0002\000H\000P\000A\000R\000M\000.\000J\000S}{section.3.1}% 6
\BOOKMARK [2][-]{subsection.3.1.2}{\376\377\000S\000e\000t\000t\000i\000n\000g\000\040\000a\000\040\000J\000o\000k\000e\000r\000\040\000K\000e\000y}{section.3.1}% 7
\BOOKMARK [2][-]{subsection.3.1.3}{\376\377\000D\000i\000s\000p\000l\000a\000y\000i\000n\000g\000\040\000c\000u\000s\000t\000o\000m\000i\000z\000e\000d\000\040\000m\000e\000m\000b\000e\000r\000s}{section.3.1}% 8
\BOOKMARK [2][-]{subsection.3.1.4}{\376\377\000C\000o\000m\000m\000o\000n\000\040\000s\000e\000t\000t\000i\000n\000g\000s\000\040\000m\000e\000m\000b\000e\000r}{section.3.1}% 9
\BOOKMARK [1][-]{section.3.2}{\376\377\000G\000l\000o\000b\000a\000l\000\040\000L\000e\000v\000e\000l\000\040\000O\000p\000t\000i\000o\000n\000s}{chapter.3}% 10
\BOOKMARK [2][-]{subsection.3.2.1}{\376\377\000A\000d\000d\000i\000n\000g\000\040\000y\000o\000u\000r\000\040\000C\000o\000m\000p\000a\000n\000y\000\040\000L\000o\000g\000o\000\040\000t\000o\000\040\000V\000i\000r\000t\000e\000l\000\040\000T\000o\000o\000l\000b\000a\000r\000\040\000u\000s\000i\000n\000g\000\040\000g\000l\000o\000b\000a\000l\000\040\000o\000p\000t\000i\000o\000n\000s}{section.3.2}% 11
\BOOKMARK [1][-]{section.3.3}{\376\377\000T\000r\000a\000n\000s\000a\000c\000t\000i\000o\000n\000\040\000L\000e\000v\000e\000l\000\040\000O\000p\000t\000i\000o\000n\000s}{chapter.3}% 12
\BOOKMARK [1][-]{section.3.4}{\376\377\000D\000e\000f\000i\000n\000i\000n\000g\000\040\000T\000r\000a\000n\000s\000a\000c\000t\000i\000o\000n\000\040\000O\000p\000t\000i\000o\000n\000s}{chapter.3}% 13
\BOOKMARK [1][-]{section.3.5}{\376\377\000C\000u\000s\000t\000o\000m\000i\000z\000a\000b\000l\000e\000\040\000J\000a\000v\000a\000S\000c\000r\000i\000p\000t\000\040\000U\000s\000e\000r\000\040\000E\000x\000i\000t\000s}{chapter.3}% 14
\BOOKMARK [0][-]{chapter.4}{\376\377\000V\000i\000r\000t\000e\000l\000\040\000W\000e\000b\000\040\000A\000c\000c\000e\000s\000s\000\040\000I\000n\000t\000e\000r\000f\000a\000c\000e}{}% 15
\BOOKMARK [1][-]{section.4.1}{\376\377\000V\000W\000A\000\040\000U\000s\000e\000r\000\040\000I\000n\000t\000e\000r\000f\000a\000c\000e}{chapter.4}% 16
\BOOKMARK [2][-]{subsection.4.1.1}{\376\377\000T\000i\000t\000l\000e}{section.4.1}% 17
\BOOKMARK [2][-]{subsection.4.1.2}{\376\377\000T\000o\000o\000l\000\040\000b\000a\000r}{section.4.1}% 18
\BOOKMARK [2][-]{subsection.4.1.3}{\376\377\000T\000o\000o\000l\000\040\000B\000a\000r\000\040\000I\000c\000o\000n\000s}{section.4.1}% 19
\BOOKMARK [2][-]{subsection.4.1.4}{\376\377\000F\000i\000l\000e\000\040\000T\000r\000a\000n\000s\000f\000e\000r\000\040\000i\000c\000o\000n\000s}{section.4.1}% 20
\BOOKMARK [2][-]{subsection.4.1.5}{\376\377\000M\000a\000c\000r\000o\000\040\000I\000c\000o\000n\000s}{section.4.1}% 21
\BOOKMARK [2][-]{subsection.4.1.6}{\376\377\000I\000c\000o\000n\000\040\000d\000i\000s\000p\000l\000a\000y\000\040\000t\000r\000o\000u\000b\000l\000e\000s\000h\000o\000o\000t\000i\000n\000g}{section.4.1}% 22
\BOOKMARK [2][-]{subsection.4.1.7}{\376\377\000B\000a\000c\000k\000g\000r\000o\000u\000n\000d\000\040\000i\000n\000f\000o\000r\000m\000a\000t\000i\000o\000n}{section.4.1}% 23
\BOOKMARK [2][-]{subsection.4.1.8}{\376\377\000L\000a\000n\000g\000u\000a\000g\000e}{section.4.1}% 24
\BOOKMARK [1][-]{section.4.2}{\376\377\000S\000t\000a\000t\000u\000s\000\040\000b\000a\000r}{chapter.4}% 25
\BOOKMARK [2][-]{subsection.4.2.1}{\376\377\000H\000o\000w\000\040\000t\000o\000\040\000d\000e\000a\000c\000t\000i\000v\000a\000t\000e\000\040\000t\000h\000e\000\040\000V\000i\000r\000t\000e\000l\000\040\000s\000t\000a\000t\000u\000s\000\040\000b\000a\000r}{section.4.2}% 26
\BOOKMARK [2][-]{subsection.4.2.2}{\376\377\000R\000e\000l\000a\000y\000\040\000a\000n\000d\000\040\000P\000r\000i\000n\000t\000e\000r\000\040\000N\000a\000m\000e}{section.4.2}% 27
\BOOKMARK [0][-]{chapter.5}{\376\377\000D\000y\000n\000a\000m\000i\000c\000\040\000D\000i\000r\000e\000c\000t\000o\000r\000y\000\040\000I\000n\000t\000e\000r\000f\000a\000c\000e\000\040\000\050\000D\000D\000I\000\051}{}% 28
\BOOKMARK [0][-]{chapter.6}{\376\377\000V\000i\000r\000t\000e\000l\000\040\000L\000i\000n\000e\000s}{}% 29
\BOOKMARK [1][-]{section.6.1}{\376\377\000S\000t\000a\000r\000t\000i\000n\000g\000\040\000a\000n\000d\000\040\000s\000t\000o\000p\000p\000i\000n\000g\000\040\000a\000\040\000l\000i\000n\000e}{chapter.6}% 30
\BOOKMARK [0][-]{chapter.7}{\376\377\000V\000i\000r\000t\000e\000l\000\040\000T\000r\000a\000n\000s\000a\000c\000t\000i\000o\000n\000s}{}% 31
\BOOKMARK [1][-]{section.7.1}{\376\377\000V\000i\000r\000t\000e\000l\000\040\000M\000u\000l\000t\000i\000-\000s\000e\000s\000s\000i\000o\000n\000\040\000W\000i\000t\000h\000i\000n\000\040\000V\000i\000r\000t\000e\000l\000\040\000W\000e\000b\000\040\000A\000c\000c\000e\000s\000s}{chapter.7}% 32
\BOOKMARK [1][-]{section.7.2}{\376\377\000D\000i\000r\000e\000c\000t\000l\000y\000\040\000a\000c\000c\000e\000s\000s\000\040\000h\000o\000s\000t\000\040\000A\000p\000p\000l\000i\000c\000a\000t\000i\000o\000n\000s\000\040\000b\000y\000\040\000U\000R\000L}{chapter.7}% 33
\BOOKMARK [2][-]{subsection.7.2.1}{\376\377\000F\000u\000l\000l\000\040\000p\000a\000t\000h\000\040\000U\000R\000L}{section.7.2}% 34
\BOOKMARK [2][-]{subsection.7.2.2}{\376\377\000D\000e\000f\000a\000u\000l\000t\000\040\000U\000R\000L\000\040\000f\000o\000r\000\040\000t\000h\000e\000\040\000e\000n\000t\000r\000y\000\040\000p\000o\000i\000n\000t}{section.7.2}% 35
\BOOKMARK [2][-]{subsection.7.2.3}{\376\377\000H\000o\000w\000\040\000T\000o\000\040\000U\000s\000e\000\040\000D\000i\000f\000f\000e\000r\000e\000n\000t\000\040\000S\000c\000r\000e\000e\000n\000\040\000S\000i\000z\000e\000s}{section.7.2}% 36
\BOOKMARK [2][-]{subsection.7.2.4}{\376\377\000L\000O\000G\000M\000O\000D\000E\000\040\000d\000e\000f\000i\000n\000e\000d\000\040\000b\000y\000\040\000t\000h\000e\000\040\000t\000r\000a\000n\000s\000a\000c\000t\000i\000o\000n}{section.7.2}% 37
\BOOKMARK [2][-]{subsection.7.2.5}{\376\377\000A\000s\000s\000i\000g\000n\000i\000n\000g\000\040\000a\000\040\000L\000O\000G\000M\000O\000D\000E\000\040\000b\000y\000\040\000U\000R\000L\000\040\000p\000a\000r\000a\000m\000e\000t\000e\000r}{section.7.2}% 38
\BOOKMARK [2][-]{subsection.7.2.6}{\376\377\000U\000s\000e\000r\000-\000s\000p\000e\000c\000i\000f\000i\000e\000d\000\040\000L\000O\000G\000M\000O\000D\000E}{section.7.2}% 39
\BOOKMARK [2][-]{subsection.7.2.7}{\376\377\000U\000s\000e\000r\000-\000s\000p\000e\000c\000i\000f\000i\000e\000d\000\040\000C\000O\000D\000E\000P\000A\000G\000E}{section.7.2}% 40
\BOOKMARK [2][-]{subsection.7.2.8}{\376\377\000D\000y\000n\000a\000m\000i\000c\000\040\000l\000o\000g\000m\000o\000d\000e\000\040\000w\000i\000t\000h\000\040\000u\000s\000e\000r\000-\000s\000p\000e\000c\000i\000f\000i\000e\000d\000\040\000s\000c\000r\000e\000e\000n\000\040\000s\000i\000z\000e}{section.7.2}% 41
\BOOKMARK [2][-]{subsection.7.2.9}{\376\377\000S\000e\000s\000s\000i\000o\000n\000\040\000M\000a\000n\000a\000g\000e\000m\000e\000n\000t\000\040\000I\000n\000\040\000T\000h\000e\000\040\000A\000p\000p\000l\000i\000c\000a\000t\000i\000o\000n\000\040\000M\000e\000n\000u\000\040\000L\000i\000s\000t}{section.7.2}% 42
\BOOKMARK [2][-]{subsection.7.2.10}{\376\377\000O\000p\000e\000n\000\040\000s\000e\000s\000s\000i\000o\000n\000\040\000i\000n\000\040\000s\000e\000p\000a\000r\000a\000t\000e\000\040\000t\000a\000b}{section.7.2}% 43
\BOOKMARK [1][-]{section.7.3}{\376\377\000H\000o\000w\000\040\000T\000o\000\040\000H\000a\000n\000d\000l\000e\000\040\000H\000o\000s\000t\000\040\000S\000e\000s\000s\000i\000o\000n\000\040\000T\000e\000r\000m\000i\000n\000a\000t\000i\000o\000n}{chapter.7}% 44
\BOOKMARK [2][-]{subsection.7.3.1}{\376\377\000R\000e\000t\000u\000r\000n\000\040\000t\000o\000\040\000t\000h\000e\000\040\000a\000p\000p\000l\000i\000c\000a\000t\000i\000o\000n\000\040\000s\000e\000l\000e\000c\000t\000i\000o\000n\000\040\000m\000e\000n\000u}{section.7.3}% 45
\BOOKMARK [2][-]{subsection.7.3.2}{\376\377\000D\000i\000s\000p\000l\000a\000y\000i\000n\000g\000\040\000a\000\040\000s\000p\000e\000c\000i\000f\000i\000c\000\040\000p\000a\000g\000e\000\040\000o\000n\000\040\000d\000i\000s\000c\000o\000n\000n\000e\000c\000t\000i\000o\000n}{section.7.3}% 46
\BOOKMARK [2][-]{subsection.7.3.3}{\376\377\000C\000l\000o\000s\000i\000n\000g\000\040\000t\000h\000e\000\040\000b\000r\000o\000w\000s\000e\000r\000\040\000w\000i\000n\000d\000o\000w\000\040\000a\000u\000t\000o\000m\000a\000t\000i\000c\000a\000l\000l\000y}{section.7.3}% 47
\BOOKMARK [0][-]{chapter.8}{\376\377\000V\000i\000r\000t\000e\000l\000\040\000M\000a\000c\000r\000o\000s}{}% 48
\BOOKMARK [1][-]{section.8.1}{\376\377\000I\000n\000t\000r\000o\000d\000u\000c\000t\000i\000o\000n}{chapter.8}% 49
\BOOKMARK [1][-]{section.8.2}{\376\377\000M\000a\000c\000r\000o\000\040\000m\000o\000d\000e\000s}{chapter.8}% 50
\BOOKMARK [2][-]{subsection.8.2.1}{\376\377\000L\000o\000c\000a\000l\000\040\000M\000a\000c\000r\000o\000\040\000m\000o\000d\000e}{section.8.2}% 51
\BOOKMARK [2][-]{subsection.8.2.2}{\376\377\000c\000e\000n\000t\000r\000a\000l\000i\000z\000e\000d\000\040\000M\000a\000c\000r\000o\000s\000\040\000-\000\040\000D\000D\000I\000\040\000m\000o\000d\000e}{section.8.2}% 52
\BOOKMARK [2][-]{subsection.8.2.3}{\376\377\000c\000e\000n\000t\000r\000a\000l\000i\000z\000e\000d\000\040\000D\000D\000I\000\040\000v\000a\000l\000i\000d\000a\000t\000i\000o\000n}{section.8.2}% 53
\BOOKMARK [2][-]{subsection.8.2.4}{\376\377\000C\000r\000e\000a\000t\000i\000n\000g\000\040\000a\000n\000\040\000i\000n\000i\000t\000i\000a\000l\000\040\000m\000a\000c\000r\000o}{section.8.2}% 54
\BOOKMARK [2][-]{subsection.8.2.5}{\376\377\000C\000r\000e\000a\000t\000i\000n\000g\000\040\000a\000\040\000u\000s\000e\000r\000\040\000m\000a\000c\000r\000o}{section.8.2}% 55
\BOOKMARK [2][-]{subsection.8.2.6}{\376\377\000M\000a\000c\000r\000o\000\040\000O\000p\000t\000i\000o\000n\000s}{section.8.2}% 56
\BOOKMARK [2][-]{subsection.8.2.7}{\376\377\000D\000i\000r\000e\000c\000t\000o\000r\000y\000\040\000a\000n\000d\000\040\000M\000a\000c\000r\000o\000\040\000A\000d\000m\000i\000n\000i\000s\000t\000r\000a\000t\000i\000o\000n}{section.8.2}% 57
\BOOKMARK [2][-]{subsection.8.2.8}{\376\377\000C\000e\000n\000t\000r\000a\000l\000i\000z\000e\000d\000\040\000D\000D\000I\000\040\000T\000r\000o\000u\000b\000l\000e\000s\000h\000o\000o\000t\000i\000n\000g}{section.8.2}% 58
\BOOKMARK [2][-]{subsection.8.2.9}{\376\377\000M\000a\000c\000r\000o\000\040\000f\000o\000r\000m\000a\000t\000s\000\040\000a\000n\000d\000\040\000C\000o\000m\000m\000a\000n\000d\000s}{section.8.2}% 59
\BOOKMARK [0][-]{chapter.9}{\376\377\000c\000e\000n\000t\000r\000a\000l\000i\000z\000e\000d\000\040\000U\000s\000e\000r\000\040\000P\000a\000r\000a\000m\000e\000t\000e\000r\000s}{}% 60
\BOOKMARK [1][-]{section.9.1}{\376\377\000U\000S\000E\000R\000P\000A\000R\000M\000\040\000S\000e\000t\000u\000p}{chapter.9}% 61
\BOOKMARK [2][-]{subsection.9.1.1}{\376\377\000T\000e\000s\000t\000i\000n\000g\000\040\000t\000h\000e\000\040\000U\000S\000E\000R\000P\000A\000R\000M\000\040\000f\000e\000a\000t\000u\000r\000e}{section.9.1}% 62
\BOOKMARK [2][-]{subsection.9.1.2}{\376\377\000R\000e\000m\000o\000v\000i\000n\000g\000\040\000a\000\040\000u\000s\000e\000r\040\031\000s\000\040\000s\000e\000t\000t\000i\000n\000g\000s}{section.9.1}% 63
\BOOKMARK [2][-]{subsection.9.1.3}{\376\377\000U\000S\000E\000R\000P\000A\000R\000M\000\040\000P\000r\000o\000b\000l\000e\000m\000s}{section.9.1}% 64
\BOOKMARK [0][-]{chapter.10}{\376\377\000S\000e\000c\000u\000r\000i\000t\000y}{}% 65
\BOOKMARK [1][-]{section.10.1}{\376\377\000H\000o\000w\000\040\000T\000o\000\040\000A\000c\000t\000i\000v\000a\000t\000e\000\040\000S\000S\000L\000\040\000A\000T\000-\000T\000L\000S}{chapter.10}% 66
\BOOKMARK [2][-]{subsection.10.1.1}{\376\377\000I\000n\000s\000t\000a\000l\000l\000a\000t\000i\000o\000n\000\040\000s\000t\000e\000p\000s}{section.10.1}% 67
\BOOKMARK [2][-]{subsection.10.1.2}{\376\377\000O\000p\000e\000r\000a\000t\000i\000o\000n\000s}{section.10.1}% 68
\BOOKMARK [2][-]{subsection.10.1.3}{\376\377\000P\000r\000o\000b\000l\000e\000m\000\040\000d\000e\000t\000e\000r\000m\000i\000n\000a\000t\000i\000o\000n}{section.10.1}% 69
\BOOKMARK [2][-]{subsection.10.1.4}{\376\377\000S\000S\000L\000\040\000-\000\040\000S\000i\000g\000n\000i\000n\000g\000\040\000O\000n\000\040\000U\000s\000i\000n\000g\000\040\000S\000e\000r\000v\000e\000r\000\040\000A\000n\000d\000\040\000C\000l\000i\000e\000n\000t\000\040\000C\000e\000r\000t\000i\000f\000i\000c\000a\000t\000e\000s}{section.10.1}% 70
\BOOKMARK [2][-]{subsection.10.1.5}{\376\377\000W\000h\000a\000t\000\040\000i\000s\000\040\000a\000\040\000C\000e\000r\000t\000i\000f\000i\000c\000a\000t\000e\000s}{section.10.1}% 71
\BOOKMARK [2][-]{subsection.10.1.6}{\376\377\000C\000e\000r\000i\000f\000i\000c\000a\000t\000e\000s\000\040\000a\000n\000d\000\040\000K\000e\000y\000\040\000r\000i\000n\000g\000s}{section.10.1}% 72
\BOOKMARK [2][-]{subsection.10.1.7}{\376\377\000P\000a\000s\000s\000T\000i\000c\000k\000e\000t\000\040\000s\000u\000p\000p\000o\000r\000t}{section.10.1}% 73
\BOOKMARK [2][-]{subsection.10.1.8}{\376\377\000P\000A\000G\000E\000N\000T\000\040\000C\000o\000n\000f\000i\000g\000u\000r\000a\000t\000i\000o\000n}{section.10.1}% 74
\BOOKMARK [2][-]{subsection.10.1.9}{\376\377\000C\000o\000n\000f\000i\000g\000u\000r\000i\000n\000g\000\040\000V\000i\000r\000t\000e\000l\000\040\000-\000\040\000C\000I\000C\000S\000\040\000E\000x\000a\000m\000p\000l\000e}{section.10.1}% 75
\BOOKMARK [2][-]{subsection.10.1.10}{\376\377\000A\000T\000-\000T\000L\000S\000\040\000P\000r\000o\000b\000l\000e\000m\000s}{section.10.1}% 76
\BOOKMARK [2][-]{subsection.10.1.11}{\376\377\000R\000e\000f\000e\000r\000e\000n\000c\000e\000s}{section.10.1}% 77
\BOOKMARK [1][-]{section.10.2}{\376\377\000N\000T\000L\000M\000\040\000S\000u\000p\000p\000o\000r\000t}{chapter.10}% 78
\BOOKMARK [2][-]{subsection.10.2.1}{\376\377\000E\000n\000a\000b\000l\000e\000\040\000W\000i\000n\000d\000o\000w\000s\000\040\000I\000n\000t\000e\000g\000r\000a\000t\000e\000d\000\040\000A\000u\000t\000h\000e\000n\000t\000i\000c\000a\000t\000i\000o\000n\000\040\000f\000o\000r\000\040\000I\000n\000t\000e\000r\000n\000e\000t\000\040\000E\000x\000m\000p\000l\000o\000r\000e\000r}{section.10.2}% 79
\BOOKMARK [2][-]{subsection.10.2.2}{\376\377\000E\000n\000a\000b\000l\000e\000\040\000W\000i\000n\000d\000o\000w\000s\000\040\000I\000n\000t\000e\000g\000r\000a\000t\000e\000d\000\040\000A\000u\000t\000h\000e\000n\000t\000i\000c\000a\000t\000i\000o\000n\000\040\000f\000o\000r\000\040\000G\000o\000o\000g\000l\000e\000\040\000C\000h\000r\000o\000m\000e}{section.10.2}% 80
\BOOKMARK [2][-]{subsection.10.2.3}{\376\377\000E\000n\000a\000b\000l\000e\000\040\000W\000i\000n\000d\000o\000w\000s\000\040\000I\000n\000t\000e\000g\000r\000a\000t\000e\000d\000\040\000A\000u\000t\000h\000e\000n\000t\000i\000c\000a\000t\000i\000o\000n\000\040\000f\000o\000r\000\040\000M\000o\000z\000i\000l\000l\000a\000\040\000F\000i\000r\000e\000f\000o\000x}{section.10.2}% 81
\BOOKMARK [2][-]{subsection.10.2.4}{\376\377\000N\000T\000L\000M\000\040\000T\000r\000o\000u\000b\000l\000e\000s\000h\000o\000o\000t\000i\000n\000g}{section.10.2}% 82
\BOOKMARK [0][-]{chapter.11}{\376\377\000S\000y\000s\000t\000e\000m\000\040\000M\000a\000n\000a\000g\000e\000m\000e\000n\000t}{}% 83
\BOOKMARK [1][-]{section.11.1}{\376\377\000V\000i\000r\000t\000e\000l\000\040\000M\000e\000s\000s\000a\000g\000e\000\040\000C\000o\000n\000t\000r\000o\000l\000s}{chapter.11}% 84
\BOOKMARK [1][-]{section.11.2}{\376\377\000V\000I\000R\000C\000O\000N\000F\000\040\000U\000s\000a\000g\000e}{chapter.11}% 85
\BOOKMARK [2][-]{subsection.11.2.1}{\376\377\000U\000n\000l\000o\000a\000d\000i\000n\000g\000\040\000t\000h\000e\000\040\000A\000R\000B\000O\000\040\000d\000a\000t\000a\000s\000e\000t}{section.11.2}% 86
\BOOKMARK [0][-]{chapter.12}{\376\377\000V\000i\000r\000t\000e\000l\000\040\000M\000S\000G\0001\0000\000\040\000U\000S\000S\000T\000A\000B}{}% 87
\BOOKMARK [1][-]{section.12.1}{\376\377\000P\000r\000o\000g\000r\000a\000m\000\040\000r\000e\000s\000t\000r\000i\000c\000t\000i\000o\000n\000s}{chapter.12}% 88
\BOOKMARK [1][-]{section.12.2}{\376\377\000S\000e\000t\000t\000i\000n\000g\000\040\000u\000p\000\040\000t\000o\000\040\000u\000s\000e\000\040\000t\000h\000e\000\040\000V\000I\000R\000T\000E\000L\040\031\000s\000\040\000U\000S\000S\000M\000S\000G\000\040\000s\000u\000p\000p\000o\000r\000t}{chapter.12}% 89
\BOOKMARK [2][-]{subsection.12.2.1}{\376\377\000B\000u\000i\000l\000d\000\040\000a\000\040\000V\000i\000r\000t\000e\000l\000\040\000t\000r\000a\000n\000s\000a\000c\000t\000i\000o\000n}{section.12.2}% 90
\BOOKMARK [2][-]{subsection.12.2.2}{\376\377\000C\000r\000e\000a\000t\000e\000\040\000y\000o\000u\000r\000\040\000U\000S\000S\000T\000A\000B\000\040\000l\000o\000a\000d\000\040\000m\000o\000d\000u\000l\000e}{section.12.2}% 91
\BOOKMARK [2][-]{subsection.12.2.3}{\376\377\000T\000e\000s\000t\000\040\000t\000h\000e\000\040\000U\000S\000S\000M\000S\000G\0001\0000\000\040\000d\000i\000s\000p\000l\000a\000y}{section.12.2}% 92
\BOOKMARK [2][-]{subsection.12.2.4}{\376\377\000T\000h\000e\000\040\000e\000r\000r\000m\000s\000g\000=\000\040\000k\000e\000y\000w\000o\000r\000d}{section.12.2}% 93
\BOOKMARK [2][-]{subsection.12.2.5}{\376\377\000D\000y\000a\000n\000m\000i\000c\000\040\000s\000u\000b\000s\000t\000i\000t\000u\000t\000i\000o\000n}{section.12.2}% 94
\BOOKMARK [1][-]{section.12.3}{\376\377\000P\000r\000o\000b\000l\000e\000m\000s}{chapter.12}% 95
\BOOKMARK [0][-]{chapter.13}{\376\377\000c\000A\000p\000p\000M\000e\000n\000u\000\040\000C\000u\000s\000t\000o\000m\000i\000z\000a\000t\000i\000o\000n}{}% 96
\BOOKMARK [1][-]{section.13.1}{\376\377\000T\000i\000e\000r\000\040\000M\000e\000n\000u\000\040\000D\000e\000s\000i\000g\000n\000\040\000O\000v\000e\000r\000v\000i\000e\000w}{chapter.13}% 97
\BOOKMARK [1][-]{section.13.2}{\376\377\000D\000e\000f\000a\000u\000l\000t\000\040\000V\000i\000r\000t\000e\000l\000\040\000A\000p\000p\000l\000i\000c\000a\000t\000i\000o\000n\000\040\000M\000e\000n\000u\000\040\000d\000e\000s\000i\000g\000n}{chapter.13}% 98
\BOOKMARK [1][-]{section.13.3}{\376\377\000T\000h\000e\000\040\000N\000e\000w\000\040\000V\000i\000r\000t\000e\000l\000\040\000T\000i\000e\000r\000\040\000M\000e\000n\000u\000\040\000S\000t\000y\000l\000e}{chapter.13}% 99
\BOOKMARK [1][-]{section.13.4}{\376\377\000R\000e\000q\000u\000i\000r\000e\000d\000\040\000f\000i\000l\000e\000s\000\040\000f\000o\000r\000\040\000T\000i\000e\000r\000\040\000M\000e\000n\000u\000\040\000S\000u\000p\000p\000o\000r\000t}{chapter.13}% 100
\BOOKMARK [1][-]{section.13.5}{\376\377\000C\000u\000s\000t\000o\000m\000i\000z\000i\000n\000g\000\040\000t\000h\000e\000\040\000a\000p\000p\000m\000e\000n\000u\000.\000[\000k\000e\000y\000\040\000n\000a\000m\000e\000]\000.\000j\000s\000\040\000J\000a\000v\000a\000S\000c\000r\000i\000p\000t}{chapter.13}% 101
\BOOKMARK [2][-]{subsection.13.5.1}{\376\377\000K\000e\000y\000\040\000V\000a\000l\000u\000e\000s\000\040\000C\000r\000i\000t\000e\000r\000i\000a\000\040\000T\000y\000p\000e\000s}{section.13.5}% 102
\BOOKMARK [2][-]{subsection.13.5.2}{\376\377\000V\000i\000r\000t\000e\000l\000\040\000c\000A\000p\000p\000M\000e\000n\000u\000\040\000T\000i\000e\000r\000\040\000M\000e\000n\000u\000\040\000d\000e\000s\000c\000r\000i\000p\000t\000i\000o\000n}{section.13.5}% 103
\BOOKMARK [1][-]{section.13.6}{\376\377\000C\000u\000s\000t\000o\000m\000i\000z\000i\000n\000g\000\040\000t\000h\000e\000\040\000C\000S\000S\000\040\000c\000u\000s\000t\000C\000S\000S\000.\000[\000k\000e\000y\000\040\000n\000a\000m\000e\000]\000.\000c\000s\000s\000\040\000s\000t\000y\000l\000e\000\040\000s\000h\000e\000e\000t}{chapter.13}% 104
\BOOKMARK [1][-]{section.13.7}{\376\377\000C\000r\000e\000a\000t\000e\000\040\000a\000n\000\040\000o\000p\000t\000i\000o\000n\000.\000[\000k\000e\000y\000\040\000n\000a\000m\000e\000]\000.\000j\000s\000\040\000f\000i\000l\000e}{chapter.13}% 105
\BOOKMARK [1][-]{section.13.8}{\376\377\000C\000r\000e\000a\000t\000e\000\040\000a\000\040\000C\000o\000m\000p\000a\000n\000y\000\040\000L\000o\000g\000o\000\040\000f\000i\000l\000e}{chapter.13}% 106
\BOOKMARK [1][-]{section.13.9}{\376\377\000U\000p\000d\000a\000t\000e\000\040\000t\000h\000e\000\040\000r\000e\000q\000u\000i\000r\000e\000d\000\040\000V\000i\000r\000t\000e\000l\000\040\000T\000r\000a\000n\000s\000a\000c\000t\000i\000o\000n\000s}{chapter.13}% 107
\BOOKMARK [2][-]{subsection.13.9.1}{\376\377\000C\000L\000I\000-\0009\0000}{section.13.9}% 108
\BOOKMARK [2][-]{subsection.13.9.2}{\376\377\000C\000L\000I\000-\0000\0000}{section.13.9}% 109
\BOOKMARK [1][-]{section.13.10}{\376\377\000U\000p\000d\000a\000t\000e\000\040\000t\000h\000e\000\040\000C\000L\000I\000-\000D\000I\000R\000\040\000d\000i\000r\000e\000c\000t\000o\000y}{chapter.13}% 110
\BOOKMARK [1][-]{section.13.11}{\376\377\000E\000x\000a\000m\000p\000l\000e\000\040\000o\000f\000\040\000a\000p\000p\000m\000e\000n\000u\000.\000[\000k\000e\000y\000n\000a\000m\000e\000]\000.\000j\000s}{chapter.13}% 111
\BOOKMARK [1][-]{section.13.12}{\376\377\000F\000u\000l\000l\000\040\000r\000e\000f\000e\000r\000e\000n\000c\000e\000\040\000d\000o\000c\000u\000m\000e\000n\000t\000\040\000f\000o\000r\000\040\000c\000A\000p\000p\000M\000e\000n\000u\000O\000p\000t\000i\000o\000n\000s\000\040\000o\000b\000j\000e\000c\000t}{chapter.13}% 112
\BOOKMARK [0][-]{chapter.14}{\376\377\000V\000i\000r\000t\000e\000l\000\040\000F\000T\000P\000\040\000C\000l\000i\000e\000n\000t}{}% 113
\BOOKMARK [1][-]{section.14.1}{\376\377\000I\000n\000t\000r\000o\000d\000u\000c\000t\000i\000o\000n}{chapter.14}% 114
\BOOKMARK [1][-]{section.14.2}{\376\377\000H\000o\000w\000\040\000d\000o\000e\000s\000\040\000i\000t\000\040\000w\000o\000r\000k\000?}{chapter.14}% 115
\BOOKMARK [2][-]{subsection.14.2.1}{\376\377\000P\000r\000e\000-\000r\000e\000q\000u\000i\000s\000i\000t\000e\000s}{section.14.2}% 116
\BOOKMARK [1][-]{section.14.3}{\376\377\000I\000n\000s\000t\000a\000l\000l\000i\000n\000g\000\040\000a\000n\000d\000\040\000c\000o\000n\000f\000i\000g\000u\000r\000i\000n\000g\000\040\000t\000h\000e\000\040\000F\000T\000P\000\040\000f\000u\000n\000c\000t\000i\000o\000n}{chapter.14}% 117
\BOOKMARK [2][-]{subsection.14.3.1}{\376\377\000F\000T\000P\000\040\000S\000c\000e\000n\000a\000r\000i\000o}{section.14.3}% 118
\BOOKMARK [1][-]{section.14.4}{\376\377\000D\000e\000f\000i\000n\000i\000n\000g\000\040\000t\000h\000e\000\040\000F\000T\000P\000\040\000t\000e\000m\000p\000l\000a\000t\000e\000s}{chapter.14}% 119
\BOOKMARK [2][-]{subsection.14.4.1}{\376\377\000T\000e\000m\000p\000l\000a\000t\000e\000\040\000V\000a\000r\000i\000a\000b\000l\000e\000s}{section.14.4}% 120
\BOOKMARK [2][-]{subsection.14.4.2}{\376\377\000D\000e\000f\000i\000n\000i\000n\000g\000\040\000t\000h\000e\000\040\000F\000T\000P\000\040\000t\000e\000m\000p\000l\000a\000t\000e\000s\000\040\000f\000o\000r\000\040\000t\000h\000e\000\040\000a\000c\000t\000i\000o\000n\000\040\000l\000i\000s\000t\000b\000o\000x}{section.14.4}% 121
\BOOKMARK [2][-]{subsection.14.4.3}{\376\377\000A\000c\000t\000i\000v\000a\000t\000e\000\040\000t\000h\000e\000\040\000T\000o\000o\000l\000b\000a\000r\000\040\000i\000c\000o\000n\000s\000\040\000f\000o\000r\000\040\000f\000i\000l\000e\000\040\000t\000r\000a\000n\000s\000f\000e\000r}{section.14.4}% 122
\BOOKMARK [2][-]{subsection.14.4.4}{\376\377\000I\000n\000s\000t\000a\000l\000l\000i\000n\000g\000\040\000t\000h\000e\000\040\000b\000a\000t\000\040\000f\000i\000l\000e\000s\000,\000\040\000s\000h\000o\000r\000t\000c\000u\000t\000\040\000a\000n\000d\000\040\000a\000n\000c\000i\000l\000l\000a\000r\000y\000\040\000p\000r\000o\000g\000r\000a\000m\000s}{section.14.4}% 123
\BOOKMARK [2][-]{subsection.14.4.5}{\376\377\000S\000e\000t\000\040\000u\000p\000\040\000a\000\040\000s\000h\000o\000r\000t\000c\000u\000t\000\040\000o\000n\000\040\000y\000o\000u\000r\000\040\000d\000e\000s\000k\000t\000o\000p}{section.14.4}% 124
\BOOKMARK [1][-]{section.14.5}{\376\377\000H\000o\000w\000\040\000t\000o\000\040\000u\000s\000e\000\040\000t\000h\000e\000\040\000V\000i\000r\000t\000e\000l\000\040\000F\000T\000P\000\040\000f\000u\000n\000c\000t\000i\000o\000n}{chapter.14}% 125
\BOOKMARK [2][-]{subsection.14.5.1}{\376\377\000S\000e\000n\000d\000i\000n\000g\000\040\000a\000n\000d\000\040\000R\000e\000c\000e\000i\000v\000i\000n\000g\000\040\000a\000\040\000f\000i\000l\000e}{section.14.5}% 126
\BOOKMARK [2][-]{subsection.14.5.2}{\376\377\000S\000e\000l\000e\000c\000t\000i\000n\000g\000\040\000a\000\040\000P\000C\000\040\000C\000o\000d\000e\000p\000a\000g\000e\000\040\000f\000o\000r\000\040\000F\000T\000P\000\040\000f\000i\000l\000e\000\040\000t\000r\000a\000n\000s\000f\000e\000r}{section.14.5}% 127
\BOOKMARK [2][-]{subsection.14.5.3}{\376\377\000S\000a\000v\000i\000n\000g\000\040\000a\000n\000d\000\040\000r\000e\000u\000s\000i\000n\000g\000\040\000F\000T\000P\000\040\000f\000i\000l\000e\000\040\000t\000r\000a\000n\000s\000f\000e\000r\000\040\000p\000a\000r\000a\000m\000e\000t\000e\000r\000s}{section.14.5}% 128
\BOOKMARK [2][-]{subsection.14.5.4}{\376\377\000S\000h\000o\000w\000i\000n\000g\000\040\000/\000\040\000H\000i\000d\000i\000n\000g\000\040\000F\000T\000P\000\040\000F\000i\000l\000e\000\040\000T\000r\000a\000n\000s\000f\000e\000r}{section.14.5}% 129
\BOOKMARK [1][-]{section.14.6}{\376\377\000D\000e\000b\000u\000g\000g\000i\000n\000g\000\040\000V\000i\000r\000t\000e\000l\000F\000T\000P}{chapter.14}% 130
\BOOKMARK [2][-]{subsection.14.6.1}{\376\377\000P\000o\000w\000e\000r\000\040\000S\000h\000e\000l\000l\000\040\000a\000u\000t\000h\000o\000r\000i\000t\000y}{section.14.6}% 131
\BOOKMARK [0][-]{chapter.15}{\376\377\000F\000A\000Q\000s}{}% 132
\BOOKMARK [1][-]{section.15.1}{\376\377\000H\000o\000w\000\040\000t\000o\000\040\000s\000p\000e\000c\000i\000f\000y\000\040\000a\000\040\000c\000o\000d\000e\000p\000a\000g\000e\000\040\000i\000n\000\040\000a\000\040\000U\000R\000L}{chapter.15}% 133
\BOOKMARK [1][-]{section.15.2}{\376\377\000H\000o\000w\000\040\000t\000o\000\040\000u\000s\000e\000\040\000t\000h\000e\000\040\000T\000S\000O\000\040\000O\000M\000V\000S\000\040\000p\000a\000n\000e\000l\000\040\000c\000o\000m\000m\000a\000n\000d\000\040\000w\000i\000t\000h\000\040\000V\000W\000A}{chapter.15}% 134
\BOOKMARK [1][-]{section.15.3}{\376\377\000C\000a\000n\000\040\000V\000I\000R\000T\000E\000L\000\040\000W\000E\000B\000\040\000A\000C\000C\000E\000S\000S\000\040\000e\000m\000u\000l\000a\000t\000e\000\040\000z\000/\000O\000S\000\040\000O\000p\000e\000r\000a\000t\000o\000r\000\040\000c\000o\000n\000s\000o\000l\000e\000s}{chapter.15}% 135
\BOOKMARK [1][-]{section.15.4}{\376\377\000C\000a\000n\000\040\000I\000\040\000c\000u\000s\000t\000o\000m\000i\000z\000e\000\040\000h\000o\000t\000s\000p\000o\000t\000\040\000r\000e\000c\000o\000g\000n\000i\000t\000i\000o\000n}{chapter.15}% 136
\BOOKMARK [0][-]{chapter.16}{\376\377\000A\000p\000p\000e\000n\000d\000i\000x}{}% 137
\BOOKMARK [1][-]{section.16.1}{\376\377\000A\000p\000p\000e\000n\000d\000i\000x\000\040\000A\000\040\000-\000\040\000V\000i\000r\000t\000e\000l\000\040\000M\000a\000c\000r\000o\000\040\000Q\000u\000i\000c\000k\000\040\000r\000e\000f\000e\000r\000e\000n\000c\000e\000\040\000S\000h\000e\000e\000t}{chapter.16}% 138
\BOOKMARK [2][-]{subsection.16.1.1}{\376\377\000E\000x\000a\000m\000p\000l\000e\000\040\000o\000f\000\040\000a\000\040\000M\000a\000c\000r\000o\000.\000\040\000J\000S\000O\000N\000\040\000f\000i\000l\000e}{section.16.1}% 139
\BOOKMARK [2][-]{subsection.16.1.2}{\376\377\000M\000a\000c\000r\000o\000\040\000F\000o\000r\000m\000a\000t\000s\000\040\000a\000n\000d\000\040\000C\000o\000m\000m\000a\000n\000d\000s}{section.16.1}% 140
\BOOKMARK [2][-]{subsection.16.1.3}{\376\377\000K\000e\000y\000\040\000I\000d\000e\000n\000t\000i\000f\000i\000e\000r\000s}{section.16.1}% 141
\BOOKMARK [2][-]{subsection.16.1.4}{\376\377\000B\000u\000i\000l\000t\000\040\000i\000n\000\040\000f\000u\000n\000c\000t\000i\000o\000n\000s}{section.16.1}% 142
\BOOKMARK [2][-]{subsection.16.1.5}{\376\377\000B\000u\000i\000l\000t\000\040\000i\000n\000\040\000f\000u\000n\000c\000t\000i\000o\000n\000s\000:\000L\000i\000t\000e\000r\000a\000l\000\040\000v\000a\000l\000u\000e\000s\000\040\000-\000\040\000k\000e\000y\000\040\000s\000t\000r\000o\000k\000e\000\040\000i\000n\000\040\000V\000W\000A\000\040\000e\000d\000i\000t\000o\000r}{section.16.1}% 143
\BOOKMARK [2][-]{subsection.16.1.6}{\376\377\000U\000s\000e\000d\000\040\000f\000o\000r\000\040\000C\000u\000t\000/\000P\000a\000s\000t\000e\000\040\000i\000n\000\040\000a\000\040\000M\000a\000c\000r\000o}{section.16.1}% 144
\BOOKMARK [0][-]{chapter.17}{\376\377\000T\000r\000a\000d\000e\000m\000a\000r\000k\000s}{}% 145
