This is LuaTeX, Version 1.0.4 (MiKTeX 2.9.6350 64-bit)  (format=lualatex 2019.4.24)  23 OCT 2022 20:37
 restricted system commands enabled.
**Customization.tex
(./Customization.tex
LaTeX2e <2017-04-15>
Lua module: luaotfload-main 2017/01/29 2.80001 OpenType layout system.
Lua module: lualibs 2017-02-01 2.5 ConTeXt Lua standard libraries.
Lua module: lualibs-extended 2017-02-01 2.5 ConTeXt Lua libraries -- extended co
llection.(using cache: C:/Users/Holt/AppData/Local/MiKTeX/2.9/luatex-cache/gener
ic)
luaotfload | conf : Root cache directory is C:/Users/Holt/AppData/Local/MiKTeX/2
.9/luatex-cache/generic/names.
luaotfload | init : Loading fontloader “fontloader-2017-02-11.lua” from kpse
-resolved path “C:/Program Files/MiKTeX 2.9/tex/luatex/luaotfload/fontloader-2
017-02-11.lua”.
Lua-only attribute luaotfload@state = 1
Lua-only attribute luaotfload@noligature = 2
Lua-only attribute luaotfload@syllabe = 3
luaotfload | init : Context OpenType loader version “3.027”
Inserting `luaotfload.node_processor' at position 1 in `pre_linebreak_filter'.
Inserting `luaotfload.node_processor' at position 1 in `hpack_filter'.
Inserting `luaotfload.define_font' at position 1 in `define_font'.
Lua-only attribute luaotfload_color_attribute = 4
luaotfload | conf : Root cache directory is C:/Users/Holt/AppData/Local/MiKTeX/2
.9/luatex-cache/generic/names.
Inserting `luaotfload.aux.set_sscale_dimens' at position 1 in `luaotfload.patch_
font'.
Inserting `luaotfload.aux.patch_cambria_domh' at position 2 in `luaotfload.patch
_font'.
Inserting `luaotfload.aux.fixup_fontdata' at position 1 in `luaotfload.patch_fon
t_unsafe'.
Inserting `luaotfload.aux.set_capheight' at position 3 in `luaotfload.patch_font
'.
Inserting `luaotfload.rewrite_fontname' at position 4 in `luaotfload.patch_font'
.
luaotfload | main : initialization completed in 0.523 seconds
Babel <3.10> and hyphenation patterns for 1 language(s) loaded.
(./sphinxmanual.cls
Document Class: sphinxmanual 2018/12/23 v2.0 Document class (Sphinx manual)
("C:/Program Files/MiKTeX 2.9/tex/latex/base/report.cls"
Document Class: report 2014/09/29 v1.4h Standard LaTeX document class
("C:/Program Files/MiKTeX 2.9/tex/latex/base/size10.clo"
File: size10.clo 2014/09/29 v1.4h Standard LaTeX file (size option)
luaotfload | db : Font names database loaded from C:/Users/Holt/AppData/Local/Mi
KTeX/2.9/luatex-cache/generic/names/luaotfload-names.luc(load luc: C:/Users/Holt
/AppData/Local/MiKTeX/2.9/luatex-cache/generic/fonts/otl/lmroman10-regular.luc))
\c@part=\count79
\c@chapter=\count80
\c@section=\count81
\c@subsection=\count82
\c@subsubsection=\count83
\c@paragraph=\count84
\c@subparagraph=\count85
\c@figure=\count86
\c@table=\count87
\abovecaptionskip=\skip41
\belowcaptionskip=\skip42
\bibindent=\dimen102
))
\sphinxpxdimen=\dimen103
 ("C:/Program Files/MiKTeX 2.9/tex/latex/cmap/cmap.sty"
Package: cmap 2008/03/06 v1.0h CMap support: searchable PDF


Package cmap Warning: pdftex not detected - exiting.

) ("C:/Program Files/MiKTeX 2.9/tex/latex/amsmath/amsmath.sty"
Package: amsmath 2016/11/05 v2.16a AMS math features
\@mathmargin=\skip43

For additional information on amsmath, use the `?' option.
("C:/Program Files/MiKTeX 2.9/tex/latex/amsmath/amstext.sty"
Package: amstext 2000/06/29 v2.01 AMS text

("C:/Program Files/MiKTeX 2.9/tex/latex/amsmath/amsgen.sty"
File: amsgen.sty 1999/11/30 v2.0 generic functions
\@emptytoks=\toks14
\ex@=\dimen104
))
("C:/Program Files/MiKTeX 2.9/tex/latex/amsmath/amsbsy.sty"
Package: amsbsy 1999/11/29 v1.2d Bold Symbols
\pmbraise@=\dimen105
)
("C:/Program Files/MiKTeX 2.9/tex/latex/amsmath/amsopn.sty"
Package: amsopn 2016/03/08 v2.02 operator names
)
\inf@bad=\count88
LaTeX Info: Redefining \frac on input line 213.
\uproot@=\count89
\leftroot@=\count90
LaTeX Info: Redefining \overline on input line 375.
\classnum@=\count91
\DOTSCASE@=\count92
LaTeX Info: Redefining \ldots on input line 472.
LaTeX Info: Redefining \dots on input line 475.
LaTeX Info: Redefining \cdots on input line 596.
\Mathstrutbox@=\box26
\strutbox@=\box27
\big@size=\dimen106
LaTeX Font Info:    Redeclaring font encoding OML on input line 712.
LaTeX Font Info:    Redeclaring font encoding OMS on input line 713.
\macc@depth=\count93
\c@MaxMatrixCols=\count94
\dotsspace@=\muskip10
\c@parentequation=\count95
\dspbrk@lvl=\count96
\tag@help=\toks15
\row@=\count97
\column@=\count98
\maxfields@=\count99
\andhelp@=\toks16
\eqnshift@=\dimen107
\alignsep@=\dimen108
\tagshift@=\dimen109
\tagwidth@=\dimen110
\totwidth@=\dimen111
\lineht@=\dimen112
\@envbody=\toks17
\multlinegap=\skip44
\multlinetaggap=\skip45
\mathdisplay@stack=\toks18
LaTeX Info: Redefining \[ on input line 2817.
LaTeX Info: Redefining \] on input line 2818.
)
("C:/Program Files/MiKTeX 2.9/tex/latex/amsfonts/amssymb.sty"
Package: amssymb 2013/01/14 v3.01 AMS font symbols

("C:/Program Files/MiKTeX 2.9/tex/latex/amsfonts/amsfonts.sty"
Package: amsfonts 2013/01/14 v3.01 Basic AMSFonts support
\symAMSa=\mathgroup4
\symAMSb=\mathgroup5
LaTeX Font Info:    Overwriting math alphabet `\mathfrak' in version `bold'
(Font)                  U/euf/m/n --> U/euf/b/n on input line 106.
))
("C:/Program Files/MiKTeX 2.9/tex/generic/babel/babel.sty"
Package: babel 2017/05/19 3.10 The Babel package

("C:/Program Files/MiKTeX 2.9/tex/generic/babel/luababel.def"
\l@afrikaans=\language2
Package babel Info: Non-standard hyphenation setup on input line 122.
\l@ancientgreek=\language3
\l@arabic=\language4
\l@armenian=\language5
\l@assamese=\language6
\l@basque=\language7
\l@bengali=\language8
\l@bokmal=\language9
\l@bulgarian=\language10
\l@catalan=\language11
\l@classiclatin=\language12
\l@coptic=\language13
\l@croatian=\language14
\l@czech=\language15
\l@danish=\language16
\l@dutch=\language17
\l@esperanto=\language18
\l@estonian=\language19
\l@farsi=\language20
\l@finnish=\language21
\l@french=\language22
\l@galician=\language23
\l@georgian=\language24
\l@german=\language25
\l@german-x-2017-03-31=\language26
\l@greek=\language27
\l@gujarati=\language28
\l@hindi=\language29
\l@hungarian=\language30
\l@icelandic=\language31
\l@indonesian=\language32
\l@interlingua=\language33
\l@irish=\language34
\l@italian=\language35
\l@kannada=\language36
\l@kurmanji=\language37
\l@latin=\language38
\l@latvian=\language39
\l@lithuanian=\language40
\l@malayalam=\language41
\l@marathi=\language42
\l@mongolian=\language43
\l@mongolianlmc=\language44
\l@monogreek=\language45
\l@ngerman=\language46
\l@ngerman-x-2017-03-31=\language47
\l@nynorsk=\language48
\l@oriya=\language49
\l@panjabi=\language50
\l@piedmontese=\language51
\l@pinyin=\language52
\l@polish=\language53
\l@portuguese=\language54
\l@romanian=\language55
\l@romansh=\language56
\l@russian=\language57
\l@sanskrit=\language58
\l@serbian=\language59
\l@serbianc=\language60
\l@slovak=\language61
\l@slovenian=\language62
\l@spanish=\language63
\l@swedish=\language64
\l@swissgerman=\language65
\l@tamil=\language66
\l@telugu=\language67
\l@thai=\language68
\l@turkish=\language69
\l@turkmen=\language70
\l@ukenglish=\language71
\l@ukrainian=\language72
\l@uppersorbian=\language73
\l@usenglishmax=\language74
\l@welsh=\language75
)
*************************************
* Local config file bblopts.cfg used
*
("C:/Program Files/MiKTeX 2.9/tex/latex/arabi/bblopts.cfg"
File: bblopts.cfg 2005/09/08 v0.1 add Arabic and Farsi to "declared" options of 
babel
)
("C:/Program Files/MiKTeX 2.9/tex/latex/babel-english/english.ldf"
Language: english 2017/01/24 v3.3q English support from the babel system

("C:/Program Files/MiKTeX 2.9/tex/generic/babel/babel.def"
File: babel.def 2017/05/19 3.10 Babel common definitions
\babel@savecnt=\count100
\U@D=\dimen113

("C:/Program Files/MiKTeX 2.9/tex/generic/babel/luababel.def"))
\l@canadian = a dialect from \language\l@american 
\l@australian = a dialect from \language\l@british 
\l@newzealand = a dialect from \language\l@british 
))
("C:/Program Files/MiKTeX 2.9/tex/latex/fncychap/fncychap.sty"
Package: fncychap 2007/07/30 v1.34 LaTeX package (Revised chapters)
\RW=\skip46
\mylen=\skip47
\myhi=\skip48
\px=\skip49
\py=\skip50
\pyy=\skip51
\pxx=\skip52
\c@AlphaCnt=\count101
\c@AlphaDecCnt=\count102
) (./sphinx.sty
Package: sphinx 2019/01/12 v1.8.4 LaTeX package (Sphinx markup)

("C:/Program Files/MiKTeX 2.9/tex/generic/oberdiek/ltxcmds.sty"
Package: ltxcmds 2016/05/16 v1.23 LaTeX kernel commands for general use (HO)
)
("C:/Program Files/MiKTeX 2.9/tex/latex/graphics/graphicx.sty"
Package: graphicx 2014/10/28 v1.0g Enhanced LaTeX Graphics (DPC,SPQR)

("C:/Program Files/MiKTeX 2.9/tex/latex/graphics/keyval.sty"
Package: keyval 2014/10/28 v1.15 key=value parser (DPC)
\KV@toks@=\toks19
)
("C:/Program Files/MiKTeX 2.9/tex/latex/graphics/graphics.sty"
Package: graphics 2017/04/14 v1.1b Standard LaTeX Graphics (DPC,SPQR)

("C:/Program Files/MiKTeX 2.9/tex/latex/graphics/trig.sty"
Package: trig 2016/01/03 v1.10 sin cos tan (DPC)
)
("C:/Program Files/MiKTeX 2.9/tex/latex/graphics-cfg/graphics.cfg"
File: graphics.cfg 2016/06/04 v1.11 sample graphics configuration
)
Package graphics Info: Driver file: luatex.def on input line 99.

("C:/Program Files/MiKTeX 2.9/tex/latex/graphics-def/luatex.def"
File: luatex.def 2017/01/12 v0.01h Graphics/Color for luaTeX

("C:/Program Files/MiKTeX 2.9/tex/generic/oberdiek/infwarerr.sty"
Package: infwarerr 2016/05/16 v1.4 Providing info/warning/error messages (HO)
)
\Gread@gobject=\count103
))
\Gin@req@height=\dimen114
\Gin@req@width=\dimen115
)
("C:/Program Files/MiKTeX 2.9/tex/latex/fancyhdr/fancyhdr.sty"
Package: fancyhdr 2019/01/31 v3.10 Extensive control of page headers and footers

\f@nch@headwidth=\skip53
\f@nch@O@elh=\skip54
\f@nch@O@erh=\skip55
\f@nch@O@olh=\skip56
\f@nch@O@orh=\skip57
\f@nch@O@elf=\skip58
\f@nch@O@erf=\skip59
\f@nch@O@olf=\skip60
\f@nch@O@orf=\skip61
)
("C:/Program Files/MiKTeX 2.9/tex/latex/base/textcomp.sty"
Package: textcomp 2017/04/05 v2.0i Standard LaTeX package
Package textcomp Info: Sub-encoding information:
(textcomp)               5 = only ISO-Adobe without \textcurrency
(textcomp)               4 = 5 + \texteuro
(textcomp)               3 = 4 + \textohm
(textcomp)               2 = 3 + \textestimated + \textcurrency
(textcomp)               1 = TS1 - \textcircled - \t
(textcomp)               0 = TS1 (full)
(textcomp)             Font families with sub-encoding setting implement
(textcomp)             only a restricted character set as indicated.
(textcomp)             Family '?' is the default used for unknown fonts.
(textcomp)             See the documentation for details.
Package textcomp Info: Setting ? sub-encoding to TS1/1 on input line 79.

("C:/Program Files/MiKTeX 2.9/tex/latex/base/ts1enc.def"
File: ts1enc.def 2001/06/05 v3.0e (jk/car/fm) Standard LaTeX file
)
LaTeX Info: Redefining \oldstylenums on input line 334.
Package textcomp Info: Setting cmr sub-encoding to TS1/0 on input line 349.
Package textcomp Info: Setting cmss sub-encoding to TS1/0 on input line 350.
Package textcomp Info: Setting cmtt sub-encoding to TS1/0 on input line 351.
Package textcomp Info: Setting cmvtt sub-encoding to TS1/0 on input line 352.
Package textcomp Info: Setting cmbr sub-encoding to TS1/0 on input line 353.
Package textcomp Info: Setting cmtl sub-encoding to TS1/0 on input line 354.
Package textcomp Info: Setting ccr sub-encoding to TS1/0 on input line 355.
Package textcomp Info: Setting ptm sub-encoding to TS1/4 on input line 356.
Package textcomp Info: Setting pcr sub-encoding to TS1/4 on input line 357.
Package textcomp Info: Setting phv sub-encoding to TS1/4 on input line 358.
Package textcomp Info: Setting ppl sub-encoding to TS1/3 on input line 359.
Package textcomp Info: Setting pag sub-encoding to TS1/4 on input line 360.
Package textcomp Info: Setting pbk sub-encoding to TS1/4 on input line 361.
Package textcomp Info: Setting pnc sub-encoding to TS1/4 on input line 362.
Package textcomp Info: Setting pzc sub-encoding to TS1/4 on input line 363.
Package textcomp Info: Setting bch sub-encoding to TS1/4 on input line 364.
Package textcomp Info: Setting put sub-encoding to TS1/5 on input line 365.
Package textcomp Info: Setting uag sub-encoding to TS1/5 on input line 366.
Package textcomp Info: Setting ugq sub-encoding to TS1/5 on input line 367.
Package textcomp Info: Setting ul8 sub-encoding to TS1/4 on input line 368.
Package textcomp Info: Setting ul9 sub-encoding to TS1/4 on input line 369.
Package textcomp Info: Setting augie sub-encoding to TS1/5 on input line 370.
Package textcomp Info: Setting dayrom sub-encoding to TS1/3 on input line 371.
Package textcomp Info: Setting dayroms sub-encoding to TS1/3 on input line 372.
Package textcomp Info: Setting pxr sub-encoding to TS1/0 on input line 373.
Package textcomp Info: Setting pxss sub-encoding to TS1/0 on input line 374.
Package textcomp Info: Setting pxtt sub-encoding to TS1/0 on input line 375.
Package textcomp Info: Setting txr sub-encoding to TS1/0 on input line 376.
Package textcomp Info: Setting txss sub-encoding to TS1/0 on input line 377.
Package textcomp Info: Setting txtt sub-encoding to TS1/0 on input line 378.
Package textcomp Info: Setting lmr sub-encoding to TS1/0 on input line 379.
Package textcomp Info: Setting lmdh sub-encoding to TS1/0 on input line 380.
Package textcomp Info: Setting lmss sub-encoding to TS1/0 on input line 381.
Package textcomp Info: Setting lmssq sub-encoding to TS1/0 on input line 382.
Package textcomp Info: Setting lmvtt sub-encoding to TS1/0 on input line 383.
Package textcomp Info: Setting lmtt sub-encoding to TS1/0 on input line 384.
Package textcomp Info: Setting qhv sub-encoding to TS1/0 on input line 385.
Package textcomp Info: Setting qag sub-encoding to TS1/0 on input line 386.
Package textcomp Info: Setting qbk sub-encoding to TS1/0 on input line 387.
Package textcomp Info: Setting qcr sub-encoding to TS1/0 on input line 388.
Package textcomp Info: Setting qcs sub-encoding to TS1/0 on input line 389.
Package textcomp Info: Setting qpl sub-encoding to TS1/0 on input line 390.
Package textcomp Info: Setting qtm sub-encoding to TS1/0 on input line 391.
Package textcomp Info: Setting qzc sub-encoding to TS1/0 on input line 392.
Package textcomp Info: Setting qhvc sub-encoding to TS1/0 on input line 393.
Package textcomp Info: Setting futs sub-encoding to TS1/4 on input line 394.
Package textcomp Info: Setting futx sub-encoding to TS1/4 on input line 395.
Package textcomp Info: Setting futj sub-encoding to TS1/4 on input line 396.
Package textcomp Info: Setting hlh sub-encoding to TS1/3 on input line 397.
Package textcomp Info: Setting hls sub-encoding to TS1/3 on input line 398.
Package textcomp Info: Setting hlst sub-encoding to TS1/3 on input line 399.
Package textcomp Info: Setting hlct sub-encoding to TS1/5 on input line 400.
Package textcomp Info: Setting hlx sub-encoding to TS1/5 on input line 401.
Package textcomp Info: Setting hlce sub-encoding to TS1/5 on input line 402.
Package textcomp Info: Setting hlcn sub-encoding to TS1/5 on input line 403.
Package textcomp Info: Setting hlcw sub-encoding to TS1/5 on input line 404.
Package textcomp Info: Setting hlcf sub-encoding to TS1/5 on input line 405.
Package textcomp Info: Setting pplx sub-encoding to TS1/3 on input line 406.
Package textcomp Info: Setting pplj sub-encoding to TS1/3 on input line 407.
Package textcomp Info: Setting ptmx sub-encoding to TS1/4 on input line 408.
Package textcomp Info: Setting ptmj sub-encoding to TS1/4 on input line 409.
)
("C:/Program Files/MiKTeX 2.9/tex/latex/titlesec/titlesec.sty"
Package: titlesec 2016/03/21 v2.10.2 Sectioning titles
\ttl@box=\box28
\beforetitleunit=\skip62
\aftertitleunit=\skip63
\ttl@plus=\dimen116
\ttl@minus=\dimen117
\ttl@toksa=\toks20
\titlewidth=\dimen118
\titlewidthlast=\dimen119
\titlewidthfirst=\dimen120
)
("C:/Program Files/MiKTeX 2.9/tex/latex/tabulary/tabulary.sty"
Package: tabulary 2014/06/11 v0.10 tabulary package (DPC)

("C:/Program Files/MiKTeX 2.9/tex/latex/tools/array.sty"
Package: array 2016/10/06 v2.4d Tabular extension package (FMi)
\col@sep=\dimen121
\extrarowheight=\dimen122
\NC@list=\toks21
\extratabsurround=\skip64
\backup@length=\skip65
)
\TY@count=\count104
\TY@linewidth=\dimen123
\tymin=\dimen124
\tymax=\dimen125
\TY@tablewidth=\dimen126
)
("C:/Program Files/MiKTeX 2.9/tex/latex/tools/longtable.sty"
Package: longtable 2014/10/28 v4.11 Multi-page Table package (DPC)
\LTleft=\skip66
\LTright=\skip67
\LTpre=\skip68
\LTpost=\skip69
\LTchunksize=\count105
\LTcapwidth=\dimen127
\LT@head=\box29
\LT@firsthead=\box30
\LT@foot=\box31
\LT@lastfoot=\box32
\LT@cols=\count106
\LT@rows=\count107
\c@LT@tables=\count108
\c@LT@chunks=\count109
\LT@p@ftn=\toks22
)
("C:/Program Files/MiKTeX 2.9/tex/latex/ltxmisc/varwidth.sty"
Package: varwidth 2009/03/30 ver 0.92;  Variable-width minipages
\@vwid@box=\box33
\sift@deathcycles=\count110
\@vwid@loff=\dimen128
\@vwid@roff=\dimen129
)
(./sphinxmulticell.sty
Package: sphinxmulticell 2017/02/23 v1.6 better span rows and columns of a table
 (Sphinx team)
\sphinx@TY@tablewidth=\dimen130
) ("C:/Program Files/MiKTeX 2.9/tex/latex/base/makeidx.sty"
Package: makeidx 2014/09/29 v1.0m Standard LaTeX package
) ("C:/Program Files/MiKTeX 2.9/tex/latex/framed/framed.sty"
Package: framed 2011/10/22 v 0.96: framed or shaded text with page breaks
\OuterFrameSep=\skip70
\fb@frw=\dimen131
\fb@frh=\dimen132
\FrameRule=\dimen133
\FrameSep=\dimen134
)
("C:/Program Files/MiKTeX 2.9/tex/latex/xcolor/xcolor.sty"
Package: xcolor 2016/05/11 v2.12 LaTeX color extensions (UK)

("C:/Program Files/MiKTeX 2.9/tex/latex/graphics-cfg/color.cfg"
File: color.cfg 2016/01/02 v1.6 sample color configuration
)
Package xcolor Info: Driver file: luatex.def on input line 225.
Package xcolor Info: Model `cmy' substituted by `cmy0' on input line 1348.
Package xcolor Info: Model `hsb' substituted by `rgb' on input line 1352.
Package xcolor Info: Model `RGB' extended on input line 1364.
Package xcolor Info: Model `HTML' substituted by `rgb' on input line 1366.
Package xcolor Info: Model `Hsb' substituted by `hsb' on input line 1367.
Package xcolor Info: Model `tHsb' substituted by `hsb' on input line 1368.
Package xcolor Info: Model `HSB' substituted by `hsb' on input line 1369.
Package xcolor Info: Model `Gray' substituted by `gray' on input line 1370.
Package xcolor Info: Model `wave' substituted by `hsb' on input line 1371.
)
("C:/Program Files/MiKTeX 2.9/tex/latex/fancyvrb/fancyvrb.sty"
Package: fancyvrb 2019/01/15

Style option: `fancyvrb' v3.2a <2019/01/15> (tvz)
\FV@CodeLineNo=\count111
\FV@InFile=\read1
\FV@TabBox=\box34
\c@FancyVerbLine=\count112
\FV@StepNumber=\count113
\FV@OutFile=\write3
) (./footnotehyper-sphinx.sty
Package: footnotehyper-sphinx 2017/10/27 v1.7 hyperref aware footnote.sty for sp
hinx (JFB)
\FNH@notes=\box35
\FNH@width=\dimen135
) ("C:/Program Files/MiKTeX 2.9/tex/latex/float/float.sty"
Package: float 2001/11/08 v1.3d Float enhancements (AL)
\c@float@type=\count114
\float@exts=\toks23
\float@box=\box36
\@float@everytoks=\toks24
\@floatcapt=\box37
)
("C:/Program Files/MiKTeX 2.9/tex/latex/wrapfig/wrapfig.sty"
\wrapoverhang=\dimen136
\WF@size=\dimen137
\c@WF@wrappedlines=\count115
\WF@box=\box38
\WF@everypar=\toks25
Package: wrapfig 2003/01/31  v 3.6
)
("C:/Program Files/MiKTeX 2.9/tex/latex/ltxmisc/parskip.sty"
Package: parskip 2001/04/09 non-zero parskip adjustments
)
("C:/Program Files/MiKTeX 2.9/tex/latex/base/alltt.sty"
Package: alltt 1997/06/16 v2.0g defines alltt environment
)
("C:/Program Files/MiKTeX 2.9/tex/latex/upquote/upquote.sty"
Package: upquote 2012/04/19 v1.3 upright-quote and grave-accent glyphs in verbat
im
)
("C:/Program Files/MiKTeX 2.9/tex/latex/capt-of/capt-of.sty"
Package: capt-of 2009/12/29 v0.2 standard captions outside of floats
)
("C:/Program Files/MiKTeX 2.9/tex/latex/needspace/needspace.sty"
Package: needspace 2010/09/12 v1.3d reserve vertical space
)
("C:/Program Files/MiKTeX 2.9/tex/latex/carlisle/remreset.sty")
(./sphinxhighlight.sty
Package: sphinxhighlight 2016/05/29 stylesheet for highlighting with pygments
)
("C:/Program Files/MiKTeX 2.9/tex/latex/oberdiek/kvoptions.sty"
Package: kvoptions 2016/05/16 v3.12 Key value format for package options (HO)

("C:/Program Files/MiKTeX 2.9/tex/generic/oberdiek/kvsetkeys.sty"
Package: kvsetkeys 2016/05/16 v1.17 Key value parser (HO)

("C:/Program Files/MiKTeX 2.9/tex/generic/oberdiek/etexcmds.sty"
Package: etexcmds 2016/05/16 v1.6 Avoid name clashes with e-TeX commands (HO)

("C:/Program Files/MiKTeX 2.9/tex/generic/oberdiek/ifluatex.sty"
Package: ifluatex 2016/05/16 v1.4 Provides the ifluatex switch (HO)
Package ifluatex Info: LuaTeX detected.
))))
\sphinxverbatimsep=\dimen138
\sphinxverbatimborder=\dimen139
\sphinxshadowsep=\dimen140
\sphinxshadowsize=\dimen141
\sphinxshadowrule=\dimen142
\spx@notice@border=\dimen143
\spx@image@maxheight=\dimen144
\spx@image@box=\dimen145
\c@literalblock=\count116
\sphinxcontinuationbox=\box39
\sphinxvisiblespacebox=\box40
\sphinxVerbatim@TitleBox=\box41
\py@argswidth=\skip71
\lineblockindentation=\skip72
\DUlineblockindent=\skip73
)
("C:/Program Files/MiKTeX 2.9/tex/latex/geometry/geometry.sty"
Package: geometry 2010/09/12 v5.6 Page Geometry

("C:/Program Files/MiKTeX 2.9/tex/generic/oberdiek/ifpdf.sty"
Package: ifpdf 2017/03/15 v3.2 Provides the ifpdf switch
)
("C:/Program Files/MiKTeX 2.9/tex/generic/oberdiek/ifvtex.sty"
Package: ifvtex 2016/05/16 v1.6 Detect VTeX and its facilities (HO)
Package ifvtex Info: VTeX not detected.
)
("C:/Program Files/MiKTeX 2.9/tex/generic/ifxetex/ifxetex.sty"
Package: ifxetex 2010/09/12 v0.6 Provides ifxetex conditional
)
\Gm@cnth=\count117
\Gm@cntv=\count118
\c@Gm@tempcnt=\count119
\Gm@bindingoffset=\dimen146
\Gm@wd@mp=\dimen147
\Gm@odd@mp=\dimen148
\Gm@even@mp=\dimen149
\Gm@layoutwidth=\dimen150
\Gm@layoutheight=\dimen151
\Gm@layouthoffset=\dimen152
\Gm@layoutvoffset=\dimen153
\Gm@dimlist=\toks26

("C:/Program Files/MiKTeX 2.9/tex/latex/geometry/geometry.cfg"))
("C:/Program Files/MiKTeX 2.9/tex/latex/hyperref/hyperref.sty"
Package: hyperref 2017/03/14 v6.85a Hypertext links for LaTeX

("C:/Program Files/MiKTeX 2.9/tex/generic/oberdiek/hobsub-hyperref.sty"
Package: hobsub-hyperref 2016/05/16 v1.14 Bundle oberdiek, subset hyperref (HO)

("C:/Program Files/MiKTeX 2.9/tex/generic/oberdiek/hobsub-generic.sty"
Package: hobsub-generic 2016/05/16 v1.14 Bundle oberdiek, subset generic (HO)
Package: hobsub 2016/05/16 v1.14 Construct package bundles (HO)
Package hobsub Info: Skipping package `infwarerr' (already loaded).
Package hobsub Info: Skipping package `ltxcmds' (already loaded).
Package hobsub Info: Skipping package `ifluatex' (already loaded).
Package hobsub Info: Skipping package `ifvtex' (already loaded).
Package: intcalc 2016/05/16 v1.2 Expandable calculations with integers (HO)
Package hobsub Info: Skipping package `ifpdf' (already loaded).
Package hobsub Info: Skipping package `etexcmds' (already loaded).
Package hobsub Info: Skipping package `kvsetkeys' (already loaded).
Package: kvdefinekeys 2016/05/16 v1.4 Define keys (HO)
Package: luatex-loader 2016/05/16 v0.6 Lua module loader (HO)

(C:/Program Files/MiKTeX 2.9/scripts/oberdiek/oberdiek.luatex.lua)
Package: pdftexcmds 2017/03/19 v0.25 Utility functions of pdfTeX for LuaTeX (HO)

Package pdftexcmds Info: \pdf@primitive is available.
Package pdftexcmds Info: \pdf@ifprimitive is available.
Package pdftexcmds Info: \pdfdraftmode found.
\pdftexcmds@toks=\toks27
Package: pdfescape 2016/05/16 v1.14 Implements pdfTeX's escape features (HO)
Package: bigintcalc 2016/05/16 v1.4 Expandable calculations on big integers (HO)

Package: bitset 2016/05/16 v1.2 Handle bit-vector datatype (HO)
Package: uniquecounter 2016/05/16 v1.3 Provide unlimited unique counter (HO)
)
Package hobsub Info: Skipping package `hobsub' (already loaded).
Package: letltxmacro 2016/05/16 v1.5 Let assignment for LaTeX macros (HO)
Package: hopatch 2016/05/16 v1.3 Wrapper for package hooks (HO)
Package: xcolor-patch 2016/05/16 xcolor patch
Package: atveryend 2016/05/16 v1.9 Hooks at the very end of document (HO)
Package atveryend Info: \enddocument detected (standard20110627).
Package: atbegshi 2016/06/09 v1.18 At begin shipout hook (HO)
Package: refcount 2016/05/16 v3.5 Data extraction from label references (HO)
Package: hycolor 2016/05/16 v1.8 Color options for hyperref/bookmark (HO)
)
("C:/Program Files/MiKTeX 2.9/tex/latex/oberdiek/auxhook.sty"
Package: auxhook 2016/05/16 v1.4 Hooks for auxiliary files (HO)
)
\@linkdim=\dimen154
\Hy@linkcounter=\count120
\Hy@pagecounter=\count121

("C:/Program Files/MiKTeX 2.9/tex/latex/hyperref/pd1enc.def"
File: pd1enc.def 2017/03/14 v6.85a Hyperref: PDFDocEncoding definition (HO)
)
\Hy@SavedSpaceFactor=\count122

("C:/Program Files/MiKTeX 2.9/tex/latex/00miktex/hyperref.cfg"
File: hyperref.cfg 2002/06/06 v1.2 hyperref configuration of TeXLive
)
Package hyperref Info: Option `unicode' set `true' on input line 4374.

("C:/Program Files/MiKTeX 2.9/tex/latex/hyperref/puenc.def"
File: puenc.def 2017/03/14 v6.85a Hyperref: PDF Unicode definition (HO)
)
Package hyperref Info: Option `colorlinks' set `true' on input line 4374.
Package hyperref Info: Option `breaklinks' set `true' on input line 4374.
Package hyperref Info: Hyper figures OFF on input line 4498.
Package hyperref Info: Link nesting OFF on input line 4503.
Package hyperref Info: Hyper index ON on input line 4506.
Package hyperref Info: Plain pages OFF on input line 4513.
Package hyperref Info: Backreferencing OFF on input line 4518.
Package hyperref Info: Implicit mode ON; LaTeX internals redefined.
Package hyperref Info: Bookmarks ON on input line 4751.
\c@Hy@tempcnt=\count123

("C:/Program Files/MiKTeX 2.9/tex/latex/url/url.sty"
\Urlmuskip=\muskip11
Package: url 2013/09/16  ver 3.4  Verb mode for urls, etc.
)
LaTeX Info: Redefining \url on input line 5104.
\XeTeXLinkMargin=\dimen155
\Fld@menulength=\count124
\Field@Width=\dimen156
\Fld@charsize=\dimen157
Package hyperref Info: Hyper figures OFF on input line 6358.
Package hyperref Info: Link nesting OFF on input line 6363.
Package hyperref Info: Hyper index ON on input line 6366.
Package hyperref Info: backreferencing OFF on input line 6373.
Package hyperref Info: Link coloring ON on input line 6376.
Package hyperref Info: Link coloring with OCG OFF on input line 6383.
Package hyperref Info: PDF/A mode OFF on input line 6388.
LaTeX Info: Redefining \ref on input line 6428.
LaTeX Info: Redefining \pageref on input line 6432.
\Hy@abspage=\count125
\c@Item=\count126
\c@Hfootnote=\count127
)

Package hyperref Message: Driver (autodetected): hluatex.

("C:/Program Files/MiKTeX 2.9/tex/latex/hyperref/hluatex.def"
File: hluatex.def 2017/03/14 v6.85a Hyperref driver for luaTeX
\Fld@listcount=\count128
\c@bookmark@seq@number=\count129

("C:/Program Files/MiKTeX 2.9/tex/latex/oberdiek/rerunfilecheck.sty"
Package: rerunfilecheck 2016/05/16 v1.8 Rerun checks for auxiliary files (HO)
Package uniquecounter Info: New unique counter `rerunfilecheck' on input line 28
2.
)
\Hy@SectionHShift=\skip74
)
("C:/Program Files/MiKTeX 2.9/tex/latex/oberdiek/hypcap.sty"
Package: hypcap 2016/05/16 v1.12 Adjusting the anchors of captions (HO)
)
(./sphinxmessages.sty
Package: sphinxmessages 2019/01/04 v2.0 Localized LaTeX macros (Sphinx team)
)
("C:/Program Files/MiKTeX 2.9/tex/latex/fontspec/fontspec.sty"
("C:/Program Files/MiKTeX 2.9/tex/latex/l3packages/xparse/xparse.sty"
("C:/Program Files/MiKTeX 2.9/tex/latex/l3kernel/expl3.sty"
Package: expl3 2019-04-21 L3 programming layer (loader) 

("C:/Program Files/MiKTeX 2.9/tex/latex/l3kernel/expl3-code.tex"
Package: expl3 2019-04-21 L3 programming layer (code)
\ucharcat@table=\catcodetable5
\c_max_int=\count130
\l_tmpa_int=\count131
\l_tmpb_int=\count132
\g_tmpa_int=\count133
\g_tmpb_int=\count134
\g__kernel_prg_map_int=\count135
\c__ior_term_ior=\count136
\c_log_iow=\count137
\l_iow_line_count_int=\count138
\l__iow_line_target_int=\count139
\l__iow_one_indent_int=\count140
\l__iow_indent_int=\count141
\c_zero_dim=\dimen158
\c_max_dim=\dimen159
\l_tmpa_dim=\dimen160
\l_tmpb_dim=\dimen161
\g_tmpa_dim=\dimen162
\g_tmpb_dim=\dimen163
\c_zero_skip=\skip75
\c_max_skip=\skip76
\l_tmpa_skip=\skip77
\l_tmpb_skip=\skip78
\g_tmpa_skip=\skip79
\g_tmpb_skip=\skip80
\c_zero_muskip=\muskip12
\c_max_muskip=\muskip13
\l_tmpa_muskip=\muskip14
\l_tmpb_muskip=\muskip15
\g_tmpa_muskip=\muskip16
\g_tmpb_muskip=\muskip17
\l_keys_choice_int=\count142
\l__intarray_loop_int=\count143
\c__intarray_sp_dim=\dimen164
\g__intarray_font_int=\count144
\c__fp_leading_shift_int=\count145
\c__fp_middle_shift_int=\count146
\c__fp_trailing_shift_int=\count147
\c__fp_big_leading_shift_int=\count148
\c__fp_big_middle_shift_int=\count149
\c__fp_big_trailing_shift_int=\count150
\c__fp_Bigg_leading_shift_int=\count151
\c__fp_Bigg_middle_shift_int=\count152
\c__fp_Bigg_trailing_shift_int=\count153
\g__fp_array_int=\count154
\l__fp_array_loop_int=\count155
\l__sort_length_int=\count156
\l__sort_min_int=\count157
\l__sort_top_int=\count158
\l__sort_max_int=\count159
\l__sort_true_max_int=\count160
\l__sort_block_int=\count161
\l__sort_begin_int=\count162
\l__sort_end_int=\count163
\l__sort_A_int=\count164
\l__sort_B_int=\count165
\l__sort_C_int=\count166
\l__tl_analysis_normal_int=\count167
\l__tl_analysis_index_int=\count168
\l__tl_analysis_nesting_int=\count169
\l__tl_analysis_type_int=\count170
\l__regex_internal_a_int=\count171
\l__regex_internal_b_int=\count172
\l__regex_internal_c_int=\count173
\l__regex_balance_int=\count174
\l__regex_group_level_int=\count175
\l__regex_mode_int=\count176
\c__regex_cs_in_class_mode_int=\count177
\c__regex_cs_mode_int=\count178
\l__regex_catcodes_int=\count179
\l__regex_default_catcodes_int=\count180
\c__regex_catcode_L_int=\count181
\c__regex_catcode_O_int=\count182
\c__regex_catcode_A_int=\count183
\c__regex_all_catcodes_int=\count184
\l__regex_show_lines_int=\count185
\l__regex_min_state_int=\count186
\l__regex_max_state_int=\count187
\l__regex_left_state_int=\count188
\l__regex_right_state_int=\count189
\l__regex_capturing_group_int=\count190
\l__regex_min_pos_int=\count191
\l__regex_max_pos_int=\count192
\l__regex_curr_pos_int=\count193
\l__regex_start_pos_int=\count194
\l__regex_success_pos_int=\count195
\l__regex_curr_char_int=\count196
\l__regex_curr_catcode_int=\count197
\l__regex_last_char_int=\count198
\l__regex_case_changed_char_int=\count199
\l__regex_curr_state_int=\count266
\l__regex_step_int=\count267
\l__regex_min_active_int=\count268
\l__regex_max_active_int=\count269
\l__regex_replacement_csnames_int=\count270
\l__regex_match_count_int=\count271
\l__regex_min_submatch_int=\count272
\l__regex_submatch_int=\count273
\l__regex_zeroth_submatch_int=\count274
\g__regex_trace_regex_int=\count275
\c_empty_box=\box42
\l_tmpa_box=\box43
\l_tmpb_box=\box44
\g_tmpa_box=\box45
\g_tmpb_box=\box46
\l__box_top_dim=\dimen165
\l__box_bottom_dim=\dimen166
\l__box_left_dim=\dimen167
\l__box_right_dim=\dimen168
\l__box_top_new_dim=\dimen169
\l__box_bottom_new_dim=\dimen170
\l__box_left_new_dim=\dimen171
\l__box_right_new_dim=\dimen172
\l__box_internal_box=\box47
\l__coffin_internal_box=\box48
\l__coffin_internal_dim=\dimen173
\l__coffin_offset_x_dim=\dimen174
\l__coffin_offset_y_dim=\dimen175
\l__coffin_x_dim=\dimen176
\l__coffin_y_dim=\dimen177
\l__coffin_x_prime_dim=\dimen178
\l__coffin_y_prime_dim=\dimen179
\c_empty_coffin=\box49
\l__coffin_aligned_coffin=\box50
\l__coffin_aligned_internal_coffin=\box51
\l_tmpa_coffin=\box52
\l_tmpb_coffin=\box53
\g_tmpa_coffin=\box54
\g_tmpb_coffin=\box55
\l__coffin_bounding_shift_dim=\dimen180
\l__coffin_left_corner_dim=\dimen181
\l__coffin_right_corner_dim=\dimen182
\l__coffin_bottom_corner_dim=\dimen183
\l__coffin_top_corner_dim=\dimen184
\l__coffin_scaled_total_height_dim=\dimen185
\l__coffin_scaled_width_dim=\dimen186
\c__coffin_empty_coffin=\box56
\l__coffin_display_coffin=\box57
\l__coffin_display_coord_coffin=\box58
\l__coffin_display_pole_coffin=\box59
\l__coffin_display_offset_dim=\dimen187
\l__coffin_display_x_dim=\dimen188
\l__coffin_display_y_dim=\dimen189
\g__file_internal_ior=\read2
\l__seq_internal_a_int=\count276
\l__seq_internal_b_int=\count277
\c__deprecation_minus_one=\count278
)
("C:/Program Files/MiKTeX 2.9/tex/latex/l3kernel/l3pdfmode.def"
File: l3pdfmode.def 2019-04-06 v L3 Experimental driver: PDF mode
\l__driver_color_stack_int=\count279
))
Package: xparse 2019-03-05 L3 Experimental document command parser
\l__xparse_current_arg_int=\count280
\g__xparse_grabber_int=\count281
\l__xparse_m_args_int=\count282
\l__xparse_v_nesting_int=\count283
)
Package: fontspec 2019/03/15 v2.7c Font selection for XeLaTeX and LuaLaTeX
Lua module: fontspec 2019/03/15 2.7c Font selection for XeLaTeX and LuaLaTeX
("C:/Program Files/MiKTeX 2.9/tex/latex/fontspec/fontspec-luatex.sty"
Package: fontspec-luatex 2019/03/15 v2.7c Font selection for XeLaTeX and LuaLaTe
X
\l__fontspec_script_int=\count284
\l__fontspec_language_int=\count285
\l__fontspec_strnum_int=\count286
\l__fontspec_tmp_int=\count287
\l__fontspec_tmpa_int=\count288
\l__fontspec_tmpb_int=\count289
\l__fontspec_tmpc_int=\count290
\l__fontspec_em_int=\count291
\l__fontspec_emdef_int=\count292
\l__fontspec_strong_int=\count293
\l__fontspec_strongdef_int=\count294
\l__fontspec_tmpa_dim=\dimen190
\l__fontspec_tmpb_dim=\dimen191
\l__fontspec_tmpc_dim=\dimen192

("C:/Program Files/MiKTeX 2.9/tex/latex/base/fontenc.sty"
Package: fontenc 2017/04/05 v2.0i Standard LaTeX package

("C:/Program Files/MiKTeX 2.9/tex/latex/base/tuenc.def"
File: tuenc.def 2017/04/05 v2.0i Standard LaTeX file
LaTeX Font Info:    Redeclaring font encoding TU on input line 82.
))
("C:/Program Files/MiKTeX 2.9/tex/latex/fontspec/fontspec.cfg")
LaTeX Info: Redefining \itshape on input line 3783.
LaTeX Info: Redefining \slshape on input line 3788.
LaTeX Info: Redefining \scshape on input line 3793.
LaTeX Info: Redefining \upshape on input line 3798.
LaTeX Info: Redefining \em on input line 3828.
LaTeX Info: Redefining \emph on input line 3853.
(load luc: C:/Users/Holt/AppData/Local/MiKTeX/2.9/luatex-cache/generic/fonts/otl
/lmroman10-bold.luc)(load luc: C:/Users/Holt/AppData/Local/MiKTeX/2.9/luatex-cac
he/generic/fonts/otl/lmroman10-italic.luc)))
luaotfload | cache : Lookup cache loaded from C:/Users/Holt/AppData/Local/MiKTeX
/2.9/luatex-cache/generic/names/luaotfload-lookup-cache.luc.(load luc: C:/Users/
Holt/AppData/Local/MiKTeX/2.9/luatex-cache/generic/fonts/otl/cour.luc)(load luc:
 C:/Users/Holt/AppData/Local/MiKTeX/2.9/luatex-cache/generic/fonts/otl/courbi.lu
c)(load luc: C:/Users/Holt/AppData/Local/MiKTeX/2.9/luatex-cache/generic/fonts/o
tl/courbd.luc)(load luc: C:/Users/Holt/AppData/Local/MiKTeX/2.9/luatex-cache/gen
eric/fonts/otl/couri.luc)
luaotfload | aux : font no 29 (nil) does not define feature smcp for script latn
 with language dflt
luaotfload | aux : no font with id 29
luaotfload | aux : font no 34 (nil) does not define feature smcp for script latn
 with language dflt
luaotfload | aux : no font with id 34
luaotfload | aux : font no 35 (nil) does not define feature smcp for script latn
 with language dflt
luaotfload | aux : no font with id 35
luaotfload | aux : font no 36 (nil) does not define feature smcp for script latn
 with language dflt
luaotfload | aux : no font with id 36

Package fontspec Info: Font family 'CourierNew(0)' created for font 'Courier
(fontspec)             New' with options
(fontspec)             [WordSpace={1,0,0},HyphenChar=None,PunctuationSpace=WordS
pace].
(fontspec)              
(fontspec)              This font family consists of the following NFSS
(fontspec)             series/shapes:
(fontspec)              
(fontspec)             - 'normal' (m/n) with NFSS spec.:
(fontspec)             <->"CourierNew:mode=node;script=latn;language=DFLT;"
(fontspec)             - 'small caps'  (m/sc) with NFSS spec.: 
(fontspec)             and font adjustment code:
(fontspec)             \fontdimen 2\font =1\fontdimen 2\font \fontdimen 3\font
(fontspec)             =0\fontdimen 3\font \fontdimen 4\font =0\fontdimen
(fontspec)             4\font \fontdimen 7\font =0\fontdimen 2\font
(fontspec)             \tex_hyphenchar:D \font =-1\scan_stop: 
(fontspec)             - 'bold' (bx/n) with NFSS spec.:
(fontspec)             <->"CourierNew/B:mode=node;script=latn;language=DFLT;"
(fontspec)             - 'bold small caps'  (bx/sc) with NFSS spec.: 
(fontspec)             and font adjustment code:
(fontspec)             \fontdimen 2\font =1\fontdimen 2\font \fontdimen 3\font
(fontspec)             =0\fontdimen 3\font \fontdimen 4\font =0\fontdimen
(fontspec)             4\font \fontdimen 7\font =0\fontdimen 2\font
(fontspec)             \tex_hyphenchar:D \font =-1\scan_stop: 
(fontspec)             - 'italic' (m/it) with NFSS spec.:
(fontspec)             <->"CourierNew/I:mode=node;script=latn;language=DFLT;"
(fontspec)             - 'italic small caps'  (m/itsc) with NFSS spec.: 
(fontspec)             and font adjustment code:
(fontspec)             \fontdimen 2\font =1\fontdimen 2\font \fontdimen 3\font
(fontspec)             =0\fontdimen 3\font \fontdimen 4\font =0\fontdimen
(fontspec)             4\font \fontdimen 7\font =0\fontdimen 2\font
(fontspec)             \tex_hyphenchar:D \font =-1\scan_stop: 
(fontspec)             - 'bold italic' (bx/it) with NFSS spec.:
(fontspec)             <->"CourierNew/BI:mode=node;script=latn;language=DFLT;"
(fontspec)             - 'bold italic small caps'  (bx/itsc) with NFSS spec.: 
(fontspec)             and font adjustment code:
(fontspec)             \fontdimen 2\font =1\fontdimen 2\font \fontdimen 3\font
(fontspec)             =0\fontdimen 3\font \fontdimen 4\font =0\fontdimen
(fontspec)             4\font \fontdimen 7\font =0\fontdimen 2\font
(fontspec)             \tex_hyphenchar:D \font =-1\scan_stop: 

LaTeX Info: Redefining \ttfamily on input line 42.
\@indexfile=\write4

\openout4 = Customization.idx
Writing index file Customization.idx
No file Customization.aux.

\openout1 = Customization.aux
LaTeX Font Info:    Checking defaults for OML/cmm/m/it on input line 51.
LaTeX Font Info:    ... okay on input line 51.
LaTeX Font Info:    Checking defaults for T1/cmr/m/n on input line 51.
LaTeX Font Info:    ... okay on input line 51.
LaTeX Font Info:    Checking defaults for OT1/cmr/m/n on input line 51.
LaTeX Font Info:    ... okay on input line 51.
LaTeX Font Info:    Checking defaults for OMS/cmsy/m/n on input line 51.
LaTeX Font Info:    ... okay on input line 51.
LaTeX Font Info:    Checking defaults for TU/lmr/m/n on input line 51.
LaTeX Font Info:    ... okay on input line 51.
LaTeX Font Info:    Checking defaults for OMX/cmex/m/n on input line 51.
LaTeX Font Info:    ... okay on input line 51.
LaTeX Font Info:    Checking defaults for U/cmr/m/n on input line 51.
LaTeX Font Info:    ... okay on input line 51.
LaTeX Font Info:    Checking defaults for TS1/cmr/m/n on input line 51.
LaTeX Font Info:    Try loading font information for TS1+cmr on input line 51.
("C:/Program Files/MiKTeX 2.9/tex/latex/base/ts1cmr.fd"
File: ts1cmr.fd 2014/09/29 v2.5h Standard LaTeX font definitions
)
LaTeX Font Info:    ... okay on input line 51.
LaTeX Font Info:    Checking defaults for PD1/pdf/m/n on input line 51.
LaTeX Font Info:    ... okay on input line 51.
LaTeX Font Info:    Checking defaults for PU/pdf/m/n on input line 51.
LaTeX Font Info:    ... okay on input line 51.

("C:/Program Files/MiKTeX 2.9/tex/context/base/mkii/supp-pdf.mkii"
[Loading MPS to PDF converter (version 2006.09.02).]
\scratchcounter=\count295
\scratchdimen=\dimen193
\scratchbox=\box60
\nofMPsegments=\count296
\nofMParguments=\count297
\everyMPshowfont=\toks28
\MPscratchCnt=\count298
\MPscratchDim=\dimen194
\MPnumerator=\count299
\makeMPintoPDFobject=\count300
\everyMPtoPDFconversion=\toks29
) ("C:/Program Files/MiKTeX 2.9/tex/latex/oberdiek/epstopdf-base.sty"
Package: epstopdf-base 2016/05/15 v2.6 Base part for package epstopdf

("C:/Program Files/MiKTeX 2.9/tex/latex/oberdiek/grfext.sty"
Package: grfext 2016/05/16 v1.2 Manage graphics extensions (HO)
)
Package epstopdf-base Info: Redefining graphics rule for `.eps' on input line 43
8.
Package grfext Info: Graphics extension search list:
(grfext)             [.png,.pdf,.jpg,.mps,.jpeg,.jbig2,.jb2,.PNG,.PDF,.JPG,.JPEG
,.JBIG2,.JB2,.eps]
(grfext)             \AppendGraphicsExtensions on input line 456.
)
*geometry* driver: auto-detecting
*geometry* detected driver: pdftex
*geometry* verbose mode - [ preamble ] result:
* driver: pdftex
* paper: letterpaper
* layout: <same size as paper>
* layoutoffset:(h,v)=(0.0pt,0.0pt)
* modes: twoside 
* h-part:(L,W,R)=(72.26999pt, 469.75502pt, 72.26999pt)
* v-part:(T,H,B)=(72.26999pt, 650.43001pt, 72.26999pt)
* \paperwidth=614.295pt
* \paperheight=794.96999pt
* \textwidth=469.75502pt
* \textheight=650.43001pt
* \oddsidemargin=0.0pt
* \evensidemargin=0.0pt
* \topmargin=-37.0pt
* \headheight=12.0pt
* \headsep=25.0pt
* \topskip=10.0pt
* \footskip=30.0pt
* \marginparwidth=36.135pt
* \marginparsep=11.0pt
* \columnsep=10.0pt
* \skip\footins=9.0pt plus 4.0pt minus 2.0pt
* \hoffset=0.0pt
* \voffset=0.0pt
* \mag=1000
* \@twocolumnfalse
* \@twosidetrue
* \@mparswitchtrue
* \@reversemarginfalse
* (1in=72.27pt=25.4mm, 1cm=28.453pt)

\AtBeginShipoutBox=\box61
Package hyperref Info: Link coloring ON on input line 51.
("C:/Program Files/MiKTeX 2.9/tex/latex/hyperref/nameref.sty"
Package: nameref 2016/05/21 v2.44 Cross-referencing by name of section

("C:/Program Files/MiKTeX 2.9/tex/generic/oberdiek/gettitlestring.sty"
Package: gettitlestring 2016/05/16 v1.5 Cleanup title references (HO)
)
\c@section@level=\count301
)
LaTeX Info: Redefining \ref on input line 51.
LaTeX Info: Redefining \pageref on input line 51.
LaTeX Info: Redefining \nameref on input line 51.
\@outlinefile=\write5

\openout5 = Customization.out

Package fontspec Info: Adjusting the maths setup (use [no-math] to avoid
(fontspec)             this).

\symlegacymaths=\mathgroup6
LaTeX Font Info:    Overwriting symbol font `legacymaths' in version `bold'
(Font)                  OT1/cmr/m/n --> OT1/cmr/bx/n on input line 51.
LaTeX Font Info:    Redeclaring math accent \acute on input line 51.
LaTeX Font Info:    Redeclaring math accent \grave on input line 51.
LaTeX Font Info:    Redeclaring math accent \ddot on input line 51.
LaTeX Font Info:    Redeclaring math accent \tilde on input line 51.
LaTeX Font Info:    Redeclaring math accent \bar on input line 51.
LaTeX Font Info:    Redeclaring math accent \breve on input line 51.
LaTeX Font Info:    Redeclaring math accent \check on input line 51.
LaTeX Font Info:    Redeclaring math accent \hat on input line 51.
LaTeX Font Info:    Redeclaring math accent \dot on input line 51.
LaTeX Font Info:    Redeclaring math accent \mathring on input line 51.
LaTeX Font Info:    Redeclaring math symbol \Gamma on input line 51.
LaTeX Font Info:    Redeclaring math symbol \Delta on input line 51.
LaTeX Font Info:    Redeclaring math symbol \Theta on input line 51.
LaTeX Font Info:    Redeclaring math symbol \Lambda on input line 51.
LaTeX Font Info:    Redeclaring math symbol \Xi on input line 51.
LaTeX Font Info:    Redeclaring math symbol \Pi on input line 51.
LaTeX Font Info:    Redeclaring math symbol \Sigma on input line 51.
LaTeX Font Info:    Redeclaring math symbol \Upsilon on input line 51.
LaTeX Font Info:    Redeclaring math symbol \Phi on input line 51.
LaTeX Font Info:    Redeclaring math symbol \Psi on input line 51.
LaTeX Font Info:    Redeclaring math symbol \Omega on input line 51.
LaTeX Font Info:    Redeclaring math symbol \mathdollar on input line 51.
LaTeX Font Info:    Redeclaring symbol font `operators' on input line 51.
LaTeX Font Info:    Encoding `OT1' has changed to `TU' for symbol font
(Font)              `operators' in the math version `normal' on input line 51.
LaTeX Font Info:    Overwriting symbol font `operators' in version `normal'
(Font)                  OT1/cmr/m/n --> TU/lmr/m/n on input line 51.
LaTeX Font Info:    Encoding `OT1' has changed to `TU' for symbol font
(Font)              `operators' in the math version `bold' on input line 51.
LaTeX Font Info:    Overwriting symbol font `operators' in version `bold'
(Font)                  OT1/cmr/bx/n --> TU/lmr/m/n on input line 51.
LaTeX Font Info:    Overwriting symbol font `operators' in version `normal'
(Font)                  TU/lmr/m/n --> TU/lmr/m/n on input line 51.
LaTeX Font Info:    Overwriting math alphabet `\mathit' in version `normal'
(Font)                  OT1/cmr/m/it --> TU/lmr/m/it on input line 51.
LaTeX Font Info:    Overwriting math alphabet `\mathbf' in version `normal'
(Font)                  OT1/cmr/bx/n --> TU/lmr/bx/n on input line 51.
LaTeX Font Info:    Overwriting math alphabet `\mathsf' in version `normal'
(Font)                  OT1/cmss/m/n --> TU/lmss/m/n on input line 51.
LaTeX Font Info:    Overwriting math alphabet `\mathtt' in version `normal'
(Font)                  OT1/cmtt/m/n --> TU/CourierNew(0)/m/n on input line 51.
LaTeX Font Info:    Overwriting symbol font `operators' in version `bold'
(Font)                  TU/lmr/m/n --> TU/lmr/bx/n on input line 51.
LaTeX Font Info:    Overwriting math alphabet `\mathit' in version `bold'
(Font)                  OT1/cmr/bx/it --> TU/lmr/bx/it on input line 51.
LaTeX Font Info:    Overwriting math alphabet `\mathsf' in version `bold'
(Font)                  OT1/cmss/bx/n --> TU/lmss/bx/n on input line 51.
LaTeX Font Info:    Overwriting math alphabet `\mathtt' in version `bold'
(Font)                  OT1/cmtt/m/n --> TU/CourierNew(0)/bx/n on input line 51.

Package hyperref Info: Option `pageanchor' set `false' on input line 54.
(load luc: C:/Users/Holt/AppData/Local/MiKTeX/2.9/luatex-cache/generic/fonts/otl
/lmsans10-regular.luc)(load luc: C:/Users/Holt/AppData/Local/MiKTeX/2.9/luatex-c
ache/generic/fonts/otl/lmsans10-bold.luc)
LaTeX Font Info:    Font shape `TU/lmss/bx/it' in size <10> not available
(Font)              Font shape `TU/lmss/bx/sl' tried instead on input line 54.
(load luc: C:/Users/Holt/AppData/Local/MiKTeX/2.9/luatex-cache/generic/fonts/otl
/lmsans10-boldoblique.luc)
LaTeX Font Info:    Font shape `TU/lmss/bx/it' in size <17.28> not available
(Font)              Font shape `TU/lmss/bx/sl' tried instead on input line 54.
(load luc: C:/Users/Holt/AppData/Local/MiKTeX/2.9/luatex-cache/generic/fonts/otl
/lmroman17-regular.luc)(load luc: C:/Users/Holt/AppData/Local/MiKTeX/2.9/luatex-
cache/generic/fonts/otl/lmroman12-regular.luc)
LaTeX Font Info:    Try loading font information for U+msa on input line 54.

("C:/Program Files/MiKTeX 2.9/tex/latex/amsfonts/umsa.fd"
File: umsa.fd 2013/01/14 v3.01 AMS symbols A
)
LaTeX Font Info:    Try loading font information for U+msb on input line 54.

("C:/Program Files/MiKTeX 2.9/tex/latex/amsfonts/umsb.fd"
File: umsb.fd 2013/01/14 v3.01 AMS symbols B
) [1

{C:/ProgramData/MiKTeX/2.9/pdftex/config/pdftex.map}] [2


](load luc: C:/Users/Holt/AppData/Local/MiKTeX/2.9/luatex-cache/generic/fonts/ot
l/lmsans12-regular.luc)
\tf@toc=\write6

\openout6 = Customization.toc
 [1

] [2

]
<logo_virtel_web.png, id=21, 559.83803pt x 207.64902pt>
File: logo_virtel_web.png Graphic file (type png)

<use logo_virtel_web.png>
Package luatex.def Info: logo_virtel_web.png used on input line 61.
(luatex.def)             Requested size: 279.91832pt x 103.82425pt.
 [1<./logo_virtel_web.png>] [2

]
Chapter 1.
[3] [4

]
Chapter 2.
(load luc: C:/Users/Holt/AppData/Local/MiKTeX/2.9/luatex-cache/generic/fonts/otl
/lmroman7-regular.luc)(load luc: C:/Users/Holt/AppData/Local/MiKTeX/2.9/luatex-c
ache/generic/fonts/otl/lmroman5-regular.luc) [5] [6

]
Chapter 3.
(load luc: C:/Users/Holt/AppData/Local/MiKTeX/2.9/luatex-cache/generic/fonts/otl
/lmroman9-regular.luc) [7] <image69.png, id=67, 386.19281pt x 596.2275pt>
File: image69.png Graphic file (type png)

<use image69.png>
Package luatex.def Info: image69.png used on input line 212.
(luatex.def)             Requested size: 386.19185pt x 596.22604pt.

Underfull \hbox (badness 10000) in paragraph at lines 212--214
[][] \TU/lmr/m/it/10 Set-tings Panel
 []

[8] [9<./image69.png>] <image56.png, id=82, 1436.36626pt x 779.91376pt>
File: image56.png Graphic file (type png)

<use image56.png>
Package luatex.def Info: image56.png used on input line 241.
(luatex.def)             Requested size: 469.75041pt x 255.06364pt.
(load luc: C:/Users/Holt/AppData/Local/MiKTeX/2.9/luatex-cache/generic/fonts/otl
/lmroman8-regular.luc) [10<./image56.png>]
<image33.png, id=92, 1352.05125pt x 93.34875pt>
File: image33.png Graphic file (type png)
 <use image33.png>
Package luatex.def Info: image33.png used on input line 292.
(luatex.def)             Requested size: 469.7591pt x 32.43324pt.
 [11<./image33.png>] <image83.png, id=98, 392.21532pt x 286.06876pt>
File: image83.png Graphic file (type png)
 <use image83.png>
Package luatex.def Info: image83.png used on input line 362.
(luatex.def)             Requested size: 392.21436pt x 286.06805pt.

[12] <image84.png, id=105, 407.27156pt x 42.1575pt>
File: image84.png Graphic file (type png)
 <use image84.png>
Package luatex.def Info: image84.png used on input line 375.
(luatex.def)             Requested size: 407.27055pt x 42.15738pt.

<image85.png, id=106, 542.025pt x 78.2925pt>
File: image85.png Graphic file (type png)
 <use image85.png>
Package luatex.def Info: image85.png used on input line 379.
(luatex.def)             Requested size: 469.77148pt x 67.85587pt.
 [13<./image83.png><./image84.png><./image85.png>] [14] [15] [16

]
Chapter 4.
<image1.png, id=130, 731.73375pt x 483.30562pt>
File: image1.png Graphic file (type png)
 <use image1.png>
Package luatex.def Info: image1.png used on input line 523.
(luatex.def)             Requested size: 469.75949pt x 310.28062pt.
 [17<./image1.png>] <image2.png, id=139, 391.4625pt x 594.72188pt>
File: image2.png Graphic file (type png)
 <use image2.png>
Package luatex.def Info: image2.png used on input line 583.
(luatex.def)             Requested size: 293.59615pt x 446.04031pt.
 [18]
[19<./image2.png>] [20] <image3.png, id=162, 1008.76875pt x 209.28188pt>
File: image3.png Graphic file (type png)

<use image3.png>
Package luatex.def Info: image3.png used on input line 668.
(luatex.def)             Requested size: 469.7499pt x 97.45555pt.
 <image4.png, id=163, 1014.79124pt x 213.79875pt>
File: image4.png Graphic file (type png)

<use image4.png>
Package luatex.def Info: image4.png used on input line 671.
(luatex.def)             Requested size: 469.75168pt x 98.96844pt.
 [21<./image3.png><./image4.png>] [22] [23] [24] [25] [26]
<image5.png, id=206, 794.97pt x 195.73125pt>
File: image5.png Graphic file (type png)
 <use image5.png>
Package luatex.def Info: image5.png used on input line 1044.
(luatex.def)             Requested size: 469.76819pt x 115.65962pt.

Overfull \vbox (1.86226pt too high) detected at line 1079
 []

[27<./image5.png>] <image6.png, id=214, 930.47626pt x 70.01157pt>
File: image6.png Graphic file (type png)

<use image6.png>
Package luatex.def Info: image6.png used on input line 1083.
(luatex.def)             Requested size: 469.75192pt x 35.34647pt.
 <image7.png, id=215, 927.465pt x 73.02281pt>
File: image7.png Graphic file (type png)
 <use image7.png>
Package luatex.def Info: image7.png used on input line 1092.
(luatex.def)             Requested size: 469.7601pt x 36.98708pt.

[28<./image6.png><./image7.png>]
File: image7.png Graphic file (type png)
 <use image7.png>
Package luatex.def Info: image7.png used on input line 1207.
(luatex.def)             Requested size: 469.7601pt x 36.98708pt.
 [29
Missing character: There is no ␣ (U+2423) in font CourierNew:mode=node;script=
latn;language=DFLT;!
Missing character: There is no ␣ (U+2423) in font CourierNew:mode=node;script=
latn;language=DFLT;!
] [30] [31] [32]
Chapter 5.
<image26.png, id=253, 884.55469pt x 713.66624pt>
File: image26.png Graphic file (type png)
 <use image26.png>
Package luatex.def Info: image26.png used on input line 1352.
(luatex.def)             Requested size: 469.75656pt x 379.00357pt.
 [33

<./image26.png>] [34

]
Chapter 6.
<image27.png, id=264, 1450.6697pt x 766.36313pt>
File: image27.png Graphic file (type png)
 <use image27.png>
Package luatex.def Info: image27.png used on input line 1369.
(luatex.def)             Requested size: 469.75764pt x 248.15295pt.
 [35<./image27.png>] [36]
Chapter 7.
<image29.png, id=276, 1095.3422pt x 779.91376pt>
File: image29.png Graphic file (type png)
 <use image29.png>
Package luatex.def Info: image29.png used on input line 1456.
(luatex.def)             Requested size: 469.75116pt x 334.47574pt.
 [37

]
[38<./image29.png>] <image30.png, id=290, 1097.60063pt x 784.43062pt>
File: image30.png Graphic file (type png)

<use image30.png>
Package luatex.def Info: image30.png used on input line 1490.
(luatex.def)             Requested size: 469.74834pt x 335.73059pt.
 [39<./image30.png>]
<image31.png, id=297, 1077.27469pt x 755.82375pt>
File: image31.png Graphic file (type png)
 <use image31.png>
Package luatex.def Info: image31.png used on input line 1534.
(luatex.def)             Requested size: 469.76137pt x 329.57645pt.
 [40<./image31.png>] [41] [42] [43
Missing character: There is no ␣ (U+2423) in font CourierNew:mode=node;script=
latn;language=DFLT;!
] <image32.png, id=322, 1099.85907pt x 781.41937pt>
File: image32.png Graphic file (type png)

<use image32.png>
Package luatex.def Info: image32.png used on input line 1752.
(luatex.def)             Requested size: 469.7583pt x 333.75024pt.
 [44] [45<./image32.png>] [46

]
Chapter 8.
[47] <image34.png, id=348, 523.9575pt x 125.71968pt>
File: image34.png Graphic file (type png)
 <use image34.png>
Package luatex.def Info: image34.png used on input line 1806.
(luatex.def)             Requested size: 469.76653pt x 112.7131pt.

<image35.png, id=349, 418.56375pt x 414.04688pt>
File: image35.png Graphic file (type png)
 <use image35.png>
Package luatex.def Info: image35.png used on input line 1812.
(luatex.def)             Requested size: 418.56271pt x 414.04585pt.
 [48<./image34.png>] <image36.png, id=356, 331.2375pt x 374.90062pt>
File: image36.png Graphic file (type png)
 <use image36.png>
Package luatex.def Info: image36.png used on input line 1827.
(luatex.def)             Requested size: 331.23668pt x 374.8997pt.

[49<./image35.png>] [50<./image36.png>]
<image37.png, id=367, 439.6425pt x 387.69844pt>
File: image37.png Graphic file (type png)
 <use image37.png>
Package luatex.def Info: image37.png used on input line 1860.
(luatex.def)             Requested size: 439.64142pt x 387.69748pt.
 [51<./image37.png>] [52] <image38.png, id=379, 1445.4pt x 511.15968pt>
File: image38.png Graphic file (type png)
 <use image38.png>
Package luatex.def Info: image38.png used on input line 1931.
(luatex.def)             Requested size: 469.74944pt x 166.12492pt.

[53
Missing character: There is no ␣ (U+2423) in font CourierNew:mode=node;script=
latn;language=DFLT;!
<./image38.png>] <image39.png, id=384, 284.56313pt x 32.37094pt>
File: image39.png Graphic file (type png)

<use image39.png>
Package luatex.def Info: image39.png used on input line 2041.
(luatex.def)             Requested size: 284.56242pt x 32.37085pt.
 <image40.png, id=385, 507.39563pt x 481.04718pt>
File: image40.png Graphic file (type png)

<use image40.png>
Package luatex.def Info: image40.png used on input line 2047.
(luatex.def)             Requested size: 469.76718pt x 445.37273pt.
 [54<./image39.png>]
<image41.png, id=391, 419.31656pt x 37.64063pt>
File: image41.png Graphic file (type png)
 <use image41.png>
Package luatex.def Info: image41.png used on input line 2060.
(luatex.def)             Requested size: 419.31552pt x 37.64052pt.
 [55<./image40.png><./image41.png>] <image42.png, id=396, 257.46187pt x 279.293
44pt>
File: image42.png Graphic file (type png)

<use image42.png>
Package luatex.def Info: image42.png used on input line 2083.
(luatex.def)             Requested size: 257.46123pt x 279.29276pt.
 <image43.png, id=397, 571.38469pt x 434.37282pt>
File: image43.png Graphic file (type png)

<use image43.png>
Package luatex.def Info: image43.png used on input line 2089.
(luatex.def)             Requested size: 469.75908pt x 357.1358pt.
 [56
Missing character: There is no ␣ (U+2423) in font CourierNew:mode=node;script=
latn;language=DFLT;!
<./image42.png>]
<image44.png, id=404, 1005.7575pt x 636.12656pt>
File: image44.png Graphic file (type png)
 <use image44.png>
Package luatex.def Info: image44.png used on input line 2110.
(luatex.def)             Requested size: 469.7442pt x 297.10617pt.
 [57<./image43.png>] <image45.png, id=411, 536.0025pt x 414.04688pt>
File: image45.png Graphic file (type png)
 <use image45.png>
Package luatex.def Info: image45.png used on input line 2114.
(luatex.def)             Requested size: 469.75348pt x 362.88399pt.

[58<./image44.png>] <image46.png, id=416, 652.68843pt x 515.67656pt>
File: image46.png Graphic file (type png)

<use image46.png>
Package luatex.def Info: image46.png used on input line 2120.
(luatex.def)             Requested size: 469.77597pt x 371.15306pt.
 [59<./image45.png>]
<image47.png, id=421, 612.78937pt x 542.025pt>
File: image47.png Graphic file (type png)
 <use image47.png>
Package luatex.def Info: image47.png used on input line 2135.
(luatex.def)             Requested size: 469.75478pt x 415.52446pt.
 [60<./image46.png>] <image48.png, id=427, 317.68687pt x 465.99094pt>
File: image48.png Graphic file (type png)
 <use image48.png>
Package luatex.def Info: image48.png used on input line 2143.
(luatex.def)             Requested size: 317.68608pt x 465.98979pt.

[61<./image47.png>] [62<./image48.png>]
<image49.png, id=439, 657.2053pt x 616.55344pt>
File: image49.png Graphic file (type png)
 <use image49.png>
Package luatex.def Info: image49.png used on input line 2163.
(luatex.def)             Requested size: 469.75783pt x 440.71005pt.
 [63<./image49.png>] <image50.png, id=444, 551.05875pt x 558.58687pt>
File: image50.png Graphic file (type png)
 <use image50.png>
Package luatex.def Info: image50.png used on input line 2176.
(luatex.def)             Requested size: 469.77272pt x 476.19038pt.

[64<./image50.png>] <image51.png, id=449, 495.35063pt x 486.31688pt>
File: image51.png Graphic file (type png)

<use image51.png>
Package luatex.def Info: image51.png used on input line 2186.
(luatex.def)             Requested size: 469.75656pt x 461.18958pt.
 [65<./image51.png>]
<image52.png, id=454, 261.22594pt x 542.77782pt>
File: image52.png Graphic file (type png)
 <use image52.png>
Package luatex.def Info: image52.png used on input line 2213.
(luatex.def)             Requested size: 261.22528pt x 542.77649pt.
 [66]
[67<./image52.png>] [68]
Chapter 9.
[69

] <image53.png, id=478, 319.94531pt x 367.3725pt>
File: image53.png Graphic file (type png)
 <use image53.png>
Package luatex.def Info: image53.png used on input line 2344.
(luatex.def)             Requested size: 319.94452pt x 367.37158pt.
 [70<./image53.png>] <image55.png, id=484, 870.25125pt x 529.98pt>
File: image55.png Graphic file (type png)
 <use image55.png>
Package luatex.def Info: image55.png used on input line 2376.
(luatex.def)             Requested size: 469.76933pt x 286.07979pt.

<image54.png, id=485, 550.30594pt x 310.15875pt>
File: image54.png Graphic file (type png)
 <use image54.png>
Package luatex.def Info: image54.png used on input line 2400.
(luatex.def)             Requested size: 469.76913pt x 264.75781pt.
 [71<./image55.png>] [72<./image54.png>]
Chapter 10.
[73

] [74] [75] [76] <image18.png, id=543, 770.88pt x 677.53125pt>
File: image18.png Graphic file (type png)

<use image18.png>
Package luatex.def Info: image18.png used on input line 2693.
(luatex.def)             Requested size: 469.75385pt x 412.87993pt.
 [77] [78<./image18.png>] [79] [80]
<image19.png, id=568, 770.88pt x 675.27281pt>
File: image19.png Graphic file (type png)
 <use image19.png>
Package luatex.def Info: image19.png used on input line 2882.
(luatex.def)             Requested size: 469.75385pt x 411.50366pt.
 [81]
<image20.png, id=574, 770.88pt x 673.01437pt>
File: image20.png Graphic file (type png)
 <use image20.png>
Package luatex.def Info: image20.png used on input line 2886.
(luatex.def)             Requested size: 469.75385pt x 410.11713pt.
 [82<./image19.png>] [83<./image20.png>] [84] <image21.png, id=591, 963.6pt x 6
47.41875pt>
File: image21.png Graphic file (type png)

<use image21.png>
Package luatex.def Info: image21.png used on input line 2994.
(luatex.def)             Requested size: 469.75679pt x 315.61783pt.
 [85<./image21.png>]
<image22.png, id=599, 770.88pt x 673.76718pt>
File: image22.png Graphic file (type png)
 <use image22.png>
Package luatex.def Info: image22.png used on input line 3006.
(luatex.def)             Requested size: 469.75385pt x 410.58615pt.

<image23.png, id=600, 770.88pt x 672.26157pt>
File: image23.png Graphic file (type png)
 <use image23.png>
Package luatex.def Info: image23.png used on input line 3010.
(luatex.def)             Requested size: 469.75385pt x 409.65839pt.
 [86<./image22.png>] <image24.png, id=609, 770.88pt x 673.01437pt>
File: image24.png Graphic file (type png)
 <use image24.png>
Package luatex.def Info: image24.png used on input line 3014.
(luatex.def)             Requested size: 469.75385pt x 410.11713pt.
 [87<./image23.png>] <image25.png, id=616, 770.88pt x 674.52pt>
File: image25.png Graphic file (type png)
 <use image25.png>
Package luatex.def Info: image25.png used on input line 3018.
(luatex.def)             Requested size: 469.75385pt x 411.0449pt.
 [88<./image24.png>] [89<./image25.png>] [90] [91] [92] [93] [94]
Chapter 11.
[95

] [96] [97] [98

]
Chapter 12.
[99] <image57.png, id=693, 404.26031pt x 274.77657pt>
File: image57.png Graphic file (type png)
 <use image57.png>
Package luatex.def Info: image57.png used on input line 3572.
(luatex.def)             Requested size: 404.25932pt x 274.77588pt.

<image58.png, id=695, 410.2828pt x 272.51813pt>
File: image58.png Graphic file (type png)
 <use image58.png>
Package luatex.def Info: image58.png used on input line 3586.
(luatex.def)             Requested size: 410.2818pt x 272.51746pt.
 [100<./image57.png>] [101<./image58.png>] [102]
Chapter 13.
<image70.png, id=718, 380.17032pt x 116.68594pt>
File: image70.png Graphic file (type png)
 <use image70.png>
Package luatex.def Info: image70.png used on input line 3634.
(luatex.def)             Requested size: 380.16939pt x 116.68564pt.

<image71.png, id=719, 472.01344pt x 319.94531pt>
File: image71.png Graphic file (type png)
 <use image71.png>
Package luatex.def Info: image71.png used on input line 3643.
(luatex.def)             Requested size: 469.76515pt x 318.42134pt.
 [103

<./image70.png>] <image72.png, id=729, 505.13719pt x 91.09032pt>
File: image72.png Graphic file (type png)
 <use image72.png>
Package luatex.def Info: image72.png used on input line 3652.
(luatex.def)             Requested size: 469.76503pt x 84.71309pt.

[104<./image71.png><./image72.png>]
<image73.png, id=737, 469.755pt x 44.41594pt>
File: image73.png Graphic file (type png)
 <use image73.png>
Package luatex.def Info: image73.png used on input line 3698.
(luatex.def)             Requested size: 469.75386pt x 44.41582pt.

<image74.png, id=738, 402.75468pt x 51.94406pt>
File: image74.png Graphic file (type png)
 <use image74.png>
Package luatex.def Info: image74.png used on input line 3721.
(luatex.def)             Requested size: 402.7537pt x 51.94392pt.
 [105<./image73.png><./image74.png>] <image75.png, id=750, 344.03531pt x 36.887
82pt>
File: image75.png Graphic file (type png)

<use image75.png>
Package luatex.def Info: image75.png used on input line 3739.
(luatex.def)             Requested size: 344.03447pt x 36.88771pt.
 <image76.png, id=751, 542.025pt x 51.19125pt>
File: image76.png Graphic file (type png)

<use image76.png>
Package luatex.def Info: image76.png used on input line 3759.
(luatex.def)             Requested size: 469.77148pt x 44.36885pt.
 <image77.png, id=752, 469.755pt x 44.41594pt> [106
Missing character: There is no ␣ (U+2423) in font CourierNew:mode=node;script=
latn;language=DFLT;!
Missing character: There is no ␣ (U+2423) in font CourierNew:mode=node;script=
latn;language=DFLT;!
Missing character: There is no ␣ (U+2423) in font CourierNew:mode=node;script=
latn;language=DFLT;!
<./image75.png><./image76.png>]
File: image77.png Graphic file (type png)
 <use image77.png>
Package luatex.def Info: image77.png used on input line 3774.
(luatex.def)             Requested size: 469.75386pt x 44.41582pt.

<image78.png, id=761, 171.64125pt x 29.35968pt>
File: image78.png Graphic file (type png)
 <use image78.png>
Package luatex.def Info: image78.png used on input line 3813.
(luatex.def)             Requested size: 171.64081pt x 29.35959pt.

<image79.png, id=762, 542.025pt x 244.41313pt>
File: image79.png Graphic file (type png)
 <use image79.png>
Package luatex.def Info: image79.png used on input line 3823.
(luatex.def)             Requested size: 469.77148pt x 211.8284pt.
 [107<./image77.png><./image78.png>] <image80.png, id=773, 542.025pt x 244.4131
3pt>
File: image80.png Graphic file (type png)

<use image80.png>
Package luatex.def Info: image80.png used on input line 3830.
(luatex.def)             Requested size: 469.77148pt x 211.8284pt.
 <image81.png, id=774, 542.025pt x 131.74219pt>
File: image81.png Graphic file (type png)

<use image81.png>
Package luatex.def Info: image81.png used on input line 3837.
(luatex.def)             Requested size: 469.77148pt x 114.18256pt.
 [108<./image79.png><./image80.png>]
<image82.png, id=785, 542.025pt x 241.65282pt>
File: image82.png Graphic file (type png)
 <use image82.png>
Package luatex.def Info: image82.png used on input line 3841.
(luatex.def)             Requested size: 469.77148pt x 209.43979pt.

Overfull \vbox (0.5474pt too high) detected at line 3917
 []

[109<./image81.png><./image82.png>] [110] [111
Missing character: There is no ␣ (U+2423) in font CourierNew:mode=node;script=
latn;language=DFLT;!
Missing character: There is no ␣ (U+2423) in font CourierNew:mode=node;script=
latn;language=DFLT;!
Missing character: There is no ␣ (U+2423) in font CourierNew:mode=node;script=
latn;language=DFLT;!
Missing character: There is no ␣ (U+2423) in font CourierNew:mode=node;script=
latn;language=DFLT;!
Missing character: There is no ␣ (U+2423) in font CourierNew:mode=node;script=
latn;language=DFLT;!
]
Underfull \vbox (badness 10000) detected at line 4156
 []


Underfull \vbox (badness 10000) detected at line 4156
 []

[112
Missing character: There is no ␣ (U+2423) in font CourierNew:mode=node;script=
latn;language=DFLT;!
Missing character: There is no ␣ (U+2423) in font CourierNew:mode=node;script=
latn;language=DFLT;!
Missing character: There is no ␣ (U+2423) in font CourierNew:mode=node;script=
latn;language=DFLT;!
Missing character: There is no ␣ (U+2423) in font CourierNew:mode=node;script=
latn;language=DFLT;!
]
Underfull \vbox (badness 10000) detected at line 4156
 []


Underfull \vbox (badness 10000) detected at line 4156
 []

[113
Missing character: There is no ␣ (U+2423) in font CourierNew:mode=node;script=
latn;language=DFLT;!
Missing character: There is no ␣ (U+2423) in font CourierNew:mode=node;script=
latn;language=DFLT;!
Missing character: There is no ␣ (U+2423) in font CourierNew:mode=node;script=
latn;language=DFLT;!
Missing character: There is no ␣ (U+2423) in font CourierNew:mode=node;script=
latn;language=DFLT;!
Missing character: There is no ␣ (U+2423) in font CourierNew:mode=node;script=
latn;language=DFLT;!
Missing character: There is no ␣ (U+2423) in font CourierNew:mode=node;script=
latn;language=DFLT;!
Missing character: There is no ␣ (U+2423) in font CourierNew:mode=node;script=
latn;language=DFLT;!
Missing character: There is no ␣ (U+2423) in font CourierNew:mode=node;script=
latn;language=DFLT;!
Missing character: There is no ␣ (U+2423) in font CourierNew:mode=node;script=
latn;language=DFLT;!
]
Underfull \vbox (badness 10000) detected at line 4156
 []


Overfull \vbox (4.36998pt too high) detected at line 4156
 []

[114
Missing character: There is no ␣ (U+2423) in font CourierNew:mode=node;script=
latn;language=DFLT;!
Missing character: There is no ␣ (U+2423) in font CourierNew:mode=node;script=
latn;language=DFLT;!
Missing character: There is no ␣ (U+2423) in font CourierNew:mode=node;script=
latn;language=DFLT;!
Missing character: There is no ␣ (U+2423) in font CourierNew:mode=node;script=
latn;language=DFLT;!
Missing character: There is no ␣ (U+2423) in font CourierNew:mode=node;script=
latn;language=DFLT;!
Missing character: There is no ␣ (U+2423) in font CourierNew:mode=node;script=
latn;language=DFLT;!
Missing character: There is no ␣ (U+2423) in font CourierNew:mode=node;script=
latn;language=DFLT;!
Missing character: There is no ␣ (U+2423) in font CourierNew:mode=node;script=
latn;language=DFLT;!
Missing character: There is no ␣ (U+2423) in font CourierNew:mode=node;script=
latn;language=DFLT;!
] [115
Missing character: There is no ␣ (U+2423) in font CourierNew:mode=node;script=
latn;language=DFLT;!
Missing character: There is no ␣ (U+2423) in font CourierNew:mode=node;script=
latn;language=DFLT;!
Missing character: There is no ␣ (U+2423) in font CourierNew:mode=node;script=
latn;language=DFLT;!
Missing character: There is no ␣ (U+2423) in font CourierNew:mode=node;script=
latn;language=DFLT;!
Missing character: There is no ␣ (U+2423) in font CourierNew:mode=node;script=
latn;language=DFLT;!
Missing character: There is no ␣ (U+2423) in font CourierNew:mode=node;script=
latn;language=DFLT;!
Missing character: There is no ␣ (U+2423) in font CourierNew:mode=node;script=
latn;language=DFLT;!
Missing character: There is no ␣ (U+2423) in font CourierNew:mode=node;script=
latn;language=DFLT;!
] [116

]
Chapter 14.
[117] <image59.png, id=832, 417.852pt x 195.129pt>
File: image59.png Graphic file (type png)
 <use image59.png>
Package luatex.def Info: image59.png used on input line 4243.
(luatex.def)             Requested size: 417.85098pt x 195.12851pt.
 [118<./image59.png>] [119
Missing character: There is no ␣ (U+2423) in font CourierNew:mode=node;script=
latn;language=DFLT;!
Missing character: There is no ␣ (U+2423) in font CourierNew:mode=node;script=
latn;language=DFLT;!
Missing character: There is no ␣ (U+2423) in font CourierNew:mode=node;script=
latn;language=DFLT;!
Missing character: There is no ␣ (U+2423) in font CourierNew:mode=node;script=
latn;language=DFLT;!
] <image60.png, id=845, 483.30562pt x 62.73438pt>
File: image60.png Graphic file (type png)

<use image60.png>
Package luatex.def Info: image60.png used on input line 4319.
(luatex.def)             Requested size: 469.77197pt x 60.9786pt.
 [120<./image60.png>]
<image61.png, id=854, 484.5375pt x 248.6745pt>
File: image61.png Graphic file (type png)
 <use image61.png>
Package luatex.def Info: image61.png used on input line 4394.
(luatex.def)             Requested size: 469.75682pt x 241.08873pt.
 [121
Missing character: There is no ␣ (U+2423) in font CourierNew:mode=node;script=
latn;language=DFLT;!
Missing character: There is no ␣ (U+2423) in font CourierNew:mode=node;script=
latn;language=DFLT;!
Missing character: There is no ␣ (U+2423) in font CourierNew:mode=node;script=
latn;language=DFLT;!
]
<image62.png, id=862, 279.0425pt x 297.61188pt>
File: image62.png Graphic file (type png)
 <use image62.png>
Package luatex.def Info: image62.png used on input line 4418.
(luatex.def)             Requested size: 279.04181pt x 297.61115pt.
 [122
Missing character: There is no ␣ (U+2423) in font CourierNew:mode=node;script=
latn;language=DFLT;!
Missing character: There is no ␣ (U+2423) in font CourierNew:mode=node;script=
latn;language=DFLT;!
Missing character: There is no ␣ (U+2423) in font CourierNew:mode=node;script=
latn;language=DFLT;!
Missing character: There is no ␣ (U+2423) in font CourierNew:mode=node;script=
latn;language=DFLT;!
Missing character: There is no ␣ (U+2423) in font CourierNew:mode=node;script=
latn;language=DFLT;!
Missing character: There is no ␣ (U+2423) in font CourierNew:mode=node;script=
latn;language=DFLT;!
<./image61.png>] <image63.png, id=867, 483.552pt x 240.462pt>
File: image63.png Graphic file (type png)
 <use image63.png>
Package luatex.def Info: image63.png used on input line 4424.
(luatex.def)             Requested size: 469.76796pt x 233.60744pt.

<image64.png, id=868, 487.32062pt x 254.9525pt>
File: image64.png Graphic file (type png)
 <use image64.png>
Package luatex.def Info: image64.png used on input line 4432.
(luatex.def)             Requested size: 469.75581pt x 245.77473pt.
 [123<./image62.png><./image63.png>] <image65.png, id=873, 665.48625pt x 377.61
075pt>
File: image65.png Graphic file (type png)

<use image65.png>
Package luatex.def Info: image65.png used on input line 4438.
(luatex.def)             Requested size: 469.75682pt x 266.55556pt.
 [124<./image64.png><./image65.png>]
<image66.png, id=878, 531.78674pt x 555.87675pt>
File: image66.png Graphic file (type png)
 <use image66.png>
Package luatex.def Info: image66.png used on input line 4462.
(luatex.def)             Requested size: 469.75084pt x 491.03061pt.
 [125]
<image67.png, id=885, 387.24675pt x 398.6895pt>
File: image67.png Graphic file (type png)
 <use image67.png>
Package luatex.def Info: image67.png used on input line 4468.
(luatex.def)             Requested size: 387.24579pt x 398.68852pt.
 [126<./image66.png>] <image68.png, id=890, 278.54062pt x 329.23pt>
File: image68.png Graphic file (type png)
 <use image68.png>
Package luatex.def Info: image68.png used on input line 4490.
(luatex.def)             Requested size: 278.53993pt x 329.22919pt.

[127<./image67.png>] [128<./image68.png>]
Chapter 15.
[129

] [130]
Chapter 16.
[131

Missing character: There is no ␣ (U+2423) in font CourierNew:mode=node;script=
latn;language=DFLT;!
Missing character: There is no ␣ (U+2423) in font CourierNew:mode=node;script=
latn;language=DFLT;!
] [132]
Chapter 17.
No file Customization.ind.
Package atveryend Info: Empty hook `BeforeClearDocument' on input line 4636.
[133

]
Package atveryend Info: Empty hook `AfterLastShipout' on input line 4636.
 (./Customization.aux)
Package atveryend Info: Executing hook `AtVeryEndDocument' on input line 4636.
Package atveryend Info: Executing hook `AtEndAfterFileList' on input line 4636.


Package rerunfilecheck Warning: File `Customization.out' has changed.
(rerunfilecheck)                Rerun to get outlines right
(rerunfilecheck)                or use package `bookmark'.

Package rerunfilecheck Info: Checksums for `Customization.out':
(rerunfilecheck)             Before: <no file>
(rerunfilecheck)             After:  1F82FBBA1EA74466B37AED6A4071781F;29678.

LaTeX Warning: Label(s) may have changed. Rerun to get cross-references right.

Package atveryend Info: Empty hook `AtVeryVeryEnd' on input line 4636.
)

Here is how much of LuaTeX's memory you used:
 26545 strings out of 494481
 596200,794899 words of node,token memory allocated
 572 words of node memory still in use:
   6 hlist, 2 vlist, 2 rule, 2 glue, 1 kern, 11 attribute, 66 glue_spec, 11 attr
ibute_list, 1 write, 4 pdf_action nodes
   avail lists: 1:1,2:12430,3:2257,4:19265,5:5105,6:20982,7:12683,8:574,9:12622,
10:78,11:3182
 28771 multiletter control sequences out of 65536+200000
 88 fonts using 17594535 bytes
 47i,12n,67p,1229b,512s stack positions out of 5000i,500n,10000p,200000b,50000s
<C:/WINDOWS/Fonts/couri.ttf><c:/program files/miktex 2.9/fonts/opentype/public/l
m/lmroman8-regular.otf><C:/WINDOWS/Fonts/courbd.ttf><c:/program files/miktex 2.9
/fonts/opentype/public/lm/lmroman10-italic.otf><C:/WINDOWS/Fonts/cour.ttf><c:/pr
ogram files/miktex 2.9/fonts/opentype/public/lm/lmroman10-regular.otf><c:/progra
m files/miktex 2.9/fonts/opentype/public/lm/lmroman10-bold.otf><c:/program files
/miktex 2.9/fonts/opentype/public/lm/lmsans10-boldoblique.otf><c:/program files/
miktex 2.9/fonts/opentype/public/lm/lmsans10-bold.otf><C:/Program Files/MiKTeX 2
.9/fonts/type1/public/amsfonts/cm/cmmi5.pfb><C:/Program Files/MiKTeX 2.9/fonts/t
ype1/public/amsfonts/cm/cmsy5.pfb>
Output written on Customization.pdf (137 pages, 5555069 bytes).

PDF statistics: 1015 PDF objects out of 1200 (max. 8388607)
 359 named destinations out of 1000 (max. 131072)
 1 words of extra memory for PDF output out of 10000 (max. 100000000)

