\BOOKMARK [0][-]{chapter.1}{\376\377\000V\000i\000r\000t\000e\000l\000\040\000M\000e\000s\000s\000a\000g\000e\000s}{}% 1
\BOOKMARK [1][-]{section.1.1}{\376\377\000V\000i\000r\000t\000e\000l\000\040\000u\000s\000e\000r\000\040\000m\000e\000s\000s\000a\000g\000e\000s}{chapter.1}% 2
\BOOKMARK [2][-]{subsection.1.1.1}{\376\377\000E\000R\000R\000M\0001\0002\0001\000\040\000-\000\040\000E\000R\000R\000M\0001\0002\0007}{section.1.1}% 3
\BOOKMARK [2][-]{subsection.1.1.2}{\376\377\000U\000s\000e\000r\000\040\000I\000n\000t\000e\000r\000f\000a\000c\000e\000\040\000M\000e\000s\000s\000a\000g\000e\000s}{section.1.1}% 4
\BOOKMARK [1][-]{section.1.2}{\376\377\000W\000e\000b\000\040\000A\000c\000c\000e\000s\000s\000\040\000M\000e\000s\000s\000a\000g\000e\000s}{chapter.1}% 5
\BOOKMARK [2][-]{subsection.1.2.1}{\376\377\000M\000e\000s\000s\000a\000g\000e\000s\000\040\000f\000o\000r\000\040\000j\000s\0000\0001\000.\000j\000s}{section.1.2}% 6
\BOOKMARK [2][-]{subsection.1.2.2}{\376\377\000M\000e\000s\000s\000a\000g\000e\000s\000\040\000f\000o\000r\000\040\000r\000s\000a\000.\000j\000s}{section.1.2}% 7
\BOOKMARK [2][-]{subsection.1.2.3}{\376\377\000M\000e\000s\000s\000a\000g\000e\000s\000\040\000f\000o\000r\000\040\000v\000i\000r\000c\000r\000y\000p\000t\000.\000j\000s}{section.1.2}% 8
\BOOKMARK [1][-]{section.1.3}{\376\377\000V\000I\000R\000T\000E\000L\000\040\000c\000o\000n\000s\000o\000l\000e\000\040\000m\000e\000s\000s\000a\000g\000e\000s}{chapter.1}% 9
\BOOKMARK [2][-]{subsection.1.3.1}{\376\377\000M\000e\000s\000s\000a\000g\000e\000s\000\040\000V\000I\000R\0000\0000\0000\000x\000x}{section.1.3}% 10
\BOOKMARK [2][-]{subsection.1.3.2}{\376\377\000M\000e\000s\000s\000a\000g\000e\000s\000\040\000V\000I\000R\0000\0000\0001\000x\000x}{section.1.3}% 11
\BOOKMARK [2][-]{subsection.1.3.3}{\376\377\000M\000e\000s\000s\000a\000g\000e\000s\000\040\000V\000I\000R\0000\0000\0002\000x\000x}{section.1.3}% 12
\BOOKMARK [2][-]{subsection.1.3.4}{\376\377\000M\000e\000s\000s\000a\000g\000e\000s\000\040\000V\000I\000R\0000\0000\0003\000x\000x}{section.1.3}% 13
\BOOKMARK [2][-]{subsection.1.3.5}{\376\377\000M\000e\000s\000s\000a\000g\000e\000s\000\040\000V\000I\000R\0000\0000\0004\000x\000x}{section.1.3}% 14
\BOOKMARK [2][-]{subsection.1.3.6}{\376\377\000M\000e\000s\000s\000a\000g\000e\000s\000\040\000V\000I\000R\0000\0000\0005\000x\000x}{section.1.3}% 15
\BOOKMARK [2][-]{subsection.1.3.7}{\376\377\000M\000e\000s\000s\000a\000g\000e\000s\000\040\000V\000I\000R\0000\0000\0006\000x\000x}{section.1.3}% 16
\BOOKMARK [2][-]{subsection.1.3.8}{\376\377\000M\000e\000s\000s\000a\000g\000e\000s\000\040\000V\000I\000R\0000\0000\0007\000x\000x}{section.1.3}% 17
\BOOKMARK [2][-]{subsection.1.3.9}{\376\377\000M\000e\000s\000s\000a\000g\000e\000s\000\040\000V\000I\000R\0000\0000\0008\000x\000x}{section.1.3}% 18
\BOOKMARK [2][-]{subsection.1.3.10}{\376\377\000M\000e\000s\000s\000a\000g\000e\000s\000\040\000V\000I\000R\0000\0000\0009\000x\000x}{section.1.3}% 19
\BOOKMARK [2][-]{subsection.1.3.11}{\376\377\000M\000e\000s\000s\000a\000g\000e\000s\000\040\000V\000I\000R\0000\0002\000x\000x\000x}{section.1.3}% 20
\BOOKMARK [2][-]{subsection.1.3.12}{\376\377\000M\000e\000s\000s\000a\000g\000e\000s\000\040\000V\000I\000R\0000\0005\000x\000x\000x}{section.1.3}% 21
\BOOKMARK [2][-]{subsection.1.3.13}{\376\377\000M\000e\000s\000s\000a\000g\000e\000s\000\040\000V\000I\000R\0000\0006\000x\000x\000x}{section.1.3}% 22
\BOOKMARK [2][-]{subsection.1.3.14}{\376\377\000M\000e\000s\000s\000a\000g\000e\000s\000\040\000V\000I\000R\0000\0007\000x\000x\000x}{section.1.3}% 23
\BOOKMARK [2][-]{subsection.1.3.15}{\376\377\000M\000e\000s\000s\000a\000g\000e\000s\000\040\000V\000I\000R\0000\0008\000x\000x\000x}{section.1.3}% 24
\BOOKMARK [2][-]{subsection.1.3.16}{\376\377\000M\000e\000s\000s\000a\000g\000e\000s\000\040\000V\000I\000R\0000\0009\000x\000x\000x}{section.1.3}% 25
\BOOKMARK [2][-]{subsection.1.3.17}{\376\377\000M\000e\000s\000s\000a\000g\000e\000s\000\040\000V\000I\000R\0001\0000\000x\000x\000x}{section.1.3}% 26
\BOOKMARK [2][-]{subsection.1.3.18}{\376\377\000M\000e\000s\000s\000a\000g\000e\000s\000\040\000V\000I\000R\0001\0001\000x\000x\000x}{section.1.3}% 27
\BOOKMARK [2][-]{subsection.1.3.19}{\376\377\000M\000e\000s\000s\000a\000g\000e\000s\000\040\000V\000I\000R\0001\0005\000x\000x\000x}{section.1.3}% 28
\BOOKMARK [2][-]{subsection.1.3.20}{\376\377\000M\000e\000s\000s\000a\000g\000e\000s\000\040\000V\000I\000R\0001\0007\000x\000x\000x}{section.1.3}% 29
\BOOKMARK [2][-]{subsection.1.3.21}{\376\377\000M\000e\000s\000s\000a\000g\000e\000s\000\040\000V\000I\000R\0001\0009\000x\000x\000x}{section.1.3}% 30
\BOOKMARK [2][-]{subsection.1.3.22}{\376\377\000M\000e\000s\000s\000a\000g\000e\000s\000\040\000V\000I\000R\0002\0001\000x\000x\000x}{section.1.3}% 31
\BOOKMARK [2][-]{subsection.1.3.23}{\376\377\000M\000e\000s\000s\000a\000g\000e\000s\000\040\000V\000I\000R\0002\0007\000x\000x\000x}{section.1.3}% 32
\BOOKMARK [2][-]{subsection.1.3.24}{\376\377\000M\000e\000s\000s\000a\000g\000e\000s\000\040\000V\000I\000R\0003\0001\000x\000x\000x}{section.1.3}% 33
\BOOKMARK [2][-]{subsection.1.3.25}{\376\377\000M\000e\000s\000s\000a\000g\000e\000s\000\040\000V\000I\000R\0003\0005\000x\000x\000x}{section.1.3}% 34
\BOOKMARK [2][-]{subsection.1.3.26}{\376\377\000M\000e\000s\000s\000a\000g\000e\000s\000\040\000V\000I\000R\0003\0009\000x\000x\000x}{section.1.3}% 35
\BOOKMARK [2][-]{subsection.1.3.27}{\376\377\000M\000e\000s\000s\000a\000g\000e\000s\000\040\000V\000I\000R\0006\0000\000x\000x\000x}{section.1.3}% 36
\BOOKMARK [2][-]{subsection.1.3.28}{\376\377\000M\000e\000s\000s\000a\000g\000e\000s\000\040\000V\000I\000R\0006\0002\000x\000x\000x}{section.1.3}% 37
\BOOKMARK [2][-]{subsection.1.3.29}{\376\377\000M\000e\000s\000s\000a\000g\000e\000s\000\040\000V\000I\000R\0006\0005\000x\000x\000x}{section.1.3}% 38
\BOOKMARK [2][-]{subsection.1.3.30}{\376\377\000M\000e\000s\000s\000a\000g\000e\000s\000\040\000V\000I\000R\0007\0005\000x\000x\000x}{section.1.3}% 39
\BOOKMARK [2][-]{subsection.1.3.31}{\376\377\000M\000e\000s\000s\000a\000g\000e\000s\000\040\000V\000I\000R\0008\0005\000x\000x\000x}{section.1.3}% 40
\BOOKMARK [2][-]{subsection.1.3.32}{\376\377\000M\000e\000s\000s\000a\000g\000e\000s\000\040\000V\000I\000R\0009\0001\000x\000x\000x}{section.1.3}% 41
\BOOKMARK [2][-]{subsection.1.3.33}{\376\377\000M\000e\000s\000s\000a\000g\000e\000s\000\040\000V\000I\000R\0009\0009\000x\000x\000x}{section.1.3}% 42
\BOOKMARK [2][-]{subsection.1.3.34}{\376\377\000M\000e\000s\000s\000a\000g\000e\000s\000\040\000V\000I\000R\000B\0001\000x\000x\000x}{section.1.3}% 43
\BOOKMARK [2][-]{subsection.1.3.35}{\376\377\000M\000e\000s\000s\000a\000g\000e\000s\000\040\000V\000I\000R\000B\0004\000x\000x\000x}{section.1.3}% 44
\BOOKMARK [2][-]{subsection.1.3.36}{\376\377\000M\000e\000s\000s\000a\000g\000e\000s\000\040\000V\000I\000R\000B\0009\000x\000x\000x}{section.1.3}% 45
\BOOKMARK [2][-]{subsection.1.3.37}{\376\377\000M\000e\000s\000s\000a\000g\000e\000s\000\040\000V\000I\000R\000C\0001\000x\000x\000x}{section.1.3}% 46
\BOOKMARK [2][-]{subsection.1.3.38}{\376\377\000M\000e\000s\000s\000a\000g\000e\000s\000\040\000V\000I\000R\000C\0004\000x\000x\000x}{section.1.3}% 47
\BOOKMARK [2][-]{subsection.1.3.39}{\376\377\000M\000e\000s\000s\000a\000g\000e\000s\000\040\000V\000I\000R\000C\000A\000x\000x\000x}{section.1.3}% 48
\BOOKMARK [2][-]{subsection.1.3.40}{\376\377\000M\000e\000s\000s\000a\000g\000e\000s\000\040\000V\000I\000R\000C\000F\000x\000x\000x}{section.1.3}% 49
\BOOKMARK [2][-]{subsection.1.3.41}{\376\377\000M\000e\000s\000s\000a\000g\000e\000s\000\040\000V\000I\000R\000C\000T\000x\000x\000x}{section.1.3}% 50
\BOOKMARK [2][-]{subsection.1.3.42}{\376\377\000M\000e\000s\000s\000a\000g\000e\000s\000\040\000V\000I\000R\000D\000N\000S\000x\000x}{section.1.3}% 51
\BOOKMARK [2][-]{subsection.1.3.43}{\376\377\000M\000e\000s\000s\000a\000g\000e\000s\000\040\000V\000I\000R\000H\000T\000x\000x\000x}{section.1.3}% 52
\BOOKMARK [2][-]{subsection.1.3.44}{\376\377\000M\000e\000s\000s\000a\000g\000e\000s\000\040\000V\000I\000R\000I\0009\000x\000x\000x}{section.1.3}% 53
\BOOKMARK [2][-]{subsection.1.3.45}{\376\377\000M\000e\000s\000s\000a\000g\000e\000s\000\040\000V\000I\000R\000I\000C\000x\000x\000x}{section.1.3}% 54
\BOOKMARK [2][-]{subsection.1.3.46}{\376\377\000M\000e\000s\000s\000a\000g\000e\000s\000\040\000V\000I\000R\000I\000E\000x\000x\000x}{section.1.3}% 55
\BOOKMARK [2][-]{subsection.1.3.47}{\376\377\000M\000e\000s\000s\000a\000g\000e\000s\000\040\000V\000I\000R\000I\000F\000x\000x\000x}{section.1.3}% 56
\BOOKMARK [2][-]{subsection.1.3.48}{\376\377\000M\000e\000s\000s\000a\000g\000e\000s\000\040\000V\000I\000R\000I\000G\000x\000x\000x}{section.1.3}% 57
\BOOKMARK [2][-]{subsection.1.3.49}{\376\377\000M\000e\000s\000s\000a\000g\000e\000s\000\040\000V\000I\000R\000I\000P\000A\000x\000x}{section.1.3}% 58
\BOOKMARK [2][-]{subsection.1.3.50}{\376\377\000M\000e\000s\000s\000a\000g\000e\000s\000\040\000V\000I\000R\000N\000A\000x\000x\000x}{section.1.3}% 59
\BOOKMARK [2][-]{subsection.1.3.51}{\376\377\000M\000e\000s\000s\000a\000g\000e\000s\000\040\000V\000I\000R\000N\000X\000x\000x\000x}{section.1.3}% 60
\BOOKMARK [2][-]{subsection.1.3.52}{\376\377\000M\000e\000s\000s\000a\000g\000e\000s\000\040\000V\000I\000R\000P\0001\000x\000x\000x}{section.1.3}% 61
\BOOKMARK [2][-]{subsection.1.3.53}{\376\377\000M\000e\000s\000s\000a\000g\000e\000s\000\040\000V\000I\000R\000P\000A\000x\000x\000x}{section.1.3}% 62
\BOOKMARK [2][-]{subsection.1.3.54}{\376\377\000M\000e\000s\000s\000a\000g\000e\000s\000\040\000V\000I\000R\000P\000E\000x\000x\000x}{section.1.3}% 63
\BOOKMARK [2][-]{subsection.1.3.55}{\376\377\000M\000e\000s\000s\000a\000g\000e\000s\000\040\000V\000I\000R\000P\000F\000x\000x\000x}{section.1.3}% 64
\BOOKMARK [2][-]{subsection.1.3.56}{\376\377\000M\000e\000s\000s\000a\000g\000e\000s\000\040\000V\000I\000R\000P\000S\000x\000x\000x}{section.1.3}% 65
\BOOKMARK [2][-]{subsection.1.3.57}{\376\377\000M\000e\000s\000s\000a\000g\000e\000s\000\040\000V\000I\000R\000Q\0009\000x\000x\000x}{section.1.3}% 66
\BOOKMARK [2][-]{subsection.1.3.58}{\376\377\000M\000e\000s\000s\000a\000g\000e\000s\000\040\000V\000I\000R\000R\0002\000x\000x\000x}{section.1.3}% 67
\BOOKMARK [2][-]{subsection.1.3.59}{\376\377\000M\000e\000s\000s\000a\000g\000e\000s\000\040\000V\000I\000R\000R\000W\000x\000x\000x}{section.1.3}% 68
\BOOKMARK [2][-]{subsection.1.3.60}{\376\377\000M\000e\000s\000s\000a\000g\000e\000s\000\040\000V\000I\000R\000S\0001\000x\000x\000x}{section.1.3}% 69
\BOOKMARK [2][-]{subsection.1.3.61}{\376\377\000M\000e\000s\000s\000a\000g\000e\000s\000\040\000V\000I\000R\000S\000M\000x\000x\000x}{section.1.3}% 70
\BOOKMARK [2][-]{subsection.1.3.62}{\376\377\000M\000e\000s\000s\000a\000g\000e\000s\000\040\000V\000I\000R\000T\0002\000x\000x\000x}{section.1.3}% 71
\BOOKMARK [2][-]{subsection.1.3.63}{\376\377\000M\000e\000s\000s\000a\000g\000e\000s\000\040\000V\000I\000R\000T\0009\000x\000x\000x}{section.1.3}% 72
\BOOKMARK [2][-]{subsection.1.3.64}{\376\377\000M\000e\000s\000s\000a\000g\000e\000s\000\040\000V\000I\000R\000U\0001\000x\000x\000x}{section.1.3}% 73
\BOOKMARK [2][-]{subsection.1.3.65}{\376\377\000M\000e\000s\000s\000a\000g\000e\000s\000\040\000V\000I\000R\000U\000C\000S\000x\000x}{section.1.3}% 74
\BOOKMARK [2][-]{subsection.1.3.66}{\376\377\000M\000e\000s\000s\000a\000g\000e\000s\000\040\000V\000I\000R\000V\0001\000x\000x\000x}{section.1.3}% 75
\BOOKMARK [2][-]{subsection.1.3.67}{\376\377\000M\000e\000s\000s\000a\000g\000e\000s\000\040\000V\000I\000R\000X\0009\000x\000x\000x}{section.1.3}% 76
\BOOKMARK [2][-]{subsection.1.3.68}{\376\377\000M\000e\000s\000s\000a\000g\000e\000s\000\040\000V\000I\000R\000X\000O\000x\000x\000x}{section.1.3}% 77
\BOOKMARK [1][-]{section.1.4}{\376\377\000V\000i\000r\000t\000e\000l\000\040\000V\000S\000V\000\040\000m\000e\000s\000s\000a\000g\000e\000s}{chapter.1}% 78
\BOOKMARK [2][-]{subsection.1.4.1}{\376\377\000V\000S\000V\0000\0001\0000\0004\000E\000\040\000-\000\040\000V\000S\000V\0000\0001\0000\0005\000E}{section.1.4}% 79
\BOOKMARK [2][-]{subsection.1.4.2}{\376\377\000V\000S\000V\0000\0002\0000\0000\000E\000\040\000-\000\040\000V\000S\000V\0000\0002\0000\0009\000E}{section.1.4}% 80
\BOOKMARK [2][-]{subsection.1.4.3}{\376\377\000V\000S\000V\0000\0003\0000\0000\000E\000\040\000-\000\040\000V\000S\000V\0000\0003\0000\0008\000E}{section.1.4}% 81
\BOOKMARK [2][-]{subsection.1.4.4}{\376\377\000V\000S\000V\0000\0004\0000\0000\000E\000\040\000-\000\040\000V\000S\000V\0000\0004\0000\0008\000I}{section.1.4}% 82
\BOOKMARK [2][-]{subsection.1.4.5}{\376\377\000M\000i\000s\000c\000e\000l\000l\000a\000n\000e\000o\000s\000\040\000m\000e\000s\000s\000a\000g\000e\000s}{section.1.4}% 83
