This is LuaHBTeX, Version 1.17.0 (MiKTeX 23.5) (format=lualatex 2023.7.23)  17 FEB 2024 12:48
 restricted system commands enabled.
**Customization.tex
(./Customization.tex
LaTeX2e <2023-06-01> patch level 1
L3 programming layer <2023-06-30>
Lua module: luaotfload 2022-10-03 3.23 Lua based OpenType font support
Lua module: lualibs 2022-10-04 2.75 ConTeXt Lua standard libraries.
Lua module: lualibs-extended 2022-10-04 2.75 ConTeXt Lua libraries -- extended c
ollection.
luaotfload | conf : Root cache directory is "C:/Users/Holt/AppData/Local/MiKTeX/
luatex-cache/generic/names".
luaotfload | init : Loading fontloader "fontloader-2022-10-03.lua" from kpse-res
olved path "C:/Users/Holt/AppData/Local/Programs/MiKTeX/tex/luatex/luaotfload/fo
ntloader-2022-10-03.lua".
Lua-only attribute luaotfload@noligature = 1
luaotfload | init : Context OpenType loader version 3.120
Inserting `luaotfload.node_processor' in `pre_linebreak_filter'.
Inserting `luaotfload.node_processor' in `hpack_filter'.
Inserting `luaotfload.glyph_stream' in `glyph_stream_provider'.
Inserting `luaotfload.define_font' in `define_font'.
Lua-only attribute luaotfload_color_attribute = 2
luaotfload | conf : Root cache directory is "C:/Users/Holt/AppData/Local/MiKTeX/
luatex-cache/generic/names".
Inserting `luaotfload.harf.strip_prefix' in `find_opentype_file'.
Inserting `luaotfload.harf.strip_prefix' in `find_truetype_file'.
Removing  `luaotfload.glyph_stream' from `glyph_stream_provider'.
Inserting `luaotfload.harf.glyphstream' in `glyph_stream_provider'.
Inserting `luaotfload.harf.finalize_vlist' in `post_linebreak_filter'.
Inserting `luaotfload.harf.finalize_hlist' in `hpack_filter'.
Inserting `luaotfload.cleanup_files' in `wrapup_run'.
Inserting `luaotfload.harf.finalize_unicode' in `finish_pdffile'.
Inserting `luaotfload.glyphinfo' in `glyph_info'.
Lua-only attribute luaotfload.letterspace_done = 3
Inserting `luaotfload.aux.set_sscale_dimens' in `luaotfload.patch_font'.
Inserting `luaotfload.aux.set_font_index' in `luaotfload.patch_font'.
Inserting `luaotfload.aux.patch_cambria_domh' in `luaotfload.patch_font'.
Inserting `luaotfload.aux.fixup_fontdata' in `luaotfload.patch_font_unsafe'.
Inserting `luaotfload.aux.set_capheight' in `luaotfload.patch_font'.
Inserting `luaotfload.aux.set_xheight' in `luaotfload.patch_font'.
Inserting `luaotfload.rewrite_fontname' in `luaotfload.patch_font'.
Inserting `tracingstacklevels' in `input_level_string'. (./sphinxmanual.cls
Document Class: sphinxmanual 2019/12/01 v2.3.0 Document class (Sphinx manual)
(C:/Users/Holt/AppData/Local/Programs/MiKTeX/tex/latex/base/report.cls
Document Class: report 2023/05/17 v1.4n Standard LaTeX document class
(C:/Users/Holt/AppData/Local/Programs/MiKTeX/tex/latex/base/size10.clo
File: size10.clo 2023/05/17 v1.4n Standard LaTeX file (size option)
luaotfload | db : Font names database loaded from C:/Users/Holt/AppData/Local/Mi
KTeX/luatex-cache/generic/names/luaotfload-names.luc.gz)
\c@part=\count183
\c@chapter=\count184
\c@section=\count185
\c@subsection=\count186
\c@subsubsection=\count187
\c@paragraph=\count188
\c@subparagraph=\count189
\c@figure=\count190
\c@table=\count191
\abovecaptionskip=\skip48
\belowcaptionskip=\skip49
\bibindent=\dimen139
)
LaTeX Info: Redefining \and on input line 35.
)
\sphinxpxdimen=\dimen140

(C:/Users/Holt/AppData/Local/Programs/MiKTeX/tex/latex/cmap/cmap.sty
Package: cmap 2021/02/06 v1.0j CMap support: searchable PDF
)
(C:/Users/Holt/AppData/Local/Programs/MiKTeX/tex/latex/amsmath/amsmath.sty
Package: amsmath 2023/05/13 v2.17o AMS math features
\@mathmargin=\skip50

For additional information on amsmath, use the `?' option.
(C:/Users/Holt/AppData/Local/Programs/MiKTeX/tex/latex/amsmath/amstext.sty
Package: amstext 2021/08/26 v2.01 AMS text

(C:/Users/Holt/AppData/Local/Programs/MiKTeX/tex/latex/amsmath/amsgen.sty
File: amsgen.sty 1999/11/30 v2.0 generic functions
\@emptytoks=\toks17
\ex@=\dimen141
))
(C:/Users/Holt/AppData/Local/Programs/MiKTeX/tex/latex/amsmath/amsbsy.sty
Package: amsbsy 1999/11/29 v1.2d Bold Symbols
\pmbraise@=\dimen142
)
(C:/Users/Holt/AppData/Local/Programs/MiKTeX/tex/latex/amsmath/amsopn.sty
Package: amsopn 2022/04/08 v2.04 operator names
)
\inf@bad=\count192
LaTeX Info: Redefining \frac on input line 236.
\uproot@=\count193
\leftroot@=\count194
LaTeX Info: Redefining \overline on input line 399.
LaTeX Info: Redefining \colon on input line 410.
\classnum@=\count195
\DOTSCASE@=\count196
LaTeX Info: Redefining \ldots on input line 496.
LaTeX Info: Redefining \dots on input line 499.
LaTeX Info: Redefining \cdots on input line 620.
\Mathstrutbox@=\box51
\strutbox@=\box52
LaTeX Info: Redefining \big on input line 722.
LaTeX Info: Redefining \Big on input line 723.
LaTeX Info: Redefining \bigg on input line 724.
LaTeX Info: Redefining \Bigg on input line 725.
\big@size=\dimen143
LaTeX Font Info:    Redeclaring font encoding OML on input line 743.
LaTeX Font Info:    Redeclaring font encoding OMS on input line 744.
\macc@depth=\count197
LaTeX Info: Redefining \bmod on input line 905.
LaTeX Info: Redefining \pmod on input line 910.
LaTeX Info: Redefining \smash on input line 940.
LaTeX Info: Redefining \relbar on input line 970.
LaTeX Info: Redefining \Relbar on input line 971.
\c@MaxMatrixCols=\count198
\dotsspace@=\muskip16
\c@parentequation=\count199
\dspbrk@lvl=\count266
\tag@help=\toks18
\row@=\count267
\column@=\count268
\maxfields@=\count269
\andhelp@=\toks19
\eqnshift@=\dimen144
\alignsep@=\dimen145
\tagshift@=\dimen146
\tagwidth@=\dimen147
\totwidth@=\dimen148
\lineht@=\dimen149
\@envbody=\toks20
\multlinegap=\skip51
\multlinetaggap=\skip52
\mathdisplay@stack=\toks21
LaTeX Info: Redefining \[ on input line 2953.
LaTeX Info: Redefining \] on input line 2954.
)
(C:/Users/Holt/AppData/Local/Programs/MiKTeX/tex/latex/amsfonts/amssymb.sty
Package: amssymb 2013/01/14 v3.01 AMS font symbols

(C:/Users/Holt/AppData/Local/Programs/MiKTeX/tex/latex/amsfonts/amsfonts.sty
Package: amsfonts 2013/01/14 v3.01 Basic AMSFonts support
\symAMSa=\mathgroup4
\symAMSb=\mathgroup5
LaTeX Font Info:    Redeclaring math symbol \hbar on input line 98.
LaTeX Font Info:    Overwriting math alphabet `\mathfrak' in version `bold'
(Font)                  U/euf/m/n --> U/euf/b/n on input line 106.
))
(C:/Users/Holt/AppData/Local/Programs/MiKTeX/tex/generic/babel/babel.sty
Package: babel 2023/07/15 v3.92 The Babel package

(C:/Users/Holt/AppData/Local/Programs/MiKTeX/tex/generic/babel/luababel.def
\bbl@readstream=\read2
\l@afrikaans=\language2
Package babel Info: Non-standard hyphenation setup on input line 118.
\l@ancientgreek=\language3
\l@armenian=\language4
\l@assamese=\language5
\l@basque=\language6
\l@belarusian=\language7
\l@bengali=\language8
\l@bokmal=\language9
\l@bulgarian=\language10
\l@catalan=\language11
\l@churchslavonic=\language12
\l@classiclatin=\language13
\l@coptic=\language14
\l@croatian=\language15
\l@czech=\language16
\l@danish=\language17
\l@dutch=\language18
\l@esperanto=\language19
\l@estonian=\language20
\l@ethiopic=\language21
\l@finnish=\language22
\l@french=\language23
\l@friulan=\language24
\l@galician=\language25
\l@georgian=\language26
\l@german=\language27
\l@greek=\language28
\l@gujarati=\language29
\l@hindi=\language30
\l@hungarian=\language31
\l@icelandic=\language32
\l@indonesian=\language33
\l@interlingua=\language34
\l@irish=\language35
\l@italian=\language36
\l@kannada=\language37
\l@kurmanji=\language38
\l@latin=\language39
\l@latvian=\language40
\l@lithuanian=\language41
\l@liturgicallatin=\language42
\l@macedonian=\language43
\l@malayalam=\language44
\l@marathi=\language45
\l@mongolian=\language46
\l@mongolianlmc=\language47
\l@monogreek=\language48
\l@ngerman=\language49
\l@nynorsk=\language50
\l@occitan=\language51
\l@oriya=\language52
\l@pali=\language53
\l@panjabi=\language54
\l@piedmontese=\language55
\l@polish=\language56
\l@portuguese=\language57
\l@romanian=\language58
\l@romansh=\language59
\l@russian=\language60
\l@sanskrit=\language61
\l@serbian=\language62
\l@serbianc=\language63
\l@slovak=\language64
\l@slovenian=\language65
\l@spanish=\language66
\l@swedish=\language67
\l@swissgerman=\language68
\l@tamil=\language69
\l@telugu=\language70
\l@thai=\language71
\l@turkish=\language72
\l@turkmen=\language73
\l@ukenglish=\language74
\l@ukrainian=\language75
\l@uppersorbian=\language76
\l@usenglishmax=\language77
\l@welsh=\language78
\babelcatcodetablenum=\catcodetable14
\bbl@pattcodes=\catcodetable15
)
\babel@savecnt=\count270
\U@D=\dimen150
\l@unhyphenated=\language79

(C:/Users/Holt/AppData/Local/Programs/MiKTeX/tex/generic/babel/luababel.def
\bbl@attr@locale=\attribute4
)
*************************************
* Local config file bblopts.cfg used
*
(C:/Users/Holt/AppData/Local/Programs/MiKTeX/tex/latex/arabi/bblopts.cfg
File: bblopts.cfg 2005/09/08 v0.1 add Arabic and Farsi to "declared" options of
 babel
)
(C:/Users/Holt/AppData/Local/Programs/MiKTeX/tex/latex/babel-english/english.ld
f
Language: english 2017/06/06 v3.3r English support from the babel system
Package babel Info: Hyphen rules for 'canadian' set to \l@english
(babel)             (\language0). Reported on input line 102.
Package babel Info: Hyphen rules for 'australian' set to \l@ukenglish
(babel)             (\language74). Reported on input line 105.
Package babel Info: Hyphen rules for 'newzealand' set to \l@ukenglish
(babel)             (\language74). Reported on input line 108.
))
(C:/Users/Holt/AppData/Local/Programs/MiKTeX/tex/generic/babel/locale/en/babel-
english.tex
Package babel Info: Importing font and identification data for english
(babel)             from babel-en.ini. Reported on input line 11.
)
(C:/Users/Holt/AppData/Local/Programs/MiKTeX/tex/latex/fncychap/fncychap.sty
Package: fncychap 2007/07/30 v1.34 LaTeX package (Revised chapters)
\RW=\skip53
\mylen=\skip54
\myhi=\skip55
\px=\skip56
\py=\skip57
\pyy=\skip58
\pxx=\skip59
\c@AlphaCnt=\count271
\c@AlphaDecCnt=\count272
)
(./sphinx.sty
Package: sphinx 2023/03/19 v6.2.0 LaTeX package (Sphinx markup)

(C:/Users/Holt/AppData/Local/Programs/MiKTeX/tex/generic/ltxcmds/ltxcmds.sty
Package: ltxcmds 2020-05-10 v1.25 LaTeX kernel commands for general use (HO)
)
(C:/Users/Holt/AppData/Local/Programs/MiKTeX/tex/latex/xcolor/xcolor.sty
Package: xcolor 2022/06/12 v2.14 LaTeX color extensions (UK)

(C:/Users/Holt/AppData/Local/Programs/MiKTeX/tex/latex/graphics-cfg/color.cfg
File: color.cfg 2016/01/02 v1.6 sample color configuration
)
Package xcolor Info: Driver file: luatex.def on input line 227.

(C:/Users/Holt/AppData/Local/Programs/MiKTeX/tex/latex/graphics-def/luatex.def
File: luatex.def 2022/09/22 v1.2d Graphics/color driver for luatex
) (C:/Users/Holt/AppData/Local/Programs/MiKTeX/tex/latex/graphics/mathcolor.ltx
)
Package xcolor Info: Model `cmy' substituted by `cmy0' on input line 1353.
Package xcolor Info: Model `hsb' substituted by `rgb' on input line 1357.
Package xcolor Info: Model `RGB' extended on input line 1369.
Package xcolor Info: Model `HTML' substituted by `rgb' on input line 1371.
Package xcolor Info: Model `Hsb' substituted by `hsb' on input line 1372.
Package xcolor Info: Model `tHsb' substituted by `hsb' on input line 1373.
Package xcolor Info: Model `HSB' substituted by `hsb' on input line 1374.
Package xcolor Info: Model `Gray' substituted by `gray' on input line 1375.
Package xcolor Info: Model `wave' substituted by `hsb' on input line 1376.
)
(C:/Users/Holt/AppData/Local/Programs/MiKTeX/tex/latex/kvoptions/kvoptions.sty
Package: kvoptions 2022-06-15 v3.15 Key value format for package options (HO)

(C:/Users/Holt/AppData/Local/Programs/MiKTeX/tex/latex/graphics/keyval.sty
Package: keyval 2022/05/29 v1.15 key=value parser (DPC)
\KV@toks@=\toks22
)
(C:/Users/Holt/AppData/Local/Programs/MiKTeX/tex/latex/kvsetkeys/kvsetkeys.sty
Package: kvsetkeys 2022-10-05 v1.19 Key value parser (HO)
)) (./sphinxoptionshyperref.sty
File: sphinxoptionshyperref.sty 2021/01/27 hyperref
) (./sphinxoptionsgeometry.sty
File: sphinxoptionsgeometry.sty 2021/01/27 geometry
)
(C:/Users/Holt/AppData/Local/Programs/MiKTeX/tex/latex/base/textcomp.sty
Package: textcomp 2020/02/02 v2.0n Standard LaTeX package
)
(C:/Users/Holt/AppData/Local/Programs/MiKTeX/tex/latex/float/float.sty
Package: float 2001/11/08 v1.3d Float enhancements (AL)
\c@float@type=\count273
\float@exts=\toks23
\float@box=\box53
\@float@everytoks=\toks24
\@floatcapt=\box54
)
(C:/Users/Holt/AppData/Local/Programs/MiKTeX/tex/latex/wrapfig/wrapfig.sty
\wrapoverhang=\dimen151
\WF@size=\dimen152
\c@WF@wrappedlines=\count274
\WF@box=\box55
\WF@everypar=\toks25
Package: wrapfig 2003/01/31  v 3.6
)
(C:/Users/Holt/AppData/Local/Programs/MiKTeX/tex/latex/capt-of/capt-of.sty
Package: capt-of 2009/12/29 v0.2 standard captions outside of floats
)
(C:/Users/Holt/AppData/Local/Programs/MiKTeX/tex/latex/tools/multicol.sty
Package: multicol 2023/03/30 v1.9f multicolumn formatting (FMi)
\c@tracingmulticols=\count275
\mult@box=\box56
\multicol@leftmargin=\dimen153
\c@unbalance=\count276
\c@collectmore=\count277
\doublecol@number=\count278
\multicoltolerance=\count279
\multicolpretolerance=\count280
\full@width=\dimen154
\page@free=\dimen155
\premulticols=\dimen156
\postmulticols=\dimen157
\multicolsep=\skip60
\multicolbaselineskip=\skip61
\partial@page=\box57
\last@line=\box58
\mc@boxedresult=\box59
\maxbalancingoverflow=\dimen158
\mult@rightbox=\box60
\mult@grightbox=\box61
\mult@firstbox=\box62
\mult@gfirstbox=\box63
\@tempa=\box64
\@tempa=\box65
\@tempa=\box66
\@tempa=\box67
\@tempa=\box68
\@tempa=\box69
\@tempa=\box70
\@tempa=\box71
\@tempa=\box72
\@tempa=\box73
\@tempa=\box74
\@tempa=\box75
\@tempa=\box76
\@tempa=\box77
\@tempa=\box78
\@tempa=\box79
\@tempa=\box80
\@tempa=\box81
\@tempa=\box82
\@tempa=\box83
\@tempa=\box84
\@tempa=\box85
\@tempa=\box86
\@tempa=\box87
\@tempa=\box88
\@tempa=\box89
\@tempa=\box90
\@tempa=\box91
\@tempa=\box92
\@tempa=\box93
\@tempa=\box94
\@tempa=\box95
\@tempa=\box96
\@tempa=\box97
\@tempa=\box98
\@tempa=\box99
\c@minrows=\count281
\c@columnbadness=\count282
\c@finalcolumnbadness=\count283
\last@try=\dimen159
\multicolovershoot=\dimen160
\multicolundershoot=\dimen161
\mult@nat@firstbox=\box100
\colbreak@box=\box101
\mc@col@check@num=\count284
)
(C:/Users/Holt/AppData/Local/Programs/MiKTeX/tex/latex/graphics/graphicx.sty
Package: graphicx 2021/09/16 v1.2d Enhanced LaTeX Graphics (DPC,SPQR)

(C:/Users/Holt/AppData/Local/Programs/MiKTeX/tex/latex/graphics/graphics.sty
Package: graphics 2022/03/10 v1.4e Standard LaTeX Graphics (DPC,SPQR)

(C:/Users/Holt/AppData/Local/Programs/MiKTeX/tex/latex/graphics/trig.sty
Package: trig 2021/08/11 v1.11 sin cos tan (DPC)
)
(C:/Users/Holt/AppData/Local/Programs/MiKTeX/tex/latex/graphics-cfg/graphics.cf
g
File: graphics.cfg 2016/06/04 v1.11 sample graphics configuration
)
Package graphics Info: Driver file: luatex.def on input line 107.
)
\Gin@req@height=\dimen162
\Gin@req@width=\dimen163
) (./sphinxlatexgraphics.sty
File: sphinxlatexgraphics.sty 2021/01/27 graphics
\spx@image@maxheight=\dimen164
\spx@image@box=\box102
) (./sphinxpackageboxes.sty
Package: sphinxpackageboxes 2023/03/19 v6.2.0 advanced colored boxes

(C:/Users/Holt/AppData/Local/Programs/MiKTeX/tex/latex/pict2e/pict2e.sty
Package: pict2e 2020/09/30 v0.4b Improved picture commands (HjG,RN,JT)

(C:/Users/Holt/AppData/Local/Programs/MiKTeX/tex/latex/pict2e/pict2e.cfg
File: pict2e.cfg 2016/02/05 v0.1u pict2e configuration for teTeX/TeXLive
)
Package pict2e Info: Driver file: luatex.def on input line 112.
Package pict2e Info: Driver file for pict2e: p2e-luatex.def on input line 114.

(C:/Users/Holt/AppData/Local/Programs/MiKTeX/tex/latex/pict2e/p2e-luatex.def
File: p2e-luatex.def 2016/02/05 v0.1u Driver-dependant file (RN,HjG,JT)
)
\pIIe@GRAPH=\toks26
\@arclen=\dimen165
\@arcrad=\dimen166
\pIIe@tempdima=\dimen167
\pIIe@tempdimb=\dimen168
\pIIe@tempdimc=\dimen169
\pIIe@tempdimd=\dimen170
\pIIe@tempdime=\dimen171
\pIIe@tempdimf=\dimen172
)
(C:/Users/Holt/AppData/Local/Programs/MiKTeX/tex/latex/ellipse/ellipse.sty
Package: ellipse 2004/11/05 v1.0 .dtx ellipse file
)
\@tempdimd=\dimen173
\spx@tempboxa=\box103
\spx@tempboxb=\box104
\spx@boxes@border=\dimen174
\spx@boxes@border@top=\dimen175
\spx@boxes@border@right=\dimen176
\spx@boxes@border@bottom=\dimen177
\spx@boxes@border@left=\dimen178
\spx@boxes@padding@top=\dimen179
\spx@boxes@padding@right=\dimen180
\spx@boxes@padding@bottom=\dimen181
\spx@boxes@padding@left=\dimen182
\spx@boxes@shadow@xoffset=\dimen183
\spx@boxes@shadow@yoffset=\dimen184
\spx@boxes@radius@topleft@x=\dimen185
\spx@boxes@radius@topright@x=\dimen186
\spx@boxes@radius@bottomright@x=\dimen187
\spx@boxes@radius@bottomleft@x=\dimen188
\spx@boxes@radius@topleft@y=\dimen189
\spx@boxes@radius@topright@y=\dimen190
\spx@boxes@radius@bottomright@y=\dimen191
\spx@boxes@radius@bottomleft@y=\dimen192
)
(./sphinxlatexadmonitions.sty
File: sphinxlatexadmonitions.sty 2023/03/19 admonitions

(C:/Users/Holt/AppData/Local/Programs/MiKTeX/tex/latex/framed/framed.sty
Package: framed 2011/10/22 v 0.96: framed or shaded text with page breaks
\OuterFrameSep=\skip62
\fb@frw=\dimen193
\fb@frh=\dimen194
\FrameRule=\dimen195
\FrameSep=\dimen196
)
\spx@notice@border=\dimen197
)
(./sphinxlatexliterals.sty
File: sphinxlatexliterals.sty 2023/04/01 code-blocks and parsed literals

(C:/Users/Holt/AppData/Local/Programs/MiKTeX/tex/latex/fancyvrb/fancyvrb.sty
Package: fancyvrb 2023/01/19 4.5a verbatim text (tvz,hv)
\FV@CodeLineNo=\count285
\FV@InFile=\read3
\FV@TabBox=\box105
\c@FancyVerbLine=\count286
\FV@StepNumber=\count287
\FV@OutFile=\write3
)
(C:/Users/Holt/AppData/Local/Programs/MiKTeX/tex/latex/base/alltt.sty
Package: alltt 2021/01/29 v2.0g defines alltt environment
)
(C:/Users/Holt/AppData/Local/Programs/MiKTeX/tex/latex/upquote/upquote.sty
Package: upquote 2012/04/19 v1.3 upright-quote and grave-accent glyphs in verba
tim
)
(C:/Users/Holt/AppData/Local/Programs/MiKTeX/tex/latex/needspace/needspace.sty
Package: needspace 2010/09/12 v1.3d reserve vertical space
)
\sphinxcontinuationbox=\box106
\sphinxvisiblespacebox=\box107
\sphinxVerbatim@TitleBox=\box108
\sphinxVerbatim@ContentsBox=\box109
) (./sphinxlatexshadowbox.sty
File: sphinxlatexshadowbox.sty 2023/03/19 sphinxShadowBox
) (./sphinxlatexcontainers.sty
File: sphinxlatexcontainers.sty 2021/05/03 containers
)
(./sphinxhighlight.sty
Package: sphinxhighlight 2022/06/30 stylesheet for highlighting with pygments
) (./sphinxlatextables.sty
File: sphinxlatextables.sty 2022/08/15 tables

(C:/Users/Holt/AppData/Local/Programs/MiKTeX/tex/latex/tabulary/tabulary.sty
Package: tabulary 2014/06/11 v0.10 tabulary package (DPC)

(C:/Users/Holt/AppData/Local/Programs/MiKTeX/tex/latex/tools/array.sty
Package: array 2022/09/04 v2.5g Tabular extension package (FMi)
\col@sep=\dimen198
\ar@mcellbox=\box110
\extrarowheight=\dimen199
\NC@list=\toks27
\extratabsurround=\skip63
\backup@length=\skip64
\ar@cellbox=\box111
)
\TY@count=\count288
\TY@linewidth=\dimen256
\tymin=\dimen257
\tymax=\dimen258
\TY@tablewidth=\dimen259
)
(C:/Users/Holt/AppData/Local/Programs/MiKTeX/tex/latex/tools/longtable.sty
Package: longtable 2021-09-01 v4.17 Multi-page Table package (DPC)
\LTleft=\skip65
\LTright=\skip66
\LTpre=\skip67
\LTpost=\skip68
\LTchunksize=\count289
\LTcapwidth=\dimen260
\LT@head=\box112
\LT@firsthead=\box113
\LT@foot=\box114
\LT@lastfoot=\box115
\LT@gbox=\box116
\LT@cols=\count290
\LT@rows=\count291
\c@LT@tables=\count292
\c@LT@chunks=\count293
\LT@p@ftn=\toks28
)
(C:/Users/Holt/AppData/Local/Programs/MiKTeX/tex/latex/varwidth/varwidth.sty
Package: varwidth 2009/03/30 ver 0.92;  Variable-width minipages
\@vwid@box=\box117
\sift@deathcycles=\count294
\@vwid@loff=\dimen261
\@vwid@roff=\dimen262
)
\sphinx@TY@tablewidth=\dimen263

(C:/Users/Holt/AppData/Local/Programs/MiKTeX/tex/latex/colortbl/colortbl.sty
Package: colortbl 2022/06/20 v1.0f Color table columns (DPC)
\everycr=\toks29
\minrowclearance=\skip69
\rownum=\count295
)
(C:/Users/Holt/AppData/Local/Programs/MiKTeX/tex/latex/booktabs/booktabs.sty
Package: booktabs 2020/01/12 v1.61803398 Publication quality tables
\heavyrulewidth=\dimen264
\lightrulewidth=\dimen265
\cmidrulewidth=\dimen266
\belowrulesep=\dimen267
\belowbottomsep=\dimen268
\aboverulesep=\dimen269
\abovetopsep=\dimen270
\cmidrulesep=\dimen271
\cmidrulekern=\dimen272
\defaultaddspace=\dimen273
\@cmidla=\count296
\@cmidlb=\count297
\@aboverulesep=\dimen274
\@belowrulesep=\dimen275
\@thisruleclass=\count298
\@lastruleclass=\count299
\@thisrulewidth=\dimen276
))
(./sphinxlatexnumfig.sty
File: sphinxlatexnumfig.sty 2021/01/27 numbering
) (./sphinxlatexlists.sty
File: sphinxlatexlists.sty 2021/12/20 lists
\spx@lineitemlabel=\toks30
)
\c@sphinxscope=\count300
 (./sphinxpackagefootnote.sty
Package: sphinxpackagefootnote 2022/08/15 v5.3.0 Sphinx custom footnotehyper pa
ckage (Sphinx team)
\FNH@notes=\box118
\FNH@toks=\toks31
\FNH@width=\dimen277
\c@sphinxfootnotemark=\count301
) (./sphinxlatexindbibtoc.sty
File: sphinxlatexindbibtoc.sty 2021/01/27 index, bib., toc

(C:/Users/Holt/AppData/Local/Programs/MiKTeX/tex/latex/base/makeidx.sty
Package: makeidx 2021/10/04 v1.0m Standard LaTeX package
))
(./sphinxlatexstylepage.sty
File: sphinxlatexstylepage.sty 2021/01/27 page styling

(C:/Users/Holt/AppData/Local/Programs/MiKTeX/tex/latex/parskip/parskip.sty
Rollback for package 'parskip' requested -> version 'v1'.
         This corresponds to the release introduced on 2001-04-09.

(C:/Users/Holt/AppData/Local/Programs/MiKTeX/tex/latex/parskip/parskip-2001-04-
09.sty
Package: parskip 2001/04/09 non-zero parskip adjustments
))
(C:/Users/Holt/AppData/Local/Programs/MiKTeX/tex/latex/fancyhdr/fancyhdr.sty
Package: fancyhdr 2022/11/09 v4.1 Extensive control of page headers and footers

\f@nch@headwidth=\skip70
\f@nch@O@elh=\skip71
\f@nch@O@erh=\skip72
\f@nch@O@olh=\skip73
\f@nch@O@orh=\skip74
\f@nch@O@elf=\skip75
\f@nch@O@erf=\skip76
\f@nch@O@olf=\skip77
\f@nch@O@orf=\skip78
))
(./sphinxlatexstyleheadings.sty
File: sphinxlatexstyleheadings.sty 2023/02/11 headings

(C:/Users/Holt/AppData/Local/Programs/MiKTeX/tex/latex/titlesec/titlesec.sty
Package: titlesec 2021/07/05 v2.14 Sectioning titles
\ttl@box=\box119
\beforetitleunit=\skip79
\aftertitleunit=\skip80
\ttl@plus=\dimen278
\ttl@minus=\dimen279
\ttl@toksa=\toks32
\titlewidth=\dimen280
\titlewidthlast=\dimen281
\titlewidthfirst=\dimen282
))
(./sphinxlatexstyletext.sty
File: sphinxlatexstyletext.sty 2023/03/26 text styling
) (./sphinxlatexobjects.sty
File: sphinxlatexobjects.sty 2022/01/13 documentation environments
\sphinxsignaturesep=\skip81
\py@argswidth=\skip82
\lineblockindentation=\skip83
\DUlineblockindent=\skip84
))
(C:/Users/Holt/AppData/Local/Programs/MiKTeX/tex/latex/geometry/geometry.sty
Package: geometry 2020/01/02 v5.9 Page Geometry

(C:/Users/Holt/AppData/Local/Programs/MiKTeX/tex/generic/iftex/ifvtex.sty
Package: ifvtex 2019/10/25 v1.7 ifvtex legacy package. Use iftex instead.

(C:/Users/Holt/AppData/Local/Programs/MiKTeX/tex/generic/iftex/iftex.sty
Package: iftex 2022/02/03 v1.0f TeX engine tests
))
\Gm@cnth=\count302
\Gm@cntv=\count303
\c@Gm@tempcnt=\count304
\Gm@bindingoffset=\dimen283
\Gm@wd@mp=\dimen284
\Gm@odd@mp=\dimen285
\Gm@even@mp=\dimen286
\Gm@layoutwidth=\dimen287
\Gm@layoutheight=\dimen288
\Gm@layouthoffset=\dimen289
\Gm@layoutvoffset=\dimen290
\Gm@dimlist=\toks33

(C:/Users/Holt/AppData/Local/Programs/MiKTeX/tex/latex/geometry/geometry.cfg))
(C:/Users/Holt/AppData/Local/Programs/MiKTeX/tex/latex/hyperref/hyperref.sty
Package: hyperref 2023-07-08 v7.01b Hypertext links for LaTeX

(C:/Users/Holt/AppData/Local/Programs/MiKTeX/tex/generic/pdftexcmds/pdftexcmds.
sty
Package: pdftexcmds 2020-06-27 v0.33 Utility functions of pdfTeX for LuaTeX (HO
)

(C:/Users/Holt/AppData/Local/Programs/MiKTeX/tex/generic/infwarerr/infwarerr.st
y
Package: infwarerr 2019/12/03 v1.5 Providing info/warning/error messages (HO)
)
Package pdftexcmds Info: \pdf@primitive is available.
Package pdftexcmds Info: \pdf@ifprimitive is available.
Package pdftexcmds Info: \pdfdraftmode found.
\pdftexcmds@toks=\toks34
)
(C:/Users/Holt/AppData/Local/Programs/MiKTeX/tex/generic/kvdefinekeys/kvdefinek
eys.sty
Package: kvdefinekeys 2019-12-19 v1.6 Define keys (HO)
)
(C:/Users/Holt/AppData/Local/Programs/MiKTeX/tex/generic/pdfescape/pdfescape.st
y
Package: pdfescape 2019/12/09 v1.15 Implements pdfTeX's escape features (HO)
) (C:/Users/Holt/AppData/Local/Programs/MiKTeX/tex/latex/hycolor/hycolor.sty
Package: hycolor 2020-01-27 v1.10 Color options for hyperref/bookmark (HO)
)
(C:/Users/Holt/AppData/Local/Programs/MiKTeX/tex/latex/letltxmacro/letltxmacro.
sty
Package: letltxmacro 2019/12/03 v1.6 Let assignment for LaTeX macros (HO)
) (C:/Users/Holt/AppData/Local/Programs/MiKTeX/tex/latex/auxhook/auxhook.sty
Package: auxhook 2019-12-17 v1.6 Hooks for auxiliary files (HO)
) (C:/Users/Holt/AppData/Local/Programs/MiKTeX/tex/latex/hyperref/nameref.sty
Package: nameref 2023-08-07 v2.53 Cross-referencing by name of section

(C:/Users/Holt/AppData/Local/Programs/MiKTeX/tex/latex/refcount/refcount.sty
Package: refcount 2019/12/15 v3.6 Data extraction from label references (HO)
)
(C:/Users/Holt/AppData/Local/Programs/MiKTeX/tex/generic/gettitlestring/gettitl
estring.sty
Package: gettitlestring 2019/12/15 v1.6 Cleanup title references (HO)
)
\c@section@level=\count305
)
(C:/Users/Holt/AppData/Local/Programs/MiKTeX/tex/latex/etoolbox/etoolbox.sty
Package: etoolbox 2020/10/05 v2.5k e-TeX tools for LaTeX (JAW)
\etb@tempcnta=\count306
)
\@linkdim=\dimen291
\Hy@linkcounter=\count307
\Hy@pagecounter=\count308

(C:/Users/Holt/AppData/Local/Programs/MiKTeX/tex/latex/hyperref/pd1enc.def
File: pd1enc.def 2023-07-08 v7.01b Hyperref: PDFDocEncoding definition (HO)
)
(C:/Users/Holt/AppData/Local/Programs/MiKTeX/tex/generic/intcalc/intcalc.sty
Package: intcalc 2019/12/15 v1.3 Expandable calculations with integers (HO)
)
\Hy@SavedSpaceFactor=\count309

(C:/Users/Holt/AppData/Local/Programs/MiKTeX/tex/latex/hyperref/puenc.def
File: puenc.def 2023-07-08 v7.01b Hyperref: PDF Unicode definition (HO)
)
Package hyperref Info: Option `unicode' set `true' on input line 4050.
Package hyperref Info: Option `colorlinks' set `true' on input line 4050.
Package hyperref Info: Option `breaklinks' set `true' on input line 4050.
Package hyperref Info: Hyper figures OFF on input line 4167.
Package hyperref Info: Link nesting OFF on input line 4172.
Package hyperref Info: Hyper index ON on input line 4175.
Package hyperref Info: Plain pages OFF on input line 4182.
Package hyperref Info: Backreferencing OFF on input line 4187.
Package hyperref Info: Implicit mode ON; LaTeX internals redefined.
Package hyperref Info: Bookmarks ON on input line 4434.
\c@Hy@tempcnt=\count310

(C:/Users/Holt/AppData/Local/Programs/MiKTeX/tex/latex/url/url.sty
\Urlmuskip=\muskip17
Package: url 2013/09/16  ver 3.4  Verb mode for urls, etc.
)
LaTeX Info: Redefining \url on input line 4772.
\XeTeXLinkMargin=\dimen292

(C:/Users/Holt/AppData/Local/Programs/MiKTeX/tex/generic/bitset/bitset.sty
Package: bitset 2019/12/09 v1.3 Handle bit-vector datatype (HO)

(C:/Users/Holt/AppData/Local/Programs/MiKTeX/tex/generic/bigintcalc/bigintcalc.
sty
Package: bigintcalc 2019/12/15 v1.5 Expandable calculations on big integers (HO
)
))
\Fld@menulength=\count311
\Field@Width=\dimen293
\Fld@charsize=\dimen294
Package hyperref Info: Hyper figures OFF on input line 6051.
Package hyperref Info: Link nesting OFF on input line 6056.
Package hyperref Info: Hyper index ON on input line 6059.
Package hyperref Info: backreferencing OFF on input line 6066.
Package hyperref Info: Link coloring ON on input line 6069.
Package hyperref Info: Link coloring with OCG OFF on input line 6076.
Package hyperref Info: PDF/A mode OFF on input line 6081.

(C:/Users/Holt/AppData/Local/Programs/MiKTeX/tex/latex/base/atbegshi-ltx.sty
Package: atbegshi-ltx 2021/01/10 v1.0c Emulation of the original atbegshi
package with kernel methods
)
\Hy@abspage=\count312
\c@Item=\count313
\c@Hfootnote=\count314
)
Package hyperref Info: Driver (autodetected): hluatex.

(C:/Users/Holt/AppData/Local/Programs/MiKTeX/tex/latex/hyperref/hluatex.def
File: hluatex.def 2023-07-08 v7.01b Hyperref driver for luaTeX

(C:/Users/Holt/AppData/Local/Programs/MiKTeX/tex/generic/stringenc/stringenc.st
y
Package: stringenc 2019/11/29 v1.12 Convert strings between diff. encodings (HO
)
)
(C:/Users/Holt/AppData/Local/Programs/MiKTeX/tex/latex/base/atveryend-ltx.sty
Package: atveryend-ltx 2020/08/19 v1.0a Emulation of the original atveryend pac
kage
with kernel methods
)
\Fld@listcount=\count315
\c@bookmark@seq@number=\count316

(C:/Users/Holt/AppData/Local/Programs/MiKTeX/tex/latex/rerunfilecheck/rerunfile
check.sty
Package: rerunfilecheck 2022-07-10 v1.10 Rerun checks for auxiliary files (HO)

(C:/Users/Holt/AppData/Local/Programs/MiKTeX/tex/generic/uniquecounter/uniqueco
unter.sty
Package: uniquecounter 2019/12/15 v1.4 Provide unlimited unique counter (HO)
)
Package uniquecounter Info: New unique counter `rerunfilecheck' on input line 2
85.
)
\Hy@SectionHShift=\skip85
)
(C:/Users/Holt/AppData/Local/Programs/MiKTeX/tex/latex/oberdiek/hypcap.sty
Package: hypcap 2016/05/16 v1.12 Adjusting the anchors of captions (HO)
)
(./sphinxmessages.sty
Package: sphinxmessages 2019/01/04 v2.0 Localized LaTeX macros (Sphinx team)
)
(C:/Users/Holt/AppData/Local/Programs/MiKTeX/tex/latex/fontspec/fontspec.sty
(C:/Users/Holt/AppData/Local/Programs/MiKTeX/tex/latex/l3packages/xparse/xparse
.sty (C:/Users/Holt/AppData/Local/Programs/MiKTeX/tex/latex/l3kernel/expl3.sty
Package: expl3 2023-06-30 L3 programming layer (loader) 

(C:/Users/Holt/AppData/Local/Programs/MiKTeX/tex/latex/l3backend/l3backend-luat
ex.def
File: l3backend-luatex.def 2023-04-19 L3 backend support: PDF output (LuaTeX)
\l__color_backend_stack_int=\count317
Inserting `l3color' in `luaotfload.parse_color'.
\l__pdf_internal_box=\box120
))
Package: xparse 2023-02-02 L3 Experimental document command parser
)
Package: fontspec 2022/01/15 v2.8a Font selection for XeLaTeX and LuaLaTeX
Lua module: fontspec 2022/01/15 2.8a Font selection for XeLaTeX and LuaLaTeX
(C:/Users/Holt/AppData/Local/Programs/MiKTeX/tex/latex/fontspec/fontspec-luatex
.sty
Package: fontspec-luatex 2022/01/15 v2.8a Font selection for XeLaTeX and LuaLaT
eX
\l__fontspec_script_int=\count318
\l__fontspec_language_int=\count319
\l__fontspec_strnum_int=\count320
\l__fontspec_tmp_int=\count321
\l__fontspec_tmpa_int=\count322
\l__fontspec_tmpb_int=\count323
\l__fontspec_tmpc_int=\count324
\l__fontspec_em_int=\count325
\l__fontspec_emdef_int=\count326
\l__fontspec_strong_int=\count327
\l__fontspec_strongdef_int=\count328
\l__fontspec_tmpa_dim=\dimen295
\l__fontspec_tmpb_dim=\dimen296
\l__fontspec_tmpc_dim=\dimen297
 (C:/Users/Holt/AppData/Local/Programs/MiKTeX/tex/latex/base/fontenc.sty
Package: fontenc 2021/04/29 v2.0v Standard LaTeX package
)
(C:/Users/Holt/AppData/Local/Programs/MiKTeX/tex/latex/fontspec/fontspec.cfg)))
luaotfload | cache : Lookup cache loaded from C:/Users/Holt/AppData/Local/MiKTeX
/luatex-cache/generic/names/luaotfload-lookup-cache.luc.
luaotfload | aux : font no 23 (nil) does not define feature smcp for script latn
 with language dflt
luaotfload | aux : font no 24 (nil) does not define feature smcp for script latn
 with language dflt
luaotfload | aux : font no 25 (nil) does not define feature smcp for script latn
 with language dflt
luaotfload | aux : font no 26 (nil) does not define feature smcp for script latn
 with language dflt

Package fontspec Info: Font family 'CourierNew(0)' created for font 'Courier
(fontspec)             New' with options
(fontspec)             [WordSpace={1,0,0},HyphenChar=None,PunctuationSpace=Word
Space].
(fontspec)              
(fontspec)              This font family consists of the following NFSS
(fontspec)             series/shapes:
(fontspec)              
(fontspec)             - 'normal' (m/n) with NFSS spec.:
(fontspec)             <->"CourierNew:mode=node;script=latn;language=dflt;"
(fontspec)             - 'small caps'  (m/sc) with NFSS spec.: 
(fontspec)             and font adjustment code:
(fontspec)             \fontdimen 2\font =1\fontdimen 2\font \fontdimen 3\font
(fontspec)             =0\fontdimen 3\font \fontdimen 4\font =0\fontdimen
(fontspec)             4\font \fontdimen 7\font =0\fontdimen 2\font
(fontspec)             \tex_hyphenchar:D \font =-1\scan_stop: 
(fontspec)             - 'bold' (b/n) with NFSS spec.:
(fontspec)             <->"CourierNew/B:mode=node;script=latn;language=dflt;"
(fontspec)             - 'bold small caps'  (b/sc) with NFSS spec.: 
(fontspec)             and font adjustment code:
(fontspec)             \fontdimen 2\font =1\fontdimen 2\font \fontdimen 3\font
(fontspec)             =0\fontdimen 3\font \fontdimen 4\font =0\fontdimen
(fontspec)             4\font \fontdimen 7\font =0\fontdimen 2\font
(fontspec)             \tex_hyphenchar:D \font =-1\scan_stop: 
(fontspec)             - 'italic' (m/it) with NFSS spec.:
(fontspec)             <->"CourierNew/I:mode=node;script=latn;language=dflt;"
(fontspec)             - 'italic small caps'  (m/scit) with NFSS spec.: 
(fontspec)             and font adjustment code:
(fontspec)             \fontdimen 2\font =1\fontdimen 2\font \fontdimen 3\font
(fontspec)             =0\fontdimen 3\font \fontdimen 4\font =0\fontdimen
(fontspec)             4\font \fontdimen 7\font =0\fontdimen 2\font
(fontspec)             \tex_hyphenchar:D \font =-1\scan_stop: 
(fontspec)             - 'bold italic' (b/it) with NFSS spec.:
(fontspec)             <->"CourierNew/BI:mode=node;script=latn;language=dflt;"
(fontspec)             - 'bold italic small caps'  (b/scit) with NFSS spec.: 
(fontspec)             and font adjustment code:
(fontspec)             \fontdimen 2\font =1\fontdimen 2\font \fontdimen 3\font
(fontspec)             =0\fontdimen 3\font \fontdimen 4\font =0\fontdimen
(fontspec)             4\font \fontdimen 7\font =0\fontdimen 2\font
(fontspec)             \tex_hyphenchar:D \font =-1\scan_stop: 

\@indexfile=\write4

\openout4 = Customization.idx
Writing index file Customization.idx
(./Customization.aux)
\openout1 = Customization.aux

LaTeX Font Info:    Checking defaults for OML/cmm/m/it on input line 62.
LaTeX Font Info:    ... okay on input line 62.
LaTeX Font Info:    Checking defaults for OMS/cmsy/m/n on input line 62.
LaTeX Font Info:    ... okay on input line 62.
LaTeX Font Info:    Checking defaults for OT1/cmr/m/n on input line 62.
LaTeX Font Info:    ... okay on input line 62.
LaTeX Font Info:    Checking defaults for T1/cmr/m/n on input line 62.
LaTeX Font Info:    ... okay on input line 62.
LaTeX Font Info:    Checking defaults for TS1/cmr/m/n on input line 62.
LaTeX Font Info:    Trying to load font information for TS1+cmr on input line 6
2.

(C:/Users/Holt/AppData/Local/Programs/MiKTeX/tex/latex/base/ts1cmr.fd
File: ts1cmr.fd 2023/04/13 v2.5m Standard LaTeX font definitions
)
LaTeX Font Info:    ... okay on input line 62.
LaTeX Font Info:    Checking defaults for TU/lmr/m/n on input line 62.
LaTeX Font Info:    ... okay on input line 62.
LaTeX Font Info:    Checking defaults for OMX/cmex/m/n on input line 62.
LaTeX Font Info:    ... okay on input line 62.
LaTeX Font Info:    Checking defaults for U/cmr/m/n on input line 62.
LaTeX Font Info:    ... okay on input line 62.
LaTeX Font Info:    Checking defaults for PD1/pdf/m/n on input line 62.
LaTeX Font Info:    ... okay on input line 62.
LaTeX Font Info:    Checking defaults for PU/pdf/m/n on input line 62.
LaTeX Font Info:    ... okay on input line 62.

(C:/Users/Holt/AppData/Local/Programs/MiKTeX/tex/context/base/mkii/supp-pdf.mki
i
[Loading MPS to PDF converter (version 2006.09.02).]
\scratchcounter=\count329
\scratchdimen=\dimen298
\scratchbox=\box121
\nofMPsegments=\count330
\nofMParguments=\count331
\everyMPshowfont=\toks35
\MPscratchCnt=\count332
\MPscratchDim=\dimen299
\MPnumerator=\count333
\makeMPintoPDFobject=\count334
\everyMPtoPDFconversion=\toks36
)
(C:/Users/Holt/AppData/Local/Programs/MiKTeX/tex/latex/epstopdf-pkg/epstopdf-ba
se.sty
Package: epstopdf-base 2020-01-24 v2.11 Base part for package epstopdf
 (C:/Users/Holt/AppData/Local/Programs/MiKTeX/tex/latex/grfext/grfext.sty
Package: grfext 2019/12/03 v1.3 Manage graphics extensions (HO)
)
Package epstopdf-base Info: Redefining graphics rule for `.eps' on input line 4
85.
Package grfext Info: Graphics extension search list:
(grfext)             [.pdf,.png,.jpg,.mps,.jpeg,.jbig2,.jb2,.PDF,.PNG,.JPG,.JPE
G,.JBIG2,.JB2,.eps]
(grfext)             \AppendGraphicsExtensions on input line 504.

(C:/Users/Holt/AppData/Local/Programs/MiKTeX/tex/latex/00miktex/epstopdf-sys.cf
g
File: epstopdf-sys.cfg 2021/03/18 v2.0 Configuration of epstopdf for MiKTeX
))
\c@literalblock=\count335

*geometry* driver: auto-detecting
*geometry* detected driver: luatex
*geometry* verbose mode - [ preamble ] result:
* driver: luatex
* paper: letterpaper
* layout: <same size as paper>
* layoutoffset:(h,v)=(0.0pt,0.0pt)
* modes: twoside 
* h-part:(L,W,R)=(72.26999pt, 469.75502pt, 72.26999pt)
* v-part:(T,H,B)=(72.26999pt, 650.43001pt, 72.26999pt)
* \paperwidth=614.295pt
* \paperheight=794.96999pt
* \textwidth=469.75502pt
* \textheight=650.43001pt
* \oddsidemargin=0.0pt
* \evensidemargin=0.0pt
* \topmargin=-37.0pt
* \headheight=12.0pt
* \headsep=25.0pt
* \topskip=10.0pt
* \footskip=30.0pt
* \marginparwidth=36.135pt
* \marginparsep=11.0pt
* \columnsep=10.0pt
* \skip\footins=9.0pt plus 4.0pt minus 2.0pt
* \hoffset=0.0pt
* \voffset=0.0pt
* \mag=1000
* \@twocolumnfalse
* \@twosidetrue
* \@mparswitchtrue
* \@reversemarginfalse
* (1in=72.27pt=25.4mm, 1cm=28.453pt)

Package hyperref Info: Link coloring ON on input line 62.
(./Customization.out) (./Customization.out)
\@outlinefile=\write5

\openout5 = Customization.out

Package fontspec Info: Adjusting the maths setup (use [no-math] to avoid
(fontspec)             this).

\symlegacymaths=\mathgroup6
LaTeX Font Info:    Overwriting symbol font `legacymaths' in version `bold'
(Font)                  OT1/cmr/m/n --> OT1/cmr/bx/n on input line 62.
LaTeX Font Info:    Redeclaring math accent \acute on input line 62.
LaTeX Font Info:    Redeclaring math accent \grave on input line 62.
LaTeX Font Info:    Redeclaring math accent \ddot on input line 62.
LaTeX Font Info:    Redeclaring math accent \tilde on input line 62.
LaTeX Font Info:    Redeclaring math accent \bar on input line 62.
LaTeX Font Info:    Redeclaring math accent \breve on input line 62.
LaTeX Font Info:    Redeclaring math accent \check on input line 62.
LaTeX Font Info:    Redeclaring math accent \hat on input line 62.
LaTeX Font Info:    Redeclaring math accent \dot on input line 62.
LaTeX Font Info:    Redeclaring math accent \mathring on input line 62.
LaTeX Font Info:    Redeclaring math symbol \Gamma on input line 62.
LaTeX Font Info:    Redeclaring math symbol \Delta on input line 62.
LaTeX Font Info:    Redeclaring math symbol \Theta on input line 62.
LaTeX Font Info:    Redeclaring math symbol \Lambda on input line 62.
LaTeX Font Info:    Redeclaring math symbol \Xi on input line 62.
LaTeX Font Info:    Redeclaring math symbol \Pi on input line 62.
LaTeX Font Info:    Redeclaring math symbol \Sigma on input line 62.
LaTeX Font Info:    Redeclaring math symbol \Upsilon on input line 62.
LaTeX Font Info:    Redeclaring math symbol \Phi on input line 62.
LaTeX Font Info:    Redeclaring math symbol \Psi on input line 62.
LaTeX Font Info:    Redeclaring math symbol \Omega on input line 62.
LaTeX Font Info:    Redeclaring math symbol \mathdollar on input line 62.
LaTeX Font Info:    Redeclaring symbol font `operators' on input line 62.
LaTeX Font Info:    Encoding `OT1' has changed to `TU' for symbol font
(Font)              `operators' in the math version `normal' on input line 62.
LaTeX Font Info:    Overwriting symbol font `operators' in version `normal'
(Font)                  OT1/cmr/m/n --> TU/lmr/m/n on input line 62.
LaTeX Font Info:    Encoding `OT1' has changed to `TU' for symbol font
(Font)              `operators' in the math version `bold' on input line 62.
LaTeX Font Info:    Overwriting symbol font `operators' in version `bold'
(Font)                  OT1/cmr/bx/n --> TU/lmr/m/n on input line 62.
LaTeX Font Info:    Overwriting symbol font `operators' in version `normal'
(Font)                  TU/lmr/m/n --> TU/lmr/m/n on input line 62.
LaTeX Font Info:    Overwriting math alphabet `\mathit' in version `normal'
(Font)                  OT1/cmr/m/it --> TU/lmr/m/it on input line 62.
LaTeX Font Info:    Overwriting math alphabet `\mathbf' in version `normal'
(Font)                  OT1/cmr/bx/n --> TU/lmr/b/n on input line 62.
LaTeX Font Info:    Overwriting math alphabet `\mathsf' in version `normal'
(Font)                  OT1/cmss/m/n --> TU/lmss/m/n on input line 62.
LaTeX Font Info:    Overwriting math alphabet `\mathtt' in version `normal'
(Font)                  OT1/cmtt/m/n --> TU/CourierNew(0)/m/n on input line 62.

LaTeX Font Info:    Overwriting symbol font `operators' in version `bold'
(Font)                  TU/lmr/m/n --> TU/lmr/b/n on input line 62.
LaTeX Font Info:    Overwriting math alphabet `\mathit' in version `bold'
(Font)                  OT1/cmr/bx/it --> TU/lmr/b/it on input line 62.
LaTeX Font Info:    Overwriting math alphabet `\mathsf' in version `bold'
(Font)                  OT1/cmss/bx/n --> TU/lmss/b/n on input line 62.
LaTeX Font Info:    Overwriting math alphabet `\mathtt' in version `bold'
(Font)                  OT1/cmtt/m/n --> TU/CourierNew(0)/b/n on input line 62.

Package hyperref Info: Option `pageanchor' set `false' on input line 70.
LaTeX Font Info:    Font shape `TU/lmss/bx/it' in size <10> not available
(Font)              Font shape `TU/lmss/bx/sl' tried instead on input line 70.
LaTeX Font Info:    Font shape `TU/lmss/bx/it' in size <17.28> not available
(Font)              Font shape `TU/lmss/bx/sl' tried instead on input line 70.
<<oml.cmap>><<oms.cmap>><<omx.cmap>>
LaTeX Font Info:    Trying to load font information for U+msa on input line 70.

(C:/Users/Holt/AppData/Local/Programs/MiKTeX/tex/latex/amsfonts/umsa.fd
File: umsa.fd 2013/01/14 v3.01 AMS symbols A
)
LaTeX Font Info:    Trying to load font information for U+msb on input line 70.


(C:/Users/Holt/AppData/Local/Programs/MiKTeX/tex/latex/amsfonts/umsb.fd
File: umsb.fd 2013/01/14 v3.01 AMS symbols B
)<<ot1.cmap>> [1

{C:/Users/Holt/AppData/Local/MiKTeX/fonts/map/pdftex/pdftex.map}]
[2


] (./Customization.toc [1

] [2] [3])
\tf@toc=\write6

\openout6 = Customization.toc
 [4]
<logo_virtel_web.png, id=1055, 559.83803pt x 207.64902pt>
File: logo_virtel_web.png Graphic file (type png)
<use logo_virtel_web.png>
Package luatex.def Info: logo_virtel_web.png  used on input line 78.
(luatex.def)             Requested size: 279.91832pt x 103.82425pt.
 [1

<./logo_virtel_web.png>] [2

]
Chapter 1.
[3] [4

]
Chapter 2.
[5] [6

]
Chapter 3.
[7]
<image69.png, id=1093, 386.19281pt x 596.2275pt>
File: image69.png Graphic file (type png)
<use image69.png>
Package luatex.def Info: image69.png  used on input line 254.
(luatex.def)             Requested size: 386.19185pt x 596.22604pt.

Underfull \hbox (badness 10000) in paragraph at lines 254--256
[][] \TU/lmr/m/it/10 Set-tings Panel
 []

[8] [9<./image69.png>]
<image56.png, id=1107, 1436.36626pt x 779.91376pt>
File: image56.png Graphic file (type png)
<use image56.png>
Package luatex.def Info: image56.png  used on input line 289.
(luatex.def)             Requested size: 469.75041pt x 255.06364pt.
 [10<./image56.png>]
<image33.png, id=1115, 1352.05125pt x 93.34875pt>
File: image33.png Graphic file (type png)
<use image33.png>
Package luatex.def Info: image33.png  used on input line 346.
(luatex.def)             Requested size: 469.7591pt x 32.43324pt.
 [11
Missing character: There is no ␣ (U+2423) in font CourierNew:mode=node;script=
latn;language=dflt;!
<./image33.png>]
<image83.png, id=1122, 392.21532pt x 286.06876pt>
File: image83.png Graphic file (type png)
<use image83.png>
Package luatex.def Info: image83.png  used on input line 425.
(luatex.def)             Requested size: 392.21436pt x 286.06805pt.
 [12]
<image84.png, id=1128, 407.27156pt x 42.1575pt>
File: image84.png Graphic file (type png)
<use image84.png>
Package luatex.def Info: image84.png  used on input line 439.
(luatex.def)             Requested size: 407.27055pt x 42.15738pt.
<image85.png, id=1129, 542.025pt x 78.2925pt>
File: image85.png Graphic file (type png)
<use image85.png>
Package luatex.def Info: image85.png  used on input line 445.
(luatex.def)             Requested size: 469.77148pt x 67.85587pt.
 [13<./image83.png><./image84.png><./image85.png>]
[14] [15
Missing character: There is no ␣ (U+2423) in font CourierNew:mode=node;script=
latn;language=dflt;!
] [16

]
Chapter 4.
<image1.png, id=1151, 731.73375pt x 483.30562pt>
File: image1.png Graphic file (type png)
<use image1.png>
Package luatex.def Info: image1.png  used on input line 612.
(luatex.def)             Requested size: 469.75949pt x 310.28062pt.
[17<./image1.png>]
<image2.png, id=1157, 391.4625pt x 594.72188pt>
File: image2.png Graphic file (type png)
<use image2.png>
Package luatex.def Info: image2.png  used on input line 682.
(luatex.def)             Requested size: 293.59615pt x 446.04031pt.
 [18] [19
Missing character: There is no ␣ (U+2423) in font CourierNew:mode=node;script=
latn;language=dflt;!
<./image2.png>] [20]
<image3.png, id=1172, 1008.76875pt x 209.28188pt>
File: image3.png Graphic file (type png)
<use image3.png>
Package luatex.def Info: image3.png  used on input line 779.
(luatex.def)             Requested size: 469.7499pt x 97.45555pt.
<image4.png, id=1173, 1014.79124pt x 213.79875pt>
File: image4.png Graphic file (type png)
<use image4.png>
Package luatex.def Info: image4.png  used on input line 783.
(luatex.def)             Requested size: 469.75168pt x 98.96844pt.
 [21<./image3.png><./image4.png>] [22] [23] [24] [25]
[26
Missing character: There is no ␣ (U+2423) in font CourierNew:mode=node;script=
latn;language=dflt;!
]
<image5.png, id=1201, 794.97pt x 195.73125pt>
File: image5.png Graphic file (type png)
<use image5.png>
Package luatex.def Info: image5.png  used on input line 1200.
(luatex.def)             Requested size: 469.76819pt x 115.65962pt.
 [27]
<image6.png, id=1206, 930.47626pt x 70.01157pt>
File: image6.png Graphic file (type png)
<use image6.png>
Package luatex.def Info: image6.png  used on input line 1242.
(luatex.def)             Requested size: 469.75192pt x 35.34647pt.
 [28<./image5.png><./image6.png>]
<image7.png, id=1213, 927.465pt x 73.02281pt>
File: image7.png Graphic file (type png)
<use image7.png>
Package luatex.def Info: image7.png  used on input line 1253.
(luatex.def)             Requested size: 469.7601pt x 36.98708pt.
 [29
Missing character: There is no ␣ (U+2423) in font CourierNew:mode=node;script=
latn;language=dflt;!
<./image7.png>]
File: image7.png Graphic file (type png)
<use image7.png>
Package luatex.def Info: image7.png  used on input line 1395.
(luatex.def)             Requested size: 469.7601pt x 36.98708pt.
 [30
Missing character: There is no ␣ (U+2423) in font CourierNew:mode=node;script=
latn;language=dflt;!
] [31] [32] [33] [34

]
Chapter 5.
<image26.png, id=1239, 884.55469pt x 713.66624pt>
File: image26.png Graphic file (type png)
<use image26.png>
Package luatex.def Info: image26.png  used on input line 1562.
(luatex.def)             Requested size: 469.75656pt x 379.00357pt.
[35<./image26.png>] [36

]
Chapter 6.
<image27.png, id=1250, 1450.6697pt x 766.36313pt>
File: image27.png Graphic file (type png)
<use image27.png>
Package luatex.def Info: image27.png  used on input line 1583.
(luatex.def)             Requested size: 469.75764pt x 248.15295pt.
[37<./image27.png>] [38]
Chapter 7.
<image29.png, id=1260, 1095.3422pt x 779.91376pt>
File: image29.png Graphic file (type png)
<use image29.png>
Package luatex.def Info: image29.png  used on input line 1689.
(luatex.def)             Requested size: 469.75116pt x 334.47574pt.
[39

] [40<./image29.png>]
<image30.png, id=1269, 1097.60063pt x 784.43062pt>
File: image30.png Graphic file (type png)
<use image30.png>
Package luatex.def Info: image30.png  used on input line 1730.
(luatex.def)             Requested size: 469.74834pt x 335.73059pt.
 [41<./image30.png>]
<image31.png, id=1274, 1077.27469pt x 755.82375pt>
File: image31.png Graphic file (type png)
<use image31.png>
Package luatex.def Info: image31.png  used on input line 1787.
(luatex.def)             Requested size: 469.76137pt x 329.57645pt.
 [42<./image31.png>] [43
Missing character: There is no ␣ (U+2423) in font CourierNew:mode=node;script=
latn;language=dflt;!
] [44] [45
Missing character: There is no ␣ (U+2423) in font CourierNew:mode=node;script=
latn;language=dflt;!
]
<image32.png, id=1292, 1099.85907pt x 781.41937pt>
File: image32.png Graphic file (type png)
<use image32.png>
Package luatex.def Info: image32.png  used on input line 2036.
(luatex.def)             Requested size: 469.7583pt x 333.75024pt.
 [46] [47<./image32.png>] [48

]
Chapter 8.
[49]
<image34.png, id=1309, 523.9575pt x 125.71968pt>
File: image34.png Graphic file (type png)
<use image34.png>
Package luatex.def Info: image34.png  used on input line 2096.
(luatex.def)             Requested size: 469.76653pt x 112.7131pt.
<image35.png, id=1310, 418.56375pt x 414.04688pt>
File: image35.png Graphic file (type png)
<use image35.png>
Package luatex.def Info: image35.png  used on input line 2105.
(luatex.def)             Requested size: 418.56271pt x 414.04585pt.
 [50<./image34.png>]
<image36.png, id=1316, 331.2375pt x 374.90062pt>
File: image36.png Graphic file (type png)
<use image36.png>
Package luatex.def Info: image36.png  used on input line 2125.
(luatex.def)             Requested size: 331.23668pt x 374.8997pt.
 [51<./image35.png>] [52<./image36.png>]
<image37.png, id=1327, 439.6425pt x 387.69844pt>
File: image37.png Graphic file (type png)
<use image37.png>
Package luatex.def Info: image37.png  used on input line 2168.
(luatex.def)             Requested size: 439.64142pt x 387.69748pt.
 [53<./image37.png>]
Overfull \vbox (2.4179pt too high) detected at line 2239
 []

[54]
<image38.png, id=1337, 1445.4pt x 511.15968pt>
File: image38.png Graphic file (type png)
<use image38.png>
Package luatex.def Info: image38.png  used on input line 2249.
(luatex.def)             Requested size: 469.74944pt x 166.12492pt.
 [55<./image38.png>]
<image39.png, id=1343, 284.56313pt x 32.37094pt>
File: image39.png Graphic file (type png)
<use image39.png>
Package luatex.def Info: image39.png  used on input line 2385.
(luatex.def)             Requested size: 284.56242pt x 32.37085pt.
 [56
Missing character: There is no ␣ (U+2423) in font CourierNew:mode=node;script=
latn;language=dflt;!
<./image39.png>]
<image40.png, id=1348, 507.39563pt x 481.04718pt>
File: image40.png Graphic file (type png)
<use image40.png>
Package luatex.def Info: image40.png  used on input line 2394.
(luatex.def)             Requested size: 469.76718pt x 445.37273pt.
<image41.png, id=1349, 419.31656pt x 37.64063pt>
File: image41.png Graphic file (type png)
<use image41.png>
Package luatex.def Info: image41.png  used on input line 2411.
(luatex.def)             Requested size: 419.31552pt x 37.64052pt.
 [57<./image40.png>]
<image42.png, id=1354, 257.46187pt x 279.29344pt>
File: image42.png Graphic file (type png)
<use image42.png>
Package luatex.def Info: image42.png  used on input line 2438.
(luatex.def)             Requested size: 257.46123pt x 279.29276pt.
<image43.png, id=1355, 571.38469pt x 434.37282pt>
File: image43.png Graphic file (type png)
<use image43.png>
Package luatex.def Info: image43.png  used on input line 2447.
(luatex.def)             Requested size: 469.75908pt x 357.1358pt.
 [58
Missing character: There is no ␣ (U+2423) in font CourierNew:mode=node;script=
latn;language=dflt;!
<./image41.png><./image42.png>]
<image44.png, id=1360, 1005.7575pt x 636.12656pt>
File: image44.png Graphic file (type png)
<use image44.png>
Package luatex.def Info: image44.png  used on input line 2473.
(luatex.def)             Requested size: 469.7442pt x 297.10617pt.
 [59<./image43.png>]
<image45.png, id=1365, 536.0025pt x 414.04688pt>
File: image45.png Graphic file (type png)
<use image45.png>
Package luatex.def Info: image45.png  used on input line 2479.
(luatex.def)             Requested size: 469.75348pt x 362.88399pt.
 [60<./image44.png>]
<image46.png, id=1370, 652.68843pt x 515.67656pt>
File: image46.png Graphic file (type png)
<use image46.png>
Package luatex.def Info: image46.png  used on input line 2488.
(luatex.def)             Requested size: 469.77597pt x 371.15306pt.

[61<./image45.png>]
<image47.png, id=1375, 612.78937pt x 542.025pt>
File: image47.png Graphic file (type png)
<use image47.png>
Package luatex.def Info: image47.png  used on input line 2508.
(luatex.def)             Requested size: 469.75478pt x 415.52446pt.
 [62<./image46.png>]
<image48.png, id=1380, 317.68687pt x 465.99094pt>
File: image48.png Graphic file (type png)
<use image48.png>
Package luatex.def Info: image48.png  used on input line 2518.
(luatex.def)             Requested size: 317.68608pt x 465.98979pt.
 [63<./image47.png>] [64<./image48.png>]
<image49.png, id=1389, 657.2053pt x 616.55344pt>
File: image49.png Graphic file (type png)
<use image49.png>
Package luatex.def Info: image49.png  used on input line 2543.
(luatex.def)             Requested size: 469.75783pt x 440.71005pt.
[65<./image49.png>]
<image50.png, id=1395, 551.05875pt x 558.58687pt>
File: image50.png Graphic file (type png)
<use image50.png>
Package luatex.def Info: image50.png  used on input line 2562.
(luatex.def)             Requested size: 469.77272pt x 476.19038pt.
 [66<./image50.png>]
<image51.png, id=1400, 495.35063pt x 486.31688pt>
File: image51.png Graphic file (type png)
<use image51.png>
Package luatex.def Info: image51.png  used on input line 2576.
(luatex.def)             Requested size: 469.75656pt x 461.18958pt.
 [67<./image51.png>]
<image52.png, id=1405, 261.22594pt x 542.77782pt>
File: image52.png Graphic file (type png)
<use image52.png>
Package luatex.def Info: image52.png  used on input line 2609.
(luatex.def)             Requested size: 261.22528pt x 542.77649pt.
 [68] [69<./image52.png>] [70]
Chapter 9.
[71

]
<image53.png, id=1422, 319.94531pt x 367.3725pt>
File: image53.png Graphic file (type png)
<use image53.png>
Package luatex.def Info: image53.png  used on input line 2765.
(luatex.def)             Requested size: 319.94452pt x 367.37158pt.
 [72<./image53.png>]
<image55.png, id=1427, 870.25125pt x 529.98pt>
File: image55.png Graphic file (type png)
<use image55.png>
Package luatex.def Info: image55.png  used on input line 2803.
(luatex.def)             Requested size: 469.76933pt x 286.07979pt.
 [73<./image55.png>]
<image54.png, id=1432, 550.30594pt x 310.15875pt>
File: image54.png Graphic file (type png)
<use image54.png>
Package luatex.def Info: image54.png  used on input line 2831.
(luatex.def)             Requested size: 469.76913pt x 264.75781pt.
 [74<./image54.png>] [75] [76

]
Chapter 10.
[77] [78] [79] [80]
<image18.png, id=1468, 770.88pt x 677.53125pt>
File: image18.png Graphic file (type png)
<use image18.png>
Package luatex.def Info: image18.png  used on input line 3185.
(luatex.def)             Requested size: 469.75385pt x 412.87993pt.
 [81] [82<./image18.png>] [83] [84]
Overfull \vbox (2.35287pt too high) detected at line 3378
 []

[85]
<image19.png, id=1497, 770.88pt x 675.27281pt>
File: image19.png Graphic file (type png)
<use image19.png>
Package luatex.def Info: image19.png  used on input line 3389.
(luatex.def)             Requested size: 469.75385pt x 411.50366pt.
<image20.png, id=1498, 770.88pt x 673.01437pt>
File: image20.png Graphic file (type png)
<use image20.png>
Package luatex.def Info: image20.png  used on input line 3395.
(luatex.def)             Requested size: 469.75385pt x 410.11713pt.
 [86<./image19.png>]
Overfull \vbox (2.07104pt too high) detected at line 3429
 []

[87<./image20.png>] [88]
<image21.png, id=1513, 963.6pt x 647.41875pt>
File: image21.png Graphic file (type png)
<use image21.png>
Package luatex.def Info: image21.png  used on input line 3515.
(luatex.def)             Requested size: 469.75679pt x 315.61783pt.
 [89]
<image22.png, id=1519, 770.88pt x 673.76718pt>
File: image22.png Graphic file (type png)
<use image22.png>
Package luatex.def Info: image22.png  used on input line 3531.
(luatex.def)             Requested size: 469.75385pt x 410.58615pt.
 [90<./image21.png>]
<image23.png, id=1527, 770.88pt x 672.26157pt>
File: image23.png Graphic file (type png)
<use image23.png>
Package luatex.def Info: image23.png  used on input line 3537.
(luatex.def)             Requested size: 469.75385pt x 409.65839pt.
 [91<./image22.png>]
<image24.png, id=1533, 770.88pt x 673.01437pt>
File: image24.png Graphic file (type png)
<use image24.png>
Package luatex.def Info: image24.png  used on input line 3543.
(luatex.def)             Requested size: 469.75385pt x 410.11713pt.
 [92<./image23.png>]
<image25.png, id=1539, 770.88pt x 674.52pt>
File: image25.png Graphic file (type png)
<use image25.png>
Package luatex.def Info: image25.png  used on input line 3549.
(luatex.def)             Requested size: 469.75385pt x 411.0449pt.
 [93<./image24.png>] [94<./image25.png>] [95] [96] [97] [98] [99]
[100

]
Chapter 11.
[101]
Overfull \vbox (0.96997pt too high) detected at line 4084
 []

[102
Missing character: There is no ␣ (U+2423) in font CourierNew:mode=node;script=
latn;language=dflt;!
] [103] [104]
Chapter 12.
[105

]
<image57.png, id=1602, 404.26031pt x 274.77657pt>
File: image57.png Graphic file (type png)
<use image57.png>
Package luatex.def Info: image57.png  used on input line 4210.
(luatex.def)             Requested size: 404.25932pt x 274.77588pt.
<image58.png, id=1604, 410.2828pt x 272.51813pt>
File: image58.png Graphic file (type png)
<use image58.png>
Package luatex.def Info: image58.png  used on input line 4228.
(luatex.def)             Requested size: 410.2818pt x 272.51746pt.
 [106<./image57.png>] [107<./image58.png>] [108]
Chapter 13.
<image70.png, id=1621, 380.17032pt x 116.68594pt>
File: image70.png Graphic file (type png)
<use image70.png>
Package luatex.def Info: image70.png  used on input line 4290.
(luatex.def)             Requested size: 380.16939pt x 116.68564pt.
<image71.png, id=1622, 472.01344pt x 319.94531pt>
File: image71.png Graphic file (type png)
<use image71.png>
Package luatex.def Info: image71.png  used on input line 4302.
(luatex.def)             Requested size: 469.76515pt x 318.42134pt.
[109

<./image70.png>]
<image72.png, id=1628, 505.13719pt x 91.09032pt>
File: image72.png Graphic file (type png)
<use image72.png>
Package luatex.def Info: image72.png  used on input line 4314.
(luatex.def)             Requested size: 469.76503pt x 84.71309pt.
 [110<./image71.png><./image72.png>]
<image73.png, id=1635, 469.755pt x 44.41594pt>
File: image73.png Graphic file (type png)
<use image73.png>
Package luatex.def Info: image73.png  used on input line 4368.
(luatex.def)             Requested size: 469.75386pt x 44.41582pt.
<image74.png, id=1636, 402.75468pt x 51.94406pt>
File: image74.png Graphic file (type png)
<use image74.png>
Package luatex.def Info: image74.png  used on input line 4393.
(luatex.def)             Requested size: 402.7537pt x 51.94392pt.
 [111<./image73.png><./image74.png>]
<image75.png, id=1643, 344.03531pt x 36.88782pt>
File: image75.png Graphic file (type png)
<use image75.png>
Package luatex.def Info: image75.png  used on input line 4413.
(luatex.def)             Requested size: 344.03447pt x 36.88771pt.
<image76.png, id=1644, 542.025pt x 51.19125pt>
File: image76.png Graphic file (type png)
<use image76.png>
Package luatex.def Info: image76.png  used on input line 4436.
(luatex.def)             Requested size: 469.77148pt x 44.36885pt.
 [112
Missing character: There is no ␣ (U+2423) in font CourierNew:mode=node;script=
latn;language=dflt;!
Missing character: There is no ␣ (U+2423) in font CourierNew:mode=node;script=
latn;language=dflt;!
Missing character: There is no ␣ (U+2423) in font CourierNew:mode=node;script=
latn;language=dflt;!
<./image75.png><./image76.png>]
<image77.png, id=1651, 469.755pt x 44.41594pt>
File: image77.png Graphic file (type png)
<use image77.png>
Package luatex.def Info: image77.png  used on input line 4453.
(luatex.def)             Requested size: 469.75386pt x 44.41582pt.
<image78.png, id=1652, 171.64125pt x 29.35968pt>
File: image78.png Graphic file (type png)
<use image78.png>
Package luatex.def Info: image78.png  used on input line 4496.
(luatex.def)             Requested size: 171.64081pt x 29.35959pt.
 [113<./image77.png><./image78.png>]
<image79.png, id=1659, 542.025pt x 244.41313pt>
File: image79.png Graphic file (type png)
<use image79.png>
Package luatex.def Info: image79.png  used on input line 4508.
(luatex.def)             Requested size: 469.77148pt x 211.8284pt.
<image80.png, id=1660, 542.025pt x 244.41313pt>
File: image80.png Graphic file (type png)
<use image80.png>
Package luatex.def Info: image80.png  used on input line 4517.
(luatex.def)             Requested size: 469.77148pt x 211.8284pt.
 [114<./image79.png><./image80.png>]
<image81.png, id=1667, 542.025pt x 131.74219pt>
File: image81.png Graphic file (type png)
<use image81.png>
Package luatex.def Info: image81.png  used on input line 4526.
(luatex.def)             Requested size: 469.77148pt x 114.18256pt.
<image82.png, id=1668, 542.025pt x 241.65282pt>
File: image82.png Graphic file (type png)
<use image82.png>
Package luatex.def Info: image82.png  used on input line 4532.
(luatex.def)             Requested size: 469.77148pt x 209.43979pt.
 [115<./image81.png><./image82.png>]
Underfull \vbox (badness 10000) detected at line 4609
 []


Overfull \vbox (0.56999pt too high) detected at line 4609
 []

[116
Missing character: There is no ␣ (U+2423) in font CourierNew:mode=node;script=
latn;language=dflt;!
Missing character: There is no ␣ (U+2423) in font CourierNew:mode=node;script=
latn;language=dflt;!
Missing character: There is no ␣ (U+2423) in font CourierNew:mode=node;script=
latn;language=dflt;!
Missing character: There is no ␣ (U+2423) in font CourierNew:mode=node;script=
latn;language=dflt;!
Missing character: There is no ␣ (U+2423) in font CourierNew:mode=node;script=
latn;language=dflt;!
Missing character: There is no ␣ (U+2423) in font CourierNew:mode=node;script=
latn;language=dflt;!
]
<image87.png, id=1680, 1062.97125pt x 597.73312pt>
File: image87.png Graphic file (type png)
<use image87.png>
Package luatex.def Info: image87.png  used on input line 4618.
(luatex.def)             Requested size: 469.76869pt x 264.15259pt.

Overfull \vbox (2.54247pt too high) detected at line 4639
 []

[117<./image87.png>] [118]
Underfull \vbox (badness 10000) detected at line 4918
 []

[119
Missing character: There is no ␣ (U+2423) in font CourierNew:mode=node;script=
latn;language=dflt;!
Missing character: There is no ␣ (U+2423) in font CourierNew:mode=node;script=
latn;language=dflt;!
Missing character: There is no ␣ (U+2423) in font CourierNew:mode=node;script=
latn;language=dflt;!
Missing character: There is no ␣ (U+2423) in font CourierNew:mode=node;script=
latn;language=dflt;!
Missing character: There is no ␣ (U+2423) in font CourierNew:mode=node;script=
latn;language=dflt;!
Missing character: There is no ␣ (U+2423) in font CourierNew:mode=node;script=
latn;language=dflt;!
]
Underfull \vbox (badness 10000) detected at line 4918
 []


Overfull \vbox (0.56999pt too high) detected at line 4918
 []

[120
Missing character: There is no ␣ (U+2423) in font CourierNew:mode=node;script=
latn;language=dflt;!
Missing character: There is no ␣ (U+2423) in font CourierNew:mode=node;script=
latn;language=dflt;!
Missing character: There is no ␣ (U+2423) in font CourierNew:mode=node;script=
latn;language=dflt;!
Missing character: There is no ␣ (U+2423) in font CourierNew:mode=node;script=
latn;language=dflt;!
Missing character: There is no ␣ (U+2423) in font CourierNew:mode=node;script=
latn;language=dflt;!
Missing character: There is no ␣ (U+2423) in font CourierNew:mode=node;script=
latn;language=dflt;!
Missing character: There is no ␣ (U+2423) in font CourierNew:mode=node;script=
latn;language=dflt;!
Missing character: There is no ␣ (U+2423) in font CourierNew:mode=node;script=
latn;language=dflt;!
Missing character: There is no ␣ (U+2423) in font CourierNew:mode=node;script=
latn;language=dflt;!
]
Underfull \vbox (badness 10000) detected at line 4918
 []


Overfull \vbox (0.56999pt too high) detected at line 4918
 []

[121
Missing character: There is no ␣ (U+2423) in font CourierNew:mode=node;script=
latn;language=dflt;!
Missing character: There is no ␣ (U+2423) in font CourierNew:mode=node;script=
latn;language=dflt;!
Missing character: There is no ␣ (U+2423) in font CourierNew:mode=node;script=
latn;language=dflt;!
Missing character: There is no ␣ (U+2423) in font CourierNew:mode=node;script=
latn;language=dflt;!
]
Underfull \vbox (badness 10000) detected at line 4918
 []


Overfull \vbox (0.56999pt too high) detected at line 4918
 []

[122
Missing character: There is no ␣ (U+2423) in font CourierNew:mode=node;script=
latn;language=dflt;!
Missing character: There is no ␣ (U+2423) in font CourierNew:mode=node;script=
latn;language=dflt;!
Missing character: There is no ␣ (U+2423) in font CourierNew:mode=node;script=
latn;language=dflt;!
Missing character: There is no ␣ (U+2423) in font CourierNew:mode=node;script=
latn;language=dflt;!
Missing character: There is no ␣ (U+2423) in font CourierNew:mode=node;script=
latn;language=dflt;!
Missing character: There is no ␣ (U+2423) in font CourierNew:mode=node;script=
latn;language=dflt;!
Missing character: There is no ␣ (U+2423) in font CourierNew:mode=node;script=
latn;language=dflt;!
Missing character: There is no ␣ (U+2423) in font CourierNew:mode=node;script=
latn;language=dflt;!
Missing character: There is no ␣ (U+2423) in font CourierNew:mode=node;script=
latn;language=dflt;!
Missing character: There is no ␣ (U+2423) in font CourierNew:mode=node;script=
latn;language=dflt;!
Missing character: There is no ␣ (U+2423) in font CourierNew:mode=node;script=
latn;language=dflt;!
]
Underfull \vbox (badness 10000) detected at line 4918
 []


Overfull \vbox (0.56999pt too high) detected at line 4918
 []

[123
Missing character: There is no ␣ (U+2423) in font CourierNew:mode=node;script=
latn;language=dflt;!
Missing character: There is no ␣ (U+2423) in font CourierNew:mode=node;script=
latn;language=dflt;!
Missing character: There is no ␣ (U+2423) in font CourierNew:mode=node;script=
latn;language=dflt;!
Missing character: There is no ␣ (U+2423) in font CourierNew:mode=node;script=
latn;language=dflt;!
Missing character: There is no ␣ (U+2423) in font CourierNew:mode=node;script=
latn;language=dflt;!
Missing character: There is no ␣ (U+2423) in font CourierNew:mode=node;script=
latn;language=dflt;!
Missing character: There is no ␣ (U+2423) in font CourierNew:mode=node;script=
latn;language=dflt;!
Missing character: There is no ␣ (U+2423) in font CourierNew:mode=node;script=
latn;language=dflt;!
Missing character: There is no ␣ (U+2423) in font CourierNew:mode=node;script=
latn;language=dflt;!
Missing character: There is no ␣ (U+2423) in font CourierNew:mode=node;script=
latn;language=dflt;!
]
Underfull \vbox (badness 10000) detected at line 4918
 []


Overfull \vbox (0.56999pt too high) detected at line 4918
 []

[124
Missing character: There is no ␣ (U+2423) in font CourierNew:mode=node;script=
latn;language=dflt;!
Missing character: There is no ␣ (U+2423) in font CourierNew:mode=node;script=
latn;language=dflt;!
Missing character: There is no ␣ (U+2423) in font CourierNew:mode=node;script=
latn;language=dflt;!
Missing character: There is no ␣ (U+2423) in font CourierNew:mode=node;script=
latn;language=dflt;!
Missing character: There is no ␣ (U+2423) in font CourierNew:mode=node;script=
latn;language=dflt;!
Missing character: There is no ␣ (U+2423) in font CourierNew:mode=node;script=
latn;language=dflt;!
Missing character: There is no ␣ (U+2423) in font CourierNew:mode=node;script=
latn;language=dflt;!
Missing character: There is no ␣ (U+2423) in font CourierNew:mode=node;script=
latn;language=dflt;!
Missing character: There is no ␣ (U+2423) in font CourierNew:mode=node;script=
latn;language=dflt;!
] [125
Missing character: There is no ␣ (U+2423) in font CourierNew:mode=node;script=
latn;language=dflt;!
Missing character: There is no ␣ (U+2423) in font CourierNew:mode=node;script=
latn;language=dflt;!
Missing character: There is no ␣ (U+2423) in font CourierNew:mode=node;script=
latn;language=dflt;!
] [126

]
Chapter 14.
[127] [128]
Chapter 15.
[129

]
<image59.png, id=1735, 417.852pt x 195.129pt>
File: image59.png Graphic file (type png)
<use image59.png>
Package luatex.def Info: image59.png  used on input line 5087.
(luatex.def)             Requested size: 417.85098pt x 195.12851pt.
 [130] [131<./image59.png>]
<image60.png, id=1745, 483.30562pt x 62.73438pt>
File: image60.png Graphic file (type png)
<use image60.png>
Package luatex.def Info: image60.png  used on input line 5172.
(luatex.def)             Requested size: 469.77197pt x 60.9786pt.
 [132
Missing character: There is no ␣ (U+2423) in font CourierNew:mode=node;script=
latn;language=dflt;!
Missing character: There is no ␣ (U+2423) in font CourierNew:mode=node;script=
latn;language=dflt;!
Missing character: There is no ␣ (U+2423) in font CourierNew:mode=node;script=
latn;language=dflt;!
<./image60.png>] [133
Missing character: There is no ␣ (U+2423) in font CourierNew:mode=node;script=
latn;language=dflt;!
Missing character: There is no ␣ (U+2423) in font CourierNew:mode=node;script=
latn;language=dflt;!
Missing character: There is no ␣ (U+2423) in font CourierNew:mode=node;script=
latn;language=dflt;!
Missing character: There is no ␣ (U+2423) in font CourierNew:mode=node;script=
latn;language=dflt;!
]
<image61.png, id=1755, 484.5375pt x 248.6745pt>
File: image61.png Graphic file (type png)
<use image61.png>
Package luatex.def Info: image61.png  used on input line 5256.
(luatex.def)             Requested size: 469.75682pt x 241.08873pt.
 [134
Missing character: There is no ␣ (U+2423) in font CourierNew:mode=node;script=
latn;language=dflt;!
Missing character: There is no ␣ (U+2423) in font CourierNew:mode=node;script=
latn;language=dflt;!
<./image61.png>]
<image62.png, id=1760, 279.0425pt x 297.61188pt>
File: image62.png Graphic file (type png)
<use image62.png>
Package luatex.def Info: image62.png  used on input line 5283.
(luatex.def)             Requested size: 279.04181pt x 297.61115pt.
<image63.png, id=1761, 483.552pt x 240.462pt>
File: image63.png Graphic file (type png)
<use image63.png>
Package luatex.def Info: image63.png  used on input line 5292.
(luatex.def)             Requested size: 469.76796pt x 233.60744pt.
 [135
Missing character: There is no ␣ (U+2423) in font CourierNew:mode=node;script=
latn;language=dflt;!
Missing character: There is no ␣ (U+2423) in font CourierNew:mode=node;script=
latn;language=dflt;!
Missing character: There is no ␣ (U+2423) in font CourierNew:mode=node;script=
latn;language=dflt;!
Missing character: There is no ␣ (U+2423) in font CourierNew:mode=node;script=
latn;language=dflt;!
Missing character: There is no ␣ (U+2423) in font CourierNew:mode=node;script=
latn;language=dflt;!
<./image62.png>]
<image64.png, id=1767, 487.32062pt x 254.9525pt>
File: image64.png Graphic file (type png)
<use image64.png>
Package luatex.def Info: image64.png  used on input line 5304.
(luatex.def)             Requested size: 469.75581pt x 245.77473pt.
<image65.png, id=1768, 665.48625pt x 377.61075pt>
File: image65.png Graphic file (type png)
<use image65.png>
Package luatex.def Info: image65.png  used on input line 5313.
(luatex.def)             Requested size: 469.75682pt x 266.55556pt.
 [136<./image63.png><./image64.png>]
<image66.png, id=1773, 531.78674pt x 555.87675pt>
File: image66.png Graphic file (type png)
<use image66.png>
Package luatex.def Info: image66.png  used on input line 5344.
(luatex.def)             Requested size: 469.75084pt x 491.03061pt.
 [137<./image65.png>]
<image67.png, id=1778, 387.24675pt x 398.6895pt>
File: image67.png Graphic file (type png)
<use image67.png>
Package luatex.def Info: image67.png  used on input line 5353.
(luatex.def)             Requested size: 387.24579pt x 398.68852pt.

[138<./image66.png>]
<image68.png, id=1783, 278.54062pt x 329.23pt>
File: image68.png Graphic file (type png)
<use image68.png>
Package luatex.def Info: image68.png  used on input line 5381.
(luatex.def)             Requested size: 278.53993pt x 329.22919pt.
 [139<./image67.png>] [140<./image68.png>]
Chapter 16.
[141

] [142]
Chapter 17.
[143


Missing character: There is no ␣ (U+2423) in font CourierNew:mode=node;script=
latn;language=dflt;!
Missing character: There is no ␣ (U+2423) in font CourierNew:mode=node;script=
latn;language=dflt;!
Missing character: There is no ␣ (U+2423) in font CourierNew:mode=node;script=
latn;language=dflt;!
] [144]
Chapter 18.
No file Customization.ind.
[145

] (./Customization.aux)
 ***********
LaTeX2e <2023-06-01> patch level 1
L3 programming layer <2023-06-30>
 ***********
Package rerunfilecheck Info: File `Customization.out' has not changed.
(rerunfilecheck)             Checksum: 225F5F76F82F661621EEBEE640B38B45;45445.
)

Here is how much of LuaTeX's memory you used:
 20594 strings out of 477545
 745364,1977958 words of node,token memory allocated
 639 words of node memory still in use:
   6 hlist, 2 vlist, 2 rule, 2 glue, 4 kern, 1 glyph, 19 attribute, 71 glue_spec
, 11 attribute_list, 1 write, 4 pdf_action nodes
   avail lists: 1:2,2:22753,3:2511,4:20812,5:5590,6:316,7:37708,8:53,9:14536,10:
77,11:3451
 40370 multiletter control sequences out of 65536+600000
 78 fonts using 12691143 bytes
 79i,12n,89p,1250b,584s stack positions out of 10000i,1000n,20000p,200000b,200000s
<//?/c:/windows/fonts/couri.ttf><C:/Users/Holt/AppData/Local/Programs/MiKTeX/fon
ts/opentype/public/lm/lmroman8-regular.otf><//?/c:/windows/fonts/courbd.ttf><C:/
Users/Holt/AppData/Local/Programs/MiKTeX/fonts/opentype/public/lm/lmroman10-ital
ic.otf><//?/c:/windows/fonts/cour.ttf><C:/Users/Holt/AppData/Local/Programs/MiKT
eX/fonts/opentype/public/lm/lmroman10-regular.otf><C:/Users/Holt/AppData/Local/P
rograms/MiKTeX/fonts/opentype/public/lm/lmroman10-bold.otf><C:/Users/Holt/AppDat
a/Local/Programs/MiKTeX/fonts/opentype/public/lm/lmsans10-boldoblique.otf><C:/Us
ers/Holt/AppData/Local/Programs/MiKTeX/fonts/opentype/public/lm/lmsans10-bold.ot
f><C:/Users/Holt/AppData/Local/Programs/MiKTeX/fonts/type1/public/amsfonts/cm/cm
mi5.pfb><C:/Users/Holt/AppData/Local/Programs/MiKTeX/fonts/type1/public/amsfonts
/cm/cmsy5.pfb>
Output written on Customization.pdf (151 pages, 5762878 bytes).

PDF statistics: 1892 PDF objects out of 2073 (max. 8388607)
 380 named destinations out of 1000 (max. 131072)
 1749 words of extra memory for PDF output out of 10000 (max. 100000000)

