This is LuaHBTeX, Version 1.17.0 (MiKTeX 23.5) (format=lualatex 2024.5.5)  5 MAY 2024 21:05
 restricted system commands enabled.
**Virtel_Connectivity_Guide.tex
(./Virtel_Connectivity_Guide.tex
LaTeX2e <2023-06-01> patch level 1
L3 programming layer <2023-06-30>
Lua module: luaotfload 2022-10-03 3.23 Lua based OpenType font support
Lua module: lualibs 2022-10-04 2.75 ConTeXt Lua standard libraries.
Lua module: lualibs-extended 2022-10-04 2.75 ConTeXt Lua libraries -- extended c
ollection.
luaotfload | conf : Root cache directory is "C:/Users/Holt/AppData/Local/MiKTeX/
luatex-cache/generic/names".
luaotfload | init : Loading fontloader "fontloader-2022-10-03.lua" from kpse-res
olved path "C:/Users/Holt/AppData/Local/Programs/MiKTeX/tex/luatex/luaotfload/fo
ntloader-2022-10-03.lua".
Lua-only attribute luaotfload@noligature = 1
luaotfload | init : Context OpenType loader version 3.120
Inserting `luaotfload.node_processor' in `pre_linebreak_filter'.
Inserting `luaotfload.node_processor' in `hpack_filter'.
Inserting `luaotfload.glyph_stream' in `glyph_stream_provider'.
Inserting `luaotfload.define_font' in `define_font'.
Lua-only attribute luaotfload_color_attribute = 2
luaotfload | conf : Root cache directory is "C:/Users/Holt/AppData/Local/MiKTeX/
luatex-cache/generic/names".
Inserting `luaotfload.harf.strip_prefix' in `find_opentype_file'.
Inserting `luaotfload.harf.strip_prefix' in `find_truetype_file'.
Removing  `luaotfload.glyph_stream' from `glyph_stream_provider'.
Inserting `luaotfload.harf.glyphstream' in `glyph_stream_provider'.
Inserting `luaotfload.harf.finalize_vlist' in `post_linebreak_filter'.
Inserting `luaotfload.harf.finalize_hlist' in `hpack_filter'.
Inserting `luaotfload.cleanup_files' in `wrapup_run'.
Inserting `luaotfload.harf.finalize_unicode' in `finish_pdffile'.
Inserting `luaotfload.glyphinfo' in `glyph_info'.
Lua-only attribute luaotfload.letterspace_done = 3
Inserting `luaotfload.aux.set_sscale_dimens' in `luaotfload.patch_font'.
Inserting `luaotfload.aux.set_font_index' in `luaotfload.patch_font'.
Inserting `luaotfload.aux.patch_cambria_domh' in `luaotfload.patch_font'.
Inserting `luaotfload.aux.fixup_fontdata' in `luaotfload.patch_font_unsafe'.
Inserting `luaotfload.aux.set_capheight' in `luaotfload.patch_font'.
Inserting `luaotfload.aux.set_xheight' in `luaotfload.patch_font'.
Inserting `luaotfload.rewrite_fontname' in `luaotfload.patch_font'.
Inserting `tracingstacklevels' in `input_level_string'. (./sphinxmanual.cls
Document Class: sphinxmanual 2019/12/01 v2.3.0 Document class (Sphinx manual)
(C:/Users/Holt/AppData/Local/Programs/MiKTeX/tex/latex/base/report.cls
Document Class: report 2023/05/17 v1.4n Standard LaTeX document class
(C:/Users/Holt/AppData/Local/Programs/MiKTeX/tex/latex/base/size10.clo
File: size10.clo 2023/05/17 v1.4n Standard LaTeX file (size option)
luaotfload | db : Font names database loaded from C:/Users/Holt/AppData/Local/Mi
KTeX/luatex-cache/generic/names/luaotfload-names.luc.gz)
\c@part=\count183
\c@chapter=\count184
\c@section=\count185
\c@subsection=\count186
\c@subsubsection=\count187
\c@paragraph=\count188
\c@subparagraph=\count189
\c@figure=\count190
\c@table=\count191
\abovecaptionskip=\skip48
\belowcaptionskip=\skip49
\bibindent=\dimen139
)
LaTeX Info: Redefining \and on input line 35.
)
\sphinxpxdimen=\dimen140

(C:/Users/Holt/AppData/Local/Programs/MiKTeX/tex/latex/cmap/cmap.sty
Package: cmap 2021/02/06 v1.0j CMap support: searchable PDF
)
(C:/Users/Holt/AppData/Local/Programs/MiKTeX/tex/latex/amsmath/amsmath.sty
Package: amsmath 2023/05/13 v2.17o AMS math features
\@mathmargin=\skip50

For additional information on amsmath, use the `?' option.
(C:/Users/Holt/AppData/Local/Programs/MiKTeX/tex/latex/amsmath/amstext.sty
Package: amstext 2021/08/26 v2.01 AMS text

(C:/Users/Holt/AppData/Local/Programs/MiKTeX/tex/latex/amsmath/amsgen.sty
File: amsgen.sty 1999/11/30 v2.0 generic functions
\@emptytoks=\toks17
\ex@=\dimen141
))
(C:/Users/Holt/AppData/Local/Programs/MiKTeX/tex/latex/amsmath/amsbsy.sty
Package: amsbsy 1999/11/29 v1.2d Bold Symbols
\pmbraise@=\dimen142
)
(C:/Users/Holt/AppData/Local/Programs/MiKTeX/tex/latex/amsmath/amsopn.sty
Package: amsopn 2022/04/08 v2.04 operator names
)
\inf@bad=\count192
LaTeX Info: Redefining \frac on input line 236.
\uproot@=\count193
\leftroot@=\count194
LaTeX Info: Redefining \overline on input line 399.
LaTeX Info: Redefining \colon on input line 410.
\classnum@=\count195
\DOTSCASE@=\count196
LaTeX Info: Redefining \ldots on input line 496.
LaTeX Info: Redefining \dots on input line 499.
LaTeX Info: Redefining \cdots on input line 620.
\Mathstrutbox@=\box51
\strutbox@=\box52
LaTeX Info: Redefining \big on input line 722.
LaTeX Info: Redefining \Big on input line 723.
LaTeX Info: Redefining \bigg on input line 724.
LaTeX Info: Redefining \Bigg on input line 725.
\big@size=\dimen143
LaTeX Font Info:    Redeclaring font encoding OML on input line 743.
LaTeX Font Info:    Redeclaring font encoding OMS on input line 744.
\macc@depth=\count197
LaTeX Info: Redefining \bmod on input line 905.
LaTeX Info: Redefining \pmod on input line 910.
LaTeX Info: Redefining \smash on input line 940.
LaTeX Info: Redefining \relbar on input line 970.
LaTeX Info: Redefining \Relbar on input line 971.
\c@MaxMatrixCols=\count198
\dotsspace@=\muskip16
\c@parentequation=\count199
\dspbrk@lvl=\count266
\tag@help=\toks18
\row@=\count267
\column@=\count268
\maxfields@=\count269
\andhelp@=\toks19
\eqnshift@=\dimen144
\alignsep@=\dimen145
\tagshift@=\dimen146
\tagwidth@=\dimen147
\totwidth@=\dimen148
\lineht@=\dimen149
\@envbody=\toks20
\multlinegap=\skip51
\multlinetaggap=\skip52
\mathdisplay@stack=\toks21
LaTeX Info: Redefining \[ on input line 2953.
LaTeX Info: Redefining \] on input line 2954.
)
(C:/Users/Holt/AppData/Local/Programs/MiKTeX/tex/latex/amsfonts/amssymb.sty
Package: amssymb 2013/01/14 v3.01 AMS font symbols

(C:/Users/Holt/AppData/Local/Programs/MiKTeX/tex/latex/amsfonts/amsfonts.sty
Package: amsfonts 2013/01/14 v3.01 Basic AMSFonts support
\symAMSa=\mathgroup4
\symAMSb=\mathgroup5
LaTeX Font Info:    Redeclaring math symbol \hbar on input line 98.
LaTeX Font Info:    Overwriting math alphabet `\mathfrak' in version `bold'
(Font)                  U/euf/m/n --> U/euf/b/n on input line 106.
))
(C:/Users/Holt/AppData/Local/Programs/MiKTeX/tex/generic/babel/babel.sty
Package: babel 2023/07/15 v3.92 The Babel package

(C:/Users/Holt/AppData/Local/Programs/MiKTeX/tex/generic/babel/luababel.def
\bbl@readstream=\read2
\l@afrikaans=\language2
Package babel Info: Non-standard hyphenation setup on input line 118.
\l@ancientgreek=\language3
\l@armenian=\language4
\l@assamese=\language5
\l@basque=\language6
\l@belarusian=\language7
\l@bengali=\language8
\l@bokmal=\language9
\l@bulgarian=\language10
\l@catalan=\language11
\l@churchslavonic=\language12
\l@classiclatin=\language13
\l@coptic=\language14
\l@croatian=\language15
\l@czech=\language16
\l@danish=\language17
\l@dutch=\language18
\l@esperanto=\language19
\l@estonian=\language20
\l@ethiopic=\language21
\l@finnish=\language22
\l@french=\language23
\l@friulan=\language24
\l@galician=\language25
\l@georgian=\language26
\l@german=\language27
\l@greek=\language28
\l@gujarati=\language29
\l@hindi=\language30
\l@hungarian=\language31
\l@icelandic=\language32
\l@indonesian=\language33
\l@interlingua=\language34
\l@irish=\language35
\l@italian=\language36
\l@kannada=\language37
\l@kurmanji=\language38
\l@latin=\language39
\l@latvian=\language40
\l@lithuanian=\language41
\l@liturgicallatin=\language42
\l@macedonian=\language43
\l@malayalam=\language44
\l@marathi=\language45
\l@mongolian=\language46
\l@mongolianlmc=\language47
\l@monogreek=\language48
\l@ngerman=\language49
\l@nynorsk=\language50
\l@occitan=\language51
\l@oriya=\language52
\l@pali=\language53
\l@panjabi=\language54
\l@piedmontese=\language55
\l@polish=\language56
\l@portuguese=\language57
\l@romanian=\language58
\l@romansh=\language59
\l@russian=\language60
\l@sanskrit=\language61
\l@serbian=\language62
\l@serbianc=\language63
\l@slovak=\language64
\l@slovenian=\language65
\l@spanish=\language66
\l@swedish=\language67
\l@swissgerman=\language68
\l@tamil=\language69
\l@telugu=\language70
\l@thai=\language71
\l@turkish=\language72
\l@turkmen=\language73
\l@ukenglish=\language74
\l@ukrainian=\language75
\l@uppersorbian=\language76
\l@usenglishmax=\language77
\l@welsh=\language78
\babelcatcodetablenum=\catcodetable14
\bbl@pattcodes=\catcodetable15
)
\babel@savecnt=\count270
\U@D=\dimen150
\l@unhyphenated=\language79

(C:/Users/Holt/AppData/Local/Programs/MiKTeX/tex/generic/babel/luababel.def
\bbl@attr@locale=\attribute4
)
*************************************
* Local config file bblopts.cfg used
*
(C:/Users/Holt/AppData/Local/Programs/MiKTeX/tex/latex/arabi/bblopts.cfg
File: bblopts.cfg 2005/09/08 v0.1 add Arabic and Farsi to "declared" options of
 babel
)
(C:/Users/Holt/AppData/Local/Programs/MiKTeX/tex/latex/babel-english/english.ld
f
Language: english 2017/06/06 v3.3r English support from the babel system
Package babel Info: Hyphen rules for 'canadian' set to \l@english
(babel)             (\language0). Reported on input line 102.
Package babel Info: Hyphen rules for 'australian' set to \l@ukenglish
(babel)             (\language74). Reported on input line 105.
Package babel Info: Hyphen rules for 'newzealand' set to \l@ukenglish
(babel)             (\language74). Reported on input line 108.
))
(C:/Users/Holt/AppData/Local/Programs/MiKTeX/tex/generic/babel/locale/en/babel-
english.tex
Package babel Info: Importing font and identification data for english
(babel)             from babel-en.ini. Reported on input line 11.
)
(C:/Users/Holt/AppData/Local/Programs/MiKTeX/tex/latex/fncychap/fncychap.sty
Package: fncychap 2007/07/30 v1.34 LaTeX package (Revised chapters)
\RW=\skip53
\mylen=\skip54
\myhi=\skip55
\px=\skip56
\py=\skip57
\pyy=\skip58
\pxx=\skip59
\c@AlphaCnt=\count271
\c@AlphaDecCnt=\count272
)
(./sphinx.sty
Package: sphinx 2023/03/19 v6.2.0 LaTeX package (Sphinx markup)

(C:/Users/Holt/AppData/Local/Programs/MiKTeX/tex/generic/ltxcmds/ltxcmds.sty
Package: ltxcmds 2020-05-10 v1.25 LaTeX kernel commands for general use (HO)
)
(C:/Users/Holt/AppData/Local/Programs/MiKTeX/tex/latex/xcolor/xcolor.sty
Package: xcolor 2022/06/12 v2.14 LaTeX color extensions (UK)

(C:/Users/Holt/AppData/Local/Programs/MiKTeX/tex/latex/graphics-cfg/color.cfg
File: color.cfg 2016/01/02 v1.6 sample color configuration
)
Package xcolor Info: Driver file: luatex.def on input line 227.

(C:/Users/Holt/AppData/Local/Programs/MiKTeX/tex/latex/graphics-def/luatex.def
File: luatex.def 2022/09/22 v1.2d Graphics/color driver for luatex
) (C:/Users/Holt/AppData/Local/Programs/MiKTeX/tex/latex/graphics/mathcolor.ltx
)
Package xcolor Info: Model `cmy' substituted by `cmy0' on input line 1353.
Package xcolor Info: Model `hsb' substituted by `rgb' on input line 1357.
Package xcolor Info: Model `RGB' extended on input line 1369.
Package xcolor Info: Model `HTML' substituted by `rgb' on input line 1371.
Package xcolor Info: Model `Hsb' substituted by `hsb' on input line 1372.
Package xcolor Info: Model `tHsb' substituted by `hsb' on input line 1373.
Package xcolor Info: Model `HSB' substituted by `hsb' on input line 1374.
Package xcolor Info: Model `Gray' substituted by `gray' on input line 1375.
Package xcolor Info: Model `wave' substituted by `hsb' on input line 1376.
)
(C:/Users/Holt/AppData/Local/Programs/MiKTeX/tex/latex/kvoptions/kvoptions.sty
Package: kvoptions 2022-06-15 v3.15 Key value format for package options (HO)

(C:/Users/Holt/AppData/Local/Programs/MiKTeX/tex/latex/graphics/keyval.sty
Package: keyval 2022/05/29 v1.15 key=value parser (DPC)
\KV@toks@=\toks22
)
(C:/Users/Holt/AppData/Local/Programs/MiKTeX/tex/latex/kvsetkeys/kvsetkeys.sty
Package: kvsetkeys 2022-10-05 v1.19 Key value parser (HO)
)) (./sphinxoptionshyperref.sty
File: sphinxoptionshyperref.sty 2021/01/27 hyperref
) (./sphinxoptionsgeometry.sty
File: sphinxoptionsgeometry.sty 2021/01/27 geometry
)
(C:/Users/Holt/AppData/Local/Programs/MiKTeX/tex/latex/base/textcomp.sty
Package: textcomp 2020/02/02 v2.0n Standard LaTeX package
)
(C:/Users/Holt/AppData/Local/Programs/MiKTeX/tex/latex/float/float.sty
Package: float 2001/11/08 v1.3d Float enhancements (AL)
\c@float@type=\count273
\float@exts=\toks23
\float@box=\box53
\@float@everytoks=\toks24
\@floatcapt=\box54
)
(C:/Users/Holt/AppData/Local/Programs/MiKTeX/tex/latex/wrapfig/wrapfig.sty
\wrapoverhang=\dimen151
\WF@size=\dimen152
\c@WF@wrappedlines=\count274
\WF@box=\box55
\WF@everypar=\toks25
Package: wrapfig 2003/01/31  v 3.6
)
(C:/Users/Holt/AppData/Local/Programs/MiKTeX/tex/latex/capt-of/capt-of.sty
Package: capt-of 2009/12/29 v0.2 standard captions outside of floats
)
(C:/Users/Holt/AppData/Local/Programs/MiKTeX/tex/latex/tools/multicol.sty
Package: multicol 2023/03/30 v1.9f multicolumn formatting (FMi)
\c@tracingmulticols=\count275
\mult@box=\box56
\multicol@leftmargin=\dimen153
\c@unbalance=\count276
\c@collectmore=\count277
\doublecol@number=\count278
\multicoltolerance=\count279
\multicolpretolerance=\count280
\full@width=\dimen154
\page@free=\dimen155
\premulticols=\dimen156
\postmulticols=\dimen157
\multicolsep=\skip60
\multicolbaselineskip=\skip61
\partial@page=\box57
\last@line=\box58
\mc@boxedresult=\box59
\maxbalancingoverflow=\dimen158
\mult@rightbox=\box60
\mult@grightbox=\box61
\mult@firstbox=\box62
\mult@gfirstbox=\box63
\@tempa=\box64
\@tempa=\box65
\@tempa=\box66
\@tempa=\box67
\@tempa=\box68
\@tempa=\box69
\@tempa=\box70
\@tempa=\box71
\@tempa=\box72
\@tempa=\box73
\@tempa=\box74
\@tempa=\box75
\@tempa=\box76
\@tempa=\box77
\@tempa=\box78
\@tempa=\box79
\@tempa=\box80
\@tempa=\box81
\@tempa=\box82
\@tempa=\box83
\@tempa=\box84
\@tempa=\box85
\@tempa=\box86
\@tempa=\box87
\@tempa=\box88
\@tempa=\box89
\@tempa=\box90
\@tempa=\box91
\@tempa=\box92
\@tempa=\box93
\@tempa=\box94
\@tempa=\box95
\@tempa=\box96
\@tempa=\box97
\@tempa=\box98
\@tempa=\box99
\c@minrows=\count281
\c@columnbadness=\count282
\c@finalcolumnbadness=\count283
\last@try=\dimen159
\multicolovershoot=\dimen160
\multicolundershoot=\dimen161
\mult@nat@firstbox=\box100
\colbreak@box=\box101
\mc@col@check@num=\count284
)
(C:/Users/Holt/AppData/Local/Programs/MiKTeX/tex/latex/graphics/graphicx.sty
Package: graphicx 2021/09/16 v1.2d Enhanced LaTeX Graphics (DPC,SPQR)

(C:/Users/Holt/AppData/Local/Programs/MiKTeX/tex/latex/graphics/graphics.sty
Package: graphics 2022/03/10 v1.4e Standard LaTeX Graphics (DPC,SPQR)

(C:/Users/Holt/AppData/Local/Programs/MiKTeX/tex/latex/graphics/trig.sty
Package: trig 2021/08/11 v1.11 sin cos tan (DPC)
)
(C:/Users/Holt/AppData/Local/Programs/MiKTeX/tex/latex/graphics-cfg/graphics.cf
g
File: graphics.cfg 2016/06/04 v1.11 sample graphics configuration
)
Package graphics Info: Driver file: luatex.def on input line 107.
)
\Gin@req@height=\dimen162
\Gin@req@width=\dimen163
) (./sphinxlatexgraphics.sty
File: sphinxlatexgraphics.sty 2021/01/27 graphics
\spx@image@maxheight=\dimen164
\spx@image@box=\box102
) (./sphinxpackageboxes.sty
Package: sphinxpackageboxes 2023/03/19 v6.2.0 advanced colored boxes

(C:/Users/Holt/AppData/Local/Programs/MiKTeX/tex/latex/pict2e/pict2e.sty
Package: pict2e 2020/09/30 v0.4b Improved picture commands (HjG,RN,JT)

(C:/Users/Holt/AppData/Local/Programs/MiKTeX/tex/latex/pict2e/pict2e.cfg
File: pict2e.cfg 2016/02/05 v0.1u pict2e configuration for teTeX/TeXLive
)
Package pict2e Info: Driver file: luatex.def on input line 112.
Package pict2e Info: Driver file for pict2e: p2e-luatex.def on input line 114.

(C:/Users/Holt/AppData/Local/Programs/MiKTeX/tex/latex/pict2e/p2e-luatex.def
File: p2e-luatex.def 2016/02/05 v0.1u Driver-dependant file (RN,HjG,JT)
)
\pIIe@GRAPH=\toks26
\@arclen=\dimen165
\@arcrad=\dimen166
\pIIe@tempdima=\dimen167
\pIIe@tempdimb=\dimen168
\pIIe@tempdimc=\dimen169
\pIIe@tempdimd=\dimen170
\pIIe@tempdime=\dimen171
\pIIe@tempdimf=\dimen172
)
(C:/Users/Holt/AppData/Local/Programs/MiKTeX/tex/latex/ellipse/ellipse.sty
Package: ellipse 2004/11/05 v1.0 .dtx ellipse file
)
\@tempdimd=\dimen173
\spx@tempboxa=\box103
\spx@tempboxb=\box104
\spx@boxes@border=\dimen174
\spx@boxes@border@top=\dimen175
\spx@boxes@border@right=\dimen176
\spx@boxes@border@bottom=\dimen177
\spx@boxes@border@left=\dimen178
\spx@boxes@padding@top=\dimen179
\spx@boxes@padding@right=\dimen180
\spx@boxes@padding@bottom=\dimen181
\spx@boxes@padding@left=\dimen182
\spx@boxes@shadow@xoffset=\dimen183
\spx@boxes@shadow@yoffset=\dimen184
\spx@boxes@radius@topleft@x=\dimen185
\spx@boxes@radius@topright@x=\dimen186
\spx@boxes@radius@bottomright@x=\dimen187
\spx@boxes@radius@bottomleft@x=\dimen188
\spx@boxes@radius@topleft@y=\dimen189
\spx@boxes@radius@topright@y=\dimen190
\spx@boxes@radius@bottomright@y=\dimen191
\spx@boxes@radius@bottomleft@y=\dimen192
)
(./sphinxlatexadmonitions.sty
File: sphinxlatexadmonitions.sty 2023/03/19 admonitions

(C:/Users/Holt/AppData/Local/Programs/MiKTeX/tex/latex/framed/framed.sty
Package: framed 2011/10/22 v 0.96: framed or shaded text with page breaks
\OuterFrameSep=\skip62
\fb@frw=\dimen193
\fb@frh=\dimen194
\FrameRule=\dimen195
\FrameSep=\dimen196
)
\spx@notice@border=\dimen197
)
(./sphinxlatexliterals.sty
File: sphinxlatexliterals.sty 2023/04/01 code-blocks and parsed literals

(C:/Users/Holt/AppData/Local/Programs/MiKTeX/tex/latex/fancyvrb/fancyvrb.sty
Package: fancyvrb 2023/01/19 4.5a verbatim text (tvz,hv)
\FV@CodeLineNo=\count285
\FV@InFile=\read3
\FV@TabBox=\box105
\c@FancyVerbLine=\count286
\FV@StepNumber=\count287
\FV@OutFile=\write3
)
(C:/Users/Holt/AppData/Local/Programs/MiKTeX/tex/latex/base/alltt.sty
Package: alltt 2021/01/29 v2.0g defines alltt environment
)
(C:/Users/Holt/AppData/Local/Programs/MiKTeX/tex/latex/upquote/upquote.sty
Package: upquote 2012/04/19 v1.3 upright-quote and grave-accent glyphs in verba
tim
)
(C:/Users/Holt/AppData/Local/Programs/MiKTeX/tex/latex/needspace/needspace.sty
Package: needspace 2010/09/12 v1.3d reserve vertical space
)
\sphinxcontinuationbox=\box106
\sphinxvisiblespacebox=\box107
\sphinxVerbatim@TitleBox=\box108
\sphinxVerbatim@ContentsBox=\box109
) (./sphinxlatexshadowbox.sty
File: sphinxlatexshadowbox.sty 2023/03/19 sphinxShadowBox
) (./sphinxlatexcontainers.sty
File: sphinxlatexcontainers.sty 2021/05/03 containers
)
(./sphinxhighlight.sty
Package: sphinxhighlight 2022/06/30 stylesheet for highlighting with pygments
) (./sphinxlatextables.sty
File: sphinxlatextables.sty 2022/08/15 tables

(C:/Users/Holt/AppData/Local/Programs/MiKTeX/tex/latex/tabulary/tabulary.sty
Package: tabulary 2014/06/11 v0.10 tabulary package (DPC)

(C:/Users/Holt/AppData/Local/Programs/MiKTeX/tex/latex/tools/array.sty
Package: array 2022/09/04 v2.5g Tabular extension package (FMi)
\col@sep=\dimen198
\ar@mcellbox=\box110
\extrarowheight=\dimen199
\NC@list=\toks27
\extratabsurround=\skip63
\backup@length=\skip64
\ar@cellbox=\box111
)
\TY@count=\count288
\TY@linewidth=\dimen256
\tymin=\dimen257
\tymax=\dimen258
\TY@tablewidth=\dimen259
)
(C:/Users/Holt/AppData/Local/Programs/MiKTeX/tex/latex/tools/longtable.sty
Package: longtable 2021-09-01 v4.17 Multi-page Table package (DPC)
\LTleft=\skip65
\LTright=\skip66
\LTpre=\skip67
\LTpost=\skip68
\LTchunksize=\count289
\LTcapwidth=\dimen260
\LT@head=\box112
\LT@firsthead=\box113
\LT@foot=\box114
\LT@lastfoot=\box115
\LT@gbox=\box116
\LT@cols=\count290
\LT@rows=\count291
\c@LT@tables=\count292
\c@LT@chunks=\count293
\LT@p@ftn=\toks28
)
(C:/Users/Holt/AppData/Local/Programs/MiKTeX/tex/latex/varwidth/varwidth.sty
Package: varwidth 2009/03/30 ver 0.92;  Variable-width minipages
\@vwid@box=\box117
\sift@deathcycles=\count294
\@vwid@loff=\dimen261
\@vwid@roff=\dimen262
)
\sphinx@TY@tablewidth=\dimen263

(C:/Users/Holt/AppData/Local/Programs/MiKTeX/tex/latex/colortbl/colortbl.sty
Package: colortbl 2022/06/20 v1.0f Color table columns (DPC)
\everycr=\toks29
\minrowclearance=\skip69
\rownum=\count295
)
(C:/Users/Holt/AppData/Local/Programs/MiKTeX/tex/latex/booktabs/booktabs.sty
Package: booktabs 2020/01/12 v1.61803398 Publication quality tables
\heavyrulewidth=\dimen264
\lightrulewidth=\dimen265
\cmidrulewidth=\dimen266
\belowrulesep=\dimen267
\belowbottomsep=\dimen268
\aboverulesep=\dimen269
\abovetopsep=\dimen270
\cmidrulesep=\dimen271
\cmidrulekern=\dimen272
\defaultaddspace=\dimen273
\@cmidla=\count296
\@cmidlb=\count297
\@aboverulesep=\dimen274
\@belowrulesep=\dimen275
\@thisruleclass=\count298
\@lastruleclass=\count299
\@thisrulewidth=\dimen276
))
(./sphinxlatexnumfig.sty
File: sphinxlatexnumfig.sty 2021/01/27 numbering
) (./sphinxlatexlists.sty
File: sphinxlatexlists.sty 2021/12/20 lists
\spx@lineitemlabel=\toks30
)
\c@sphinxscope=\count300
 (./sphinxpackagefootnote.sty
Package: sphinxpackagefootnote 2022/08/15 v5.3.0 Sphinx custom footnotehyper pa
ckage (Sphinx team)
\FNH@notes=\box118
\FNH@toks=\toks31
\FNH@width=\dimen277
\c@sphinxfootnotemark=\count301
) (./sphinxlatexindbibtoc.sty
File: sphinxlatexindbibtoc.sty 2021/01/27 index, bib., toc

(C:/Users/Holt/AppData/Local/Programs/MiKTeX/tex/latex/base/makeidx.sty
Package: makeidx 2021/10/04 v1.0m Standard LaTeX package
))
(./sphinxlatexstylepage.sty
File: sphinxlatexstylepage.sty 2021/01/27 page styling

(C:/Users/Holt/AppData/Local/Programs/MiKTeX/tex/latex/parskip/parskip.sty
Rollback for package 'parskip' requested -> version 'v1'.
         This corresponds to the release introduced on 2001-04-09.

(C:/Users/Holt/AppData/Local/Programs/MiKTeX/tex/latex/parskip/parskip-2001-04-
09.sty
Package: parskip 2001/04/09 non-zero parskip adjustments
))
(C:/Users/Holt/AppData/Local/Programs/MiKTeX/tex/latex/fancyhdr/fancyhdr.sty
Package: fancyhdr 2022/11/09 v4.1 Extensive control of page headers and footers

\f@nch@headwidth=\skip70
\f@nch@O@elh=\skip71
\f@nch@O@erh=\skip72
\f@nch@O@olh=\skip73
\f@nch@O@orh=\skip74
\f@nch@O@elf=\skip75
\f@nch@O@erf=\skip76
\f@nch@O@olf=\skip77
\f@nch@O@orf=\skip78
))
(./sphinxlatexstyleheadings.sty
File: sphinxlatexstyleheadings.sty 2023/02/11 headings

(C:/Users/Holt/AppData/Local/Programs/MiKTeX/tex/latex/titlesec/titlesec.sty
Package: titlesec 2021/07/05 v2.14 Sectioning titles
\ttl@box=\box119
\beforetitleunit=\skip79
\aftertitleunit=\skip80
\ttl@plus=\dimen278
\ttl@minus=\dimen279
\ttl@toksa=\toks32
\titlewidth=\dimen280
\titlewidthlast=\dimen281
\titlewidthfirst=\dimen282
))
(./sphinxlatexstyletext.sty
File: sphinxlatexstyletext.sty 2023/03/26 text styling
) (./sphinxlatexobjects.sty
File: sphinxlatexobjects.sty 2022/01/13 documentation environments
\sphinxsignaturesep=\skip81
\py@argswidth=\skip82
\lineblockindentation=\skip83
\DUlineblockindent=\skip84
))
(C:/Users/Holt/AppData/Local/Programs/MiKTeX/tex/latex/geometry/geometry.sty
Package: geometry 2020/01/02 v5.9 Page Geometry

(C:/Users/Holt/AppData/Local/Programs/MiKTeX/tex/generic/iftex/ifvtex.sty
Package: ifvtex 2019/10/25 v1.7 ifvtex legacy package. Use iftex instead.

(C:/Users/Holt/AppData/Local/Programs/MiKTeX/tex/generic/iftex/iftex.sty
Package: iftex 2022/02/03 v1.0f TeX engine tests
))
\Gm@cnth=\count302
\Gm@cntv=\count303
\c@Gm@tempcnt=\count304
\Gm@bindingoffset=\dimen283
\Gm@wd@mp=\dimen284
\Gm@odd@mp=\dimen285
\Gm@even@mp=\dimen286
\Gm@layoutwidth=\dimen287
\Gm@layoutheight=\dimen288
\Gm@layouthoffset=\dimen289
\Gm@layoutvoffset=\dimen290
\Gm@dimlist=\toks33

(C:/Users/Holt/AppData/Local/Programs/MiKTeX/tex/latex/geometry/geometry.cfg))
(C:/Users/Holt/AppData/Local/Programs/MiKTeX/tex/latex/hyperref/hyperref.sty
Package: hyperref 2023-07-08 v7.01b Hypertext links for LaTeX

(C:/Users/Holt/AppData/Local/Programs/MiKTeX/tex/generic/pdftexcmds/pdftexcmds.
sty
Package: pdftexcmds 2020-06-27 v0.33 Utility functions of pdfTeX for LuaTeX (HO
)

(C:/Users/Holt/AppData/Local/Programs/MiKTeX/tex/generic/infwarerr/infwarerr.st
y
Package: infwarerr 2019/12/03 v1.5 Providing info/warning/error messages (HO)
)
Package pdftexcmds Info: \pdf@primitive is available.
Package pdftexcmds Info: \pdf@ifprimitive is available.
Package pdftexcmds Info: \pdfdraftmode found.
\pdftexcmds@toks=\toks34
)
(C:/Users/Holt/AppData/Local/Programs/MiKTeX/tex/generic/kvdefinekeys/kvdefinek
eys.sty
Package: kvdefinekeys 2019-12-19 v1.6 Define keys (HO)
)
(C:/Users/Holt/AppData/Local/Programs/MiKTeX/tex/generic/pdfescape/pdfescape.st
y
Package: pdfescape 2019/12/09 v1.15 Implements pdfTeX's escape features (HO)
) (C:/Users/Holt/AppData/Local/Programs/MiKTeX/tex/latex/hycolor/hycolor.sty
Package: hycolor 2020-01-27 v1.10 Color options for hyperref/bookmark (HO)
)
(C:/Users/Holt/AppData/Local/Programs/MiKTeX/tex/latex/letltxmacro/letltxmacro.
sty
Package: letltxmacro 2019/12/03 v1.6 Let assignment for LaTeX macros (HO)
) (C:/Users/Holt/AppData/Local/Programs/MiKTeX/tex/latex/auxhook/auxhook.sty
Package: auxhook 2019-12-17 v1.6 Hooks for auxiliary files (HO)
) (C:/Users/Holt/AppData/Local/Programs/MiKTeX/tex/latex/hyperref/nameref.sty
Package: nameref 2023-08-07 v2.53 Cross-referencing by name of section

(C:/Users/Holt/AppData/Local/Programs/MiKTeX/tex/latex/refcount/refcount.sty
Package: refcount 2019/12/15 v3.6 Data extraction from label references (HO)
)
(C:/Users/Holt/AppData/Local/Programs/MiKTeX/tex/generic/gettitlestring/gettitl
estring.sty
Package: gettitlestring 2019/12/15 v1.6 Cleanup title references (HO)
)
\c@section@level=\count305
)
(C:/Users/Holt/AppData/Local/Programs/MiKTeX/tex/latex/etoolbox/etoolbox.sty
Package: etoolbox 2020/10/05 v2.5k e-TeX tools for LaTeX (JAW)
\etb@tempcnta=\count306
)
\@linkdim=\dimen291
\Hy@linkcounter=\count307
\Hy@pagecounter=\count308

(C:/Users/Holt/AppData/Local/Programs/MiKTeX/tex/latex/hyperref/pd1enc.def
File: pd1enc.def 2023-07-08 v7.01b Hyperref: PDFDocEncoding definition (HO)
)
(C:/Users/Holt/AppData/Local/Programs/MiKTeX/tex/generic/intcalc/intcalc.sty
Package: intcalc 2019/12/15 v1.3 Expandable calculations with integers (HO)
)
\Hy@SavedSpaceFactor=\count309

(C:/Users/Holt/AppData/Local/Programs/MiKTeX/tex/latex/hyperref/puenc.def
File: puenc.def 2023-07-08 v7.01b Hyperref: PDF Unicode definition (HO)
)
Package hyperref Info: Option `unicode' set `true' on input line 4050.
Package hyperref Info: Option `colorlinks' set `true' on input line 4050.
Package hyperref Info: Option `breaklinks' set `true' on input line 4050.
Package hyperref Info: Hyper figures OFF on input line 4167.
Package hyperref Info: Link nesting OFF on input line 4172.
Package hyperref Info: Hyper index ON on input line 4175.
Package hyperref Info: Plain pages OFF on input line 4182.
Package hyperref Info: Backreferencing OFF on input line 4187.
Package hyperref Info: Implicit mode ON; LaTeX internals redefined.
Package hyperref Info: Bookmarks ON on input line 4434.
\c@Hy@tempcnt=\count310

(C:/Users/Holt/AppData/Local/Programs/MiKTeX/tex/latex/url/url.sty
\Urlmuskip=\muskip17
Package: url 2013/09/16  ver 3.4  Verb mode for urls, etc.
)
LaTeX Info: Redefining \url on input line 4772.
\XeTeXLinkMargin=\dimen292

(C:/Users/Holt/AppData/Local/Programs/MiKTeX/tex/generic/bitset/bitset.sty
Package: bitset 2019/12/09 v1.3 Handle bit-vector datatype (HO)

(C:/Users/Holt/AppData/Local/Programs/MiKTeX/tex/generic/bigintcalc/bigintcalc.
sty
Package: bigintcalc 2019/12/15 v1.5 Expandable calculations on big integers (HO
)
))
\Fld@menulength=\count311
\Field@Width=\dimen293
\Fld@charsize=\dimen294
Package hyperref Info: Hyper figures OFF on input line 6051.
Package hyperref Info: Link nesting OFF on input line 6056.
Package hyperref Info: Hyper index ON on input line 6059.
Package hyperref Info: backreferencing OFF on input line 6066.
Package hyperref Info: Link coloring ON on input line 6069.
Package hyperref Info: Link coloring with OCG OFF on input line 6076.
Package hyperref Info: PDF/A mode OFF on input line 6081.

(C:/Users/Holt/AppData/Local/Programs/MiKTeX/tex/latex/base/atbegshi-ltx.sty
Package: atbegshi-ltx 2021/01/10 v1.0c Emulation of the original atbegshi
package with kernel methods
)
\Hy@abspage=\count312
\c@Item=\count313
\c@Hfootnote=\count314
)
Package hyperref Info: Driver (autodetected): hluatex.

(C:/Users/Holt/AppData/Local/Programs/MiKTeX/tex/latex/hyperref/hluatex.def
File: hluatex.def 2023-07-08 v7.01b Hyperref driver for luaTeX

(C:/Users/Holt/AppData/Local/Programs/MiKTeX/tex/generic/stringenc/stringenc.st
y
Package: stringenc 2019/11/29 v1.12 Convert strings between diff. encodings (HO
)
)
(C:/Users/Holt/AppData/Local/Programs/MiKTeX/tex/latex/base/atveryend-ltx.sty
Package: atveryend-ltx 2020/08/19 v1.0a Emulation of the original atveryend pac
kage
with kernel methods
)
\Fld@listcount=\count315
\c@bookmark@seq@number=\count316

(C:/Users/Holt/AppData/Local/Programs/MiKTeX/tex/latex/rerunfilecheck/rerunfile
check.sty
Package: rerunfilecheck 2022-07-10 v1.10 Rerun checks for auxiliary files (HO)

(C:/Users/Holt/AppData/Local/Programs/MiKTeX/tex/generic/uniquecounter/uniqueco
unter.sty
Package: uniquecounter 2019/12/15 v1.4 Provide unlimited unique counter (HO)
)
Package uniquecounter Info: New unique counter `rerunfilecheck' on input line 2
85.
)
\Hy@SectionHShift=\skip85
)
(C:/Users/Holt/AppData/Local/Programs/MiKTeX/tex/latex/oberdiek/hypcap.sty
Package: hypcap 2016/05/16 v1.12 Adjusting the anchors of captions (HO)
)
(./sphinxmessages.sty
Package: sphinxmessages 2019/01/04 v2.0 Localized LaTeX macros (Sphinx team)
)
(C:/Users/Holt/AppData/Local/Programs/MiKTeX/tex/latex/fontspec/fontspec.sty
(C:/Users/Holt/AppData/Local/Programs/MiKTeX/tex/latex/l3packages/xparse/xparse
.sty (C:/Users/Holt/AppData/Local/Programs/MiKTeX/tex/latex/l3kernel/expl3.sty
Package: expl3 2023-06-30 L3 programming layer (loader) 

(C:/Users/Holt/AppData/Local/Programs/MiKTeX/tex/latex/l3backend/l3backend-luat
ex.def
File: l3backend-luatex.def 2023-04-19 L3 backend support: PDF output (LuaTeX)
\l__color_backend_stack_int=\count317
Inserting `l3color' in `luaotfload.parse_color'.
\l__pdf_internal_box=\box120
))
Package: xparse 2023-02-02 L3 Experimental document command parser
)
Package: fontspec 2022/01/15 v2.8a Font selection for XeLaTeX and LuaLaTeX
Lua module: fontspec 2022/01/15 2.8a Font selection for XeLaTeX and LuaLaTeX
(C:/Users/Holt/AppData/Local/Programs/MiKTeX/tex/latex/fontspec/fontspec-luatex
.sty
Package: fontspec-luatex 2022/01/15 v2.8a Font selection for XeLaTeX and LuaLaT
eX
\l__fontspec_script_int=\count318
\l__fontspec_language_int=\count319
\l__fontspec_strnum_int=\count320
\l__fontspec_tmp_int=\count321
\l__fontspec_tmpa_int=\count322
\l__fontspec_tmpb_int=\count323
\l__fontspec_tmpc_int=\count324
\l__fontspec_em_int=\count325
\l__fontspec_emdef_int=\count326
\l__fontspec_strong_int=\count327
\l__fontspec_strongdef_int=\count328
\l__fontspec_tmpa_dim=\dimen295
\l__fontspec_tmpb_dim=\dimen296
\l__fontspec_tmpc_dim=\dimen297
 (C:/Users/Holt/AppData/Local/Programs/MiKTeX/tex/latex/base/fontenc.sty
Package: fontenc 2021/04/29 v2.0v Standard LaTeX package
)
(C:/Users/Holt/AppData/Local/Programs/MiKTeX/tex/latex/fontspec/fontspec.cfg)))
luaotfload | cache : Lookup cache loaded from C:/Users/Holt/AppData/Local/MiKTeX
/luatex-cache/generic/names/luaotfload-lookup-cache.luc.
luaotfload | aux : font no 23 (nil) does not define feature smcp for script latn
 with language dflt
luaotfload | aux : font no 24 (nil) does not define feature smcp for script latn
 with language dflt
luaotfload | aux : font no 25 (nil) does not define feature smcp for script latn
 with language dflt
luaotfload | aux : font no 26 (nil) does not define feature smcp for script latn
 with language dflt

Package fontspec Info: Font family 'CourierNew(0)' created for font 'Courier
(fontspec)             New' with options
(fontspec)             [WordSpace={1,0,0},HyphenChar=None,PunctuationSpace=Word
Space].
(fontspec)              
(fontspec)              This font family consists of the following NFSS
(fontspec)             series/shapes:
(fontspec)              
(fontspec)             - 'normal' (m/n) with NFSS spec.:
(fontspec)             <->"CourierNew:mode=node;script=latn;language=dflt;"
(fontspec)             - 'small caps'  (m/sc) with NFSS spec.: 
(fontspec)             and font adjustment code:
(fontspec)             \fontdimen 2\font =1\fontdimen 2\font \fontdimen 3\font
(fontspec)             =0\fontdimen 3\font \fontdimen 4\font =0\fontdimen
(fontspec)             4\font \fontdimen 7\font =0\fontdimen 2\font
(fontspec)             \tex_hyphenchar:D \font =-1\scan_stop: 
(fontspec)             - 'bold' (b/n) with NFSS spec.:
(fontspec)             <->"CourierNew/B:mode=node;script=latn;language=dflt;"
(fontspec)             - 'bold small caps'  (b/sc) with NFSS spec.: 
(fontspec)             and font adjustment code:
(fontspec)             \fontdimen 2\font =1\fontdimen 2\font \fontdimen 3\font
(fontspec)             =0\fontdimen 3\font \fontdimen 4\font =0\fontdimen
(fontspec)             4\font \fontdimen 7\font =0\fontdimen 2\font
(fontspec)             \tex_hyphenchar:D \font =-1\scan_stop: 
(fontspec)             - 'italic' (m/it) with NFSS spec.:
(fontspec)             <->"CourierNew/I:mode=node;script=latn;language=dflt;"
(fontspec)             - 'italic small caps'  (m/scit) with NFSS spec.: 
(fontspec)             and font adjustment code:
(fontspec)             \fontdimen 2\font =1\fontdimen 2\font \fontdimen 3\font
(fontspec)             =0\fontdimen 3\font \fontdimen 4\font =0\fontdimen
(fontspec)             4\font \fontdimen 7\font =0\fontdimen 2\font
(fontspec)             \tex_hyphenchar:D \font =-1\scan_stop: 
(fontspec)             - 'bold italic' (b/it) with NFSS spec.:
(fontspec)             <->"CourierNew/BI:mode=node;script=latn;language=dflt;"
(fontspec)             - 'bold italic small caps'  (b/scit) with NFSS spec.: 
(fontspec)             and font adjustment code:
(fontspec)             \fontdimen 2\font =1\fontdimen 2\font \fontdimen 3\font
(fontspec)             =0\fontdimen 3\font \fontdimen 4\font =0\fontdimen
(fontspec)             4\font \fontdimen 7\font =0\fontdimen 2\font
(fontspec)             \tex_hyphenchar:D \font =-1\scan_stop: 

\@indexfile=\write4

\openout4 = Virtel_Connectivity_Guide.idx
Writing index file Virtel_Connectivity_Guide.idx
(./Virtel_Connectivity_Guide.aux)
\openout1 = Virtel_Connectivity_Guide.aux

LaTeX Font Info:    Checking defaults for OML/cmm/m/it on input line 62.
LaTeX Font Info:    ... okay on input line 62.
LaTeX Font Info:    Checking defaults for OMS/cmsy/m/n on input line 62.
LaTeX Font Info:    ... okay on input line 62.
LaTeX Font Info:    Checking defaults for OT1/cmr/m/n on input line 62.
LaTeX Font Info:    ... okay on input line 62.
LaTeX Font Info:    Checking defaults for T1/cmr/m/n on input line 62.
LaTeX Font Info:    ... okay on input line 62.
LaTeX Font Info:    Checking defaults for TS1/cmr/m/n on input line 62.
LaTeX Font Info:    Trying to load font information for TS1+cmr on input line 6
2.

(C:/Users/Holt/AppData/Local/Programs/MiKTeX/tex/latex/base/ts1cmr.fd
File: ts1cmr.fd 2023/04/13 v2.5m Standard LaTeX font definitions
)
LaTeX Font Info:    ... okay on input line 62.
LaTeX Font Info:    Checking defaults for TU/lmr/m/n on input line 62.
LaTeX Font Info:    ... okay on input line 62.
LaTeX Font Info:    Checking defaults for OMX/cmex/m/n on input line 62.
LaTeX Font Info:    ... okay on input line 62.
LaTeX Font Info:    Checking defaults for U/cmr/m/n on input line 62.
LaTeX Font Info:    ... okay on input line 62.
LaTeX Font Info:    Checking defaults for PD1/pdf/m/n on input line 62.
LaTeX Font Info:    ... okay on input line 62.
LaTeX Font Info:    Checking defaults for PU/pdf/m/n on input line 62.
LaTeX Font Info:    ... okay on input line 62.

(C:/Users/Holt/AppData/Local/Programs/MiKTeX/tex/context/base/mkii/supp-pdf.mki
i
[Loading MPS to PDF converter (version 2006.09.02).]
\scratchcounter=\count329
\scratchdimen=\dimen298
\scratchbox=\box121
\nofMPsegments=\count330
\nofMParguments=\count331
\everyMPshowfont=\toks35
\MPscratchCnt=\count332
\MPscratchDim=\dimen299
\MPnumerator=\count333
\makeMPintoPDFobject=\count334
\everyMPtoPDFconversion=\toks36
)
(C:/Users/Holt/AppData/Local/Programs/MiKTeX/tex/latex/epstopdf-pkg/epstopdf-ba
se.sty
Package: epstopdf-base 2020-01-24 v2.11 Base part for package epstopdf
 (C:/Users/Holt/AppData/Local/Programs/MiKTeX/tex/latex/grfext/grfext.sty
Package: grfext 2019/12/03 v1.3 Manage graphics extensions (HO)
)
Package epstopdf-base Info: Redefining graphics rule for `.eps' on input line 4
85.
Package grfext Info: Graphics extension search list:
(grfext)             [.pdf,.png,.jpg,.mps,.jpeg,.jbig2,.jb2,.PDF,.PNG,.JPG,.JPE
G,.JBIG2,.JB2,.eps]
(grfext)             \AppendGraphicsExtensions on input line 504.

(C:/Users/Holt/AppData/Local/Programs/MiKTeX/tex/latex/00miktex/epstopdf-sys.cf
g
File: epstopdf-sys.cfg 2021/03/18 v2.0 Configuration of epstopdf for MiKTeX
))
\c@literalblock=\count335

*geometry* driver: auto-detecting
*geometry* detected driver: luatex
*geometry* verbose mode - [ preamble ] result:
* driver: luatex
* paper: letterpaper
* layout: <same size as paper>
* layoutoffset:(h,v)=(0.0pt,0.0pt)
* modes: twoside 
* h-part:(L,W,R)=(72.26999pt, 469.75502pt, 72.26999pt)
* v-part:(T,H,B)=(72.26999pt, 650.43001pt, 72.26999pt)
* \paperwidth=614.295pt
* \paperheight=794.96999pt
* \textwidth=469.75502pt
* \textheight=650.43001pt
* \oddsidemargin=0.0pt
* \evensidemargin=0.0pt
* \topmargin=-37.0pt
* \headheight=12.0pt
* \headsep=25.0pt
* \topskip=10.0pt
* \footskip=30.0pt
* \marginparwidth=36.135pt
* \marginparsep=11.0pt
* \columnsep=10.0pt
* \skip\footins=9.0pt plus 4.0pt minus 2.0pt
* \hoffset=0.0pt
* \voffset=0.0pt
* \mag=1000
* \@twocolumnfalse
* \@twosidetrue
* \@mparswitchtrue
* \@reversemarginfalse
* (1in=72.27pt=25.4mm, 1cm=28.453pt)

Package hyperref Info: Link coloring ON on input line 62.
(./Virtel_Connectivity_Guide.out) (./Virtel_Connectivity_Guide.out)
\@outlinefile=\write5

\openout5 = Virtel_Connectivity_Guide.out

Package fontspec Info: Adjusting the maths setup (use [no-math] to avoid
(fontspec)             this).

\symlegacymaths=\mathgroup6
LaTeX Font Info:    Overwriting symbol font `legacymaths' in version `bold'
(Font)                  OT1/cmr/m/n --> OT1/cmr/bx/n on input line 62.
LaTeX Font Info:    Redeclaring math accent \acute on input line 62.
LaTeX Font Info:    Redeclaring math accent \grave on input line 62.
LaTeX Font Info:    Redeclaring math accent \ddot on input line 62.
LaTeX Font Info:    Redeclaring math accent \tilde on input line 62.
LaTeX Font Info:    Redeclaring math accent \bar on input line 62.
LaTeX Font Info:    Redeclaring math accent \breve on input line 62.
LaTeX Font Info:    Redeclaring math accent \check on input line 62.
LaTeX Font Info:    Redeclaring math accent \hat on input line 62.
LaTeX Font Info:    Redeclaring math accent \dot on input line 62.
LaTeX Font Info:    Redeclaring math accent \mathring on input line 62.
LaTeX Font Info:    Redeclaring math symbol \Gamma on input line 62.
LaTeX Font Info:    Redeclaring math symbol \Delta on input line 62.
LaTeX Font Info:    Redeclaring math symbol \Theta on input line 62.
LaTeX Font Info:    Redeclaring math symbol \Lambda on input line 62.
LaTeX Font Info:    Redeclaring math symbol \Xi on input line 62.
LaTeX Font Info:    Redeclaring math symbol \Pi on input line 62.
LaTeX Font Info:    Redeclaring math symbol \Sigma on input line 62.
LaTeX Font Info:    Redeclaring math symbol \Upsilon on input line 62.
LaTeX Font Info:    Redeclaring math symbol \Phi on input line 62.
LaTeX Font Info:    Redeclaring math symbol \Psi on input line 62.
LaTeX Font Info:    Redeclaring math symbol \Omega on input line 62.
LaTeX Font Info:    Redeclaring math symbol \mathdollar on input line 62.
LaTeX Font Info:    Redeclaring symbol font `operators' on input line 62.
LaTeX Font Info:    Encoding `OT1' has changed to `TU' for symbol font
(Font)              `operators' in the math version `normal' on input line 62.
LaTeX Font Info:    Overwriting symbol font `operators' in version `normal'
(Font)                  OT1/cmr/m/n --> TU/lmr/m/n on input line 62.
LaTeX Font Info:    Encoding `OT1' has changed to `TU' for symbol font
(Font)              `operators' in the math version `bold' on input line 62.
LaTeX Font Info:    Overwriting symbol font `operators' in version `bold'
(Font)                  OT1/cmr/bx/n --> TU/lmr/m/n on input line 62.
LaTeX Font Info:    Overwriting symbol font `operators' in version `normal'
(Font)                  TU/lmr/m/n --> TU/lmr/m/n on input line 62.
LaTeX Font Info:    Overwriting math alphabet `\mathit' in version `normal'
(Font)                  OT1/cmr/m/it --> TU/lmr/m/it on input line 62.
LaTeX Font Info:    Overwriting math alphabet `\mathbf' in version `normal'
(Font)                  OT1/cmr/bx/n --> TU/lmr/b/n on input line 62.
LaTeX Font Info:    Overwriting math alphabet `\mathsf' in version `normal'
(Font)                  OT1/cmss/m/n --> TU/lmss/m/n on input line 62.
LaTeX Font Info:    Overwriting math alphabet `\mathtt' in version `normal'
(Font)                  OT1/cmtt/m/n --> TU/CourierNew(0)/m/n on input line 62.

LaTeX Font Info:    Overwriting symbol font `operators' in version `bold'
(Font)                  TU/lmr/m/n --> TU/lmr/b/n on input line 62.
LaTeX Font Info:    Overwriting math alphabet `\mathit' in version `bold'
(Font)                  OT1/cmr/bx/it --> TU/lmr/b/it on input line 62.
LaTeX Font Info:    Overwriting math alphabet `\mathsf' in version `bold'
(Font)                  OT1/cmss/bx/n --> TU/lmss/b/n on input line 62.
LaTeX Font Info:    Overwriting math alphabet `\mathtt' in version `bold'
(Font)                  OT1/cmtt/m/n --> TU/CourierNew(0)/b/n on input line 62.

Package hyperref Info: Option `pageanchor' set `false' on input line 70.
LaTeX Font Info:    Font shape `TU/lmss/bx/it' in size <10> not available
(Font)              Font shape `TU/lmss/bx/sl' tried instead on input line 70.
LaTeX Font Info:    Font shape `TU/lmss/bx/it' in size <17.28> not available
(Font)              Font shape `TU/lmss/bx/sl' tried instead on input line 70.
<<oml.cmap>><<oms.cmap>><<omx.cmap>>
LaTeX Font Info:    Trying to load font information for U+msa on input line 70.


(C:/Users/Holt/AppData/Local/Programs/MiKTeX/tex/latex/amsfonts/umsa.fd
File: umsa.fd 2013/01/14 v3.01 AMS symbols A
)
LaTeX Font Info:    Trying to load font information for U+msb on input line 70.


(C:/Users/Holt/AppData/Local/Programs/MiKTeX/tex/latex/amsfonts/umsb.fd
File: umsb.fd 2013/01/14 v3.01 AMS symbols B
)<<ot1.cmap>> [1

{C:/Users/Holt/AppData/Local/MiKTeX/fonts/map/pdftex/pdftex.map}]
[2


] (./Virtel_Connectivity_Guide.toc [1

] [2] [3] [4] [5])
\tf@toc=\write6

\openout6 = Virtel_Connectivity_Guide.toc
 [6]
<logo_virtel_web.png, id=1438, 559.83803pt x 207.64902pt>
File: logo_virtel_web.png Graphic file (type png)
<use logo_virtel_web.png>
Package luatex.def Info: logo_virtel_web.png  used on input line 78.
(luatex.def)             Requested size: 279.91832pt x 103.82425pt.
 [1

<./logo_virtel_web.png>] [2

]
Chapter 1.
<image76.png, id=1451, 963.6pt x 650.43pt>
File: image76.png Graphic file (type png)
<use image76.png>
Package luatex.def Info: image76.png  used on input line 153.
(luatex.def)             Requested size: 469.75679pt x 317.08583pt.
<image77.png, id=1452, 963.6pt x 650.43pt>
[3<./image76.png>]
File: image77.png Graphic file (type png)
<use image77.png>
Package luatex.def Info: image77.png  used on input line 159.
(luatex.def)             Requested size: 433.616pt x 292.6908pt.
<image78.png, id=1460, 963.6pt x 650.43pt>
File: image78.png Graphic file (type png)
<use image78.png>
Package luatex.def Info: image78.png  used on input line 165.
(luatex.def)             Requested size: 433.616pt x 292.6908pt.
 [4<./image77.png><./image78.png>]
<image79.png, id=1465, 1445.4pt x 804.75656pt>
File: image79.png Graphic file (type png)
<use image79.png>
Package luatex.def Info: image79.png  used on input line 188.
(luatex.def)             Requested size: 433.62335pt x 241.42883pt.
<image80.png, id=1466, 1445.4pt x 804.75656pt>
File: image80.png Graphic file (type png)
<use image80.png>
Package luatex.def Info: image80.png  used on input line 194.
(luatex.def)             Requested size: 433.62335pt x 241.42883pt.
 [5<./image79.png><./image80.png>]
<image81.png, id=1472, 1445.4pt x 804.75656pt>
File: image81.png Graphic file (type png)
<use image81.png>
Package luatex.def Info: image81.png  used on input line 210.
(luatex.def)             Requested size: 433.62335pt x 241.42883pt.
 [6<./image81.png>]
<image69.png, id=1478, 883.3pt x 993.7125pt>
File: image69.png Graphic file (type png)
<use image69.png>
Package luatex.def Info: image69.png  used on input line 247.
(luatex.def)             Requested size: 469.75067pt x 528.48465pt.
 [7] [8<./image69.png>] [9]
<image70.png, id=1492, 1445.4pt x 804.75656pt>
File: image70.png Graphic file (type png)
<use image70.png>
Package luatex.def Info: image70.png  used on input line 294.
(luatex.def)             Requested size: 469.74944pt x 261.54279pt.
 [10<./image70.png>]
<image71.png, id=1497, 1445.4pt x 804.75656pt>
File: image71.png Graphic file (type png)
<use image71.png>
Package luatex.def Info: image71.png  used on input line 327.
(luatex.def)             Requested size: 469.74944pt x 261.54279pt.

[11<./image71.png>]
<image72.png, id=1502, 1445.4pt x 804.75656pt>
File: image72.png Graphic file (type png)
<use image72.png>
Package luatex.def Info: image72.png  used on input line 364.
(luatex.def)             Requested size: 469.74944pt x 261.54279pt.
 [12<./image72.png>]
<image73.png, id=1508, 1445.4pt x 804.75656pt>
File: image73.png Graphic file (type png)
<use image73.png>
Package luatex.def Info: image73.png  used on input line 391.
(luatex.def)             Requested size: 469.74944pt x 261.54279pt.
 [13<./image73.png>]
<image74.png, id=1514, 1445.4pt x 804.75656pt>
File: image74.png Graphic file (type png)
<use image74.png>
Package luatex.def Info: image74.png  used on input line 398.
(luatex.def)             Requested size: 469.74944pt x 261.54279pt.
 [14<./image74.png>] [15
Missing character: There is no ␣ (U+2423) in font CourierNew:mode=node;script=
latn;language=dflt;!
Missing character: There is no ␣ (U+2423) in font CourierNew:mode=node;script=
latn;language=dflt;!
Missing character: There is no ␣ (U+2423) in font CourierNew:mode=node;script=
latn;language=dflt;!
Missing character: There is no ␣ (U+2423) in font CourierNew:mode=node;script=
latn;language=dflt;!
]
<image75.png, id=1525, 1003.75pt x 1043.9pt>
File: image75.png Graphic file (type png)
<use image75.png>
Package luatex.def Info: image75.png  used on input line 464.
(luatex.def)             Requested size: 469.75618pt x 488.54642pt.
 [16<./image75.png>] [17]
Underfull \vbox (badness 10000) detected at line 620
 []


Underfull \vbox (badness 10000) detected at line 620
 []

[18]
Underfull \vbox (badness 10000) detected at line 620
 []


Overfull \vbox (0.56999pt too high) detected at line 620
 []

[19] [20]
<image1.png, id=1547, 969.6225pt x 654.94687pt>
File: image1.png Graphic file (type png)
<use image1.png>
Package luatex.def Info: image1.png  used on input line 645.
(luatex.def)             Requested size: 469.43782pt x 290.16626pt.

Underfull \hbox (badness 10000) in paragraph at lines 645--647
[][]
 []

[21<./image1.png>]
<image2.png, id=1552, 1437.87187pt x 828.84656pt>
File: image2.png Graphic file (type png)
<use image2.png>
Package luatex.def Info: image2.png  used on input line 661.
(luatex.def)             Requested size: 469.43102pt x 290.16388pt.

Underfull \hbox (badness 10000) in paragraph at lines 661--663
[][]
 []

[22<./image2.png>]
<image3.png, id=1557, 1443.14156pt x 826.58812pt>
File: image3.png Graphic file (type png)
<use image3.png>
Package luatex.def Info: image3.png  used on input line 680.
(luatex.def)             Requested size: 469.43384pt x 290.16783pt.

Underfull \hbox (badness 10000) in paragraph at lines 680--682
[][]
 []

[23<./image3.png>]
<image132.png, id=1563, 1061.46562pt x 579.66562pt>
File: image132.png Graphic file (type png)
<use image132.png>
Package luatex.def Info: image132.png  used on input line 742.
(luatex.def)             Requested size: 469.75116pt x 256.53076pt.
<image133.png, id=1564, 1062.21844pt x 596.2275pt>
File: image133.png Graphic file (type png)
<use image133.png>
Package luatex.def Info: image133.png  used on input line 754.
(luatex.def)             Requested size: 469.76016pt x 263.67827pt.
 [24<./image132.png>]
<image134.png, id=1569, 1445.4pt x 780.66656pt>
File: image134.png Graphic file (type png)
<use image134.png>
Package luatex.def Info: image134.png  used on input line 764.
(luatex.def)             Requested size: 469.74944pt x 253.71362pt.
 [25<./image133.png><./image134.png>]
[26

]
Chapter 2.
[27]
<image4.png, id=1584, 1445.4pt x 804.75656pt>
File: image4.png Graphic file (type png)
<use image4.png>
Package luatex.def Info: image4.png  used on input line 803.
(luatex.def)             Requested size: 469.74944pt x 261.54279pt.
 [28<./image4.png>] [29]
<image5.png, id=1593, 1444.64719pt x 856.70062pt>
File: image5.png Graphic file (type png)
<use image5.png>
Package luatex.def Info: image5.png  used on input line 862.
(luatex.def)             Requested size: 469.74725pt x 278.56819pt.
 [30<./image5.png>] [31] [32] [33] [34] [35]
[36]
<image57.png, id=1625, 1318.9275pt x 736.25063pt>
File: image57.png Graphic file (type png)
<use image57.png>
Package luatex.def Info: image57.png  used on input line 1319.
(luatex.def)             Requested size: 469.74199pt x 262.23022pt.
 [37<./image57.png>]
<image6.png, id=1630, 1445.4pt x 804.75656pt>
File: image6.png Graphic file (type png)
<use image6.png>
Package luatex.def Info: image6.png  used on input line 1332.
(luatex.def)             Requested size: 469.74944pt x 261.54279pt.
 [38<./image6.png>]
<image7.png, id=1637, 1435.61343pt x 830.35219pt>
File: image7.png Graphic file (type png)
<use image7.png>
Package luatex.def Info: image7.png  used on input line 1427.
(luatex.def)             Requested size: 469.74516pt x 271.69843pt.
 [39]
<image8.png, id=1644, 1442.38875pt x 848.4197pt>
File: image8.png Graphic file (type png)
<use image8.png>
Package luatex.def Info: image8.png  used on input line 1431.
(luatex.def)             Requested size: 469.7392pt x 276.31569pt.
<image9.png, id=1645, 1445.4pt x 859.71187pt>
File: image9.png Graphic file (type png)
<use image9.png>
Package luatex.def Info: image9.png  used on input line 1435.
(luatex.def)             Requested size: 469.74944pt x 279.40305pt.
 [40<./image7.png><./image8.png>]
<image10.png, id=1650, 1445.4pt x 829.59938pt>
File: image10.png Graphic file (type png)
<use image10.png>
Package luatex.def Info: image10.png  used on input line 1439.
(luatex.def)             Requested size: 469.74944pt x 269.61661pt.
<image11.png, id=1651, 1445.4pt x 858.95906pt>
File: image11.png Graphic file (type png)
<use image11.png>
Package luatex.def Info: image11.png  used on input line 1443.
(luatex.def)             Requested size: 469.74944pt x 279.15839pt.
 [41<./image9.png><./image10.png>] [42<./image11.png>]
<image15.png, id=1660, 1327.96124pt x 774.64406pt>
File: image15.png Graphic file (type png)
<use image15.png>
Package luatex.def Info: image15.png  used on input line 1527.
(luatex.def)             Requested size: 469.75784pt x 274.0254pt.
 [43] [44<./image15.png>]
<image16.png, id=1670, 968.86969pt x 654.94687pt>
File: image16.png Graphic file (type png)
<use image16.png>
Package luatex.def Info: image16.png  used on input line 1589.
(luatex.def)             Requested size: 469.7534pt x 317.54892pt.
 [45<./image16.png>] [46]
<image17.png, id=1679, 1320.43312pt x 743.02594pt>
File: image17.png Graphic file (type png)
<use image17.png>
Package luatex.def Info: image17.png  used on input line 1671.
(luatex.def)             Requested size: 469.75438pt x 264.33727pt.
 [47<./image17.png>] [48]
<image18.png, id=1688, 1321.18594pt x 738.50906pt>
File: image18.png Graphic file (type png)
<use image18.png>
Package luatex.def Info: image18.png  used on input line 1759.
(luatex.def)             Requested size: 469.76012pt x 262.57259pt.
 [49<./image18.png>]
<image19.png, id=1693, 1327.20844pt x 737.75626pt>
File: image19.png Graphic file (type png)
<use image19.png>
Package luatex.def Info: image19.png  used on input line 1811.
(luatex.def)             Requested size: 469.7548pt x 261.12292pt.

[50<./image19.png>]
<image20.png, id=1698, 1326.45563pt x 737.00343pt>
File: image20.png Graphic file (type png)
<use image20.png>
Package luatex.def Info: image20.png  used on input line 1852.
(luatex.def)             Requested size: 469.75148pt x 261.00266pt.
<image21.png, id=1699, 1327.96124pt x 740.0147pt>
File: image21.png Graphic file (type png)
<use image21.png>
Package luatex.def Info: image21.png  used on input line 1883.
(luatex.def)             Requested size: 469.75784pt x 261.77548pt.
 [51<./image20.png>] [52<./image21.png>] [53]
<image24.png, id=1714, 967.36406pt x 651.93562pt>
File: image24.png Graphic file (type png)
<use image24.png>
Package luatex.def Info: image24.png  used on input line 2089.
(luatex.def)             Requested size: 469.76143pt x 316.5863pt.
 [54<./image24.png>]
<image25.png, id=1719, 964.35281pt x 651.93562pt>
File: image25.png Graphic file (type png)
<use image25.png>
Package luatex.def Info: image25.png  used on input line 2158.
(luatex.def)             Requested size: 469.75592pt x 317.58107pt.
 [55<./image25.png>] [56]
<image26.png, id=1728, 1325.70282pt x 740.0147pt>
File: image26.png Graphic file (type png)
<use image26.png>
Package luatex.def Info: image26.png  used on input line 2204.
(luatex.def)             Requested size: 469.74785pt x 262.21587pt.
 [57<./image26.png>]
<image27.png, id=1733, 1318.9275pt x 745.28438pt>
File: image27.png Graphic file (type png)
<use image27.png>
Package luatex.def Info: image27.png  used on input line 2286.
(luatex.def)             Requested size: 469.74199pt x 265.4364pt.
 [58<./image27.png>] [59]
<image28.png, id=1742, 1327.20844pt x 740.0147pt>
File: image28.png Graphic file (type png)
<use image28.png>
Package luatex.def Info: image28.png  used on input line 2312.
(luatex.def)             Requested size: 469.7548pt x 261.92229pt.

[60<./image28.png>]
<image29.png, id=1747, 1324.95pt x 739.26187pt>
File: image29.png Graphic file (type png)
<use image29.png>
Package luatex.def Info: image29.png  used on input line 2365.
(luatex.def)             Requested size: 469.74393pt x 262.09575pt.
 [61<./image29.png>]
<image30.png, id=1752, 1324.95pt x 739.26187pt>
File: image30.png Graphic file (type png)
<use image30.png>
Package luatex.def Info: image30.png  used on input line 2412.
(luatex.def)             Requested size: 469.74393pt x 262.09575pt.
 [62<./image30.png>]
Overfull \hbox (8.16pt too wide) in paragraph at lines 2522--2522
[]\TU/lmss/m/n/10 Bytes 
 []


Overfull \hbox (8.16pt too wide) detected at line 2522
[]\TU/lmss/m/n/10 Bytes 
 []


Overfull \hbox (10.81958pt too wide) in paragraph at lines 2522--2522
[]\TU/lmss/m/n/10 Length 
 []


Overfull \hbox (10.81958pt too wide) detected at line 2522
[]\TU/lmss/m/n/10 Length 
 []


Overfull \hbox (8.16pt too wide) in paragraph at lines 2590--2590
[]\TU/lmss/m/n/10 Bytes 
 []


Overfull \hbox (8.16pt too wide) detected at line 2590
[]\TU/lmss/m/n/10 Bytes 
 []


Overfull \hbox (10.81958pt too wide) in paragraph at lines 2590--2590
[]\TU/lmss/m/n/10 Length 
 []


Overfull \hbox (10.81958pt too wide) detected at line 2590
[]\TU/lmss/m/n/10 Length 
 []

[63] [64]
<image31.png, id=1766, 1324.95pt x 744.53156pt>
File: image31.png Graphic file (type png)
<use image31.png>
Package luatex.def Info: image31.png  used on input line 2613.
(luatex.def)             Requested size: 469.74393pt x 263.97542pt.
 [65<./image31.png>]
<image32.png, id=1771, 1321.93875pt x 738.50906pt>
File: image32.png Graphic file (type png)
<use image32.png>
Package luatex.def Info: image32.png  used on input line 2672.
(luatex.def)             Requested size: 469.7454pt x 262.4261pt.
 [66<./image32.png>]
<image33.png, id=1776, 1334.73656pt x 736.25063pt>
File: image33.png Graphic file (type png)
<use image33.png>
Package luatex.def Info: image33.png  used on input line 2685.
(luatex.def)             Requested size: 469.75133pt x 259.12956pt.
 [67<./image33.png>]
<image34.png, id=1781, 1320.43312pt x 735.49782pt>
File: image34.png Graphic file (type png)
<use image34.png>
Package luatex.def Info: image34.png  used on input line 2791.
(luatex.def)             Requested size: 469.75438pt x 261.65909pt.
<image35.png, id=1782, 1321.18594pt x 737.75626pt>
File: image35.png Graphic file (type png)
<use image35.png>
Package luatex.def Info: image35.png  used on input line 2800.
(luatex.def)             Requested size: 469.76012pt x 262.30493pt.
 [68<./image34.png>] [69<./image35.png>]
<image36.png, id=1791, 1327.20844pt x 738.50906pt>
File: image36.png Graphic file (type png)
<use image36.png>
Package luatex.def Info: image36.png  used on input line 2813.
(luatex.def)             Requested size: 469.7548pt x 261.38937pt.
 [70<./image36.png>]
<image37.png, id=1796, 1321.18594pt x 737.75626pt>
File: image37.png Graphic file (type png)
<use image37.png>
Package luatex.def Info: image37.png  used on input line 2878.
(luatex.def)             Requested size: 469.76012pt x 262.30493pt.
 [71<./image37.png>] [72]
<image22.png, id=1805, 966.61125pt x 651.93562pt>
File: image22.png Graphic file (type png)
<use image22.png>
Package luatex.def Info: image22.png  used on input line 2941.
(luatex.def)             Requested size: 469.74985pt x 316.83499pt.

[73<./image22.png>]
<image23.png, id=1811, 965.85844pt x 652.68843pt>
File: image23.png Graphic file (type png)
<use image23.png>
Package luatex.def Info: image23.png  used on input line 3027.
(luatex.def)             Requested size: 469.75244pt x 317.44984pt.
 [74] [75<./image23.png>] [76]
<image38.png, id=1824, 1324.19719pt x 740.0147pt>
File: image38.png Graphic file (type png)
<use image38.png>
Package luatex.def Info: image38.png  used on input line 3099.
(luatex.def)             Requested size: 469.7397pt x 262.52074pt.
 [77<./image38.png>]
<image39.png, id=1829, 1321.93875pt x 738.50906pt>
File: image39.png Graphic file (type png)
<use image39.png>
Package luatex.def Info: image39.png  used on input line 3142.
(luatex.def)             Requested size: 469.7454pt x 262.4261pt.
 [78<./image39.png>] [79]
<image40.png, id=1838, 1324.95pt x 736.25063pt>
File: image40.png Graphic file (type png)
<use image40.png>
Package luatex.def Info: image40.png  used on input line 3189.
(luatex.def)             Requested size: 469.74393pt x 261.03938pt.
 [80<./image40.png>]
<image41.png, id=1843, 1321.18594pt x 736.25063pt>
File: image41.png Graphic file (type png)
<use image41.png>
Package luatex.def Info: image41.png  used on input line 3232.
(luatex.def)             Requested size: 469.76012pt x 261.78085pt.
 [81<./image41.png>]
<image42.png, id=1848, 1324.19719pt x 737.00343pt>
File: image42.png Graphic file (type png)
<use image42.png>
Package luatex.def Info: image42.png  used on input line 3278.
(luatex.def)             Requested size: 469.7397pt x 261.44124pt.
 [82<./image42.png>]
<image43.png, id=1853, 1321.93875pt x 737.00343pt>
File: image43.png Graphic file (type png)
<use image43.png>
Package luatex.def Info: image43.png  used on input line 3342.
(luatex.def)             Requested size: 469.7454pt x 261.89108pt.

[83<./image43.png>] [84
Missing character: There is no ␣ (U+2423) in font CourierNew:mode=node;script=
latn;language=dflt;!
] [85
Missing character: There is no ␣ (U+2423) in font CourierNew:mode=node;script=
latn;language=dflt;!
Missing character: There is no ␣ (U+2423) in font CourierNew:mode=node;script=
latn;language=dflt;!
Missing character: There is no ␣ (U+2423) in font CourierNew:mode=node;script=
latn;language=dflt;!
] [86] [87
Missing character: There is no ␣ (U+2423) in font CourierNew:mode=node;script=
latn;language=dflt;!
Missing character: There is no ␣ (U+2423) in font CourierNew:mode=node;script=
latn;language=dflt;!
]
<image44.png, id=1875, 1320.43312pt x 737.00343pt>
File: image44.png Graphic file (type png)
<use image44.png>
Package luatex.def Info: image44.png  used on input line 3571.
(luatex.def)             Requested size: 469.75438pt x 262.19472pt.
 [88<./image44.png>]
<image45.png, id=1880, 1318.9275pt x 737.00343pt>
File: image45.png Graphic file (type png)
<use image45.png>
Package luatex.def Info: image45.png  used on input line 3633.
(luatex.def)             Requested size: 469.74199pt x 262.4871pt.
 [89<./image45.png>] [90] [91
Missing character: There is no ␣ (U+2423) in font CourierNew:mode=node;script=
latn;language=dflt;!
Missing character: There is no ␣ (U+2423) in font CourierNew:mode=node;script=
latn;language=dflt;!
] [92]
<image46.png, id=1899, 1321.93875pt x 736.25063pt>
File: image46.png Graphic file (type png)
<use image46.png>
Package luatex.def Info: image46.png  used on input line 3800.
(luatex.def)             Requested size: 469.7454pt x 261.6348pt.
 [93<./image46.png>]
<image47.png, id=1905, 1321.18594pt x 737.00343pt>
File: image47.png Graphic file (type png)
<use image47.png>
Package luatex.def Info: image47.png  used on input line 3857.
(luatex.def)             Requested size: 469.76012pt x 262.03728pt.
 [94<./image47.png>] [95]
<image48.png, id=1914, 1321.18594pt x 736.25063pt>
File: image48.png Graphic file (type png)
<use image48.png>
Package luatex.def Info: image48.png  used on input line 3912.
(luatex.def)             Requested size: 469.76012pt x 261.78085pt.
 [96<./image48.png>]
<image49.png, id=1919, 1319.68031pt x 737.00343pt>
File: image49.png Graphic file (type png)
<use image49.png>
Package luatex.def Info: image49.png  used on input line 3968.
(luatex.def)             Requested size: 469.74834pt x 262.34091pt.

[97<./image49.png>] [98]
<image50.png, id=1928, 1318.17468pt x 736.25063pt>
File: image50.png Graphic file (type png)
<use image50.png>
Package luatex.def Info: image50.png  used on input line 4017.
(luatex.def)             Requested size: 469.75546pt x 262.37627pt.
 [99<./image50.png>]
<image51.png, id=1933, 1320.43312pt x 737.75626pt>
File: image51.png Graphic file (type png)
<use image51.png>
Package luatex.def Info: image51.png  used on input line 4084.
(luatex.def)             Requested size: 469.75438pt x 262.46254pt.
<image52.png, id=1934, 1315.91624pt x 736.25063pt>
File: image52.png Graphic file (type png)
<use image52.png>
Package luatex.def Info: image52.png  used on input line 4088.
(luatex.def)             Requested size: 469.7538pt x 262.83687pt.
 [100<./image51.png>]
<image53.png, id=1939, 1319.68031pt x 737.75626pt>
File: image53.png Graphic file (type png)
<use image53.png>
Package luatex.def Info: image53.png  used on input line 4095.
(luatex.def)             Requested size: 469.74834pt x 262.60887pt.
 [101<./image52.png><./image53.png>]
<image54.png, id=1945, 1320.43312pt x 737.75626pt>
File: image54.png Graphic file (type png)
<use image54.png>
Package luatex.def Info: image54.png  used on input line 4132.
(luatex.def)             Requested size: 469.75438pt x 262.46254pt.
 [102]
<image55.png, id=1951, 1318.9275pt x 737.75626pt>
File: image55.png Graphic file (type png)
<use image55.png>
Package luatex.def Info: image55.png  used on input line 4136.
(luatex.def)             Requested size: 469.74199pt x 262.75522pt.
<image56.png, id=1952, 1318.17468pt x 737.00343pt>
File: image56.png Graphic file (type png)
<use image56.png>
Package luatex.def Info: image56.png  used on input line 4140.
(luatex.def)             Requested size: 469.75546pt x 262.64455pt.
 [103<./image54.png><./image55.png>] [104
Missing character: There is no ␣ (U+2423) in font CourierNew:mode=node;script=
latn;language=dflt;!
Missing character: There is no ␣ (U+2423) in font CourierNew:mode=node;script=
latn;language=dflt;!
<./image56.png>] [105] [106]
Chapter 3.
<image58.png, id=1982, 1320.43312pt x 737.75626pt>
File: image58.png Graphic file (type png)
<use image58.png>
Package luatex.def Info: image58.png  used on input line 4287.
(luatex.def)             Requested size: 469.75438pt x 262.46254pt.
[107

<./image58.png>]
<image59.png, id=1988, 1318.17468pt x 737.00343pt>
File: image59.png Graphic file (type png)
<use image59.png>
Package luatex.def Info: image59.png  used on input line 4355.
(luatex.def)             Requested size: 469.75546pt x 262.64455pt.
 [108] [109<./image59.png>] [110] [111] [112]
Chapter 4.
<image67.png, id=2009, 1336.995pt x 755.82375pt>
File: image67.png Graphic file (type png)
<use image67.png>
Package luatex.def Info: image67.png  used on input line 4564.
(luatex.def)             Requested size: 469.75053pt x 265.55717pt.
[113

] [114<./image67.png>]
<image68.png, id=2019, 1338.50063pt x 755.07094pt>
File: image68.png Graphic file (type png)
<use image68.png>
Package luatex.def Info: image68.png  used on input line 4607.
(luatex.def)             Requested size: 469.74852pt x 264.99312pt.
 [115<./image68.png>] [116] [117] [118] [119]
[120

]
Chapter 5.
[121] [122]
<image60.png, id=2053, 1320.43312pt x 736.25063pt>
File: image60.png Graphic file (type png)
<use image60.png>
Package luatex.def Info: image60.png  used on input line 4953.
(luatex.def)             Requested size: 469.75438pt x 261.9269pt.
 [123<./image60.png>]
<image61.png, id=2059, 1320.43312pt x 737.00343pt>
File: image61.png Graphic file (type png)
<use image61.png>
Package luatex.def Info: image61.png  used on input line 4999.
(luatex.def)             Requested size: 469.75438pt x 262.19472pt.
 [124<./image61.png>] [125] [126] [127]
[128]
Chapter 6.
<image62.png, id=2080, 1320.43312pt x 736.25063pt>
File: image62.png Graphic file (type png)
<use image62.png>
Package luatex.def Info: image62.png  used on input line 5262.
(luatex.def)             Requested size: 469.75438pt x 261.9269pt.
[129

<./image62.png>] [130]
<image63.png, id=2089, 1319.68031pt x 737.75626pt>
File: image63.png Graphic file (type png)
<use image63.png>
Package luatex.def Info: image63.png  used on input line 5334.
(luatex.def)             Requested size: 469.74834pt x 262.60887pt.
<image64.png, id=2090, 1443.14156pt x 779.91376pt>
File: image64.png Graphic file (type png)
<use image64.png>
Package luatex.def Info: image64.png  used on input line 5338.
(luatex.def)             Requested size: 469.74213pt x 253.86168pt.
 [131<./image63.png><./image64.png>] [132] [133]
[134] [135] [136]
Chapter 7.

Underfull \hbox (badness 10000) in paragraph at lines 5700--5700
[]\TU/lmss/m/n/10 Com-
 []

[137

]
Underfull \hbox (badness 10000) in paragraph at lines 5939--5939
[]\TU/lmr/m/n/10 &*xxr-rcc where xx is: F1-F9=PF1-PF9, 7A-7C=PF10-PF12,
 []


Underfull \hbox (badness 10000) in paragraph at lines 5939--5939
[]\TU/lmr/m/n/10 Write pre-ced-ing char-ac-ter
 []

[138] [139] [140] [141] [142] [143
Missing character: There is no ␣ (U+2423) in font CourierNew:mode=node;script=
latn;language=dflt;!
] [144

]
Chapter 8.
<image65.png, id=2156, 1336.995pt x 756.57657pt>
File: image65.png Graphic file (type png)
<use image65.png>
Package luatex.def Info: image65.png  used on input line 6212.
(luatex.def)             Requested size: 469.75053pt x 265.82167pt.
[145] [146<./image65.png>]
<image66.png, id=2165, 1335.48938pt x 754.31813pt>
File: image66.png Graphic file (type png)
<use image66.png>
Package luatex.def Info: image66.png  used on input line 6256.
(luatex.def)             Requested size: 469.75137pt x 265.32744pt.
 [147<./image66.png>] [148
Missing character: There is no ␣ (U+2423) in font CourierNew:mode=node;script=
latn;language=dflt;!
Missing character: There is no ␣ (U+2423) in font CourierNew:mode=node;script=
latn;language=dflt;!
] [149] [150]
Chapter 9.
[151

] [152] [153] [154] [155]
<image125.png, id=2203, 1446.90562pt x 779.91376pt>
File: image125.png Graphic file (type png)
<use image125.png>
Package luatex.def Info: image125.png  used on input line 6755.
(luatex.def)             Requested size: 469.75305pt x 253.20715pt.
<image126.png, id=2204, 1444.64719pt x 810.77907pt>
File: image126.png Graphic file (type png)
<use image126.png>
Package luatex.def Info: image126.png  used on input line 6765.
(luatex.def)             Requested size: 469.74725pt x 263.64853pt.
 [156<./image125.png>]
<image127.png, id=2210, 1422.0628pt x 769.37437pt>
File: image127.png Graphic file (type png)
<use image127.png>
Package luatex.def Info: image127.png  used on input line 6772.
(luatex.def)             Requested size: 469.75955pt x 254.1526pt.
<image128.png, id=2211, 1443.14156pt x 813.0375pt>
File: image128.png Graphic file (type png)
<use image128.png>
Package luatex.def Info: image128.png  used on input line 6779.
(luatex.def)             Requested size: 469.74213pt x 264.64345pt.
 [157<./image126.png><./image127.png>] [158
Missing character: There is no ␣ (U+2423) in font CourierNew:mode=node;script=
latn;language=dflt;!
Missing character: There is no ␣ (U+2423) in font CourierNew:mode=node;script=
latn;language=dflt;!
<./image128.png>] [159] [160] [161] [162]
Chapter 10.
[163

]
<image91.png, id=2249, 737.00343pt x 568.37344pt>
File: image91.png Graphic file (type png)
<use image91.png>
Package luatex.def Info: image91.png  used on input line 7141.
(luatex.def)             Requested size: 373.39272pt x 287.94128pt.
 [164]
<image92.png, id=2255, 743.02594pt x 566.115pt>
File: image92.png Graphic file (type png)
<use image92.png>
Package luatex.def Info: image92.png  used on input line 7150.
(luatex.def)             Requested size: 373.40544pt x 284.49937pt.
 [165<./image91.png><./image92.png>]
<image93.png, id=2261, 742.27313pt x 564.60938pt>
File: image93.png Graphic file (type png)
<use image93.png>
Package luatex.def Info: image93.png  used on input line 7185.
(luatex.def)             Requested size: 453.00116pt x 344.54044pt.
 [166<./image93.png>]
<image12.png, id=2267, 1334.73656pt x 752.8125pt>
File: image12.png Graphic file (type png)
<use image12.png>
Package luatex.def Info: image12.png  used on input line 7231.
(luatex.def)             Requested size: 469.75133pt x 264.95865pt.
 [167]
<image13.png, id=2272, 1343.0175pt x 755.82375pt>
File: image13.png Graphic file (type png)
<use image13.png>
Package luatex.def Info: image13.png  used on input line 7238.
(luatex.def)             Requested size: 469.75578pt x 264.36928pt.
<image14.png, id=2273, 1343.77031pt x 697.8572pt>
File: image14.png Graphic file (type png)
<use image14.png>
Package luatex.def Info: image14.png  used on input line 7245.
(luatex.def)             Requested size: 469.75253pt x 243.95552pt.

[168<./image12.png><./image13.png>] [169<./image14.png>]
<image129.png, id=2282, 413.29407pt x 209.28188pt>
File: image129.png Graphic file (type png)
<use image129.png>
Package luatex.def Info: image129.png  used on input line 7300.
(luatex.def)             Requested size: 413.29305pt x 209.28134pt.
 [170]
<image130.png, id=2287, 414.04688pt x 211.54031pt>
File: image130.png Graphic file (type png)
<use image130.png>
Package luatex.def Info: image130.png  used on input line 7309.
(luatex.def)             Requested size: 414.04585pt x 211.53978pt.
 [171<./image129.png><./image130.png>]
<image131.png, id=2294, 411.78844pt x 210.7875pt>
File: image131.png Graphic file (type png)
<use image131.png>
Package luatex.def Info: image131.png  used on input line 7325.
(luatex.def)             Requested size: 411.78741pt x 210.78699pt.
 [172<./image131.png>] [173]
<image121.png, id=2307, 1446.15282pt x 784.43062pt>
File: image121.png Graphic file (type png)
<use image121.png>
Package luatex.def Info: image121.png  used on input line 7408.
(luatex.def)             Requested size: 469.75137pt x 254.80527pt.
<image122.png, id=2308, 1443.89438pt x 775.39688pt>
File: image122.png Graphic file (type png)
<use image122.png>
Package luatex.def Info: image122.png  used on input line 7415.
(luatex.def)             Requested size: 469.74481pt x 252.26129pt.
 [174<./image121.png>]
<image123.png, id=2314, 1445.4pt x 770.88pt>
File: image123.png Graphic file (type png)
<use image123.png>
Package luatex.def Info: image123.png  used on input line 7438.
(luatex.def)             Requested size: 469.74944pt x 250.53304pt.

[175<./image122.png>]
<image124.png, id=2321, 1445.4pt x 812.28468pt>
File: image124.png Graphic file (type png)
<use image124.png>
Package luatex.def Info: image124.png  used on input line 7451.
(luatex.def)             Requested size: 469.74944pt x 263.9894pt.
 [176<./image123.png>] [177<./image124.png>]
<image135.png, id=2334, 455.45157pt x 246.9225pt>
File: image135.png Graphic file (type png)
<use image135.png>
Package luatex.def Info: image135.png  used on input line 7508.
(luatex.def)             Requested size: 455.45045pt x 246.92188pt.

Underfull \hbox (badness 10000) in paragraph at lines 7508--7510
[][]
 []

[178
Missing character: There is no ␣ (U+2423) in font CourierNew:mode=node;script=
latn;language=dflt;!
Missing character: There is no ␣ (U+2423) in font CourierNew:mode=node;script=
latn;language=dflt;!
]
<image136.png, id=2340, 455.45157pt x 255.95625pt>
File: image136.png Graphic file (type png)
<use image136.png>
Package luatex.def Info: image136.png  used on input line 7515.
(luatex.def)             Requested size: 455.45045pt x 255.95561pt.

Underfull \hbox (badness 10000) in paragraph at lines 7515--7517
[][]
 []

<image137.png, id=2341, 455.45157pt x 246.1697pt>
File: image137.png Graphic file (type png)
<use image137.png>
Package luatex.def Info: image137.png  used on input line 7522.
(luatex.def)             Requested size: 455.45045pt x 246.16908pt.

Underfull \hbox (badness 10000) in paragraph at lines 7522--7524
[][]
 []

[179<./image135.png><./image136.png>] [180<./image137.png>] [181] [182
Missing character: There is no ␣ (U+2423) in font CourierNew:mode=node;script=
latn;language=dflt;!
] [183
Missing character: There is no ␣ (U+2423) in font CourierNew:mode=node;script=
latn;language=dflt;!
Missing character: There is no ␣ (U+2423) in font CourierNew:mode=node;script=
latn;language=dflt;!
Missing character: There is no ␣ (U+2423) in font CourierNew:mode=node;script=
latn;language=dflt;!
Missing character: There is no ␣ (U+2423) in font CourierNew:mode=node;script=
latn;language=dflt;!
Missing character: There is no ␣ (U+2423) in font CourierNew:mode=node;script=
latn;language=dflt;!
Missing character: There is no ␣ (U+2423) in font CourierNew:mode=node;script=
latn;language=dflt;!
]
<image138.png, id=2366, 455.45157pt x 255.95625pt>
File: image138.png Graphic file (type png)
<use image138.png>
Package luatex.def Info: image138.png  used on input line 7758.
(luatex.def)             Requested size: 455.45045pt x 255.95561pt.

Underfull \hbox (badness 10000) in paragraph at lines 7758--7760
[][]
 []

<image139.png, id=2367, 455.45157pt x 255.95625pt>
File: image139.png Graphic file (type png)
<use image139.png>
Package luatex.def Info: image139.png  used on input line 7765.
(luatex.def)             Requested size: 455.45045pt x 255.95561pt.

Underfull \hbox (badness 10000) in paragraph at lines 7765--7767
[][]
 []

[184<./image138.png>]
<image140.png, id=2373, 455.45157pt x 244.66406pt>
File: image140.png Graphic file (type png)
<use image140.png>
Package luatex.def Info: image140.png  used on input line 7781.
(luatex.def)             Requested size: 455.45045pt x 244.66345pt.

Underfull \hbox (badness 10000) in paragraph at lines 7781--7783
[][]
 []

<image141.png, id=2374, 455.45157pt x 243.15843pt>
File: image141.png Graphic file (type png)
<use image141.png>
Package luatex.def Info: image141.png  used on input line 7788.
(luatex.def)             Requested size: 455.45045pt x 243.15784pt.

Underfull \hbox (badness 10000) in paragraph at lines 7788--7790
[][]
 []

[185<./image139.png><./image140.png>]
<image142.png, id=2381, 455.45157pt x 243.91125pt>
File: image142.png Graphic file (type png)
<use image142.png>
Package luatex.def Info: image142.png  used on input line 7795.
(luatex.def)             Requested size: 455.45045pt x 243.91064pt.

Underfull \hbox (badness 10000) in paragraph at lines 7795--7797
[][]
 []

[186<./image141.png><./image142.png>]
<image143.png, id=2388, 455.45157pt x 248.42813pt>
File: image143.png Graphic file (type png)
<use image143.png>
Package luatex.def Info: image143.png  used on input line 7808.
(luatex.def)             Requested size: 455.45045pt x 248.42752pt.

Underfull \hbox (badness 10000) in paragraph at lines 7808--7810
[][]
 []

<image144.png, id=2389, 455.45157pt x 248.42813pt>
File: image144.png Graphic file (type png)
<use image144.png>
Package luatex.def Info: image144.png  used on input line 7820.
(luatex.def)             Requested size: 455.45045pt x 248.42752pt.

Underfull \hbox (badness 10000) in paragraph at lines 7820--7822
[][]
 []

[187<./image143.png><./image144.png>]
<image145.png, id=2396, 455.45157pt x 244.66406pt>
File: image145.png Graphic file (type png)
<use image145.png>
Package luatex.def Info: image145.png  used on input line 7832.
(luatex.def)             Requested size: 455.45045pt x 244.66345pt.

Underfull \hbox (badness 10000) in paragraph at lines 7832--7834
[][]
 []

<image146.png, id=2397, 455.45157pt x 243.91125pt>
File: image146.png Graphic file (type png)
<use image146.png>
Package luatex.def Info: image146.png  used on input line 7839.
(luatex.def)             Requested size: 455.45045pt x 243.91064pt.

Underfull \hbox (badness 10000) in paragraph at lines 7839--7841
[][]
 []

<image147.png, id=2398, 455.45157pt x 244.66406pt>
File: image147.png Graphic file (type png)
<use image147.png>
Package luatex.def Info: image147.png  used on input line 7846.
(luatex.def)             Requested size: 455.45045pt x 244.66345pt.

Underfull \hbox (badness 10000) in paragraph at lines 7846--7848
[][]
 []

[188<./image145.png><./image146.png>]
<image148.png, id=2405, 455.45157pt x 255.95625pt>
File: image148.png Graphic file (type png)
<use image148.png>
Package luatex.def Info: image148.png  used on input line 7853.
(luatex.def)             Requested size: 455.45045pt x 255.95561pt.

Underfull \hbox (badness 10000) in paragraph at lines 7853--7855
[][]
 []

[189<./image147.png><./image148.png>]
<image149.png, id=2412, 455.45157pt x 255.20343pt>
File: image149.png Graphic file (type png)
<use image149.png>
Package luatex.def Info: image149.png  used on input line 7863.
(luatex.def)             Requested size: 455.45045pt x 255.2028pt.

Underfull \hbox (badness 10000) in paragraph at lines 7863--7865
[][]
 []

<image150.png, id=2413, 455.45157pt x 245.41687pt>
File: image150.png Graphic file (type png)
<use image150.png>
Package luatex.def Info: image150.png  used on input line 7870.
(luatex.def)             Requested size: 455.45045pt x 245.41626pt.

Underfull \hbox (badness 10000) in paragraph at lines 7870--7872
[][]
 []

<image151.png, id=2414, 455.45157pt x 243.91125pt>
File: image151.png Graphic file (type png)
<use image151.png>
Package luatex.def Info: image151.png  used on input line 7877.
(luatex.def)             Requested size: 455.45045pt x 243.91064pt.

Underfull \hbox (badness 10000) in paragraph at lines 7877--7879
[][]
 []

[190<./image149.png><./image150.png>]
<image152.png, id=2421, 455.45157pt x 243.91125pt>
File: image152.png Graphic file (type png)
<use image152.png>
Package luatex.def Info: image152.png  used on input line 7887.
(luatex.def)             Requested size: 455.45045pt x 243.91064pt.

Underfull \hbox (badness 10000) in paragraph at lines 7887--7889
[][]
 []

<image153.png, id=2422, 455.45157pt x 255.95625pt>
File: image153.png Graphic file (type png)
<use image153.png>
Package luatex.def Info: image153.png  used on input line 7894.
(luatex.def)             Requested size: 455.45045pt x 255.95561pt.

Underfull \hbox (badness 10000) in paragraph at lines 7894--7896
[][]
 []

[191<./image151.png><./image152.png>]
<image154.png, id=2429, 455.45157pt x 244.66406pt>
File: image154.png Graphic file (type png)
<use image154.png>
Package luatex.def Info: image154.png  used on input line 7901.
(luatex.def)             Requested size: 455.45045pt x 244.66345pt.

Underfull \hbox (badness 10000) in paragraph at lines 7901--7903
[][]
 []

<image155.png, id=2430, 455.45157pt x 243.15843pt>
File: image155.png Graphic file (type png)
<use image155.png>
Package luatex.def Info: image155.png  used on input line 7908.
(luatex.def)             Requested size: 455.45045pt x 243.15784pt.

Underfull \hbox (badness 10000) in paragraph at lines 7908--7910
[][]
 []

[192<./image153.png><./image154.png>]
<image156.png, id=2437, 455.45157pt x 243.91125pt>
File: image156.png Graphic file (type png)
<use image156.png>
Package luatex.def Info: image156.png  used on input line 7920.
(luatex.def)             Requested size: 455.45045pt x 243.91064pt.

Underfull \hbox (badness 10000) in paragraph at lines 7920--7922
[][]
 []

[193<./image155.png><./image156.png>]
Underfull \hbox (badness 10000) in paragraph at lines 8047--8047
[]\TU/lmss/m/n/10 COOK-
 []


Underfull \hbox (badness 10000) in paragraph at lines 8047--8047
[]\TU/lmss/m/n/10 Ter-mi-nal POOL
 []

[194]
Chapter 11.
[195

] [196] [197] [198] [199
Missing character: There is no ␣ (U+2423) in font CourierNew:mode=node;script=
latn;language=dflt;!
] [200] [201
Missing character: There is no ␣ (U+2423) in font CourierNew:mode=node;script=
latn;language=dflt;!
Missing character: There is no ␣ (U+2423) in font CourierNew:mode=node;script=
latn;language=dflt;!
Missing character: There is no ␣ (U+2423) in font CourierNew:mode=node;script=
latn;language=dflt;!
Missing character: There is no ␣ (U+2423) in font CourierNew:mode=node;script=
latn;language=dflt;!
Missing character: There is no ␣ (U+2423) in font CourierNew:mode=node;script=
latn;language=dflt;!
] [202

]
Chapter 12.
[203] [204]
Chapter 13.
<image100.png, id=2492, 963.6pt x 542.025pt>
File: image100.png Graphic file (type png)
<use image100.png>
Package luatex.def Info: image100.png  used on input line 8464.
(luatex.def)             Requested size: 469.75679pt x 264.24646pt.
[205

<./image100.png>] [206
Missing character: There is no ␣ (U+2423) in font CourierNew:mode=node;script=
latn;language=dflt;!
]
<image101.png, id=2502, 545.78906pt x 400.49625pt>
File: image101.png Graphic file (type png)
<use image101.png>
Package luatex.def Info: image101.png  used on input line 8512.
(luatex.def)             Requested size: 469.75253pt x 344.72562pt.
<image102.png, id=2503, 222.07968pt x 76.78688pt>
File: image102.png Graphic file (type png)
<use image102.png>
Package luatex.def Info: image102.png  used on input line 8518.
(luatex.def)             Requested size: 222.07913pt x 76.78668pt.
<image103.png, id=2504, 830.10126pt x 511.9125pt>
File: image103.png Graphic file (type png)
<use image103.png>
Package luatex.def Info: image103.png  used on input line 8527.
(luatex.def)             Requested size: 469.7554pt x 289.69196pt.
 [207<./image101.png><./image102.png>] [208<./image103.png>] [209
Missing character: There is no ␣ (U+2423) in font CourierNew:mode=node;script=
latn;language=dflt;!
Missing character: There is no ␣ (U+2423) in font CourierNew:mode=node;script=
latn;language=dflt;!
]
<image109.png, id=2517, 772.38562pt x 691.08188pt>
File: image109.png Graphic file (type png)
<use image109.png>
Package luatex.def Info: image109.png  used on input line 8601.
(luatex.def)             Requested size: 469.75204pt x 420.31502pt.
<image110.png, id=2518, 749.80125pt x 679.78969pt>
File: image110.png Graphic file (type png)
<use image110.png>
Package luatex.def Info: image110.png  used on input line 8612.
(luatex.def)             Requested size: 469.7573pt x 425.89441pt.
 [210<./image109.png>]
<image111.png, id=2523, 982.42032pt x 678.28406pt>
File: image111.png Graphic file (type png)
<use image111.png>
Package luatex.def Info: image111.png  used on input line 8627.
(luatex.def)             Requested size: 469.75754pt x 324.32033pt.
 [211<./image110.png>] [212<./image111.png>]
<image104.png, id=2532, 807.015pt x 538.01pt>
File: image104.png Graphic file (type png)
<use image104.png>
Package luatex.def Info: image104.png  used on input line 8650.
(luatex.def)             Requested size: 469.75606pt x 313.1707pt.
 [213<./image104.png>]
<image105.png, id=2538, 812.03375pt x 539.01375pt>
File: image105.png Graphic file (type png)
<use image105.png>
Package luatex.def Info: image105.png  used on input line 8696.
(luatex.def)             Requested size: 469.75323pt x 311.82216pt.
 [214] [215<./image105.png>]
<image106.png, id=2547, 812.03375pt x 614.295pt>
File: image106.png Graphic file (type png)
<use image106.png>
Package luatex.def Info: image106.png  used on input line 8726.
(luatex.def)             Requested size: 469.75323pt x 355.36337pt.
<image107.png, id=2548, 812.03375pt x 615.29875pt>
File: image107.png Graphic file (type png)
<use image107.png>
Package luatex.def Info: image107.png  used on input line 8732.
(luatex.def)             Requested size: 469.75323pt x 355.95343pt.
 [216<./image106.png>]
<image108.png, id=2553, 811.03pt x 618.31pt>
File: image108.png Graphic file (type png)
<use image108.png>
Package luatex.def Info: image108.png  used on input line 8743.
(luatex.def)             Requested size: 469.76659pt x 358.13889pt.
 [217<./image107.png>] [218<./image108.png>]
Overfull \hbox (0.74512pt too wide) in paragraph at lines 8830--8830
[]\TU/lmss/m/n/10 SAF
 []


Underfull \hbox (badness 10000) in paragraph at lines 8830--8830
[]\TU/lmss/m/n/10 RACF
 []


Underfull \hbox (badness 10000) in paragraph at lines 8830--8830
[]\TU/lmss/m/n/10 RACF
 []


Underfull \hbox (badness 10000) in paragraph at lines 8830--8830
\TU/lmss/m/n/10 Rea-
 []

[219] [220]
Chapter 14.
<image94.png, id=2570, 425.33907pt x 377.15906pt>
File: image94.png Graphic file (type png)
<use image94.png>
Package luatex.def Info: image94.png  used on input line 8854.
(luatex.def)             Requested size: 425.33801pt x 377.15814pt.
[221

<./image94.png>] [222] [223]
<image95.png, id=2584, 446.41782pt x 467.49657pt>
File: image95.png Graphic file (type png)
<use image95.png>
Package luatex.def Info: image95.png  used on input line 8949.
(luatex.def)             Requested size: 446.41672pt x 467.49542pt.
 [224<./image95.png>]
Underfull \hbox (badness 10000) in paragraph at lines 8973--8974
[]\TU/lmr/m/n/10 The MACRF state-ments should be amended from MACRF=(SEQ,DIR,OUT
,LSR) to
 []

[225] [226] [227] [228] [229] [230]
<image96.png, id=2615, 963.6pt x 542.025pt>
File: image96.png Graphic file (type png)
<use image96.png>
Package luatex.def Info: image96.png  used on input line 9217.
(luatex.def)             Requested size: 469.75679pt x 264.24646pt.
 [231<./image96.png>] [232]
Chapter 15.
[233

]
<image112.png, id=2634, 677.53125pt x 632.3625pt>
File: image112.png Graphic file (type png)
<use image112.png>
Package luatex.def Info: image112.png  used on input line 9336.
(luatex.def)             Requested size: 469.77148pt x 438.44374pt.
 [234<./image112.png>] [235
Missing character: There is no ␣ (U+2423) in font CourierNew:mode=node;script=
latn;language=dflt;!
] [236]
Overfull \vbox (3.56995pt too high) detected at line 9533
 []

[237] [238]
Underfull \hbox (badness 10000) in paragraph at lines 9650--9659
\TU/lmr/m/n/10 NAME=CICS, DESC=’Lo-gon to CICS’, APPL=SP-CI-CST,
 []


Underfull \hbox (badness 10000) in paragraph at lines 9650--9659
\TU/lmr/m/n/10 TYPE=1, TER-MI-NAL=VPVTA, STARTUP=1, SE-CU-RITY=1,
 []

[239] [240] [241] [242
Missing character: There is no ␣ (U+2423) in font CourierNew:mode=node;script=
latn;language=dflt;!
Missing character: There is no ␣ (U+2423) in font CourierNew:mode=node;script=
latn;language=dflt;!
Missing character: There is no ␣ (U+2423) in font CourierNew:mode=node;script=
latn;language=dflt;!
] [243
Missing character: There is no ␣ (U+2423) in font CourierNew:mode=node;script=
latn;language=dflt;!
Missing character: There is no ␣ (U+2423) in font CourierNew:mode=node;script=
latn;language=dflt;!
Missing character: There is no ␣ (U+2423) in font CourierNew:mode=node;script=
latn;language=dflt;!
Missing character: There is no ␣ (U+2423) in font CourierNew:mode=node;script=
latn;language=dflt;!
Missing character: There is no ␣ (U+2423) in font CourierNew:mode=node;script=
latn;language=dflt;!
Missing character: There is no ␣ (U+2423) in font CourierNew:mode=node;script=
latn;language=dflt;!
Missing character: There is no ␣ (U+2423) in font CourierNew:mode=node;script=
latn;language=dflt;!
Missing character: There is no ␣ (U+2423) in font CourierNew:mode=node;script=
latn;language=dflt;!
]
<image113.png, id=2676, 1446.90562pt x 873.2625pt>
File: image113.png Graphic file (type png)
<use image113.png>
Package luatex.def Info: image113.png  used on input line 9979.
(luatex.def)             Requested size: 469.75305pt x 283.5138pt.
 [244]
<image114.png, id=2681, 264.23718pt x 100.87688pt>
File: image114.png Graphic file (type png)
<use image114.png>
Package luatex.def Info: image114.png  used on input line 9985.
(luatex.def)             Requested size: 264.23653pt x 100.87662pt.
<image115.png, id=2682, 718.93594pt x 308.65312pt>
File: image115.png Graphic file (type png)
<use image115.png>
Package luatex.def Info: image115.png  used on input line 9991.
(luatex.def)             Requested size: 469.77109pt x 201.68181pt.
 [245<./image113.png><./image114.png>]
<image116.png, id=2687, 321.45094pt x 159.59625pt>
File: image116.png Graphic file (type png)
<use image116.png>
Package luatex.def Info: image116.png  used on input line 10004.
(luatex.def)             Requested size: 321.45015pt x 159.59584pt.
<image117.png, id=2688, 402.00188pt x 82.80937pt>
File: image117.png Graphic file (type png)
<use image117.png>
Package luatex.def Info: image117.png  used on input line 10010.
(luatex.def)             Requested size: 402.00089pt x 82.80916pt.
<image118.png, id=2689, 420.82219pt x 71.51718pt>
File: image118.png Graphic file (type png)
<use image118.png>
Package luatex.def Info: image118.png  used on input line 10016.
(luatex.def)             Requested size: 420.82115pt x 71.517pt.
 [246<./image115.png><./image116.png><./image117.png>]
<image119.png, id=2694, 366.61969pt x 161.85469pt>
File: image119.png Graphic file (type png)
<use image119.png>
Package luatex.def Info: image119.png  used on input line 10022.
(luatex.def)             Requested size: 366.61879pt x 161.85428pt.
<image120.png, id=2695, 1041.1397pt x 249.93375pt>
File: image120.png Graphic file (type png)
<use image120.png>
Package luatex.def Info: image120.png  used on input line 10028.
(luatex.def)             Requested size: 469.74768pt x 112.7666pt.
 [247
Missing character: There is no ␣ (U+2423) in font CourierNew:mode=node;script=
latn;language=dflt;!
<./image118.png><./image119.png><./image120.png>] [248
Missing character: There is no ␣ (U+2423) in font CourierNew:mode=node;script=
latn;language=dflt;!
Missing character: There is no ␣ (U+2423) in font CourierNew:mode=node;script=
latn;language=dflt;!
]
Chapter 16.
<image97.png, id=2704, 762.85pt x 672.5125pt>
File: image97.png Graphic file (type png)
<use image97.png>
Package luatex.def Info: image97.png  used on input line 10068.
(luatex.def)             Requested size: 469.74944pt x 414.13147pt.
[249

] [250<./image97.png>] [251] [252] [253]
Underfull \vbox (badness 10000) detected at line 10438
 []


Overfull \vbox (0.56999pt too high) detected at line 10438
 []

[254]
Underfull \vbox (badness 10000) detected at line 10438
 []


Overfull \vbox (0.56999pt too high) detected at line 10438
 []

[255]
Underfull \vbox (badness 10000) detected at line 10438
 []


Overfull \vbox (0.56999pt too high) detected at line 10438
 []

[256] [257]
No file Virtel_Connectivity_Guide.ind.
[258] (./Virtel_Connectivity_Guide.aux)
 ***********
LaTeX2e <2023-06-01> patch level 1
L3 programming layer <2023-06-30>
 ***********
Package rerunfilecheck Info: File `Virtel_Connectivity_Guide.out' has not chang
ed.
(rerunfilecheck)             Checksum: 27C8C94E8EA040282808AEAD70A1E827;49710.
)

Here is how much of LuaTeX's memory you used:
 21882 strings out of 477545
 1455752,1977958 words of node,token memory allocated
 627 words of node memory still in use:
   6 hlist, 2 vlist, 2 rule, 2 glue, 4 kern, 1 glyph, 17 attribute, 71 glue_spec
, 10 attribute_list, 1 write, 3 pdf_action nodes
   avail lists: 1:5,2:38938,3:7172,4:58782,5:14682,6:311,7:62498,8:67,9:30529,10
:77,11:7497
 41200 multiletter control sequences out of 65536+600000
 78 fonts using 12691143 bytes
 79i,14n,89p,1469b,594s stack positions out of 10000i,1000n,20000p,200000b,200000s
<//?/c:/windows/fonts/couri.ttf><C:/Users/Holt/AppData/Local/Programs/MiKTeX/fon
ts/opentype/public/lm/lmsans10-regular.otf><//?/c:/windows/fonts/courbd.ttf><C:/
Users/Holt/AppData/Local/Programs/MiKTeX/fonts/opentype/public/lm/lmroman8-regul
ar.otf><C:/Users/Holt/AppData/Local/Programs/MiKTeX/fonts/opentype/public/lm/lmr
oman10-italic.otf><//?/c:/windows/fonts/cour.ttf><C:/Users/Holt/AppData/Local/Pr
ograms/MiKTeX/fonts/opentype/public/lm/lmroman10-regular.otf><C:/Users/Holt/AppD
ata/Local/Programs/MiKTeX/fonts/opentype/public/lm/lmroman10-bold.otf><C:/Users/
Holt/AppData/Local/Programs/MiKTeX/fonts/opentype/public/lm/lmsans10-boldoblique
.otf><C:/Users/Holt/AppData/Local/Programs/MiKTeX/fonts/opentype/public/lm/lmsan
s10-bold.otf><C:/Users/Holt/AppData/Local/Programs/MiKTeX/fonts/type1/public/ams
fonts/cm/cmmi5.pfb><C:/Users/Holt/AppData/Local/Programs/MiKTeX/fonts/type1/publ
ic/amsfonts/cm/cmsy5.pfb>
Output written on Virtel_Connectivity_Guide.pdf (266 pages, 13298311 bytes).

PDF statistics: 2838 PDF objects out of 2984 (max. 8388607)
 562 named destinations out of 1000 (max. 131072)
 2277 words of extra memory for PDF output out of 10000 (max. 100000000)

