\BOOKMARK [0][-]{chapter.1}{\376\377\000O\000p\000e\000r\000a\000t\000i\000o\000n\000s}{}% 1
\BOOKMARK [1][-]{section.1.1}{\376\377\000C\000o\000m\000m\000a\000n\000d\000s}{chapter.1}% 2
\BOOKMARK [1][-]{section.1.2}{\376\377\000K\000I\000L\000L\000\040\000C\000o\000m\000m\000a\000n\000d}{chapter.1}% 3
\BOOKMARK [1][-]{section.1.3}{\376\377\000L\000I\000N\000E\000S\000\040\000C\000o\000m\000m\000a\000n\000d}{chapter.1}% 4
\BOOKMARK [1][-]{section.1.4}{\376\377\000L\000I\000N\000E\000\040\000C\000o\000m\000m\000a\000n\000d}{chapter.1}% 5
\BOOKMARK [1][-]{section.1.5}{\376\377\000L\000O\000G\000\040\000c\000o\000m\000m\000a\000n\000d}{chapter.1}% 6
\BOOKMARK [1][-]{section.1.6}{\376\377\000L\000O\000G\000\040\000S\000t\000a\000t\000u\000s\000\040\000|\000\040\000S\000w\000i\000t\000c\000h\000\040\000C\000o\000m\000m\000a\000n\000d\000s}{chapter.1}% 7
\BOOKMARK [1][-]{section.1.7}{\376\377\000M\000E\000M\000D\000I\000S\000P\000L\000A\000Y\000\040\000C\000o\000m\000m\000a\000n\000d}{chapter.1}% 8
\BOOKMARK [1][-]{section.1.8}{\376\377\000M\000S\000G\000\040\000C\000o\000m\000m\000a\000n\000d}{chapter.1}% 9
\BOOKMARK [1][-]{section.1.9}{\376\377\000N\000E\000W\000\040\000C\000o\000m\000m\000a\000n\000d}{chapter.1}% 10
\BOOKMARK [1][-]{section.1.10}{\376\377\000R\000E\000L\000A\000Y\000\040\000T\000R\000A\000C\000E\000\040\000C\000o\000m\000m\000a\000n\000d}{chapter.1}% 11
\BOOKMARK [1][-]{section.1.11}{\376\377\000R\000E\000L\000A\000Y\000S\000\040\000C\000o\000m\000m\000a\000n\000d}{chapter.1}% 12
\BOOKMARK [1][-]{section.1.12}{\376\377\000S\000I\000L\000E\000N\000C\000E\000\040\000C\000o\000m\000m\000a\000n\000d}{chapter.1}% 13
\BOOKMARK [1][-]{section.1.13}{\376\377\000S\000N\000A\000P\000\040\000C\000o\000m\000m\000a\000n\000d}{chapter.1}% 14
\BOOKMARK [1][-]{section.1.14}{\376\377\000S\000N\000A\000P\000M\000S\000G\000\040\000C\000o\000m\000m\000a\000n\000d}{chapter.1}% 15
\BOOKMARK [1][-]{section.1.15}{\376\377\000S\000N\000A\000P\0008\0000\000\040\000C\000o\000m\000m\000a\000n\000d}{chapter.1}% 16
\BOOKMARK [1][-]{section.1.16}{\376\377\000S\000N\000A\000P\000W\000\040\000C\000o\000m\000m\000a\000n\000d}{chapter.1}% 17
\BOOKMARK [1][-]{section.1.17}{\376\377\000S\000T\000A\000T\000\040\000C\000o\000m\000m\000a\000n\000d}{chapter.1}% 18
\BOOKMARK [1][-]{section.1.18}{\376\377\000S\000T\000O\000P\000\040\000C\000o\000m\000m\000a\000n\000d}{chapter.1}% 19
\BOOKMARK [1][-]{section.1.19}{\376\377\000T\000C\000T\000\040\000C\000o\000m\000m\000a\000n\000d}{chapter.1}% 20
\BOOKMARK [1][-]{section.1.20}{\376\377\000T\000E\000R\000M\000\040\000C\000o\000m\000m\000a\000n\000d}{chapter.1}% 21
\BOOKMARK [1][-]{section.1.21}{\376\377\000T\000R\000A\000C\000E\000\040\000|\000\040\000N\000O\000T\000R\000A\000C\000E\000\040\000C\000o\000m\000m\000a\000n\000d}{chapter.1}% 22
\BOOKMARK [1][-]{section.1.22}{\376\377\000U\000N\000L\000O\000A\000D\000\040\000C\000o\000m\000m\000a\000n\000d}{chapter.1}% 23
\BOOKMARK [1][-]{section.1.23}{\376\377\000V\000I\000R\000S\000V\000\040\000C\000o\000m\000m\000a\000n\000d}{chapter.1}% 24
\BOOKMARK [1][-]{section.1.24}{\376\377\000Z\000A\000P\000\040\000C\000o\000m\000m\000a\000n\000d}{chapter.1}% 25
\BOOKMARK [0][-]{chapter.2}{\376\377\000A\000d\000m\000i\000n\000i\000s\000t\000r\000a\000t\000i\000o\000n}{}% 26
\BOOKMARK [1][-]{section.2.1}{\376\377\000L\000i\000n\000e\000\040\000S\000t\000a\000t\000u\000s\000\040\000A\000p\000p\000l\000i\000c\000a\000t\000i\000o\000n}{chapter.2}% 27
\BOOKMARK [1][-]{section.2.2}{\376\377\000M\000e\000m\000o\000r\000y\000\040\000D\000i\000s\000p\000l\000a\000y\000\040\000A\000p\000p\000l\000i\000c\000a\000t\000i\000o\000n}{chapter.2}% 28
\BOOKMARK [1][-]{section.2.3}{\376\377\000M\000a\000i\000n\000t\000e\000n\000a\000n\000c\000e}{chapter.2}% 29
\BOOKMARK [1][-]{section.2.4}{\376\377\000C\000o\000r\000r\000e\000s\000p\000o\000n\000d\000e\000n\000t\000\040\000M\000a\000n\000a\000g\000e\000m\000e\000n\000t}{chapter.2}% 30
\BOOKMARK [1][-]{section.2.5}{\376\377\000W\000e\000b\000\040\000E\000n\000t\000i\000t\000y\000\040\000M\000a\000n\000a\000g\000e\000m\000e\000n\000t}{chapter.2}% 31
\BOOKMARK [0][-]{chapter.3}{\376\377\000P\000e\000r\000f\000o\000r\000m\000a\000n\000c\000e}{}% 32
\BOOKMARK [1][-]{section.3.1}{\376\377\000C\000O\000N\000S\000O\000L\000E\000\040\000f\000i\000l\000e}{chapter.3}% 33
\BOOKMARK [1][-]{section.3.2}{\376\377\000V\000I\000R\000L\000O\000G\000\040\000f\000i\000l\000e}{chapter.3}% 34
\BOOKMARK [1][-]{section.3.3}{\376\377\000V\000I\000R\000T\000E\000L\000\040\000l\000o\000g\000g\000e\000r}{chapter.3}% 35
\BOOKMARK [1][-]{section.3.4}{\376\377\000V\000i\000r\000t\000e\000l\000\040\000t\000r\000a\000c\000e}{chapter.3}% 36
\BOOKMARK [1][-]{section.3.5}{\376\377\000V\000I\000R\000T\000E\000L\000\040\000S\000N\000A\000P}{chapter.3}% 37
\BOOKMARK [0][-]{chapter.4}{\376\377\000A\000u\000d\000i\000t}{}% 38
\BOOKMARK [1][-]{section.4.1}{\376\377\000V\000I\000R\000S\000T\000A\000T\000\040\000f\000i\000l\000e}{chapter.4}% 39
\BOOKMARK [1][-]{section.4.2}{\376\377\000S\000M\000F\000\040\000S\000u\000p\000p\000o\000r\000t}{chapter.4}% 40
\BOOKMARK [0][-]{chapter.5}{\376\377\000A\000p\000p\000e\000n\000d\000i\000x}{}% 41
\BOOKMARK [1][-]{section.5.1}{\376\377\000T\000r\000a\000d\000e\000m\000a\000r\000k\000s}{chapter.5}% 42
\BOOKMARK [1][-]{section.5.2}{\376\377\000O\000p\000e\000n\000\040\000S\000o\000u\000r\000c\000e\000\040\000S\000o\000f\000t\000w\000a\000r\000e}{chapter.5}% 43
