This is LuaTeX, Version 1.0.4 (MiKTeX 2.9.6350 64-bit)  (format=lualatex 2019.4.24)  6 NOV 2022 01:19
 restricted system commands enabled.
**Virtel_User_Guide.tex
(./Virtel_User_Guide.tex
LaTeX2e <2017-04-15>
Lua module: luaotfload-main 2017/01/29 2.80001 OpenType layout system.
Lua module: lualibs 2017-02-01 2.5 ConTeXt Lua standard libraries.
Lua module: lualibs-extended 2017-02-01 2.5 ConTeXt Lua libraries -- extended co
llection.(using cache: C:/Users/Holt/AppData/Local/MiKTeX/2.9/luatex-cache/gener
ic)
luaotfload | conf : Root cache directory is C:/Users/Holt/AppData/Local/MiKTeX/2
.9/luatex-cache/generic/names.
luaotfload | init : Loading fontloader “fontloader-2017-02-11.lua” from kpse
-resolved path “C:/Program Files/MiKTeX 2.9/tex/luatex/luaotfload/fontloader-2
017-02-11.lua”.
Lua-only attribute luaotfload@state = 1
Lua-only attribute luaotfload@noligature = 2
Lua-only attribute luaotfload@syllabe = 3
luaotfload | init : Context OpenType loader version “3.027”
Inserting `luaotfload.node_processor' at position 1 in `pre_linebreak_filter'.
Inserting `luaotfload.node_processor' at position 1 in `hpack_filter'.
Inserting `luaotfload.define_font' at position 1 in `define_font'.
Lua-only attribute luaotfload_color_attribute = 4
luaotfload | conf : Root cache directory is C:/Users/Holt/AppData/Local/MiKTeX/2
.9/luatex-cache/generic/names.
Inserting `luaotfload.aux.set_sscale_dimens' at position 1 in `luaotfload.patch_
font'.
Inserting `luaotfload.aux.patch_cambria_domh' at position 2 in `luaotfload.patch
_font'.
Inserting `luaotfload.aux.fixup_fontdata' at position 1 in `luaotfload.patch_fon
t_unsafe'.
Inserting `luaotfload.aux.set_capheight' at position 3 in `luaotfload.patch_font
'.
Inserting `luaotfload.rewrite_fontname' at position 4 in `luaotfload.patch_font'
.
luaotfload | main : initialization completed in 0.515 seconds
Babel <3.10> and hyphenation patterns for 1 language(s) loaded.
(./sphinxmanual.cls
Document Class: sphinxmanual 2018/12/23 v2.0 Document class (Sphinx manual)
("C:/Program Files/MiKTeX 2.9/tex/latex/base/report.cls"
Document Class: report 2014/09/29 v1.4h Standard LaTeX document class
("C:/Program Files/MiKTeX 2.9/tex/latex/base/size10.clo"
File: size10.clo 2014/09/29 v1.4h Standard LaTeX file (size option)
luaotfload | db : Font names database loaded from C:/Users/Holt/AppData/Local/Mi
KTeX/2.9/luatex-cache/generic/names/luaotfload-names.luc(load luc: C:/Users/Holt
/AppData/Local/MiKTeX/2.9/luatex-cache/generic/fonts/otl/lmroman10-regular.luc))
\c@part=\count79
\c@chapter=\count80
\c@section=\count81
\c@subsection=\count82
\c@subsubsection=\count83
\c@paragraph=\count84
\c@subparagraph=\count85
\c@figure=\count86
\c@table=\count87
\abovecaptionskip=\skip41
\belowcaptionskip=\skip42
\bibindent=\dimen102
))
\sphinxpxdimen=\dimen103
 ("C:/Program Files/MiKTeX 2.9/tex/latex/cmap/cmap.sty"
Package: cmap 2008/03/06 v1.0h CMap support: searchable PDF


Package cmap Warning: pdftex not detected - exiting.

) ("C:/Program Files/MiKTeX 2.9/tex/latex/amsmath/amsmath.sty"
Package: amsmath 2016/11/05 v2.16a AMS math features
\@mathmargin=\skip43

For additional information on amsmath, use the `?' option.
("C:/Program Files/MiKTeX 2.9/tex/latex/amsmath/amstext.sty"
Package: amstext 2000/06/29 v2.01 AMS text

("C:/Program Files/MiKTeX 2.9/tex/latex/amsmath/amsgen.sty"
File: amsgen.sty 1999/11/30 v2.0 generic functions
\@emptytoks=\toks14
\ex@=\dimen104
))
("C:/Program Files/MiKTeX 2.9/tex/latex/amsmath/amsbsy.sty"
Package: amsbsy 1999/11/29 v1.2d Bold Symbols
\pmbraise@=\dimen105
)
("C:/Program Files/MiKTeX 2.9/tex/latex/amsmath/amsopn.sty"
Package: amsopn 2016/03/08 v2.02 operator names
)
\inf@bad=\count88
LaTeX Info: Redefining \frac on input line 213.
\uproot@=\count89
\leftroot@=\count90
LaTeX Info: Redefining \overline on input line 375.
\classnum@=\count91
\DOTSCASE@=\count92
LaTeX Info: Redefining \ldots on input line 472.
LaTeX Info: Redefining \dots on input line 475.
LaTeX Info: Redefining \cdots on input line 596.
\Mathstrutbox@=\box26
\strutbox@=\box27
\big@size=\dimen106
LaTeX Font Info:    Redeclaring font encoding OML on input line 712.
LaTeX Font Info:    Redeclaring font encoding OMS on input line 713.
\macc@depth=\count93
\c@MaxMatrixCols=\count94
\dotsspace@=\muskip10
\c@parentequation=\count95
\dspbrk@lvl=\count96
\tag@help=\toks15
\row@=\count97
\column@=\count98
\maxfields@=\count99
\andhelp@=\toks16
\eqnshift@=\dimen107
\alignsep@=\dimen108
\tagshift@=\dimen109
\tagwidth@=\dimen110
\totwidth@=\dimen111
\lineht@=\dimen112
\@envbody=\toks17
\multlinegap=\skip44
\multlinetaggap=\skip45
\mathdisplay@stack=\toks18
LaTeX Info: Redefining \[ on input line 2817.
LaTeX Info: Redefining \] on input line 2818.
)
("C:/Program Files/MiKTeX 2.9/tex/latex/amsfonts/amssymb.sty"
Package: amssymb 2013/01/14 v3.01 AMS font symbols

("C:/Program Files/MiKTeX 2.9/tex/latex/amsfonts/amsfonts.sty"
Package: amsfonts 2013/01/14 v3.01 Basic AMSFonts support
\symAMSa=\mathgroup4
\symAMSb=\mathgroup5
LaTeX Font Info:    Overwriting math alphabet `\mathfrak' in version `bold'
(Font)                  U/euf/m/n --> U/euf/b/n on input line 106.
))
("C:/Program Files/MiKTeX 2.9/tex/generic/babel/babel.sty"
Package: babel 2017/05/19 3.10 The Babel package

("C:/Program Files/MiKTeX 2.9/tex/generic/babel/luababel.def"
\l@afrikaans=\language2
Package babel Info: Non-standard hyphenation setup on input line 122.
\l@ancientgreek=\language3
\l@arabic=\language4
\l@armenian=\language5
\l@assamese=\language6
\l@basque=\language7
\l@bengali=\language8
\l@bokmal=\language9
\l@bulgarian=\language10
\l@catalan=\language11
\l@classiclatin=\language12
\l@coptic=\language13
\l@croatian=\language14
\l@czech=\language15
\l@danish=\language16
\l@dutch=\language17
\l@esperanto=\language18
\l@estonian=\language19
\l@farsi=\language20
\l@finnish=\language21
\l@french=\language22
\l@galician=\language23
\l@georgian=\language24
\l@german=\language25
\l@german-x-2017-03-31=\language26
\l@greek=\language27
\l@gujarati=\language28
\l@hindi=\language29
\l@hungarian=\language30
\l@icelandic=\language31
\l@indonesian=\language32
\l@interlingua=\language33
\l@irish=\language34
\l@italian=\language35
\l@kannada=\language36
\l@kurmanji=\language37
\l@latin=\language38
\l@latvian=\language39
\l@lithuanian=\language40
\l@malayalam=\language41
\l@marathi=\language42
\l@mongolian=\language43
\l@mongolianlmc=\language44
\l@monogreek=\language45
\l@ngerman=\language46
\l@ngerman-x-2017-03-31=\language47
\l@nynorsk=\language48
\l@oriya=\language49
\l@panjabi=\language50
\l@piedmontese=\language51
\l@pinyin=\language52
\l@polish=\language53
\l@portuguese=\language54
\l@romanian=\language55
\l@romansh=\language56
\l@russian=\language57
\l@sanskrit=\language58
\l@serbian=\language59
\l@serbianc=\language60
\l@slovak=\language61
\l@slovenian=\language62
\l@spanish=\language63
\l@swedish=\language64
\l@swissgerman=\language65
\l@tamil=\language66
\l@telugu=\language67
\l@thai=\language68
\l@turkish=\language69
\l@turkmen=\language70
\l@ukenglish=\language71
\l@ukrainian=\language72
\l@uppersorbian=\language73
\l@usenglishmax=\language74
\l@welsh=\language75
)
*************************************
* Local config file bblopts.cfg used
*
("C:/Program Files/MiKTeX 2.9/tex/latex/arabi/bblopts.cfg"
File: bblopts.cfg 2005/09/08 v0.1 add Arabic and Farsi to "declared" options of 
babel
)
("C:/Program Files/MiKTeX 2.9/tex/latex/babel-english/english.ldf"
Language: english 2017/01/24 v3.3q English support from the babel system

("C:/Program Files/MiKTeX 2.9/tex/generic/babel/babel.def"
File: babel.def 2017/05/19 3.10 Babel common definitions
\babel@savecnt=\count100
\U@D=\dimen113

("C:/Program Files/MiKTeX 2.9/tex/generic/babel/luababel.def"))
\l@canadian = a dialect from \language\l@american 
\l@australian = a dialect from \language\l@british 
\l@newzealand = a dialect from \language\l@british 
))
("C:/Program Files/MiKTeX 2.9/tex/latex/fncychap/fncychap.sty"
Package: fncychap 2007/07/30 v1.34 LaTeX package (Revised chapters)
\RW=\skip46
\mylen=\skip47
\myhi=\skip48
\px=\skip49
\py=\skip50
\pyy=\skip51
\pxx=\skip52
\c@AlphaCnt=\count101
\c@AlphaDecCnt=\count102
) (./sphinx.sty
Package: sphinx 2019/01/12 v1.8.4 LaTeX package (Sphinx markup)

("C:/Program Files/MiKTeX 2.9/tex/generic/oberdiek/ltxcmds.sty"
Package: ltxcmds 2016/05/16 v1.23 LaTeX kernel commands for general use (HO)
)
("C:/Program Files/MiKTeX 2.9/tex/latex/graphics/graphicx.sty"
Package: graphicx 2014/10/28 v1.0g Enhanced LaTeX Graphics (DPC,SPQR)

("C:/Program Files/MiKTeX 2.9/tex/latex/graphics/keyval.sty"
Package: keyval 2014/10/28 v1.15 key=value parser (DPC)
\KV@toks@=\toks19
)
("C:/Program Files/MiKTeX 2.9/tex/latex/graphics/graphics.sty"
Package: graphics 2017/04/14 v1.1b Standard LaTeX Graphics (DPC,SPQR)

("C:/Program Files/MiKTeX 2.9/tex/latex/graphics/trig.sty"
Package: trig 2016/01/03 v1.10 sin cos tan (DPC)
)
("C:/Program Files/MiKTeX 2.9/tex/latex/graphics-cfg/graphics.cfg"
File: graphics.cfg 2016/06/04 v1.11 sample graphics configuration
)
Package graphics Info: Driver file: luatex.def on input line 99.

("C:/Program Files/MiKTeX 2.9/tex/latex/graphics-def/luatex.def"
File: luatex.def 2017/01/12 v0.01h Graphics/Color for luaTeX

("C:/Program Files/MiKTeX 2.9/tex/generic/oberdiek/infwarerr.sty"
Package: infwarerr 2016/05/16 v1.4 Providing info/warning/error messages (HO)
)
\Gread@gobject=\count103
))
\Gin@req@height=\dimen114
\Gin@req@width=\dimen115
)
("C:/Program Files/MiKTeX 2.9/tex/latex/fancyhdr/fancyhdr.sty"
Package: fancyhdr 2019/01/31 v3.10 Extensive control of page headers and footers

\f@nch@headwidth=\skip53
\f@nch@O@elh=\skip54
\f@nch@O@erh=\skip55
\f@nch@O@olh=\skip56
\f@nch@O@orh=\skip57
\f@nch@O@elf=\skip58
\f@nch@O@erf=\skip59
\f@nch@O@olf=\skip60
\f@nch@O@orf=\skip61
)
("C:/Program Files/MiKTeX 2.9/tex/latex/base/textcomp.sty"
Package: textcomp 2017/04/05 v2.0i Standard LaTeX package
Package textcomp Info: Sub-encoding information:
(textcomp)               5 = only ISO-Adobe without \textcurrency
(textcomp)               4 = 5 + \texteuro
(textcomp)               3 = 4 + \textohm
(textcomp)               2 = 3 + \textestimated + \textcurrency
(textcomp)               1 = TS1 - \textcircled - \t
(textcomp)               0 = TS1 (full)
(textcomp)             Font families with sub-encoding setting implement
(textcomp)             only a restricted character set as indicated.
(textcomp)             Family '?' is the default used for unknown fonts.
(textcomp)             See the documentation for details.
Package textcomp Info: Setting ? sub-encoding to TS1/1 on input line 79.

("C:/Program Files/MiKTeX 2.9/tex/latex/base/ts1enc.def"
File: ts1enc.def 2001/06/05 v3.0e (jk/car/fm) Standard LaTeX file
)
LaTeX Info: Redefining \oldstylenums on input line 334.
Package textcomp Info: Setting cmr sub-encoding to TS1/0 on input line 349.
Package textcomp Info: Setting cmss sub-encoding to TS1/0 on input line 350.
Package textcomp Info: Setting cmtt sub-encoding to TS1/0 on input line 351.
Package textcomp Info: Setting cmvtt sub-encoding to TS1/0 on input line 352.
Package textcomp Info: Setting cmbr sub-encoding to TS1/0 on input line 353.
Package textcomp Info: Setting cmtl sub-encoding to TS1/0 on input line 354.
Package textcomp Info: Setting ccr sub-encoding to TS1/0 on input line 355.
Package textcomp Info: Setting ptm sub-encoding to TS1/4 on input line 356.
Package textcomp Info: Setting pcr sub-encoding to TS1/4 on input line 357.
Package textcomp Info: Setting phv sub-encoding to TS1/4 on input line 358.
Package textcomp Info: Setting ppl sub-encoding to TS1/3 on input line 359.
Package textcomp Info: Setting pag sub-encoding to TS1/4 on input line 360.
Package textcomp Info: Setting pbk sub-encoding to TS1/4 on input line 361.
Package textcomp Info: Setting pnc sub-encoding to TS1/4 on input line 362.
Package textcomp Info: Setting pzc sub-encoding to TS1/4 on input line 363.
Package textcomp Info: Setting bch sub-encoding to TS1/4 on input line 364.
Package textcomp Info: Setting put sub-encoding to TS1/5 on input line 365.
Package textcomp Info: Setting uag sub-encoding to TS1/5 on input line 366.
Package textcomp Info: Setting ugq sub-encoding to TS1/5 on input line 367.
Package textcomp Info: Setting ul8 sub-encoding to TS1/4 on input line 368.
Package textcomp Info: Setting ul9 sub-encoding to TS1/4 on input line 369.
Package textcomp Info: Setting augie sub-encoding to TS1/5 on input line 370.
Package textcomp Info: Setting dayrom sub-encoding to TS1/3 on input line 371.
Package textcomp Info: Setting dayroms sub-encoding to TS1/3 on input line 372.
Package textcomp Info: Setting pxr sub-encoding to TS1/0 on input line 373.
Package textcomp Info: Setting pxss sub-encoding to TS1/0 on input line 374.
Package textcomp Info: Setting pxtt sub-encoding to TS1/0 on input line 375.
Package textcomp Info: Setting txr sub-encoding to TS1/0 on input line 376.
Package textcomp Info: Setting txss sub-encoding to TS1/0 on input line 377.
Package textcomp Info: Setting txtt sub-encoding to TS1/0 on input line 378.
Package textcomp Info: Setting lmr sub-encoding to TS1/0 on input line 379.
Package textcomp Info: Setting lmdh sub-encoding to TS1/0 on input line 380.
Package textcomp Info: Setting lmss sub-encoding to TS1/0 on input line 381.
Package textcomp Info: Setting lmssq sub-encoding to TS1/0 on input line 382.
Package textcomp Info: Setting lmvtt sub-encoding to TS1/0 on input line 383.
Package textcomp Info: Setting lmtt sub-encoding to TS1/0 on input line 384.
Package textcomp Info: Setting qhv sub-encoding to TS1/0 on input line 385.
Package textcomp Info: Setting qag sub-encoding to TS1/0 on input line 386.
Package textcomp Info: Setting qbk sub-encoding to TS1/0 on input line 387.
Package textcomp Info: Setting qcr sub-encoding to TS1/0 on input line 388.
Package textcomp Info: Setting qcs sub-encoding to TS1/0 on input line 389.
Package textcomp Info: Setting qpl sub-encoding to TS1/0 on input line 390.
Package textcomp Info: Setting qtm sub-encoding to TS1/0 on input line 391.
Package textcomp Info: Setting qzc sub-encoding to TS1/0 on input line 392.
Package textcomp Info: Setting qhvc sub-encoding to TS1/0 on input line 393.
Package textcomp Info: Setting futs sub-encoding to TS1/4 on input line 394.
Package textcomp Info: Setting futx sub-encoding to TS1/4 on input line 395.
Package textcomp Info: Setting futj sub-encoding to TS1/4 on input line 396.
Package textcomp Info: Setting hlh sub-encoding to TS1/3 on input line 397.
Package textcomp Info: Setting hls sub-encoding to TS1/3 on input line 398.
Package textcomp Info: Setting hlst sub-encoding to TS1/3 on input line 399.
Package textcomp Info: Setting hlct sub-encoding to TS1/5 on input line 400.
Package textcomp Info: Setting hlx sub-encoding to TS1/5 on input line 401.
Package textcomp Info: Setting hlce sub-encoding to TS1/5 on input line 402.
Package textcomp Info: Setting hlcn sub-encoding to TS1/5 on input line 403.
Package textcomp Info: Setting hlcw sub-encoding to TS1/5 on input line 404.
Package textcomp Info: Setting hlcf sub-encoding to TS1/5 on input line 405.
Package textcomp Info: Setting pplx sub-encoding to TS1/3 on input line 406.
Package textcomp Info: Setting pplj sub-encoding to TS1/3 on input line 407.
Package textcomp Info: Setting ptmx sub-encoding to TS1/4 on input line 408.
Package textcomp Info: Setting ptmj sub-encoding to TS1/4 on input line 409.
)
("C:/Program Files/MiKTeX 2.9/tex/latex/titlesec/titlesec.sty"
Package: titlesec 2016/03/21 v2.10.2 Sectioning titles
\ttl@box=\box28
\beforetitleunit=\skip62
\aftertitleunit=\skip63
\ttl@plus=\dimen116
\ttl@minus=\dimen117
\ttl@toksa=\toks20
\titlewidth=\dimen118
\titlewidthlast=\dimen119
\titlewidthfirst=\dimen120
)
("C:/Program Files/MiKTeX 2.9/tex/latex/tabulary/tabulary.sty"
Package: tabulary 2014/06/11 v0.10 tabulary package (DPC)

("C:/Program Files/MiKTeX 2.9/tex/latex/tools/array.sty"
Package: array 2016/10/06 v2.4d Tabular extension package (FMi)
\col@sep=\dimen121
\extrarowheight=\dimen122
\NC@list=\toks21
\extratabsurround=\skip64
\backup@length=\skip65
)
\TY@count=\count104
\TY@linewidth=\dimen123
\tymin=\dimen124
\tymax=\dimen125
\TY@tablewidth=\dimen126
)
("C:/Program Files/MiKTeX 2.9/tex/latex/tools/longtable.sty"
Package: longtable 2014/10/28 v4.11 Multi-page Table package (DPC)
\LTleft=\skip66
\LTright=\skip67
\LTpre=\skip68
\LTpost=\skip69
\LTchunksize=\count105
\LTcapwidth=\dimen127
\LT@head=\box29
\LT@firsthead=\box30
\LT@foot=\box31
\LT@lastfoot=\box32
\LT@cols=\count106
\LT@rows=\count107
\c@LT@tables=\count108
\c@LT@chunks=\count109
\LT@p@ftn=\toks22
)
("C:/Program Files/MiKTeX 2.9/tex/latex/ltxmisc/varwidth.sty"
Package: varwidth 2009/03/30 ver 0.92;  Variable-width minipages
\@vwid@box=\box33
\sift@deathcycles=\count110
\@vwid@loff=\dimen128
\@vwid@roff=\dimen129
)
(./sphinxmulticell.sty
Package: sphinxmulticell 2017/02/23 v1.6 better span rows and columns of a table
 (Sphinx team)
\sphinx@TY@tablewidth=\dimen130
) ("C:/Program Files/MiKTeX 2.9/tex/latex/base/makeidx.sty"
Package: makeidx 2014/09/29 v1.0m Standard LaTeX package
) ("C:/Program Files/MiKTeX 2.9/tex/latex/framed/framed.sty"
Package: framed 2011/10/22 v 0.96: framed or shaded text with page breaks
\OuterFrameSep=\skip70
\fb@frw=\dimen131
\fb@frh=\dimen132
\FrameRule=\dimen133
\FrameSep=\dimen134
)
("C:/Program Files/MiKTeX 2.9/tex/latex/xcolor/xcolor.sty"
Package: xcolor 2016/05/11 v2.12 LaTeX color extensions (UK)

("C:/Program Files/MiKTeX 2.9/tex/latex/graphics-cfg/color.cfg"
File: color.cfg 2016/01/02 v1.6 sample color configuration
)
Package xcolor Info: Driver file: luatex.def on input line 225.
Package xcolor Info: Model `cmy' substituted by `cmy0' on input line 1348.
Package xcolor Info: Model `hsb' substituted by `rgb' on input line 1352.
Package xcolor Info: Model `RGB' extended on input line 1364.
Package xcolor Info: Model `HTML' substituted by `rgb' on input line 1366.
Package xcolor Info: Model `Hsb' substituted by `hsb' on input line 1367.
Package xcolor Info: Model `tHsb' substituted by `hsb' on input line 1368.
Package xcolor Info: Model `HSB' substituted by `hsb' on input line 1369.
Package xcolor Info: Model `Gray' substituted by `gray' on input line 1370.
Package xcolor Info: Model `wave' substituted by `hsb' on input line 1371.
)
("C:/Program Files/MiKTeX 2.9/tex/latex/fancyvrb/fancyvrb.sty"
Package: fancyvrb 2019/01/15

Style option: `fancyvrb' v3.2a <2019/01/15> (tvz)
\FV@CodeLineNo=\count111
\FV@InFile=\read1
\FV@TabBox=\box34
\c@FancyVerbLine=\count112
\FV@StepNumber=\count113
\FV@OutFile=\write3
) (./footnotehyper-sphinx.sty
Package: footnotehyper-sphinx 2017/10/27 v1.7 hyperref aware footnote.sty for sp
hinx (JFB)
\FNH@notes=\box35
\FNH@width=\dimen135
) ("C:/Program Files/MiKTeX 2.9/tex/latex/float/float.sty"
Package: float 2001/11/08 v1.3d Float enhancements (AL)
\c@float@type=\count114
\float@exts=\toks23
\float@box=\box36
\@float@everytoks=\toks24
\@floatcapt=\box37
)
("C:/Program Files/MiKTeX 2.9/tex/latex/wrapfig/wrapfig.sty"
\wrapoverhang=\dimen136
\WF@size=\dimen137
\c@WF@wrappedlines=\count115
\WF@box=\box38
\WF@everypar=\toks25
Package: wrapfig 2003/01/31  v 3.6
)
("C:/Program Files/MiKTeX 2.9/tex/latex/ltxmisc/parskip.sty"
Package: parskip 2001/04/09 non-zero parskip adjustments
)
("C:/Program Files/MiKTeX 2.9/tex/latex/base/alltt.sty"
Package: alltt 1997/06/16 v2.0g defines alltt environment
)
("C:/Program Files/MiKTeX 2.9/tex/latex/upquote/upquote.sty"
Package: upquote 2012/04/19 v1.3 upright-quote and grave-accent glyphs in verbat
im
)
("C:/Program Files/MiKTeX 2.9/tex/latex/capt-of/capt-of.sty"
Package: capt-of 2009/12/29 v0.2 standard captions outside of floats
)
("C:/Program Files/MiKTeX 2.9/tex/latex/needspace/needspace.sty"
Package: needspace 2010/09/12 v1.3d reserve vertical space
)
("C:/Program Files/MiKTeX 2.9/tex/latex/carlisle/remreset.sty")
(./sphinxhighlight.sty
Package: sphinxhighlight 2016/05/29 stylesheet for highlighting with pygments
)
("C:/Program Files/MiKTeX 2.9/tex/latex/oberdiek/kvoptions.sty"
Package: kvoptions 2016/05/16 v3.12 Key value format for package options (HO)

("C:/Program Files/MiKTeX 2.9/tex/generic/oberdiek/kvsetkeys.sty"
Package: kvsetkeys 2016/05/16 v1.17 Key value parser (HO)

("C:/Program Files/MiKTeX 2.9/tex/generic/oberdiek/etexcmds.sty"
Package: etexcmds 2016/05/16 v1.6 Avoid name clashes with e-TeX commands (HO)

("C:/Program Files/MiKTeX 2.9/tex/generic/oberdiek/ifluatex.sty"
Package: ifluatex 2016/05/16 v1.4 Provides the ifluatex switch (HO)
Package ifluatex Info: LuaTeX detected.
))))
\sphinxverbatimsep=\dimen138
\sphinxverbatimborder=\dimen139
\sphinxshadowsep=\dimen140
\sphinxshadowsize=\dimen141
\sphinxshadowrule=\dimen142
\spx@notice@border=\dimen143
\spx@image@maxheight=\dimen144
\spx@image@box=\dimen145
\c@literalblock=\count116
\sphinxcontinuationbox=\box39
\sphinxvisiblespacebox=\box40
\sphinxVerbatim@TitleBox=\box41
\py@argswidth=\skip71
\lineblockindentation=\skip72
\DUlineblockindent=\skip73
)
("C:/Program Files/MiKTeX 2.9/tex/latex/geometry/geometry.sty"
Package: geometry 2010/09/12 v5.6 Page Geometry

("C:/Program Files/MiKTeX 2.9/tex/generic/oberdiek/ifpdf.sty"
Package: ifpdf 2017/03/15 v3.2 Provides the ifpdf switch
)
("C:/Program Files/MiKTeX 2.9/tex/generic/oberdiek/ifvtex.sty"
Package: ifvtex 2016/05/16 v1.6 Detect VTeX and its facilities (HO)
Package ifvtex Info: VTeX not detected.
)
("C:/Program Files/MiKTeX 2.9/tex/generic/ifxetex/ifxetex.sty"
Package: ifxetex 2010/09/12 v0.6 Provides ifxetex conditional
)
\Gm@cnth=\count117
\Gm@cntv=\count118
\c@Gm@tempcnt=\count119
\Gm@bindingoffset=\dimen146
\Gm@wd@mp=\dimen147
\Gm@odd@mp=\dimen148
\Gm@even@mp=\dimen149
\Gm@layoutwidth=\dimen150
\Gm@layoutheight=\dimen151
\Gm@layouthoffset=\dimen152
\Gm@layoutvoffset=\dimen153
\Gm@dimlist=\toks26

("C:/Program Files/MiKTeX 2.9/tex/latex/geometry/geometry.cfg"))
("C:/Program Files/MiKTeX 2.9/tex/latex/hyperref/hyperref.sty"
Package: hyperref 2017/03/14 v6.85a Hypertext links for LaTeX

("C:/Program Files/MiKTeX 2.9/tex/generic/oberdiek/hobsub-hyperref.sty"
Package: hobsub-hyperref 2016/05/16 v1.14 Bundle oberdiek, subset hyperref (HO)

("C:/Program Files/MiKTeX 2.9/tex/generic/oberdiek/hobsub-generic.sty"
Package: hobsub-generic 2016/05/16 v1.14 Bundle oberdiek, subset generic (HO)
Package: hobsub 2016/05/16 v1.14 Construct package bundles (HO)
Package hobsub Info: Skipping package `infwarerr' (already loaded).
Package hobsub Info: Skipping package `ltxcmds' (already loaded).
Package hobsub Info: Skipping package `ifluatex' (already loaded).
Package hobsub Info: Skipping package `ifvtex' (already loaded).
Package: intcalc 2016/05/16 v1.2 Expandable calculations with integers (HO)
Package hobsub Info: Skipping package `ifpdf' (already loaded).
Package hobsub Info: Skipping package `etexcmds' (already loaded).
Package hobsub Info: Skipping package `kvsetkeys' (already loaded).
Package: kvdefinekeys 2016/05/16 v1.4 Define keys (HO)
Package: luatex-loader 2016/05/16 v0.6 Lua module loader (HO)

(C:/Program Files/MiKTeX 2.9/scripts/oberdiek/oberdiek.luatex.lua)
Package: pdftexcmds 2017/03/19 v0.25 Utility functions of pdfTeX for LuaTeX (HO)

Package pdftexcmds Info: \pdf@primitive is available.
Package pdftexcmds Info: \pdf@ifprimitive is available.
Package pdftexcmds Info: \pdfdraftmode found.
\pdftexcmds@toks=\toks27
Package: pdfescape 2016/05/16 v1.14 Implements pdfTeX's escape features (HO)
Package: bigintcalc 2016/05/16 v1.4 Expandable calculations on big integers (HO)

Package: bitset 2016/05/16 v1.2 Handle bit-vector datatype (HO)
Package: uniquecounter 2016/05/16 v1.3 Provide unlimited unique counter (HO)
)
Package hobsub Info: Skipping package `hobsub' (already loaded).
Package: letltxmacro 2016/05/16 v1.5 Let assignment for LaTeX macros (HO)
Package: hopatch 2016/05/16 v1.3 Wrapper for package hooks (HO)
Package: xcolor-patch 2016/05/16 xcolor patch
Package: atveryend 2016/05/16 v1.9 Hooks at the very end of document (HO)
Package atveryend Info: \enddocument detected (standard20110627).
Package: atbegshi 2016/06/09 v1.18 At begin shipout hook (HO)
Package: refcount 2016/05/16 v3.5 Data extraction from label references (HO)
Package: hycolor 2016/05/16 v1.8 Color options for hyperref/bookmark (HO)
)
("C:/Program Files/MiKTeX 2.9/tex/latex/oberdiek/auxhook.sty"
Package: auxhook 2016/05/16 v1.4 Hooks for auxiliary files (HO)
)
\@linkdim=\dimen154
\Hy@linkcounter=\count120
\Hy@pagecounter=\count121

("C:/Program Files/MiKTeX 2.9/tex/latex/hyperref/pd1enc.def"
File: pd1enc.def 2017/03/14 v6.85a Hyperref: PDFDocEncoding definition (HO)
)
\Hy@SavedSpaceFactor=\count122

("C:/Program Files/MiKTeX 2.9/tex/latex/00miktex/hyperref.cfg"
File: hyperref.cfg 2002/06/06 v1.2 hyperref configuration of TeXLive
)
Package hyperref Info: Option `unicode' set `true' on input line 4374.

("C:/Program Files/MiKTeX 2.9/tex/latex/hyperref/puenc.def"
File: puenc.def 2017/03/14 v6.85a Hyperref: PDF Unicode definition (HO)
)
Package hyperref Info: Option `colorlinks' set `true' on input line 4374.
Package hyperref Info: Option `breaklinks' set `true' on input line 4374.
Package hyperref Info: Hyper figures OFF on input line 4498.
Package hyperref Info: Link nesting OFF on input line 4503.
Package hyperref Info: Hyper index ON on input line 4506.
Package hyperref Info: Plain pages OFF on input line 4513.
Package hyperref Info: Backreferencing OFF on input line 4518.
Package hyperref Info: Implicit mode ON; LaTeX internals redefined.
Package hyperref Info: Bookmarks ON on input line 4751.
\c@Hy@tempcnt=\count123

("C:/Program Files/MiKTeX 2.9/tex/latex/url/url.sty"
\Urlmuskip=\muskip11
Package: url 2013/09/16  ver 3.4  Verb mode for urls, etc.
)
LaTeX Info: Redefining \url on input line 5104.
\XeTeXLinkMargin=\dimen155
\Fld@menulength=\count124
\Field@Width=\dimen156
\Fld@charsize=\dimen157
Package hyperref Info: Hyper figures OFF on input line 6358.
Package hyperref Info: Link nesting OFF on input line 6363.
Package hyperref Info: Hyper index ON on input line 6366.
Package hyperref Info: backreferencing OFF on input line 6373.
Package hyperref Info: Link coloring ON on input line 6376.
Package hyperref Info: Link coloring with OCG OFF on input line 6383.
Package hyperref Info: PDF/A mode OFF on input line 6388.
LaTeX Info: Redefining \ref on input line 6428.
LaTeX Info: Redefining \pageref on input line 6432.
\Hy@abspage=\count125
\c@Item=\count126
\c@Hfootnote=\count127
)

Package hyperref Message: Driver (autodetected): hluatex.

("C:/Program Files/MiKTeX 2.9/tex/latex/hyperref/hluatex.def"
File: hluatex.def 2017/03/14 v6.85a Hyperref driver for luaTeX
\Fld@listcount=\count128
\c@bookmark@seq@number=\count129

("C:/Program Files/MiKTeX 2.9/tex/latex/oberdiek/rerunfilecheck.sty"
Package: rerunfilecheck 2016/05/16 v1.8 Rerun checks for auxiliary files (HO)
Package uniquecounter Info: New unique counter `rerunfilecheck' on input line 28
2.
)
\Hy@SectionHShift=\skip74
)
("C:/Program Files/MiKTeX 2.9/tex/latex/oberdiek/hypcap.sty"
Package: hypcap 2016/05/16 v1.12 Adjusting the anchors of captions (HO)
)
(./sphinxmessages.sty
Package: sphinxmessages 2019/01/04 v2.0 Localized LaTeX macros (Sphinx team)
)
("C:/Program Files/MiKTeX 2.9/tex/latex/fontspec/fontspec.sty"
("C:/Program Files/MiKTeX 2.9/tex/latex/l3packages/xparse/xparse.sty"
("C:/Program Files/MiKTeX 2.9/tex/latex/l3kernel/expl3.sty"
Package: expl3 2019-04-21 L3 programming layer (loader) 

("C:/Program Files/MiKTeX 2.9/tex/latex/l3kernel/expl3-code.tex"
Package: expl3 2019-04-21 L3 programming layer (code)
\ucharcat@table=\catcodetable5
\c_max_int=\count130
\l_tmpa_int=\count131
\l_tmpb_int=\count132
\g_tmpa_int=\count133
\g_tmpb_int=\count134
\g__kernel_prg_map_int=\count135
\c__ior_term_ior=\count136
\c_log_iow=\count137
\l_iow_line_count_int=\count138
\l__iow_line_target_int=\count139
\l__iow_one_indent_int=\count140
\l__iow_indent_int=\count141
\c_zero_dim=\dimen158
\c_max_dim=\dimen159
\l_tmpa_dim=\dimen160
\l_tmpb_dim=\dimen161
\g_tmpa_dim=\dimen162
\g_tmpb_dim=\dimen163
\c_zero_skip=\skip75
\c_max_skip=\skip76
\l_tmpa_skip=\skip77
\l_tmpb_skip=\skip78
\g_tmpa_skip=\skip79
\g_tmpb_skip=\skip80
\c_zero_muskip=\muskip12
\c_max_muskip=\muskip13
\l_tmpa_muskip=\muskip14
\l_tmpb_muskip=\muskip15
\g_tmpa_muskip=\muskip16
\g_tmpb_muskip=\muskip17
\l_keys_choice_int=\count142
\l__intarray_loop_int=\count143
\c__intarray_sp_dim=\dimen164
\g__intarray_font_int=\count144
\c__fp_leading_shift_int=\count145
\c__fp_middle_shift_int=\count146
\c__fp_trailing_shift_int=\count147
\c__fp_big_leading_shift_int=\count148
\c__fp_big_middle_shift_int=\count149
\c__fp_big_trailing_shift_int=\count150
\c__fp_Bigg_leading_shift_int=\count151
\c__fp_Bigg_middle_shift_int=\count152
\c__fp_Bigg_trailing_shift_int=\count153
\g__fp_array_int=\count154
\l__fp_array_loop_int=\count155
\l__sort_length_int=\count156
\l__sort_min_int=\count157
\l__sort_top_int=\count158
\l__sort_max_int=\count159
\l__sort_true_max_int=\count160
\l__sort_block_int=\count161
\l__sort_begin_int=\count162
\l__sort_end_int=\count163
\l__sort_A_int=\count164
\l__sort_B_int=\count165
\l__sort_C_int=\count166
\l__tl_analysis_normal_int=\count167
\l__tl_analysis_index_int=\count168
\l__tl_analysis_nesting_int=\count169
\l__tl_analysis_type_int=\count170
\l__regex_internal_a_int=\count171
\l__regex_internal_b_int=\count172
\l__regex_internal_c_int=\count173
\l__regex_balance_int=\count174
\l__regex_group_level_int=\count175
\l__regex_mode_int=\count176
\c__regex_cs_in_class_mode_int=\count177
\c__regex_cs_mode_int=\count178
\l__regex_catcodes_int=\count179
\l__regex_default_catcodes_int=\count180
\c__regex_catcode_L_int=\count181
\c__regex_catcode_O_int=\count182
\c__regex_catcode_A_int=\count183
\c__regex_all_catcodes_int=\count184
\l__regex_show_lines_int=\count185
\l__regex_min_state_int=\count186
\l__regex_max_state_int=\count187
\l__regex_left_state_int=\count188
\l__regex_right_state_int=\count189
\l__regex_capturing_group_int=\count190
\l__regex_min_pos_int=\count191
\l__regex_max_pos_int=\count192
\l__regex_curr_pos_int=\count193
\l__regex_start_pos_int=\count194
\l__regex_success_pos_int=\count195
\l__regex_curr_char_int=\count196
\l__regex_curr_catcode_int=\count197
\l__regex_last_char_int=\count198
\l__regex_case_changed_char_int=\count199
\l__regex_curr_state_int=\count266
\l__regex_step_int=\count267
\l__regex_min_active_int=\count268
\l__regex_max_active_int=\count269
\l__regex_replacement_csnames_int=\count270
\l__regex_match_count_int=\count271
\l__regex_min_submatch_int=\count272
\l__regex_submatch_int=\count273
\l__regex_zeroth_submatch_int=\count274
\g__regex_trace_regex_int=\count275
\c_empty_box=\box42
\l_tmpa_box=\box43
\l_tmpb_box=\box44
\g_tmpa_box=\box45
\g_tmpb_box=\box46
\l__box_top_dim=\dimen165
\l__box_bottom_dim=\dimen166
\l__box_left_dim=\dimen167
\l__box_right_dim=\dimen168
\l__box_top_new_dim=\dimen169
\l__box_bottom_new_dim=\dimen170
\l__box_left_new_dim=\dimen171
\l__box_right_new_dim=\dimen172
\l__box_internal_box=\box47
\l__coffin_internal_box=\box48
\l__coffin_internal_dim=\dimen173
\l__coffin_offset_x_dim=\dimen174
\l__coffin_offset_y_dim=\dimen175
\l__coffin_x_dim=\dimen176
\l__coffin_y_dim=\dimen177
\l__coffin_x_prime_dim=\dimen178
\l__coffin_y_prime_dim=\dimen179
\c_empty_coffin=\box49
\l__coffin_aligned_coffin=\box50
\l__coffin_aligned_internal_coffin=\box51
\l_tmpa_coffin=\box52
\l_tmpb_coffin=\box53
\g_tmpa_coffin=\box54
\g_tmpb_coffin=\box55
\l__coffin_bounding_shift_dim=\dimen180
\l__coffin_left_corner_dim=\dimen181
\l__coffin_right_corner_dim=\dimen182
\l__coffin_bottom_corner_dim=\dimen183
\l__coffin_top_corner_dim=\dimen184
\l__coffin_scaled_total_height_dim=\dimen185
\l__coffin_scaled_width_dim=\dimen186
\c__coffin_empty_coffin=\box56
\l__coffin_display_coffin=\box57
\l__coffin_display_coord_coffin=\box58
\l__coffin_display_pole_coffin=\box59
\l__coffin_display_offset_dim=\dimen187
\l__coffin_display_x_dim=\dimen188
\l__coffin_display_y_dim=\dimen189
\g__file_internal_ior=\read2
\l__seq_internal_a_int=\count276
\l__seq_internal_b_int=\count277
\c__deprecation_minus_one=\count278
)
("C:/Program Files/MiKTeX 2.9/tex/latex/l3kernel/l3pdfmode.def"
File: l3pdfmode.def 2019-04-06 v L3 Experimental driver: PDF mode
\l__driver_color_stack_int=\count279
))
Package: xparse 2019-03-05 L3 Experimental document command parser
\l__xparse_current_arg_int=\count280
\g__xparse_grabber_int=\count281
\l__xparse_m_args_int=\count282
\l__xparse_v_nesting_int=\count283
)
Package: fontspec 2019/03/15 v2.7c Font selection for XeLaTeX and LuaLaTeX
Lua module: fontspec 2019/03/15 2.7c Font selection for XeLaTeX and LuaLaTeX
("C:/Program Files/MiKTeX 2.9/tex/latex/fontspec/fontspec-luatex.sty"
Package: fontspec-luatex 2019/03/15 v2.7c Font selection for XeLaTeX and LuaLaTe
X
\l__fontspec_script_int=\count284
\l__fontspec_language_int=\count285
\l__fontspec_strnum_int=\count286
\l__fontspec_tmp_int=\count287
\l__fontspec_tmpa_int=\count288
\l__fontspec_tmpb_int=\count289
\l__fontspec_tmpc_int=\count290
\l__fontspec_em_int=\count291
\l__fontspec_emdef_int=\count292
\l__fontspec_strong_int=\count293
\l__fontspec_strongdef_int=\count294
\l__fontspec_tmpa_dim=\dimen190
\l__fontspec_tmpb_dim=\dimen191
\l__fontspec_tmpc_dim=\dimen192

("C:/Program Files/MiKTeX 2.9/tex/latex/base/fontenc.sty"
Package: fontenc 2017/04/05 v2.0i Standard LaTeX package

("C:/Program Files/MiKTeX 2.9/tex/latex/base/tuenc.def"
File: tuenc.def 2017/04/05 v2.0i Standard LaTeX file
LaTeX Font Info:    Redeclaring font encoding TU on input line 82.
))
("C:/Program Files/MiKTeX 2.9/tex/latex/fontspec/fontspec.cfg")
LaTeX Info: Redefining \itshape on input line 3783.
LaTeX Info: Redefining \slshape on input line 3788.
LaTeX Info: Redefining \scshape on input line 3793.
LaTeX Info: Redefining \upshape on input line 3798.
LaTeX Info: Redefining \em on input line 3828.
LaTeX Info: Redefining \emph on input line 3853.
(load luc: C:/Users/Holt/AppData/Local/MiKTeX/2.9/luatex-cache/generic/fonts/otl
/lmroman10-bold.luc)(load luc: C:/Users/Holt/AppData/Local/MiKTeX/2.9/luatex-cac
he/generic/fonts/otl/lmroman10-italic.luc)))
luaotfload | cache : Lookup cache loaded from C:/Users/Holt/AppData/Local/MiKTeX
/2.9/luatex-cache/generic/names/luaotfload-lookup-cache.luc.(load luc: C:/Users/
Holt/AppData/Local/MiKTeX/2.9/luatex-cache/generic/fonts/otl/cour.luc)(load luc:
 C:/Users/Holt/AppData/Local/MiKTeX/2.9/luatex-cache/generic/fonts/otl/courbi.lu
c)(load luc: C:/Users/Holt/AppData/Local/MiKTeX/2.9/luatex-cache/generic/fonts/o
tl/courbd.luc)(load luc: C:/Users/Holt/AppData/Local/MiKTeX/2.9/luatex-cache/gen
eric/fonts/otl/couri.luc)
luaotfload | aux : font no 29 (nil) does not define feature smcp for script latn
 with language dflt
luaotfload | aux : no font with id 29
luaotfload | aux : font no 34 (nil) does not define feature smcp for script latn
 with language dflt
luaotfload | aux : no font with id 34
luaotfload | aux : font no 35 (nil) does not define feature smcp for script latn
 with language dflt
luaotfload | aux : no font with id 35
luaotfload | aux : font no 36 (nil) does not define feature smcp for script latn
 with language dflt
luaotfload | aux : no font with id 36

Package fontspec Info: Font family 'CourierNew(0)' created for font 'Courier
(fontspec)             New' with options
(fontspec)             [WordSpace={1,0,0},HyphenChar=None,PunctuationSpace=WordS
pace].
(fontspec)              
(fontspec)              This font family consists of the following NFSS
(fontspec)             series/shapes:
(fontspec)              
(fontspec)             - 'normal' (m/n) with NFSS spec.:
(fontspec)             <->"CourierNew:mode=node;script=latn;language=DFLT;"
(fontspec)             - 'small caps'  (m/sc) with NFSS spec.: 
(fontspec)             and font adjustment code:
(fontspec)             \fontdimen 2\font =1\fontdimen 2\font \fontdimen 3\font
(fontspec)             =0\fontdimen 3\font \fontdimen 4\font =0\fontdimen
(fontspec)             4\font \fontdimen 7\font =0\fontdimen 2\font
(fontspec)             \tex_hyphenchar:D \font =-1\scan_stop: 
(fontspec)             - 'bold' (bx/n) with NFSS spec.:
(fontspec)             <->"CourierNew/B:mode=node;script=latn;language=DFLT;"
(fontspec)             - 'bold small caps'  (bx/sc) with NFSS spec.: 
(fontspec)             and font adjustment code:
(fontspec)             \fontdimen 2\font =1\fontdimen 2\font \fontdimen 3\font
(fontspec)             =0\fontdimen 3\font \fontdimen 4\font =0\fontdimen
(fontspec)             4\font \fontdimen 7\font =0\fontdimen 2\font
(fontspec)             \tex_hyphenchar:D \font =-1\scan_stop: 
(fontspec)             - 'italic' (m/it) with NFSS spec.:
(fontspec)             <->"CourierNew/I:mode=node;script=latn;language=DFLT;"
(fontspec)             - 'italic small caps'  (m/itsc) with NFSS spec.: 
(fontspec)             and font adjustment code:
(fontspec)             \fontdimen 2\font =1\fontdimen 2\font \fontdimen 3\font
(fontspec)             =0\fontdimen 3\font \fontdimen 4\font =0\fontdimen
(fontspec)             4\font \fontdimen 7\font =0\fontdimen 2\font
(fontspec)             \tex_hyphenchar:D \font =-1\scan_stop: 
(fontspec)             - 'bold italic' (bx/it) with NFSS spec.:
(fontspec)             <->"CourierNew/BI:mode=node;script=latn;language=DFLT;"
(fontspec)             - 'bold italic small caps'  (bx/itsc) with NFSS spec.: 
(fontspec)             and font adjustment code:
(fontspec)             \fontdimen 2\font =1\fontdimen 2\font \fontdimen 3\font
(fontspec)             =0\fontdimen 3\font \fontdimen 4\font =0\fontdimen
(fontspec)             4\font \fontdimen 7\font =0\fontdimen 2\font
(fontspec)             \tex_hyphenchar:D \font =-1\scan_stop: 

LaTeX Info: Redefining \ttfamily on input line 42.
\@indexfile=\write4

\openout4 = Virtel_User_Guide.idx
Writing index file Virtel_User_Guide.idx
(./Virtel_User_Guide.aux)
\openout1 = Virtel_User_Guide.aux

LaTeX Font Info:    Checking defaults for OML/cmm/m/it on input line 51.
LaTeX Font Info:    ... okay on input line 51.
LaTeX Font Info:    Checking defaults for T1/cmr/m/n on input line 51.
LaTeX Font Info:    ... okay on input line 51.
LaTeX Font Info:    Checking defaults for OT1/cmr/m/n on input line 51.
LaTeX Font Info:    ... okay on input line 51.
LaTeX Font Info:    Checking defaults for OMS/cmsy/m/n on input line 51.
LaTeX Font Info:    ... okay on input line 51.
LaTeX Font Info:    Checking defaults for TU/lmr/m/n on input line 51.
LaTeX Font Info:    ... okay on input line 51.
LaTeX Font Info:    Checking defaults for OMX/cmex/m/n on input line 51.
LaTeX Font Info:    ... okay on input line 51.
LaTeX Font Info:    Checking defaults for U/cmr/m/n on input line 51.
LaTeX Font Info:    ... okay on input line 51.
LaTeX Font Info:    Checking defaults for TS1/cmr/m/n on input line 51.
LaTeX Font Info:    Try loading font information for TS1+cmr on input line 51.
 ("C:/Program Files/MiKTeX 2.9/tex/latex/base/ts1cmr.fd"
File: ts1cmr.fd 2014/09/29 v2.5h Standard LaTeX font definitions
)
LaTeX Font Info:    ... okay on input line 51.
LaTeX Font Info:    Checking defaults for PD1/pdf/m/n on input line 51.
LaTeX Font Info:    ... okay on input line 51.
LaTeX Font Info:    Checking defaults for PU/pdf/m/n on input line 51.
LaTeX Font Info:    ... okay on input line 51.
 ("C:/Program Files/MiKTeX 2.9/tex/context/base/mkii/supp-pdf.mkii"
[Loading MPS to PDF converter (version 2006.09.02).]
\scratchcounter=\count295
\scratchdimen=\dimen193
\scratchbox=\box60
\nofMPsegments=\count296
\nofMParguments=\count297
\everyMPshowfont=\toks28
\MPscratchCnt=\count298
\MPscratchDim=\dimen194
\MPnumerator=\count299
\makeMPintoPDFobject=\count300
\everyMPtoPDFconversion=\toks29
) ("C:/Program Files/MiKTeX 2.9/tex/latex/oberdiek/epstopdf-base.sty"
Package: epstopdf-base 2016/05/15 v2.6 Base part for package epstopdf

("C:/Program Files/MiKTeX 2.9/tex/latex/oberdiek/grfext.sty"
Package: grfext 2016/05/16 v1.2 Manage graphics extensions (HO)
)
Package epstopdf-base Info: Redefining graphics rule for `.eps' on input line 43
8.
Package grfext Info: Graphics extension search list:
(grfext)             [.png,.pdf,.jpg,.mps,.jpeg,.jbig2,.jb2,.PNG,.PDF,.JPG,.JPEG
,.JBIG2,.JB2,.eps]
(grfext)             \AppendGraphicsExtensions on input line 456.
)
*geometry* driver: auto-detecting
*geometry* detected driver: pdftex
*geometry* verbose mode - [ preamble ] result:
* driver: pdftex
* paper: letterpaper
* layout: <same size as paper>
* layoutoffset:(h,v)=(0.0pt,0.0pt)
* modes: twoside 
* h-part:(L,W,R)=(72.26999pt, 469.75502pt, 72.26999pt)
* v-part:(T,H,B)=(72.26999pt, 650.43001pt, 72.26999pt)
* \paperwidth=614.295pt
* \paperheight=794.96999pt
* \textwidth=469.75502pt
* \textheight=650.43001pt
* \oddsidemargin=0.0pt
* \evensidemargin=0.0pt
* \topmargin=-37.0pt
* \headheight=12.0pt
* \headsep=25.0pt
* \topskip=10.0pt
* \footskip=30.0pt
* \marginparwidth=36.135pt
* \marginparsep=11.0pt
* \columnsep=10.0pt
* \skip\footins=9.0pt plus 4.0pt minus 2.0pt
* \hoffset=0.0pt
* \voffset=0.0pt
* \mag=1000
* \@twocolumnfalse
* \@twosidetrue
* \@mparswitchtrue
* \@reversemarginfalse
* (1in=72.27pt=25.4mm, 1cm=28.453pt)

\AtBeginShipoutBox=\box61
Package hyperref Info: Link coloring ON on input line 51.
("C:/Program Files/MiKTeX 2.9/tex/latex/hyperref/nameref.sty"
Package: nameref 2016/05/21 v2.44 Cross-referencing by name of section

("C:/Program Files/MiKTeX 2.9/tex/generic/oberdiek/gettitlestring.sty"
Package: gettitlestring 2016/05/16 v1.5 Cleanup title references (HO)
)
\c@section@level=\count301
)
LaTeX Info: Redefining \ref on input line 51.
LaTeX Info: Redefining \pageref on input line 51.
LaTeX Info: Redefining \nameref on input line 51.

(./Virtel_User_Guide.out) (./Virtel_User_Guide.out)
\@outlinefile=\write5

\openout5 = Virtel_User_Guide.out

Package fontspec Info: Adjusting the maths setup (use [no-math] to avoid
(fontspec)             this).

\symlegacymaths=\mathgroup6
LaTeX Font Info:    Overwriting symbol font `legacymaths' in version `bold'
(Font)                  OT1/cmr/m/n --> OT1/cmr/bx/n on input line 51.
LaTeX Font Info:    Redeclaring math accent \acute on input line 51.
LaTeX Font Info:    Redeclaring math accent \grave on input line 51.
LaTeX Font Info:    Redeclaring math accent \ddot on input line 51.
LaTeX Font Info:    Redeclaring math accent \tilde on input line 51.
LaTeX Font Info:    Redeclaring math accent \bar on input line 51.
LaTeX Font Info:    Redeclaring math accent \breve on input line 51.
LaTeX Font Info:    Redeclaring math accent \check on input line 51.
LaTeX Font Info:    Redeclaring math accent \hat on input line 51.
LaTeX Font Info:    Redeclaring math accent \dot on input line 51.
LaTeX Font Info:    Redeclaring math accent \mathring on input line 51.
LaTeX Font Info:    Redeclaring math symbol \Gamma on input line 51.
LaTeX Font Info:    Redeclaring math symbol \Delta on input line 51.
LaTeX Font Info:    Redeclaring math symbol \Theta on input line 51.
LaTeX Font Info:    Redeclaring math symbol \Lambda on input line 51.
LaTeX Font Info:    Redeclaring math symbol \Xi on input line 51.
LaTeX Font Info:    Redeclaring math symbol \Pi on input line 51.
LaTeX Font Info:    Redeclaring math symbol \Sigma on input line 51.
LaTeX Font Info:    Redeclaring math symbol \Upsilon on input line 51.
LaTeX Font Info:    Redeclaring math symbol \Phi on input line 51.
LaTeX Font Info:    Redeclaring math symbol \Psi on input line 51.
LaTeX Font Info:    Redeclaring math symbol \Omega on input line 51.
LaTeX Font Info:    Redeclaring math symbol \mathdollar on input line 51.
LaTeX Font Info:    Redeclaring symbol font `operators' on input line 51.
LaTeX Font Info:    Encoding `OT1' has changed to `TU' for symbol font
(Font)              `operators' in the math version `normal' on input line 51.
LaTeX Font Info:    Overwriting symbol font `operators' in version `normal'
(Font)                  OT1/cmr/m/n --> TU/lmr/m/n on input line 51.
LaTeX Font Info:    Encoding `OT1' has changed to `TU' for symbol font
(Font)              `operators' in the math version `bold' on input line 51.
LaTeX Font Info:    Overwriting symbol font `operators' in version `bold'
(Font)                  OT1/cmr/bx/n --> TU/lmr/m/n on input line 51.
LaTeX Font Info:    Overwriting symbol font `operators' in version `normal'
(Font)                  TU/lmr/m/n --> TU/lmr/m/n on input line 51.
LaTeX Font Info:    Overwriting math alphabet `\mathit' in version `normal'
(Font)                  OT1/cmr/m/it --> TU/lmr/m/it on input line 51.
LaTeX Font Info:    Overwriting math alphabet `\mathbf' in version `normal'
(Font)                  OT1/cmr/bx/n --> TU/lmr/bx/n on input line 51.
LaTeX Font Info:    Overwriting math alphabet `\mathsf' in version `normal'
(Font)                  OT1/cmss/m/n --> TU/lmss/m/n on input line 51.
LaTeX Font Info:    Overwriting math alphabet `\mathtt' in version `normal'
(Font)                  OT1/cmtt/m/n --> TU/CourierNew(0)/m/n on input line 51.
LaTeX Font Info:    Overwriting symbol font `operators' in version `bold'
(Font)                  TU/lmr/m/n --> TU/lmr/bx/n on input line 51.
LaTeX Font Info:    Overwriting math alphabet `\mathit' in version `bold'
(Font)                  OT1/cmr/bx/it --> TU/lmr/bx/it on input line 51.
LaTeX Font Info:    Overwriting math alphabet `\mathsf' in version `bold'
(Font)                  OT1/cmss/bx/n --> TU/lmss/bx/n on input line 51.
LaTeX Font Info:    Overwriting math alphabet `\mathtt' in version `bold'
(Font)                  OT1/cmtt/m/n --> TU/CourierNew(0)/bx/n on input line 51.

Package hyperref Info: Option `pageanchor' set `false' on input line 54.
(load luc: C:/Users/Holt/AppData/Local/MiKTeX/2.9/luatex-cache/generic/fonts/otl
/lmsans10-regular.luc)(load luc: C:/Users/Holt/AppData/Local/MiKTeX/2.9/luatex-c
ache/generic/fonts/otl/lmsans10-bold.luc)
LaTeX Font Info:    Font shape `TU/lmss/bx/it' in size <10> not available
(Font)              Font shape `TU/lmss/bx/sl' tried instead on input line 54.
(load luc: C:/Users/Holt/AppData/Local/MiKTeX/2.9/luatex-cache/generic/fonts/otl
/lmsans10-boldoblique.luc)
LaTeX Font Info:    Font shape `TU/lmss/bx/it' in size <17.28> not available
(Font)              Font shape `TU/lmss/bx/sl' tried instead on input line 54.
(load luc: C:/Users/Holt/AppData/Local/MiKTeX/2.9/luatex-cache/generic/fonts/otl
/lmroman17-regular.luc)(load luc: C:/Users/Holt/AppData/Local/MiKTeX/2.9/luatex-
cache/generic/fonts/otl/lmroman12-regular.luc)
LaTeX Font Info:    Try loading font information for U+msa on input line 54.
 ("C:/Program Files/MiKTeX 2.9/tex/latex/amsfonts/umsa.fd"
File: umsa.fd 2013/01/14 v3.01 AMS symbols A
)
LaTeX Font Info:    Try loading font information for U+msb on input line 54.

("C:/Program Files/MiKTeX 2.9/tex/latex/amsfonts/umsb.fd"
File: umsb.fd 2013/01/14 v3.01 AMS symbols B
) [1

{C:/ProgramData/MiKTeX/2.9/pdftex/config/pdftex.map}] [2


](load luc: C:/Users/Holt/AppData/Local/MiKTeX/2.9/luatex-cache/generic/fonts/ot
l/lmsans12-regular.luc)
(./Virtel_User_Guide.toc(load luc: C:/Users/Holt/AppData/Local/MiKTeX/2.9/luatex
-cache/generic/fonts/otl/lmroman7-regular.luc)(load luc: C:/Users/Holt/AppData/L
ocal/MiKTeX/2.9/luatex-cache/generic/fonts/otl/lmroman5-regular.luc) [1

])
\tf@toc=\write6

\openout6 = Virtel_User_Guide.toc

[2] <logo_virtel_web.png, id=270, 559.83803pt x 207.64902pt>
File: logo_virtel_web.png Graphic file (type png)

<use logo_virtel_web.png>
Package luatex.def Info: logo_virtel_web.png used on input line 61.
(luatex.def)             Requested size: 279.91832pt x 103.82425pt.
 [1

<./logo_virtel_web.png>] [2

]
Chapter 1.
<overview.png, id=283, 813.0375pt x 471.7625pt>
File: overview.png Graphic file (type png)
 <use overview.png>
Package luatex.def Info: overview.png used on input line 121.
(luatex.def)             Requested size: 469.75082pt x 272.57864pt.
 [3] [4<./overview.png>](load luc: C:/Users/Holt/AppData/Local/MiKTeX/2.9/luatex
-cache/generic/fonts/otl/lmroman9-regular.luc) [5] [6]
<vwa_overview.png, id=313, 1244.65pt x 602.25pt>
File: vwa_overview.png Graphic file (type png)
 <use vwa_overview.png>
Package luatex.def Info: vwa_overview.png used on input line 185.
(luatex.def)             Requested size: 469.7623pt x 227.30434pt.

[7<./vwa_overview.png>] <vwa_example.png, id=326, 1184.17406pt x 767.11594pt>
File: vwa_example.png Graphic file (type png)

<use vwa_example.png>
Package luatex.def Info: vwa_example.png used on input line 220.
(luatex.def)             Requested size: 469.75833pt x 304.3126pt.
 [8<./vwa_example.png>] [9]
<vwm_overview.png, id=342, 1304.875pt x 1033.8625pt>
File: vwm_overview.png Graphic file (type png)
 <use vwm_overview.png>
Package luatex.def Info: vwm_overview.png used on input line 285.
(luatex.def)             Requested size: 469.75464pt x 372.19022pt.

[10<./vwm_overview.png>] [11]
<vwi_overview.png, id=356, 679.78969pt x 402.00188pt>
File: vwi_overview.png Graphic file (type png)
 <use vwi_overview.png>
Package luatex.def Info: vwi_overview.png used on input line 381.
(luatex.def)             Requested size: 469.75037pt x 277.79257pt.

[12] [13<./vwi_overview.png>]
<static_pages.png, id=373, 1023.825pt x 792.9625pt>
File: static_pages.png Graphic file (type png)
 <use static_pages.png>
Package luatex.def Info: static_pages.png used on input line 407.
(luatex.def)             Requested size: 469.74667pt x 363.8355pt.

[14<./static_pages.png>] [15] <image67.png, id=390, 996.72375pt x 505.13719pt>
File: image67.png Graphic file (type png)

<use image67.png>
Package luatex.def Info: image67.png used on input line 527.
(luatex.def)             Requested size: 469.75298pt x 238.06967pt.
 <image68.png, id=391, 1005.00468pt x 625.58719pt>
File: image68.png Graphic file (type png)

<use image68.png>
Package luatex.def Info: image68.png used on input line 534.
(luatex.def)             Requested size: 469.7453pt x 292.4128pt.
 [16<./image67.png>] [17<./image68.png>]
<image69.png, id=405, 1004.25188pt x 621.07031pt>
File: image69.png Graphic file (type png)
 <use image69.png>
Package luatex.def Info: image69.png used on input line 618.
(luatex.def)             Requested size: 469.7612pt x 290.51pt.
 [18]
<image70.png, id=414, 1005.00468pt x 624.83438pt>
File: image70.png Graphic file (type png)
 <use image70.png>
Package luatex.def Info: image70.png used on input line 622.
(luatex.def)             Requested size: 469.7453pt x 292.06091pt.
 [19<./image69.png>] [20<./image70.png>] [21] [22] [23] [24] [25]
<image113.png, id=478, 782.925pt x 469.755pt>
File: image113.png Graphic file (type png)
 <use image113.png>
Package luatex.def Info: image113.png used on input line 1057.
(luatex.def)             Requested size: 469.75862pt x 281.85518pt.

<image114.png, id=479, 782.925pt x 469.755pt>
File: image114.png Graphic file (type png)
 <use image114.png>
Package luatex.def Info: image114.png used on input line 1062.
(luatex.def)             Requested size: 469.75862pt x 281.85518pt.
 [26<./image113.png>] <image71.png, id=487, 992.95969pt x 618.05907pt>
File: image71.png Graphic file (type png)
 <use image71.png>
Package luatex.def Info: image71.png used on input line 1083.
(luatex.def)             Requested size: 469.75168pt x 292.40225pt.

[27<./image114.png>] [28<./image71.png>]
<image72.png, id=503, 1001.99344pt x 620.3175pt>
File: image72.png Graphic file (type png)
 <use image72.png>
Package luatex.def Info: image72.png used on input line 1120.
(luatex.def)             Requested size: 469.75972pt x 290.81097pt.
 [29<./image72.png>] <image73.png, id=511, 1002.74625pt x 619.56468pt>
File: image73.png Graphic file (type png)
 <use image73.png>
Package luatex.def Info: image73.png used on input line 1160.
(luatex.def)             Requested size: 469.76074pt x 290.2406pt.

[30<./image73.png>] <image115.png, id=520, 986.9372pt x 629.35126pt>
File: image115.png Graphic file (type png)

<use image115.png>
Package luatex.def Info: image115.png used on input line 1192.
(luatex.def)             Requested size: 469.76384pt x 299.54994pt.
 <image116.png, id=521, 986.9372pt x 629.35126pt>
File: image116.png Graphic file (type png)

<use image116.png>
Package luatex.def Info: image116.png used on input line 1197.
(luatex.def)             Requested size: 469.76384pt x 299.54994pt.
 [31<./image115.png>]
<image117.png, id=530, 986.9372pt x 629.35126pt>
File: image117.png Graphic file (type png)
 <use image117.png>
Package luatex.def Info: image117.png used on input line 1204.
(luatex.def)             Requested size: 469.76384pt x 299.54994pt.
 [32<./image116.png><./image117.png>] <image118.png, id=535, 986.9372pt x 629.3
5126pt>
File: image118.png Graphic file (type png)

<use image118.png>
Package luatex.def Info: image118.png used on input line 1209.
(luatex.def)             Requested size: 469.76384pt x 299.54994pt.
 [33<./image118.png>](load luc: C:/Users/Holt/AppData/Local/MiKTeX/2.9/luatex-ca
che/generic/fonts/otl/lmroman8-regular.luc)
Overfull \vbox (1.88287pt too high) detected at line 1272
 []

[34
Missing character: There is no ␣ (U+2423) in font CourierNew:mode=node;script=
latn;language=DFLT;!
] [35] [36] [37] [38] [39] [40] [41] [42] [43] [44] [45] [46] [47] [48]
[49]
Underfull \hbox (badness 7649) in paragraph at lines 2395--2397
[]\TU/lmr/m/n/10 Af-fects the pro-cess-ing of the COPY-FROM and GENERATE-
 []

[50]
Overfull \hbox (28.25499pt too wide) in paragraph at lines 2401--2403
[]
 []

[51] [52] [53] [54] [55] [56] [57] [58] [59] [60]
Underfull \hbox (badness 5475) in paragraph at lines 3236--3238
[]\TU/lmr/m/n/10 then the tag {{{ENCRYPTION-PARAMETERS (AL-GO-RITHM) “CRYPT32
70”}}} re-turns the
 []

[61] [62] [63] [64] [65] [66] [67] [68] [69] [70]
<image18.jpeg, id=866, 16.56187pt x 16.56187pt>
File: image18.jpeg Graphic file (type jpg)
 <use image18.jpeg>
Package luatex.def Info: image18.jpeg used on input line 3860.
(luatex.def)             Requested size: 16.26236pt x 16.26236pt.

<image19.png, id=867, 401.24907pt x 600.74437pt>
File: image19.png Graphic file (type png)
 <use image19.png>
Package luatex.def Info: image19.png used on input line 3866.
(luatex.def)             Requested size: 289.09502pt x 397.50084pt.
 [71<./image18.jpeg>] [72<./image19.png>] <image20.png, id=885, 400.49625pt x 6
01.4972pt>
File: image20.png Graphic file (type png)

<use image20.png>
Package luatex.def Info: image20.png used on input line 3971.
(luatex.def)             Requested size: 289.09651pt x 397.49417pt.
 [73] [74<./image20.png>] [75]
<image21.png, id=901, 390.70969pt x 738.50906pt>
File: image21.png Graphic file (type png)
 <use image21.png>
Package luatex.def Info: image21.png used on input line 4069.
(luatex.def)             Requested size: 289.09082pt x 397.48178pt.
 [76<./image21.png>] <image22.png, id=908, 417.05812pt x 603.75563pt>
File: image22.png Graphic file (type png)
 <use image22.png>
Package luatex.def Info: image22.png used on input line 4094.
(luatex.def)             Requested size: 289.09407pt x 397.48499pt.

[77] [78<./image22.png>] [79] [80] [81]
<image27.png, id=944, 1440.88312pt x 757.32938pt>
File: image27.png Graphic file (type png)
 <use image27.png>
Package luatex.def Info: image27.png used on input line 4257.
(luatex.def)             Requested size: 469.75453pt x 246.90338pt.
 [82<./image27.png>] <image81.png, id=954, 1098.35344pt x 735.49782pt>
File: image81.png Graphic file (type png)
 <use image81.png>
Package luatex.def Info: image81.png used on input line 4309.
(luatex.def)             Requested size: 469.75209pt x 314.57448pt.

[83] <image82.png, id=965, 1086.30844pt x 737.00343pt>
File: image82.png Graphic file (type png)
 <use image82.png>
Package luatex.def Info: image82.png used on input line 4322.
(luatex.def)             Requested size: 469.75565pt x 318.70462pt.

[84<./image81.png>] [85<./image82.png>]
<image28.png, id=976, 16.56187pt x 16.56187pt>
File: image28.png Graphic file (type png)
 <use image28.png>
Package luatex.def Info: image28.png used on input line 4336.
(luatex.def)             Requested size: 16.56183pt x 16.56183pt.

<image83.png, id=977, 1078.78032pt x 738.50906pt>
File: image83.png Graphic file (type png)
 <use image83.png>
Package luatex.def Info: image83.png used on input line 4359.
(luatex.def)             Requested size: 426.79668pt x 256.07054pt.

<image84.png, id=978, 1078.0275pt x 739.26187pt>
File: image84.png Graphic file (type png)
 <use image84.png>
Package luatex.def Info: image84.png used on input line 4366.
(luatex.def)             Requested size: 426.79494pt x 256.07211pt.
 [86<./image28.png><./image83.png>] <image85.png, id=984, 1080.28593pt x 737.00
343pt>
File: image85.png Graphic file (type png)

<use image85.png>
Package luatex.def Info: image85.png used on input line 4378.
(luatex.def)             Requested size: 426.78244pt x 256.06578pt.
 [87<./image84.png><./image85.png>]
<image86.png, id=991, 1100.61188pt x 741.52031pt>
File: image86.png Graphic file (type png)
 <use image86.png>
Package luatex.def Info: image86.png used on input line 4396.
(luatex.def)             Requested size: 469.76074pt x 316.49406pt.

<image87.png, id=992, 1102.1175pt x 741.52031pt>
File: image87.png Graphic file (type png)
 <use image87.png>
Package luatex.def Info: image87.png used on input line 4399.
(luatex.def)             Requested size: 469.7475pt x 316.0641pt.
 [88<./image86.png>] [89<./image87.png>]
File: image28.png Graphic file (type png)
 <use image28.png>
Package luatex.def Info: image28.png used on input line 4470.
(luatex.def)             Requested size: 16.56183pt x 16.56183pt.
 [90]
<image88.png, id=1012, 1100.61188pt x 743.77875pt>
File: image88.png Graphic file (type png)
 <use image88.png>
Package luatex.def Info: image88.png used on input line 4520.
(luatex.def)             Requested size: 469.76074pt x 317.45801pt.
 [91<./image88.png>] <image89.png, id=1017, 1105.12875pt x 736.25063pt>
File: image89.png Graphic file (type png)
 <use image89.png>
Package luatex.def Info: image89.png used on input line 4541.
(luatex.def)             Requested size: 469.74939pt x 312.96416pt.

<image90.png, id=1018, 684.30656pt x 213.04594pt>
File: image90.png Graphic file (type png)
 <use image90.png>
Package luatex.def Info: image90.png used on input line 4553.
(luatex.def)             Requested size: 469.77045pt x 146.25742pt.
 [92<./image89.png>] <image30.jpeg, id=1025, 569.87906pt x 385.44pt>
File: image30.jpeg Graphic file (type jpg)
 <use image30.jpeg>
Package luatex.def Info: image30.jpeg used on input line 4562.
(luatex.def)             Requested size: 469.75601pt x 317.72137pt.

<image31.jpeg, id=1026, 486.31688pt x 371.13657pt>
File: image31.jpeg Graphic file (type jpg)
 <use image31.jpeg>
Package luatex.def Info: image31.jpeg used on input line 4571.
(luatex.def)             Requested size: 469.75293pt x 358.50697pt.
 [93<./image90.png><./image30.jpeg>] <image32.jpeg, id=1032, 601.4972pt x 350.0
5782pt>
File: image32.jpeg Graphic file (type jpg)

<use image32.jpeg>
Package luatex.def Info: image32.jpeg used on input line 4577.
(luatex.def)             Requested size: 469.77168pt x 273.40186pt.
 [94<./image31.jpeg>]
<image33.jpeg, id=1037, 505.13719pt x 354.57469pt>
File: image33.jpeg Graphic file (type jpg)
 <use image33.jpeg>
Package luatex.def Info: image33.jpeg used on input line 4583.
(luatex.def)             Requested size: 469.76503pt x 329.74564pt.
 [95<./image32.jpeg>] <image34.jpeg, id=1042, 551.05875pt x 335.00156pt>
File: image34.jpeg Graphic file (type jpg)

<use image34.jpeg>
Package luatex.def Info: image34.jpeg used on input line 4592.
(luatex.def)             Requested size: 469.77272pt x 285.57564pt.
 [96<./image33.jpeg>]
<image35.jpeg, id=1048, 504.38437pt x 386.19281pt>
File: image35.jpeg Graphic file (type jpg)
 <use image35.jpeg>
Package luatex.def Info: image35.jpeg used on input line 4597.
(luatex.def)             Requested size: 469.75758pt x 359.68004pt.
 [97<./image34.jpeg>] <image36.jpeg, id=1054, 467.49657pt x 345.54094pt>
File: image36.jpeg Graphic file (type jpg)

<use image36.jpeg>
Package luatex.def Info: image36.jpeg used on input line 4602.
(luatex.def)             Requested size: 467.49542pt x 345.54008pt.
 [98<./image35.jpeg>]
<image37.jpeg, id=1059, 478.78876pt x 346.29375pt>
File: image37.jpeg Graphic file (type jpg)
 <use image37.jpeg>
Package luatex.def Info: image37.jpeg used on input line 4620.
(luatex.def)             Requested size: 469.7577pt x 339.76714pt.
 [99<./image36.jpeg>] <image38.png, id=1064, 374.90062pt x 304.13625pt>
File: image38.png Graphic file (type png)

<use image38.png>
Package luatex.def Info: image38.png used on input line 4649.
(luatex.def)             Requested size: 374.8997pt x 304.1355pt.
 [100<./image37.jpeg>]
<image39.png, id=1071, 374.90062pt x 106.14656pt>
File: image39.png Graphic file (type png)
 <use image39.png>
Package luatex.def Info: image39.png used on input line 4655.
(luatex.def)             Requested size: 374.8997pt x 106.1463pt.
 [101<./image38.png><./image39.png>] <image91.png, id=1076, 1445.4pt x 848.4197
pt>
File: image91.png Graphic file (type png)

<use image91.png>
Package luatex.def Info: image91.png used on input line 4684.
(luatex.def)             Requested size: 469.74944pt x 275.73314pt.
 [102<./image91.png>]
<image41.png, id=1083, 868.74562pt x 546.54187pt>
File: image41.png Graphic file (type png)
 <use image41.png>
Package luatex.def Info: image41.png used on input line 4710.
(luatex.def)             Requested size: 469.7652pt x 295.5285pt.
 [103<./image41.png>] [104] <image42.jpeg, id=1108, 1007.26312pt x 209.28188pt>
File: image42.jpeg Graphic file (type jpg)

<use image42.jpeg>
Package luatex.def Info: image42.jpeg used on input line 4802.
(luatex.def)             Requested size: 469.75577pt x 97.59926pt.
 <image43.jpeg, id=1109, 1014.03844pt x 213.79875pt>
File: image43.jpeg Graphic file (type jpg)

<use image43.jpeg>
Package luatex.def Info: image43.jpeg used on input line 4805.
(luatex.def)             Requested size: 469.7436pt x 99.04022pt.
 [105<./image42.jpeg><./image43.jpeg>]
<image44.jpeg, id=1120, 792.71156pt x 195.73125pt>
File: image44.jpeg Graphic file (type jpg)
 <use image44.jpeg>
Package luatex.def Info: image44.jpeg used on input line 4845.
(luatex.def)             Requested size: 469.76414pt x 115.99113pt.

<image45.jpeg, id=1121, 790.45313pt x 157.33781pt>
File: image45.jpeg Graphic file (type jpg)
 <use image45.jpeg>
Package luatex.def Info: image45.jpeg used on input line 4856.
(luatex.def)             Requested size: 469.75253pt x 93.50311pt.
 [106<./image44.jpeg><./image45.jpeg>] [107] [108
Missing character: There is no ␣ (U+2423) in font CourierNew:mode=node;script=
latn;language=DFLT;!
] [109] [110] [111] [112
Missing character: There is no ␣ (U+2423) in font CourierNew:mode=node;script=
latn;language=DFLT;!
Missing character: There is no ␣ (U+2423) in font CourierNew:mode=node;script=
latn;language=DFLT;!
] [113] [114]
<image46.png, id=1195, 834.11626pt x 584.93532pt>
File: image46.png Graphic file (type png)
 <use image46.png>
Package luatex.def Info: image46.png used on input line 5505.
(luatex.def)             Requested size: 469.762pt x 329.43587pt.
 [115]
[116<./image46.png>] <image47.png, id=1207, 16.56187pt x 16.56187pt>
File: image47.png Graphic file (type png)

<use image47.png>
Package luatex.def Info: image47.png used on input line 5538.
(luatex.def)             Requested size: 16.56183pt x 16.56183pt.
 <image48.jpeg, id=1208, 598.48593pt x 677.53125pt>
File: image48.jpeg Graphic file (type jpg)

<use image48.jpeg>
Package luatex.def Info: image48.jpeg used on input line 5550.
(luatex.def)             Requested size: 469.76683pt x 531.81151pt.
 [117<./image47.png>] [118<./image48.jpeg>] [119]
<image49.jpeg, id=1226, 757.32938pt x 310.91156pt>
File: image49.jpeg Graphic file (type jpg)
 <use image49.jpeg>
Package luatex.def Info: image49.jpeg used on input line 5593.
(luatex.def)             Requested size: 469.75893pt x 192.8533pt.

<image50.jpeg, id=1227, 577.40718pt x 207.77625pt>
File: image50.jpeg Graphic file (type jpg)
 <use image50.jpeg>
Package luatex.def Info: image50.jpeg used on input line 5598.
(luatex.def)             Requested size: 469.77655pt x 169.04604pt.
 [120<./image49.jpeg>] <image52.png, id=1235, 250.68657pt x 441.14813pt>
File: image52.png Graphic file (type png)

<use image52.png>
Package luatex.def Info: image52.png used on input line 5613.
(luatex.def)             Requested size: 250.68594pt x 441.14705pt.
 [121<./image50.jpeg>]
<image53.jpeg, id=1241, 1124.70187pt x 252.19218pt>
File: image53.jpeg Graphic file (type jpg)
 <use image53.jpeg>
Package luatex.def Info: image53.jpeg used on input line 5618.
(luatex.def)             Requested size: 469.74585pt x 105.33122pt.

<image54.jpeg, id=1242, 853.68938pt x 449.42906pt>
File: image54.jpeg Graphic file (type jpg)
 <use image54.jpeg>
Package luatex.def Info: image54.jpeg used on input line 5620.
(luatex.def)             Requested size: 469.76509pt x 247.30331pt.
 [122<./image52.png><./image53.jpeg>] [123<./image54.jpeg>]
<image51.jpeg, id=1259, 746.03719pt x 140.77594pt>
File: image51.jpeg Graphic file (type jpg)
 <use image51.jpeg>
Package luatex.def Info: image51.jpeg used on input line 5677.
(luatex.def)             Requested size: 469.75546pt x 88.64203pt.

<image56.png, id=1260, 557.08125pt x 130.98938pt>
File: image56.png Graphic file (type png)
 <use image56.png>
Package luatex.def Info: image56.png used on input line 5688.
(luatex.def)             Requested size: 469.76414pt x 110.45804pt.

<image57.png, id=1261, 491.58656pt x 633.11531pt>
File: image57.png Graphic file (type png)
 <use image57.png>
Package luatex.def Info: image57.png used on input line 5692.
(luatex.def)             Requested size: 469.77245pt x 605.04019pt.
 [124<./image51.jpeg><./image56.png>] <image58.png, id=1269, 492.33937pt x 321.
45094pt>
File: image58.png Graphic file (type png)

<use image58.png>
Package luatex.def Info: image58.png used on input line 5696.
(luatex.def)             Requested size: 469.77815pt x 306.7157pt.
 [125<./image57.png>] [126<./image58.png>]
<image55.png, id=1284, 1439.3775pt x 895.09406pt>
File: image55.png Graphic file (type png)
 <use image55.png>
Package luatex.def Info: image55.png used on input line 5767.
(luatex.def)             Requested size: 469.74686pt x 292.13133pt.
 [127<./image55.png>]
Underfull \vbox (badness 1845) detected at line 5866
 []

[128
Missing character: There is no ␣ (U+2423) in font CourierNew:mode=node;script=
latn;language=DFLT;!
] <image59.png, id=1295, 140.02313pt x 137.7647pt>
File: image59.png Graphic file (type png)
 <use image59.png>
Package luatex.def Info: image59.png used on input line 5873.
(luatex.def)             Requested size: 141.42863pt x 139.15593pt.

<image59a.png, id=1296, 138.5175pt x 134.75343pt>
File: image59a.png Graphic file (type png)
 <use image59a.png>
Package luatex.def Info: image59a.png used on input line 5874.
(luatex.def)             Requested size: 141.42336pt x 139.14507pt.
 [129
Missing character: There is no ␣ (U+2423) in font CourierNew:mode=node;script=
latn;language=DFLT;!
Missing character: There is no ␣ (U+2423) in font CourierNew:mode=node;script=
latn;language=DFLT;!
]
<image60.png, id=1302, 140.02313pt x 138.5175pt>
File: image60.png Graphic file (type png)
 <use image60.png>
Package luatex.def Info: image60.png used on input line 5878.
(luatex.def)             Requested size: 141.42863pt x 139.90367pt.

<image61.png, id=1303, 140.77594pt x 139.27031pt>
File: image61.png Graphic file (type png)
 <use image61.png>
Package luatex.def Info: image61.png used on input line 5882.
(luatex.def)             Requested size: 142.19328pt x 140.66614pt.
 [130<./image59.png><./image59a.png><./image60.png><./image61.png>] [131] [132
Missing character: There is no ␣ (U+2423) in font CourierNew:mode=node;script=
latn;language=DFLT;!
]
<image98.png, id=1318, 1431.09656pt x 889.82437pt>
File: image98.png Graphic file (type png)
 <use image98.png>
Package luatex.def Info: image98.png used on input line 6023.
(luatex.def)             Requested size: 469.7521pt x 292.08153pt.
 [133]
[134<./image98.png>] <image94.png, id=1330, 666.99188pt x 686.565pt>
File: image94.png Graphic file (type png)

<use image94.png>
Package luatex.def Info: image94.png used on input line 6078.
(luatex.def)             Requested size: 469.76117pt x 483.53601pt.
 [135] <image92.png, id=1337, 621.82312pt x 438.8897pt>
File: image92.png Graphic file (type png)

<use image92.png>
Package luatex.def Info: image92.png used on input line 6083.
(luatex.def)             Requested size: 469.7535pt x 331.56395pt.
 [136<./image94.png>]
<image93.png, id=1342, 624.83438pt x 590.95781pt>
File: image93.png Graphic file (type png)
 <use image93.png>
Package luatex.def Info: image93.png used on input line 6091.
(luatex.def)             Requested size: 469.76874pt x 444.29933pt.
 [137<./image92.png>] <image95.png, id=1349, 614.295pt x 456.20438pt>
File: image95.png Graphic file (type png)
 <use image95.png>
Package luatex.def Info: image95.png used on input line 6108.
(luatex.def)             Requested size: 469.75604pt x 348.8699pt.

[138<./image93.png>] [139<./image95.png>]
<image63a.png, id=1360, 488.57532pt x 510.40688pt>
File: image63a.png Graphic file (type png)
 <use image63a.png>
Package luatex.def Info: image63a.png used on input line 6124.
(luatex.def)             Requested size: 342.0004pt x 357.28238pt.
 [140<./image63a.png>] <image63b.png, id=1368, 619.56468pt x 549.55313pt>
File: image63b.png Graphic file (type png)

<use image63b.png>
Package luatex.def Info: image63b.png used on input line 6176.
(luatex.def)             Requested size: 309.78157pt x 274.7759pt.
 [141<./image63b.png>]
<image96.png, id=1375, 572.1375pt x 681.29532pt>
File: image96.png Graphic file (type png)
 <use image96.png>
Package luatex.def Info: image96.png used on input line 6198.
(luatex.def)             Requested size: 469.75816pt x 559.41428pt.
 [142]
[143<./image96.png>] <image97.png, id=1386, 752.8125pt x 646.66594pt>
File: image97.png Graphic file (type png)

<use image97.png>
Package luatex.def Info: image97.png used on input line 6252.
(luatex.def)             Requested size: 469.77148pt x 403.52383pt.
 [144] [145<./image97.png>] [146]
<image105.png, id=1406, 586.44093pt x 435.12563pt>
File: image105.png Graphic file (type png)
 <use image105.png>
Package luatex.def Info: image105.png used on input line 6365.
(luatex.def)             Requested size: 469.75291pt x 348.56573pt.
 [147]
<image106.png, id=1416, 858.95906pt x 502.12593pt>
File: image106.png Graphic file (type png)
 <use image106.png>
Package luatex.def Info: image106.png used on input line 6371.
(luatex.def)             Requested size: 469.75519pt x 274.62242pt.
 [148<./image105.png>] <image107.png, id=1421, 854.44218pt x 535.2497pt>
File: image107.png Graphic file (type png)

<use image107.png>
Package luatex.def Info: image107.png used on input line 6377.
(luatex.def)             Requested size: 469.74908pt x 294.28206pt.
 [149<./image106.png><./image107.png>]
<image108.png, id=1426, 596.98032pt x 508.90125pt>
File: image108.png Graphic file (type png)
 <use image108.png>
Package luatex.def Info: image108.png used on input line 6386.
(luatex.def)             Requested size: 469.76012pt x 400.45901pt.

<image109.png, id=1427, 859.71187pt x 626.34pt>
File: image109.png Graphic file (type png)
 <use image109.png>
Package luatex.def Info: image109.png used on input line 6392.
(luatex.def)             Requested size: 469.76022pt x 342.25168pt.
 [150<./image108.png>] <image110.png, id=1433, 457.71pt x 444.91219pt>
File: image110.png Graphic file (type png)
 <use image110.png>
Package luatex.def Info: image110.png used on input line 6399.
(luatex.def)             Requested size: 457.7089pt x 444.91109pt.

[151<./image109.png>] <image111.png, id=1439, 572.89032pt x 472.76625pt>
File: image111.png Graphic file (type png)

<use image111.png>
Package luatex.def Info: image111.png used on input line 6409.
(luatex.def)             Requested size: 469.76436pt x 387.66362pt.
 [152<./image110.png>] [153<./image111.png>] [154]
<image119.png, id=1457, 720.44156pt x 518.6878pt>
File: image119.png Graphic file (type png)
 <use image119.png>
Package luatex.def Info: image119.png used on input line 6519.
(luatex.def)             Requested size: 469.75453pt x 338.21945pt.
 [155]
[156<./image119.png>] [157] <image112.png, id=1475, 640.64343pt x 468.24937pt>
File: image112.png Graphic file (type png)

<use image112.png>
Package luatex.def Info: image112.png used on input line 6575.
(luatex.def)             Requested size: 469.75775pt x 343.36249pt.
 [158<./image112.png>]
<image120.png, id=1483, 1445.4pt x 873.2625pt>
File: image120.png Graphic file (type png)
 <use image120.png>
Package luatex.def Info: image120.png used on input line 6646.
(luatex.def)             Requested size: 469.74944pt x 283.80695pt.
 [159]
[160<./image120.png>] [161] [162] [163] [164] [165] [166] [167] [168] [169]
[170] [171] [172] [173] [174] [175] [176] [177] [178] [179] [180] [181]
[182] [183] [184] [185] [186] [187] [188] [189] [190] [191] [192] [193]
[194] [195] [196] [197] [198] [199] [200] [201] [202] [203] [204] [205]
[206
Missing character: There is no ъ (U+044A) in font [lmroman10-regular]:+tlig;!
Missing character: There is no ъ (U+044A) in font [lmroman10-regular]:+tlig;!
Missing character: There is no ъ (U+044A) in font [lmroman10-regular]:+tlig;!
] [207] [208] [209] [210] [211] [212]
Overfull \vbox (1.68788pt too high) detected at line 10665
 []

[213] [214] [215] [216] [217]
Underfull \hbox (badness 10000) in paragraph at lines 10989--10989
[]\TU/lmr/m/n/10 NO or
 []

[218] [219] [220] [221] [222] [223] [224] [225] [226] [227] [228] [229]
[230] [231] [232] [233] [234] [235]
Underfull \hbox (badness 10000) in paragraph at lines 12083--12085
[]\TU/lmr/m/n/10 Spec-i-fies the
 []

[236] [237] [238] [239] [240]
Overfull \vbox (1.81789pt too high) detected at line 12388
 []

[241] [242] [243] [244] [245] [246] [247] [248] [249] [250] [251] [252]
[253] [254] [255] [256] [257] [258] [259] [260] [261] [262] [263] [264]
[265] [266] [267] [268] [269] [270]
Underfull \vbox (badness 10000) detected at line 14242
 []


Underfull \vbox (badness 10000) detected at line 14242
 []

[271] [272] [273] [274] <image65.png, id=2254, 419.31656pt x 284.56313pt>
File: image65.png Graphic file (type png)

<use image65.png>
Package luatex.def Info: image65.png used on input line 14426.
(luatex.def)             Requested size: 419.31552pt x 284.56242pt.
 [275] [276<./image65.png>] [277] [278] [279] [280] [281]
[282] [283] [284] [285] [286] [287] [288] [289] [290] [291
Missing character: There is no ␣ (U+2423) in font CourierNew:mode=node;script=
latn;language=DFLT;!
] [292
Missing character: There is no ␣ (U+2423) in font CourierNew:mode=node;script=
latn;language=DFLT;!
]
Underfull \hbox (badness 10000) in paragraph at lines 15543--15545
[]|\TU/lmr/m/n/10 “CLEAR”, “ATTN”, “PA3”,
 []


Underfull \hbox (badness 10000) in paragraph at lines 15689--15691
[]|\TU/lmr/m/n/10 “no”, “ATTN”, “CLEAR”,
 []


Underfull \hbox (badness 10000) in paragraph at lines 15795--15797
[]|\TU/lmr/m/n/10 “3270”, “gray”, “white”,
 []

[293] [294]
Underfull \hbox (badness 10000) in paragraph at lines 15997--15999
[]\TU/lmr/m/n/10 Un-der MIT li-cense - [][]$https://github.com/marcuswestin/sto
re.js/commit/
 []

No file Virtel_User_Guide.ind.
Package atveryend Info: Empty hook `BeforeClearDocument' on input line 16014.
[295]
Package atveryend Info: Empty hook `AfterLastShipout' on input line 16014.
 (./Virtel_User_Guide.aux)
Package atveryend Info: Executing hook `AtVeryEndDocument' on input line 16014.
Package atveryend Info: Executing hook `AtEndAfterFileList' on input line 16014.

Package rerunfilecheck Info: File `Virtel_User_Guide.out' has not changed.
(rerunfilecheck)             Checksum: 3A0E97CAA3ADF1D02302F09AA0018328;9223.
Package atveryend Info: Empty hook `AtVeryVeryEnd' on input line 16014.
)

Here is how much of LuaTeX's memory you used:
 30903 strings out of 494481
 476959,953878 words of node,token memory allocated
 788 words of node memory still in use:
   6 hlist, 2 vlist, 2 rule, 2 glue, 1 kern, 32 attribute, 66 glue_spec, 32 attr
ibute_list, 1 write, 26 pdf_action nodes
   avail lists: 1:1,2:8187,3:2407,4:20982,5:5183,6:11413,7:11112,8:860,9:10770,1
0:71,11:2858
 29489 multiletter control sequences out of 65536+200000
 88 fonts using 18545575 bytes
 47i,12n,67p,1664b,572s stack positions out of 5000i,500n,10000p,200000b,50000s
<C:/WINDOWS/Fonts/couri.ttf><c:/program files/miktex 2.9/fonts/opentype/public/l
m/lmsans10-regular.otf><c:/program files/miktex 2.9/fonts/opentype/public/lm/lmr
oman8-regular.otf><C:/WINDOWS/Fonts/courbd.ttf><C:/WINDOWS/Fonts/cour.ttf><c:/pr
ogram files/miktex 2.9/fonts/opentype/public/lm/lmroman10-italic.otf><c:/program
 files/miktex 2.9/fonts/opentype/public/lm/lmroman10-regular.otf><c:/program fil
es/miktex 2.9/fonts/opentype/public/lm/lmroman10-bold.otf><c:/program files/mikt
ex 2.9/fonts/opentype/public/lm/lmsans10-boldoblique.otf><c:/program files/mikte
x 2.9/fonts/opentype/public/lm/lmsans10-bold.otf><C:/Program Files/MiKTeX 2.9/fo
nts/type1/public/amsfonts/cm/cmmi5.pfb><C:/Program Files/MiKTeX 2.9/fonts/type1/
public/amsfonts/cm/cmsy5.pfb>
Output written on Virtel_User_Guide.pdf (299 pages, 6126666 bytes).

PDF statistics: 2501 PDF objects out of 2984 (max. 8388607)
 887 named destinations out of 1000 (max. 131072)
 393 words of extra memory for PDF output out of 10000 (max. 100000000)

