\BOOKMARK [0][-]{chapter.1}{\376\377\000W\000h\000a\000t\040\031\000s\000\040\000n\000e\000w\000\040\000i\000n\000\040\000V\000i\000r\000t\000e\000l\000\040\0004\000.\0006\0001}{}% 1
\BOOKMARK [1][-]{section.1.1}{\376\377\000T\000h\000e\000\040\000V\000i\000r\000t\000e\000l\000\040\000E\000n\000g\000i\000n\000e}{chapter.1}% 2
\BOOKMARK [2][-]{subsection.1.1.1}{\376\377\000I\000n\000t\000r\000o\000d\000u\000c\000t\000i\000o\000n}{section.1.1}% 3
\BOOKMARK [2][-]{subsection.1.1.2}{\376\377\000V\000I\000R\000T\000E\000L\000\040\000U\000R\000L\000\040\000F\000o\000r\000m\000a\000t\000s}{section.1.1}% 4
\BOOKMARK [2][-]{subsection.1.1.3}{\376\377\000D\000i\000r\000e\000c\000t\000o\000r\000y\000\040\000M\000a\000n\000a\000g\000e\000m\000e\000n\000t}{section.1.1}% 5
\BOOKMARK [2][-]{subsection.1.1.4}{\376\377\000C\000r\000e\000a\000t\000i\000n\000g\000\040\000V\000i\000r\000t\000e\000l\000\040\000T\000e\000m\000p\000l\000a\000t\000e\000\040\000P\000a\000g\000e\000s}{section.1.1}% 6
\BOOKMARK [2][-]{subsection.1.1.5}{\376\377\000W\000e\000b\000\040\000A\000c\000c\000e\000s\000s\000\040\000C\000u\000s\000t\000o\000m\000i\000z\000a\000t\000i\000o\000n}{section.1.1}% 7
\BOOKMARK [2][-]{subsection.1.1.6}{\376\377\000A\000p\000p\000l\000i\000c\000a\000t\000i\000o\000n\000\040\000S\000e\000l\000e\000c\000t\000i\000o\000n\000\040\000M\000e\000n\000u}{section.1.1}% 8
\BOOKMARK [2][-]{subsection.1.1.7}{\376\377\000P\000r\000i\000n\000t\000i\000n\000g\000\040\000W\000i\000t\000h\000\040\000W\000e\000b\000\040\000A\000c\000c\000e\000s\000s}{section.1.1}% 9
\BOOKMARK [2][-]{subsection.1.1.8}{\376\377\000T\000S\000O\000\040\000F\000i\000l\000e\000\040\000T\000r\000a\000n\000s\000f\000e\000r}{section.1.1}% 10
\BOOKMARK [2][-]{subsection.1.1.9}{\376\377\000A\000c\000c\000e\000s\000s\000i\000n\000g\000\040\000V\000T\000A\000M\000\040\000A\000p\000p\000l\000i\000c\000a\000t\000i\000o\000n\000s}{section.1.1}% 11
\BOOKMARK [2][-]{subsection.1.1.10}{\376\377\000S\000i\000t\000e\000\040\000C\000u\000s\000t\000o\000m\000i\000z\000a\000t\000i\000o\000n\000\040\000-\000\040\000C\000o\000l\000o\000r\000s\000\040\000A\000n\000d\000\040\000L\000o\000g\000o}{section.1.1}% 12
\BOOKMARK [2][-]{subsection.1.1.11}{\376\377\000S\000i\000t\000e\000\040\000C\000u\000s\000t\000o\000m\000i\000z\000a\000t\000i\000o\000n\000\040\000-\000\040\000J\000a\000v\000a\000s\000c\000r\000i\000p\000t\000\040\000F\000u\000n\000c\000t\000i\000o\000n\000s}{section.1.1}% 13
\BOOKMARK [2][-]{subsection.1.1.12}{\376\377\000S\000i\000t\000e\000\040\000C\000u\000s\000t\000o\000m\000i\000z\000a\000t\000i\000o\000n\000\040\000-\000\040\000T\000h\000e\000\040\000H\000e\000l\000p\000\040\000P\000a\000g\000e}{section.1.1}% 14
\BOOKMARK [2][-]{subsection.1.1.13}{\376\377\000E\000n\000a\000b\000l\000e\000\040\000C\000o\000p\000y\000,\000\040\000C\000u\000t\000\040\000A\000n\000d\000\040\000P\000a\000s\000t\000e}{section.1.1}% 15
\BOOKMARK [2][-]{subsection.1.1.14}{\376\377\000V\000i\000r\000t\000e\000l\000\040\000C\000u\000s\000t\000o\000m\000i\000z\000a\000t\000i\000o\000n\000\040\000M\000o\000d\000e\000s}{section.1.1}% 16
\BOOKMARK [2][-]{subsection.1.1.15}{\376\377\000M\000a\000c\000r\000o\000s}{section.1.1}% 17
\BOOKMARK [2][-]{subsection.1.1.16}{\376\377\000V\000I\000R\000T\000E\000L\000\040\000W\000e\000b\000\040\000M\000o\000d\000e\000r\000n\000i\000s\000a\000t\000i\000o\000n}{section.1.1}% 18
\BOOKMARK [2][-]{subsection.1.1.17}{\376\377\000V\000I\000R\000T\000E\000L\000\040\000W\000e\000b\000\040\000I\000n\000t\000e\000g\000r\000a\000t\000i\000o\000n}{section.1.1}% 19
\BOOKMARK [2][-]{subsection.1.1.18}{\376\377\000I\000n\000c\000o\000m\000i\000n\000g\000\040\000E\000-\000m\000a\000i\000l\000s}{section.1.1}% 20
\BOOKMARK [2][-]{subsection.1.1.19}{\376\377\000V\000I\000R\000T\000E\000L\000\040\000B\000a\000t\000c\000h}{section.1.1}% 21
\BOOKMARK [1][-]{section.1.2}{\376\377\000O\000u\000t\000g\000o\000i\000n\000g\000\040\000C\000a\000l\000l\000s}{chapter.1}% 22
\BOOKMARK [2][-]{subsection.1.2.1}{\376\377\000O\000u\000t\000g\000o\000i\000n\000g\000\040\000E\000-\000m\000a\000i\000l\000s}{section.1.2}% 23
\BOOKMARK [1][-]{section.1.3}{\376\377\000P\000r\000o\000g\000r\000a\000m\000m\000i\000n\000g\000\040\000I\000n\000t\000e\000r\000f\000a\000c\000e\000s}{chapter.1}% 24
\BOOKMARK [2][-]{subsection.1.3.1}{\376\377\000S\000t\000r\000u\000c\000t\000r\000e\000d\000\040\000F\000i\000e\000l\000d\000s}{section.1.3}% 25
\BOOKMARK [1][-]{section.1.4}{\376\377\000I\000n\000c\000o\000m\000i\000n\000g\000\040\000C\000a\000l\000l\000s}{chapter.1}% 26
\BOOKMARK [2][-]{subsection.1.4.1}{\376\377\000I\000n\000c\000o\000m\000i\000n\000g\000\040\000E\000-\000m\000a\000i\000l\000s}{section.1.4}% 27
\BOOKMARK [1][-]{section.1.5}{\376\377\000S\000e\000c\000u\000r\000i\000t\000y}{chapter.1}% 28
\BOOKMARK [2][-]{subsection.1.5.1}{\376\377\000V\000I\000R\000T\000E\000L\000\040\000W\000e\000b\000\040\000A\000c\000c\000e\000s\000s\000\040\000S\000e\000c\000u\000r\000i\000t\000y}{section.1.5}% 29
\BOOKMARK [1][-]{section.1.6}{\376\377\000H\000O\000W\000T\000O\000s}{chapter.1}% 30
\BOOKMARK [2][-]{subsection.1.6.1}{\376\377\000H\000o\000w\000\040\000T\000o\000\040\000U\000s\000e\000\040\000D\000i\000f\000f\000e\000r\000e\000n\000t\000\040\000S\000c\000r\000e\000e\000n\000\040\000S\000i\000z\000e\000s}{section.1.6}% 31
\BOOKMARK [2][-]{subsection.1.6.2}{\376\377\000H\000o\000w\000\040\000T\000o\000\040\000S\000u\000p\000p\000o\000r\000t\000\040\000M\000u\000l\000t\000i\000p\000l\000e\000\040\000C\000o\000d\000e\000s\000\040\000P\000a\000g\000e\000s}{section.1.6}% 32
\BOOKMARK [2][-]{subsection.1.6.3}{\376\377\000H\000o\000w\000\040\000T\000o\000\040\000H\000a\000n\000d\000l\000e\000\040\000H\000o\000s\000t\000\040\000S\000e\000s\000s\000i\000o\000n\000\040\000T\000e\000r\000m\000i\000n\000a\000t\000i\000o\000n}{section.1.6}% 33
\BOOKMARK [2][-]{subsection.1.6.4}{\376\377\000H\000o\000w\000\040\000T\000o\000\040\000A\000c\000c\000e\000s\000s\000\040\000A\000\040\000H\000o\000s\000t\000\040\000A\000p\000p\000l\000i\000c\000a\000t\000i\000o\000n\000\040\000D\000i\000r\000e\000c\000t\000l\000y}{section.1.6}% 34
\BOOKMARK [2][-]{subsection.1.6.5}{\376\377\000H\000o\000w\000\040\000T\000o\000\040\000C\000h\000a\000n\000g\000e\000\040\000T\000h\000e\000\040\000F\000o\000n\000t\000\040\000F\000o\000r\000\040\000W\000e\000b\000\040\000A\000c\000c\000e\000s\000s}{section.1.6}% 35
\BOOKMARK [2][-]{subsection.1.6.6}{\376\377\000H\000o\000w\000\040\000T\000o\000\040\000C\000h\000a\000n\000g\000e\000\040\000T\000h\000e\000\040\0003\0002\0007\0000\000\040\000D\000i\000s\000p\000l\000a\000y\000\040\000S\000t\000y\000l\000e}{section.1.6}% 36
\BOOKMARK [2][-]{subsection.1.6.7}{\376\377\000H\000o\000w\000\040\000T\000o\000\040\000C\000u\000s\000t\000o\000m\000i\000z\000e\000\040\000T\000h\000e\000\040\000E\000n\000t\000e\000r\000\040\000K\000e\000y\000\040\000S\000e\000t\000t\000i\000n\000g\000s}{section.1.6}% 37
\BOOKMARK [2][-]{subsection.1.6.8}{\376\377\000H\000o\000w\000\040\000T\000o\000\040\000C\000u\000s\000t\000o\000m\000i\000z\000e\000\040\000D\000i\000s\000p\000l\000a\000y\000\040\000S\000t\000y\000l\000e\000s}{section.1.6}% 38
\BOOKMARK [2][-]{subsection.1.6.9}{\376\377\000H\000o\000w\000\040\000T\000o\000\040\000C\000h\000a\000n\000g\000e\000\040\000T\000h\000e\000\040\000D\000e\000f\000a\000u\000l\000t\000\040\000U\000s\000e\000r\000\040\000S\000e\000t\000t\000i\000n\000g\000s}{section.1.6}% 39
\BOOKMARK [2][-]{subsection.1.6.10}{\376\377\000H\000o\000w\000\040\000T\000o\000\040\000S\000u\000p\000p\000o\000r\000t\000\040\000A\000\040\000R\000e\000v\000e\000r\000s\000e\000\040\000P\000r\000o\000x\000y}{section.1.6}% 40
\BOOKMARK [2][-]{subsection.1.6.11}{\376\377\000H\000o\000w\000\040\000T\000o\000\040\000S\000u\000p\000p\000o\000r\000t\000\040\000V\000i\000r\000t\000u\000a\000l\000\040\000H\000o\000s\000t\000i\000n\000g}{section.1.6}% 41
\BOOKMARK [2][-]{subsection.1.6.12}{\376\377\000H\000o\000w\000\040\000T\000o\000\040\000C\000o\000n\000t\000r\000o\000l\000\040\000A\000P\000P\000L\000I\000S\000T\000\040\000b\000e\000h\000a\000v\000i\000o\000u\000r}{section.1.6}% 42
\BOOKMARK [2][-]{subsection.1.6.13}{\376\377\000L\000e\000f\000t\000\040\000a\000l\000i\000g\000n\000\040\000t\000e\000x\000t}{section.1.6}% 43
\BOOKMARK [2][-]{subsection.1.6.14}{\376\377\000S\000p\000e\000c\000i\000a\000l\000\040\000U\000N\000I\000C\000O\000D\000E\000\040\000c\000h\000a\000r\000a\000c\000t\000e\000r\000\040\000s\000u\000p\000p\000o\000r\000t}{section.1.6}% 44
\BOOKMARK [2][-]{subsection.1.6.15}{\376\377\000S\000q\000u\000a\000r\000e\000\040\000B\000r\000a\000c\000k\000e\000t\000\040\000S\000u\000p\000p\000o\000r\000t}{section.1.6}% 45
\BOOKMARK [1][-]{section.1.7}{\376\377\000A\000p\000p\000e\000n\000d\000i\000x}{chapter.1}% 46
\BOOKMARK [2][-]{subsection.1.7.1}{\376\377\000A\000p\000p\000e\000n\000d\000i\000x\000\040\000A}{section.1.7}% 47
\BOOKMARK [2][-]{subsection.1.7.2}{\376\377\000T\000r\000a\000d\000e\000m\000a\000r\000k\000s}{section.1.7}% 48
\BOOKMARK [2][-]{subsection.1.7.3}{\376\377\000O\000p\000e\000n\000\040\000S\000o\000u\000r\000c\000e\000\040\000S\000o\000f\000t\000w\000a\000r\000e}{section.1.7}% 49
