\BOOKMARK [0][-]{chapter.1}{\376\377\000C\000o\000n\000f\000i\000g\000u\000r\000i\000n\000g\000\040\000V\000i\000r\000t\000e\000l}{}% 1
\BOOKMARK [1][-]{section.1.1}{\376\377\000A\000c\000c\000e\000s\000s\000i\000n\000g\000\040\000t\000h\000e\000\040\000c\000o\000n\000f\000i\000g\000u\000r\000a\000t\000i\000o\000n\000\040\000m\000a\000n\000a\000g\000e\000r}{chapter.1}% 2
\BOOKMARK [2][-]{subsection.1.1.1}{\376\377\000V\000i\000r\000t\000e\000l\000\040\0003\0002\0007\0000\000\040\000A\000p\000p\000l\000i\000c\000a\000t\000i\000o\000n}{section.1.1}% 3
\BOOKMARK [2][-]{subsection.1.1.2}{\376\377\000T\000H\000e\000\040\000W\000e\000b\000\040\000P\000o\000r\000t\000a\000l\000\040\000\050\0003\0002\0007\0000\000\051}{section.1.1}% 4
\BOOKMARK [2][-]{subsection.1.1.3}{\376\377\000T\000h\000e\000\040\000W\000e\000b\000\040\000P\000o\000r\000t\000a\000l\000\040\000\050\000G\000U\000I\000\051}{section.1.1}% 5
\BOOKMARK [1][-]{section.1.2}{\376\377\000C\000o\000n\000f\000i\000g\000u\000r\000a\000b\000l\000e\000\040\000E\000l\000e\000m\000e\000n\000t\000s}{chapter.1}% 6
\BOOKMARK [2][-]{subsection.1.2.1}{\376\377\000U\000n\000l\000o\000a\000d\000i\000n\000g\000\040\000C\000o\000n\000f\000i\000g\000u\000r\000a\000b\000l\000e\000\040\000E\000l\000e\000m\000e\000n\000t\000s}{section.1.2}% 7
\BOOKMARK [2][-]{subsection.1.2.2}{\376\377\000L\000i\000n\000e\000\040\000E\000l\000e\000m\000e\000n\000t}{section.1.2}% 8
\BOOKMARK [2][-]{subsection.1.2.3}{\376\377\000E\000n\000t\000r\000y\000\040\000P\000o\000i\000n\000t\000\040\000E\000l\000e\000m\000e\000n\000t}{section.1.2}% 9
\BOOKMARK [2][-]{subsection.1.2.4}{\376\377\000T\000r\000a\000n\000s\000a\000c\000t\000i\000o\000n\000\040\000E\000l\000e\000m\000e\000n\000t}{section.1.2}% 10
\BOOKMARK [2][-]{subsection.1.2.5}{\376\377\000T\000e\000r\000m\000i\000n\000a\000l\000\040\000E\000l\000e\000m\000e\000n\000t\000s}{section.1.2}% 11
\BOOKMARK [2][-]{subsection.1.2.6}{\376\377\000A\000d\000d\000i\000n\000g\000\040\000n\000e\000w\000\040\000c\000o\000n\000f\000i\000g\000u\000r\000a\000b\000l\000e\000\040\000e\000l\000e\000m\000e\000n\000t\000s}{section.1.2}% 12
\BOOKMARK [1][-]{section.1.3}{\376\377\000A\000d\000m\000i\000n\000i\000s\000t\000r\000a\000t\000i\000o\000n}{chapter.1}% 13
\BOOKMARK [2][-]{subsection.1.3.1}{\376\377\000C\000o\000n\000f\000i\000g\000u\000r\000a\000t\000i\000o\000n\000\040\000M\000e\000n\000u}{section.1.3}% 14
\BOOKMARK [2][-]{subsection.1.3.2}{\376\377\000S\000u\000b\000-\000A\000p\000p\000l\000i\000c\000a\000t\000i\000o\000n\000\040\000M\000e\000n\000u}{section.1.3}% 15
\BOOKMARK [2][-]{subsection.1.3.3}{\376\377\000S\000c\000r\000e\000e\000n\000\040\000N\000a\000v\000i\000g\000a\000t\000i\000o\000n}{section.1.3}% 16
\BOOKMARK [2][-]{subsection.1.3.4}{\376\377\000S\000e\000a\000r\000c\000h\000\040\000f\000e\000a\000t\000u\000r\000e}{section.1.3}% 17
\BOOKMARK [0][-]{chapter.2}{\376\377\000L\000i\000n\000e\000s}{}% 18
\BOOKMARK [1][-]{section.2.1}{\376\377\000I\000n\000t\000r\000o\000d\000u\000c\000t\000i\000o\000n}{chapter.2}% 19
\BOOKMARK [1][-]{section.2.2}{\376\377\000L\000i\000n\000e\000\040\000M\000a\000n\000a\000g\000e\000m\000e\000n\000t\000\040\000S\000u\000b\000-\000A\000p\000p\000l\000i\000c\000a\000t\000i\000o\000n\000s}{chapter.2}% 20
\BOOKMARK [2][-]{subsection.2.2.1}{\376\377\000S\000e\000c\000u\000r\000i\000t\000y}{section.2.2}% 21
\BOOKMARK [2][-]{subsection.2.2.2}{\376\377\000S\000u\000m\000m\000a\000r\000y\000\040\000D\000i\000s\000p\000l\000a\000y}{section.2.2}% 22
\BOOKMARK [2][-]{subsection.2.2.3}{\376\377\000D\000e\000t\000a\000i\000l\000\040\000D\000i\000s\000p\000l\000a\000y}{section.2.2}% 23
\BOOKMARK [2][-]{subsection.2.2.4}{\376\377\000P\000a\000r\000a\000m\000e\000t\000e\000r\000s}{section.2.2}% 24
\BOOKMARK [1][-]{section.2.3}{\376\377\000L\000i\000n\000e\000\040\000O\000v\000e\000r\000v\000i\000e\000w\000\040\000S\000u\000b\000-\000A\000p\000p\000l\000i\000c\000a\000t\000i\000o\000n}{chapter.2}% 25
\BOOKMARK [1][-]{section.2.4}{\376\377\000H\000T\000T\000P\000\040\000I\000n\000b\000o\000u\000n\000d\000\040\000l\000i\000n\000e}{chapter.2}% 26
\BOOKMARK [2][-]{subsection.2.4.1}{\376\377\000T\000e\000r\000m\000i\000n\000a\000l\000\040\000D\000e\000f\000i\000n\000i\000t\000i\000o\000n\000s}{section.2.4}% 27
\BOOKMARK [2][-]{subsection.2.4.2}{\376\377\000V\000T\000A\000M\000\040\000T\000e\000r\000m\000i\000n\000a\000l\000\040\000D\000e\000f\000i\000n\000i\000t\000i\000o\000n\000s}{section.2.4}% 28
\BOOKMARK [2][-]{subsection.2.4.3}{\376\377\000C\000I\000C\000S\000\040\000D\000e\000f\000i\000n\000i\000t\000i\000o\000n\000s}{section.2.4}% 29
\BOOKMARK [1][-]{section.2.5}{\376\377\000H\000T\000T\000P\000\040\000O\000u\000t\000b\000o\000u\000n\000d\000\040\000l\000i\000n\000e}{chapter.2}% 30
\BOOKMARK [2][-]{subsection.2.5.1}{\376\377\000P\000a\000r\000a\000m\000e\000t\000e\000r\000s}{section.2.5}% 31
\BOOKMARK [1][-]{section.2.6}{\376\377\000H\000T\000T\000P\000\040\000O\000u\000t\000b\000o\000u\000n\000d\000\040\000S\000M\000T\000P\000\040\000l\000i\000n\000e}{chapter.2}% 32
\BOOKMARK [2][-]{subsection.2.6.1}{\376\377\000P\000a\000r\000a\000m\000e\000t\000e\000r\000s}{section.2.6}% 33
\BOOKMARK [2][-]{subsection.2.6.2}{\376\377\000T\000e\000r\000m\000i\000n\000a\000l\000\040\000D\000e\000f\000i\000n\000i\000t\000i\000o\000n\000s}{section.2.6}% 34
\BOOKMARK [2][-]{subsection.2.6.3}{\376\377\000V\000T\000A\000M\000\040\000T\000e\000r\000m\000i\000n\000a\000l\000\040\000D\000e\000f\000i\000n\000i\000t\000i\000o\000n\000s}{section.2.6}% 35
\BOOKMARK [2][-]{subsection.2.6.4}{\376\377\000C\000I\000C\000S\000\040\000D\000e\000f\000i\000n\000i\000t\000i\000o\000n\000s}{section.2.6}% 36
\BOOKMARK [1][-]{section.2.7}{\376\377\000I\000M\000S\000\040\000C\000o\000n\000n\000e\000c\000t\000\040\000l\000i\000n\000e}{chapter.2}% 37
\BOOKMARK [2][-]{subsection.2.7.1}{\376\377\000P\000a\000r\000a\000m\000e\000t\000e\000r\000s}{section.2.7}% 38
\BOOKMARK [2][-]{subsection.2.7.2}{\376\377\000T\000e\000r\000m\000i\000n\000a\000l\000s\000\040\000D\000e\000f\000i\000n\000i\000t\000i\000o\000n\000s}{section.2.7}% 39
\BOOKMARK [2][-]{subsection.2.7.3}{\376\377\000E\000n\000t\000r\000y\000\040\000P\000o\000i\000n\000t}{section.2.7}% 40
\BOOKMARK [2][-]{subsection.2.7.4}{\376\377\000T\000r\000a\000n\000s\000a\000c\000t\000i\000o\000n\000s}{section.2.7}% 41
\BOOKMARK [2][-]{subsection.2.7.5}{\376\377\000S\000c\000e\000n\000a\000r\000i\000o\000s}{section.2.7}% 42
\BOOKMARK [2][-]{subsection.2.7.6}{\376\377\000M\000e\000s\000s\000a\000g\000e\000\040\000f\000o\000r\000m\000a\000t}{section.2.7}% 43
\BOOKMARK [1][-]{section.2.8}{\376\377\000M\000Q\000\040\000l\000i\000n\000e}{chapter.2}% 44
\BOOKMARK [2][-]{subsection.2.8.1}{\376\377\000P\000a\000r\000a\000m\000e\000t\000e\000r\000s}{section.2.8}% 45
\BOOKMARK [2][-]{subsection.2.8.2}{\376\377\000T\000e\000r\000m\000i\000n\000a\000l\000\040\000P\000a\000r\000a\000m\000e\000t\000e\000r\000s}{section.2.8}% 46
\BOOKMARK [1][-]{section.2.9}{\376\377\000B\000a\000t\000c\000h\000\040\000l\000i\000n\000e}{chapter.2}% 47
\BOOKMARK [2][-]{subsection.2.9.1}{\376\377\000P\000a\000r\000a\000m\000e\000t\000e\000r\000s}{section.2.9}% 48
\BOOKMARK [2][-]{subsection.2.9.2}{\376\377\000T\000e\000r\000m\000i\000n\000a\000l\000\040\000D\000e\000f\000i\000n\000i\000t\000i\000o\000n\000s}{section.2.9}% 49
\BOOKMARK [1][-]{section.2.10}{\376\377\000N\000a\000t\000i\000v\000e\000\040\000T\000C\000P\000/\000I\000P\000\040\000G\000a\000t\000e\000w\000a\000y\000\040\000l\000i\000n\000e}{chapter.2}% 50
\BOOKMARK [2][-]{subsection.2.10.1}{\376\377\000P\000a\000r\000a\000m\000e\000t\000e\000r\000s}{section.2.10}% 51
\BOOKMARK [2][-]{subsection.2.10.2}{\376\377\000L\000i\000n\000e\000\040\000T\000e\000r\000m\000i\000n\000a\000l\000s}{section.2.10}% 52
\BOOKMARK [2][-]{subsection.2.10.3}{\376\377\000T\000e\000r\000m\000i\000n\000a\000l\000\040\000P\000a\000r\000a\000m\000e\000t\000e\000r\000s}{section.2.10}% 53
\BOOKMARK [2][-]{subsection.2.10.4}{\376\377\000R\000e\000l\000a\000y\000\040\000P\000o\000o\000l}{section.2.10}% 54
\BOOKMARK [2][-]{subsection.2.10.5}{\376\377\000V\000T\000A\000M\000\040\000t\000e\000r\000m\000i\000n\000a\000l\000s\000\040\000d\000e\000f\000i\000n\000i\000t\000i\000o\000n\000s}{section.2.10}% 55
\BOOKMARK [2][-]{subsection.2.10.6}{\376\377\000C\000I\000C\000S\000\040\000D\000e\000f\000i\000n\000i\000t\000i\000o\000n\000s}{section.2.10}% 56
\BOOKMARK [2][-]{subsection.2.10.7}{\376\377\000M\000e\000s\000s\000a\000g\000e\000\040\000f\000o\000r\000m\000a\000t}{section.2.10}% 57
\BOOKMARK [1][-]{section.2.11}{\376\377\000V\000I\000R\000P\000A\000S\000S\000\040\000T\000C\000P\000\040\000l\000i\000n\000e\000\040\000\050\000V\000I\000R\000K\000I\000X\000\051}{chapter.2}% 58
\BOOKMARK [2][-]{subsection.2.11.1}{\376\377\000P\000a\000r\000a\000m\000e\000t\000e\000r\000s}{section.2.11}% 59
\BOOKMARK [2][-]{subsection.2.11.2}{\376\377\000T\000e\000r\000m\000i\000n\000a\000l\000\040\000D\000e\000f\000i\000n\000i\000t\000i\000o\000n\000s}{section.2.11}% 60
\BOOKMARK [1][-]{section.2.12}{\376\377\000V\000I\000R\000P\000A\000S\000S\000\040\000T\000C\000P\000\040\000l\000i\000n\000e\000\040\000\050\000V\000I\000R\000N\000T\000\051}{chapter.2}% 61
\BOOKMARK [2][-]{subsection.2.12.1}{\376\377\000P\000a\000r\000a\000m\000e\000t\000e\000r\000s}{section.2.12}% 62
\BOOKMARK [2][-]{subsection.2.12.2}{\376\377\000T\000e\000r\000m\000i\000n\000a\000l\000\040\000D\000e\000f\000i\000n\000i\000t\000i\000o\000n\000s}{section.2.12}% 63
\BOOKMARK [1][-]{section.2.13}{\376\377\000V\000I\000R\000P\000A\000S\000S\000\040\000X\000M\000\040\000l\000i\000n\000e\000\040\000\050\000V\000I\000R\000K\000I\000X\000\051}{chapter.2}% 64
\BOOKMARK [2][-]{subsection.2.13.1}{\376\377\000P\000a\000r\000a\000m\000e\000t\000e\000r\000s}{section.2.13}% 65
\BOOKMARK [2][-]{subsection.2.13.2}{\376\377\000T\000e\000r\000m\000i\000n\000a\000l\000\040\000D\000e\000f\000i\000n\000i\000t\000i\000o\000n\000s}{section.2.13}% 66
\BOOKMARK [1][-]{section.2.14}{\376\377\000X\0002\0005\000\040\000X\000O\000T\000\040\000l\000i\000n\000e}{chapter.2}% 67
\BOOKMARK [2][-]{subsection.2.14.1}{\376\377\000P\000a\000r\000a\000m\000e\000t\000e\000r\000s}{section.2.14}% 68
\BOOKMARK [2][-]{subsection.2.14.2}{\376\377\000T\000e\000r\000m\000i\000n\000a\000l\000\040\000D\000e\000f\000i\000n\000i\000t\000i\000o\000n\000s}{section.2.14}% 69
\BOOKMARK [2][-]{subsection.2.14.3}{\376\377\000V\000T\000A\000M\000\040\000T\000e\000r\000m\000i\000n\000a\000l\000\040\000D\000e\000f\000i\000n\000i\000t\000i\000o\000n}{section.2.14}% 70
\BOOKMARK [1][-]{section.2.15}{\376\377\000X\0002\0005\000\040\000V\000I\000R\000P\000E\000S\000I\000T\000\040\000l\000i\000n\000e}{chapter.2}% 71
\BOOKMARK [2][-]{subsection.2.15.1}{\376\377\000P\000a\000r\000a\000m\000e\000t\000e\000r\000s}{section.2.15}% 72
\BOOKMARK [2][-]{subsection.2.15.2}{\376\377\000T\000e\000r\000m\000i\000n\000a\000l\000\040\000D\000e\000f\000i\000n\000i\000t\000i\000o\000n\000s}{section.2.15}% 73
\BOOKMARK [1][-]{section.2.16}{\376\377\000X\0002\0005\000\040\000V\000I\000R\000N\000E\000O\000X\000\040\000l\000i\000n\000e}{chapter.2}% 74
\BOOKMARK [2][-]{subsection.2.16.1}{\376\377\000P\000a\000r\000a\000m\000e\000t\000e\000r\000s}{section.2.16}% 75
\BOOKMARK [2][-]{subsection.2.16.2}{\376\377\000T\000e\000r\000m\000i\000n\000a\000l\000\040\000D\000e\000f\000i\000n\000i\000t\000i\000o\000n\000s}{section.2.16}% 76
\BOOKMARK [1][-]{section.2.17}{\376\377\000X\0002\0005\000\040\000G\000A\000T\000E\000\040\000N\000o\000n\000\040\000F\000a\000s\000t\000-\000C\000o\000n\000n\000e\000c\000t\000\040\000\050\000N\000F\000C\000\051\000\040\000l\000i\000n\000e}{chapter.2}% 77
\BOOKMARK [2][-]{subsection.2.17.1}{\376\377\000P\000a\000r\000a\000m\000e\000t\000e\000r\000s}{section.2.17}% 78
\BOOKMARK [2][-]{subsection.2.17.2}{\376\377\000T\000e\000r\000m\000i\000n\000a\000l\000\040\000D\000e\000f\000i\000n\000i\000t\000i\000o\000n\000s}{section.2.17}% 79
\BOOKMARK [2][-]{subsection.2.17.3}{\376\377\000V\000T\000A\000M\000\040\000T\000e\000r\000m\000i\000n\000a\000l\000\040\000D\000e\000f\000i\000n\000i\000t\000i\000o\000n\000s}{section.2.17}% 80
\BOOKMARK [2][-]{subsection.2.17.4}{\376\377\000N\000C\000P\000\040\000P\000a\000r\000a\000m\000e\000t\000e\000r\000s}{section.2.17}% 81
\BOOKMARK [2][-]{subsection.2.17.5}{\376\377\000N\000P\000S\000I\000\040\000P\000a\000r\000a\000m\000e\000t\000e\000r\000s}{section.2.17}% 82
\BOOKMARK [2][-]{subsection.2.17.6}{\376\377\000R\000o\000u\000t\000i\000n\000g\000\040\000o\000n\000\040\000i\000n\000c\000o\000m\000i\000n\000g\000\040\000c\000a\000l\000l\000s}{section.2.17}% 83
\BOOKMARK [1][-]{section.2.18}{\376\377\000X\0002\0005\000\040\000G\000A\000T\000E\000\040\000F\000a\000s\000t\000-\000C\000o\000n\000n\000e\000c\000t\000\040\000\050\000F\000a\000s\000t\000C\000\051\000\040\000l\000i\000n\000e}{chapter.2}% 84
\BOOKMARK [2][-]{subsection.2.18.1}{\376\377\000P\000a\000r\000a\000m\000e\000t\000e\000r\000s}{section.2.18}% 85
\BOOKMARK [2][-]{subsection.2.18.2}{\376\377\000T\000e\000r\000m\000i\000n\000a\000l\000\040\000D\000e\000f\000i\000n\000i\000t\000i\000o\000n\000s}{section.2.18}% 86
\BOOKMARK [2][-]{subsection.2.18.3}{\376\377\000V\000T\000A\000M\000\040\000T\000e\000r\000m\000i\000n\000a\000l\000\040\000D\000e\000f\000i\000n\000i\000t\000i\000o\000n\000s}{section.2.18}% 87
\BOOKMARK [2][-]{subsection.2.18.4}{\376\377\000N\000C\000P\000/\000N\000P\000S\000I\000\040\000D\000e\000f\000i\000n\000i\000t\000i\000o\000n\000s}{section.2.18}% 88
\BOOKMARK [2][-]{subsection.2.18.5}{\376\377\000S\000h\000a\000r\000i\000n\000g\000\040\000o\000f\000\040\000F\000a\000s\000t\000C\000\040\000l\000i\000n\000e\000s}{section.2.18}% 89
\BOOKMARK [1][-]{section.2.19}{\376\377\000X\0002\0005\000\040\000A\000n\000t\000i\000G\000A\000T\000E\000\040\000l\000i\000n\000e}{chapter.2}% 90
\BOOKMARK [2][-]{subsection.2.19.1}{\376\377\000P\000a\000r\000a\000m\000e\000t\000e\000r\000s}{section.2.19}% 91
\BOOKMARK [2][-]{subsection.2.19.2}{\376\377\000T\000e\000r\000m\000i\000n\000a\000l\000\040\000D\000e\000f\000i\000n\000i\000t\000i\000o\000n\000s}{section.2.19}% 92
\BOOKMARK [2][-]{subsection.2.19.3}{\376\377\000V\000T\000A\000M\000\040\000T\000e\000r\000m\000i\000n\000a\000l\000\040\000D\000e\000f\000i\000n\000i\000t\000i\000o\000n\000s}{section.2.19}% 93
\BOOKMARK [1][-]{section.2.20}{\376\377\000X\0002\0005\000\040\000A\000n\000t\000i\000\040\000F\000a\000s\000t\000\040\000C\000o\000n\000n\000e\000c\000t\000\040\000\050\000F\000a\000s\000t\000C\000\051\000\040\000l\000i\000n\000e}{chapter.2}% 94
\BOOKMARK [2][-]{subsection.2.20.1}{\376\377\000P\000a\000r\000a\000m\000e\000t\000e\000r\000s}{section.2.20}% 95
\BOOKMARK [2][-]{subsection.2.20.2}{\376\377\000T\000e\000r\000m\000i\000n\000a\000l\000\040\000D\000e\000f\000i\000n\000i\000t\000i\000o\000n\000s}{section.2.20}% 96
\BOOKMARK [2][-]{subsection.2.20.3}{\376\377\000V\000T\000A\000M\000\040\000T\000e\000r\000m\000i\000n\000a\000l\000\040\000D\000e\000f\000i\000n\000i\000t\000i\000o\000n\000s}{section.2.20}% 97
\BOOKMARK [1][-]{section.2.21}{\376\377\000X\0002\0005\000\040\000A\000n\000t\000i\000P\000C\000N\000E\000\040\000l\000i\000n\000e}{chapter.2}% 98
\BOOKMARK [2][-]{subsection.2.21.1}{\376\377\000P\000a\000r\000a\000m\000e\000t\000e\000r\000s}{section.2.21}% 99
\BOOKMARK [2][-]{subsection.2.21.2}{\376\377\000T\000e\000r\000m\000i\000n\000a\000l\000\040\000D\000e\000f\000i\000n\000i\000t\000i\000o\000n\000s}{section.2.21}% 100
\BOOKMARK [2][-]{subsection.2.21.3}{\376\377\000V\000T\000A\000M\000\040\000T\000e\000r\000m\000i\000n\000a\000l\000\040\000D\000e\000f\000i\000n\000i\000t\000i\000o\000n\000s}{section.2.21}% 101
\BOOKMARK [2][-]{subsection.2.21.4}{\376\377\000A\000d\000d\000\040\000o\000r\000\040\000c\000h\000a\000n\000g\000i\000n\000g\000\040\000A\000n\000t\000i\000P\000C\000N\000E\000\040\000L\000U\000\040\000n\000a\000m\000e\000s}{section.2.21}% 102
\BOOKMARK [2][-]{subsection.2.21.5}{\376\377\000S\000u\000p\000p\000o\000r\000t\000\040\000o\000f\000\040\000X\0002\0005\000\040\000n\000o\000n\000\040\000G\000A\000T\000E\000\040\000t\000e\000r\000m\000i\000n\000a\000l\000s}{section.2.21}% 103
\BOOKMARK [2][-]{subsection.2.21.6}{\376\377\000V\000T\000A\000M\000\040\000d\000e\000f\000i\000n\000i\000t\000i\000o\000n\000s\000\040\000f\000o\000r\000\040\000X\0002\0005\000\040\000n\000o\000n\000\040\000G\000A\000T\000E\000\040\000t\000e\000r\000m\000i\000n\000a\000l\000s}{section.2.21}% 104
\BOOKMARK [2][-]{subsection.2.21.7}{\376\377\000N\000C\000P\000/\000N\000P\000S\000I\000\040\000p\000a\000r\000a\000m\000e\000t\000e\000r\000s\000\040\000f\000o\000r\000\040\000X\0002\0005\000\040\000n\000o\000n\000\040\000G\000A\000T\000E\000\040\000t\000e\000r\000m\000i\000n\000a\000l\000s}{section.2.21}% 105
\BOOKMARK [0][-]{chapter.3}{\376\377\000V\000i\000r\000t\000e\000l\000\040\000R\000u\000l\000e\000s}{}% 106
\BOOKMARK [1][-]{section.3.1}{\376\377\000I\000n\000t\000r\000o\000d\000u\000c\000t\000i\000o\000n}{chapter.3}% 107
\BOOKMARK [2][-]{subsection.3.1.1}{\376\377\000S\000u\000m\000m\000a\000r\000y\000\040\000D\000i\000s\000p\000l\000a\000y}{section.3.1}% 108
\BOOKMARK [2][-]{subsection.3.1.2}{\376\377\000D\000e\000t\000a\000i\000l\000\040\000D\000i\000s\000p\000l\000a\000y}{section.3.1}% 109
\BOOKMARK [2][-]{subsection.3.1.3}{\376\377\000P\000a\000r\000a\000m\000e\000t\000e\000r\000s}{section.3.1}% 110
\BOOKMARK [0][-]{chapter.4}{\376\377\000T\000e\000r\000m\000i\000n\000a\000l\000s}{}% 111
\BOOKMARK [1][-]{section.4.1}{\376\377\000I\000n\000t\000r\000o\000d\000u\000c\000t\000i\000o\000n}{chapter.4}% 112
\BOOKMARK [2][-]{subsection.4.1.1}{\376\377\000T\000e\000r\000m\000i\000n\000a\000l\000\040\000M\000a\000n\000a\000g\000e\000m\000e\000n\000t\000\040\000S\000u\000b\000-\000A\000p\000p\000l\000i\000c\000a\000t\000i\000o\000n}{section.4.1}% 113
\BOOKMARK [2][-]{subsection.4.1.2}{\376\377\000S\000e\000c\000u\000r\000i\000t\000y}{section.4.1}% 114
\BOOKMARK [2][-]{subsection.4.1.3}{\376\377\000S\000u\000m\000m\000a\000r\000y\000\040\000D\000i\000s\000p\000l\000a\000y}{section.4.1}% 115
\BOOKMARK [2][-]{subsection.4.1.4}{\376\377\000D\000e\000t\000a\000i\000l\000\040\000D\000i\000s\000p\000l\000a\000y}{section.4.1}% 116
\BOOKMARK [2][-]{subsection.4.1.5}{\376\377\000P\000a\000r\000a\000m\000e\000t\000e\000r\000s}{section.4.1}% 117
\BOOKMARK [0][-]{chapter.5}{\376\377\000E\000n\000t\000r\000y\000\040\000P\000o\000i\000n\000t\000s}{}% 118
\BOOKMARK [1][-]{section.5.1}{\376\377\000I\000n\000t\000r\000o\000d\000u\000c\000t\000i\000o\000n}{chapter.5}% 119
\BOOKMARK [2][-]{subsection.5.1.1}{\376\377\000E\000n\000t\000r\000y\000\040\000P\000o\000i\000n\000t\000\040\000M\000a\000n\000a\000g\000e\000m\000e\000n\000t\000\040\000S\000u\000b\000-\000A\000p\000p\000l\000i\000c\000a\000t\000i\000o\000n}{section.5.1}% 120
\BOOKMARK [2][-]{subsection.5.1.2}{\376\377\000S\000e\000c\000u\000r\000i\000t\000y}{section.5.1}% 121
\BOOKMARK [2][-]{subsection.5.1.3}{\376\377\000S\000e\000l\000e\000c\000t\000i\000n\000g\000\040\000a\000n\000\040\000E\000n\000t\000r\000y\000\040\000P\000o\000i\000n\000t}{section.5.1}% 122
\BOOKMARK [2][-]{subsection.5.1.4}{\376\377\000S\000u\000m\000m\000a\000r\000y\000\040\000D\000i\000s\000p\000l\000a\000y}{section.5.1}% 123
\BOOKMARK [2][-]{subsection.5.1.5}{\376\377\000T\000r\000a\000n\000s\000a\000c\000t\000i\000o\000n\000\040\000D\000i\000s\000p\000l\000a\000y}{section.5.1}% 124
\BOOKMARK [2][-]{subsection.5.1.6}{\376\377\000D\000e\000t\000a\000i\000l\000\040\000D\000i\000s\000p\000l\000a\000y}{section.5.1}% 125
\BOOKMARK [2][-]{subsection.5.1.7}{\376\377\000P\000a\000r\000a\000m\000e\000t\000e\000r\000s}{section.5.1}% 126
\BOOKMARK [2][-]{subsection.5.1.8}{\376\377\000S\000i\000g\000n\000o\000n\000\040\000P\000r\000o\000g\000r\000a\000m\000s}{section.5.1}% 127
\BOOKMARK [2][-]{subsection.5.1.9}{\376\377\000M\000e\000n\000u\000\040\000P\000r\000o\000g\000r\000a\000m\000s}{section.5.1}% 128
\BOOKMARK [0][-]{chapter.6}{\376\377\000T\000r\000a\000n\000s\000a\000c\000t\000i\000o\000n\000s}{}% 129
\BOOKMARK [1][-]{section.6.1}{\376\377\000I\000n\000t\000r\000o\000d\000u\000c\000t\000i\000o\000n}{chapter.6}% 130
\BOOKMARK [2][-]{subsection.6.1.1}{\376\377\000S\000u\000m\000m\000a\000r\000y\000\040\000D\000i\000s\000p\000l\000a\000y}{section.6.1}% 131
\BOOKMARK [2][-]{subsection.6.1.2}{\376\377\000D\000e\000t\000a\000i\000l\000\040\000D\000i\000s\000p\000l\000a\000y}{section.6.1}% 132
\BOOKMARK [2][-]{subsection.6.1.3}{\376\377\000P\000a\000r\000a\000m\000e\000t\000e\000r\000s}{section.6.1}% 133
\BOOKMARK [0][-]{chapter.7}{\376\377\000C\000o\000n\000n\000e\000c\000t\000i\000o\000n\000\040\000/\000\040\000D\000i\000s\000c\000o\000n\000n\000e\000c\000t\000i\000o\000n\000\040\000S\000c\000r\000i\000p\000t\000s}{}% 134
\BOOKMARK [1][-]{section.7.1}{\376\377\000S\000c\000r\000i\000p\000t\000\040\000P\000r\000o\000g\000r\000a\000m\000m\000i\000n\000g\000\040\000L\000a\000n\000g\000u\000a\000g\000e}{chapter.7}% 135
\BOOKMARK [2][-]{subsection.7.1.1}{\376\377\000T\000r\000a\000n\000s\000m\000i\000s\000s\000i\000o\000n\000\040\000a\000n\000d\000\040\000f\000i\000l\000t\000e\000r\000\040\000c\000o\000m\000m\000a\000n\000d\000s}{section.7.1}% 136
\BOOKMARK [2][-]{subsection.7.1.2}{\376\377\000S\000y\000s\000t\000e\000m\000\040\000v\000a\000r\000i\000a\000b\000l\000e\000s}{section.7.1}% 137
\BOOKMARK [2][-]{subsection.7.1.3}{\376\377\000O\000r\000d\000e\000r\000s}{section.7.1}% 138
\BOOKMARK [2][-]{subsection.7.1.4}{\376\377\000M\000e\000t\000h\000o\000d\000\040\000o\000f\000\040\000o\000p\000e\000r\000a\000t\000i\000o\000n}{section.7.1}% 139
\BOOKMARK [1][-]{section.7.2}{\376\377\000S\000c\000r\000i\000p\000t\000\040\000E\000x\000a\000m\000p\000l\000e\000s}{chapter.7}% 140
\BOOKMARK [2][-]{subsection.7.2.1}{\376\377\000C\000o\000n\000n\000e\000c\000t\000\040\000t\000o\000\040\000C\000I\000C\000S\000\040\000\050\000n\000o\000\040\000s\000i\000g\000n\000-\000o\000n\000\051\000\040\000w\000i\000t\000h\000\040\000a\000u\000t\000o\000m\000a\000t\000i\000c\000\040\000s\000t\000a\000r\000t\000\040\000o\000f\000\040\000a\000\040\000t\000r\000a\000n\000s\000a\000c\000t\000i\000o\000n}{section.7.2}% 141
\BOOKMARK [2][-]{subsection.7.2.2}{\376\377\000C\000o\000n\000n\000e\000c\000t\000\040\000t\000o\000\040\000C\000I\000C\000S\000\040\000a\000n\000d\000\040\000s\000t\000a\000r\000t\000\040\000t\000r\000a\000n\000s\000a\000c\000t\000i\000o\000n\000\040\000C\000E\000S\000N\000\040\000w\000i\000t\000h\000\040\000t\000r\000a\000n\000s\000m\000i\000s\000s\000i\000o\000n\000\040\000o\000f\000\040\000c\000r\000e\000d\000e\000n\000t\000i\000a\000l\000s}{section.7.2}% 142
\BOOKMARK [2][-]{subsection.7.2.3}{\376\377\000C\000o\000n\000n\000e\000c\000t\000\040\000t\000o\000\040\000C\000I\000C\000S\000\040\000V\000S\000E\000\040\000w\000i\000t\000h\000\040\000I\000C\000C\000F\000\040\000s\000i\000g\000n\000-\000o\000n\000\040\000a\000n\000d\000\040\000s\000t\000a\000r\000t\000\040\000t\000r\000a\000n\000s\000a\000c\000t\000i\000o\000n\000\040\000C\000E\000M\000T}{section.7.2}% 143
\BOOKMARK [2][-]{subsection.7.2.4}{\376\377\000C\000o\000n\000n\000e\000c\000t\000\040\000t\000o\000\040\000T\000S\000O\000\040\000w\000i\000t\000h\000\040\000U\000S\000E\000R\000\040\000a\000n\000d\000\040\000P\000A\000S\000S\000W\000O\000R\000D\000\040\000a\000n\000d\000\040\000a\000w\000a\000i\000t\000\040\000s\000t\000a\000r\000t\000\040\000o\000f\000\040\000I\000S\000P\000F}{section.7.2}% 144
\BOOKMARK [2][-]{subsection.7.2.5}{\376\377\000C\000o\000n\000n\000e\000c\000t\000\040\000t\000o\000\040\000C\000I\000C\000S\000\040\000a\000n\000d\000\040\000n\000a\000v\000i\000g\000a\000t\000e\000\040\000a\000\040\000u\000s\000e\000r\000\040\000a\000p\000p\000l\000i\000c\000a\000c\000t\000i\000o\000n}{section.7.2}% 145
\BOOKMARK [2][-]{subsection.7.2.6}{\376\377\000S\000e\000r\000v\000i\000c\000e\000\040\000T\000r\000a\000n\000s\000a\000c\000t\000i\000o\000n}{section.7.2}% 146
\BOOKMARK [0][-]{chapter.8}{\376\377\000E\000x\000t\000e\000r\000n\000a\000l\000\040\000S\000e\000r\000v\000e\000r\000s}{}% 147
\BOOKMARK [1][-]{section.8.1}{\376\377\000I\000n\000t\000r\000o\000d\000u\000c\000t\000i\000o\000n}{chapter.8}% 148
\BOOKMARK [2][-]{subsection.8.1.1}{\376\377\000E\000x\000t\000e\000r\000n\000a\000l\000\040\000S\000e\000r\000v\000e\000r\000\040\000M\000a\000n\000a\000g\000e\000m\000e\000n\000t\000\040\000S\000u\000b\000-\000A\000p\000p\000l\000i\000c\000a\000t\000i\000o\000n}{section.8.1}% 149
\BOOKMARK [2][-]{subsection.8.1.2}{\376\377\000S\000e\000c\000u\000r\000i\000t\000y}{section.8.1}% 150
\BOOKMARK [2][-]{subsection.8.1.3}{\376\377\000S\000u\000m\000m\000a\000r\000y\000\040\000D\000i\000s\000p\000l\000a\000y}{section.8.1}% 151
\BOOKMARK [2][-]{subsection.8.1.4}{\376\377\000D\000e\000t\000a\000i\000l\000\040\000D\000i\000s\000p\000l\000a\000y}{section.8.1}% 152
\BOOKMARK [2][-]{subsection.8.1.5}{\376\377\000P\000a\000r\000a\000m\000e\000t\000e\000r\000s}{section.8.1}% 153
\BOOKMARK [0][-]{chapter.9}{\376\377\000C\000o\000n\000n\000e\000c\000t\000i\000o\000n\000\040\000M\000o\000d\000e\000s}{}% 154
\BOOKMARK [1][-]{section.9.1}{\376\377\000W\000E\000L\000C\000O\000M\000E\000\040\000m\000o\000d\000e}{chapter.9}% 155
\BOOKMARK [1][-]{section.9.2}{\376\377\000R\000E\000L\000A\000Y\000\040\000m\000o\000d\000e}{chapter.9}% 156
\BOOKMARK [1][-]{section.9.3}{\376\377\000T\000e\000r\000m\000i\000n\000a\000l\000\040\000C\000o\000n\000n\000e\000c\000t\000i\000o\000n\000\040\000T\000y\000p\000e\000s}{chapter.9}% 157
\BOOKMARK [2][-]{subsection.9.3.1}{\376\377\000E\000x\000p\000l\000i\000c\000i\000t\000\040\000f\000i\000x\000e\000d\000\040\000e\000n\000t\000r\000i\000e\000s}{section.9.3}% 158
\BOOKMARK [2][-]{subsection.9.3.2}{\376\377\000P\000h\000y\000s\000i\000c\000a\000l\000\040\000T\000e\000r\000m\000i\000n\000a\000l\000\040\000P\000o\000o\000l\000s}{section.9.3}% 159
\BOOKMARK [2][-]{subsection.9.3.3}{\376\377\000D\000y\000n\000a\000m\000i\000c\000\040\000T\000e\000r\000m\000i\000n\000a\000l\000\040\000P\000o\000o\000l\000s}{section.9.3}% 160
\BOOKMARK [2][-]{subsection.9.3.4}{\376\377\000N\000o\000n\000-\000D\000y\000n\000a\000m\000i\000c\000\040\000T\000e\000r\000m\000i\000n\000a\000l\000\040\000P\000o\000o\000l\000s}{section.9.3}% 161
\BOOKMARK [2][-]{subsection.9.3.5}{\376\377\000T\000e\000r\000m\000i\000n\000a\000l\000\040\000P\000o\000o\000l\000\040\000D\000e\000f\000i\000n\000i\000t\000i\000o\000n\000\040\000E\000x\000a\000m\000p\000l\000e\000s}{section.9.3}% 162
\BOOKMARK [2][-]{subsection.9.3.6}{\376\377\000T\000e\000r\000m\000i\000n\000a\000l\000\040\000P\000o\000o\000l\000\040\000S\000e\000l\000e\000c\000t\000i\000o\000n}{section.9.3}% 163
\BOOKMARK [2][-]{subsection.9.3.7}{\376\377\000T\000e\000r\000m\000i\000n\000a\000l\000\040\000n\000a\000m\000i\000n\000g\000\040\000a\000n\000d\000\040\000o\000r\000d\000e\000r\000\040\000c\000o\000n\000v\000e\000n\000t\000i\000o\000n\000s}{section.9.3}% 164
\BOOKMARK [1][-]{section.9.4}{\376\377\000T\000e\000r\000m\000i\000n\000a\000l\000\040\000C\000o\000n\000n\000e\000c\000t\000i\000o\000n\000\040\000E\000x\000a\000m\000p\000l\000e\000s}{chapter.9}% 165
\BOOKMARK [2][-]{subsection.9.4.1}{\376\377\0003\0002\0007\0000\000\040\000t\000e\000r\000m\000i\000n\000a\000l\000\040\000i\000n\000\040\000W\000E\000L\000C\000O\000M\000E\000\040\000m\000o\000d\000e}{section.9.4}% 166
\BOOKMARK [2][-]{subsection.9.4.2}{\376\377\0003\0002\0007\0000\000\040\000t\000e\000r\000m\000i\000n\000a\000l\000\040\000i\000n\000\040\000R\000E\000L\000A\000Y\000\040\000m\000o\000d\000e}{section.9.4}% 167
\BOOKMARK [2][-]{subsection.9.4.3}{\376\377\000A\000s\000y\000n\000c\000h\000r\000o\000n\000o\000u\000s\000\040\000t\000e\000r\000m\000i\000n\000a\000l\000\040\000o\000n\000\040\000a\000n\000\040\000X\0002\0005\000\040\000o\000r\000\040\000X\000O\000T\000\040\000l\000i\000n\000e}{section.9.4}% 168
\BOOKMARK [2][-]{subsection.9.4.4}{\376\377\000L\000o\000g\000i\000c\000a\000l\000\040\000t\000e\000r\000m\000i\000n\000a\000l\000s}{section.9.4}% 169
\BOOKMARK [0][-]{chapter.10}{\376\377\000C\000o\000n\000t\000r\000o\000l\000l\000i\000n\000g\000\040\000L\000U\000N\000A\000M\000E\000s\000\040\000-\000\040\000L\000U\000\040\000N\000a\000i\000l\000i\000n\000g}{}% 170
\BOOKMARK [1][-]{section.10.1}{\376\377\000I\000n\000t\000r\000o\000d\000u\000c\000t\000i\000o\000n}{chapter.10}% 171
\BOOKMARK [1][-]{section.10.2}{\376\377\000L\000U\000\040\000N\000a\000i\000l\000i\000n\000g\000\040\000B\000y\000\040\000U\000R\000L}{chapter.10}% 172
\BOOKMARK [2][-]{subsection.10.2.1}{\376\377\000U\000s\000e\000r\000D\000a\000t\000a\000\040\000e\000x\000a\000m\000p\000l\000e\000\040\000u\000s\000i\000n\000g\000\040\000a\000\040\000w\000o\000r\000k\000\040\000s\000t\000a\000t\000i\000o\000n\000\040\000n\000a\000m\000e}{section.10.2}% 173
\BOOKMARK [2][-]{subsection.10.2.2}{\376\377\000U\000s\000e\000r\000D\000a\000t\000a\000\040\000e\000x\000a\000m\000p\000l\000e\000\040\000u\000s\000i\000n\000g\000\040\000a\000\040\000L\000U\000\040\000N\000a\000m\000e}{section.10.2}% 174
\BOOKMARK [2][-]{subsection.10.2.3}{\376\377\000F\000o\000r\000c\000e\000L\000U\000N\000A\000M\000E\000\040\000E\000x\000a\000m\000p\000l\000e}{section.10.2}% 175
\BOOKMARK [1][-]{section.10.3}{\376\377\000L\000U\000\040\000N\000a\000i\000l\000i\000n\000g\000\040\000b\000y\000\040\000c\000o\000o\000k\000i\000e\000s}{chapter.10}% 176
\BOOKMARK [2][-]{subsection.10.3.1}{\376\377\000S\000e\000t\000t\000i\000n\000g\000\040\000u\000p\000\040\000t\000h\000e\000\040\000S\000M\000T\000P\000\040\000l\000i\000n\000e}{section.10.3}% 177
\BOOKMARK [2][-]{subsection.10.3.2}{\376\377\000S\000e\000t\000t\000i\000n\000g\000\040\000u\000p\000\040\000t\000h\000e\000\040\000r\000u\000l\000e\000s\000\040\000f\000o\000r\000\040\000L\000U\000\040\000n\000a\000i\000l\000i\000n\000g\000\040\000w\000i\000t\000h\000\040\000c\000o\000o\000k\000i\000e\000s}{section.10.3}% 178
\BOOKMARK [2][-]{subsection.10.3.3}{\376\377\000D\000e\000f\000i\000n\000i\000n\000g\000\040\000a\000\040\000u\000s\000e\000r}{section.10.3}% 179
\BOOKMARK [2][-]{subsection.10.3.4}{\376\377\000D\000e\000l\000i\000v\000e\000r\000i\000n\000g\000\040\000t\000h\000e\000\040\000c\000o\000o\000k\000i\000e\000\040\000v\000i\000a\000\040\000e\000-\000m\000a\000i\000l}{section.10.3}% 180
\BOOKMARK [2][-]{subsection.10.3.5}{\376\377\000I\000n\000s\000t\000a\000l\000l\000i\000n\000g\000\040\000t\000h\000e\000\040\000c\000o\000o\000k\000i\000e\000\040\000o\000n\000\040\000t\000h\000e\000\040\000b\000r\000o\000w\000s\000e\000r}{section.10.3}% 181
\BOOKMARK [2][-]{subsection.10.3.6}{\376\377\000U\000s\000i\000n\000g\000\040\000t\000h\000e\000\040\000c\000o\000o\000k\000i\000e}{section.10.3}% 182
\BOOKMARK [1][-]{section.10.4}{\376\377\000L\000U\000\040\000N\000a\000i\000l\000i\000n\000g\000\040\000b\000y\000\040\000I\000P\000\040\000a\000d\000d\000r\000e\000s\000s}{chapter.10}% 183
\BOOKMARK [1][-]{section.10.5}{\376\377\000C\000o\000m\000p\000a\000r\000i\000s\000o\000n\000\040\000T\000a\000b\000l\000e}{chapter.10}% 184
\BOOKMARK [0][-]{chapter.11}{\376\377\000A\000T\000-\000T\000L\000S\000\040\000S\000e\000c\000u\000r\000e\000\040\000S\000e\000s\000s\000i\000o\000n}{}% 185
\BOOKMARK [1][-]{section.11.1}{\376\377\000I\000n\000t\000r\000o\000d\000u\000c\000t\000i\000o\000n}{chapter.11}% 186
\BOOKMARK [1][-]{section.11.2}{\376\377\000I\000n\000s\000t\000a\000l\000l\000a\000t\000i\000o\000n}{chapter.11}% 187
\BOOKMARK [2][-]{subsection.11.2.1}{\376\377\000I\000n\000s\000t\000a\000l\000l\000\040\000P\000o\000l\000i\000c\000y\000\040\000A\000g\000e\000n\000t\000\040\000p\000r\000o\000c\000e\000d\000u\000r\000e}{section.11.2}% 188
\BOOKMARK [2][-]{subsection.11.2.2}{\376\377\000C\000r\000e\000a\000t\000e\000\040\000t\000h\000e\000\040\000P\000o\000l\000i\000c\000y\000\040\000A\000g\000e\000n\000t\000\040\000c\000o\000n\000f\000i\000g\000u\000r\000a\000t\000i\000o\000n\000\040\000f\000i\000l\000e}{section.11.2}% 189
\BOOKMARK [2][-]{subsection.11.2.3}{\376\377\000A\000l\000l\000o\000w\000\040\000t\000h\000e\000\040\000P\000o\000l\000i\000c\000y\000\040\000A\000g\000e\000n\000t\000\040\000t\000o\000\040\000r\000u\000n\000\040\000d\000u\000r\000i\000n\000g\000\040\000T\000C\000P\000/\000I\000P\000\040\000i\000n\000i\000t\000i\000a\000l\000i\000z\000a\000t\000i\000o\000n}{section.11.2}% 190
\BOOKMARK [2][-]{subsection.11.2.4}{\376\377\000C\000r\000e\000a\000t\000e\000\040\000t\000h\000e\000\040\000s\000e\000r\000v\000e\000r\000\040\000c\000e\000r\000t\000i\000f\000i\000c\000a\000t\000e}{section.11.2}% 191
\BOOKMARK [2][-]{subsection.11.2.5}{\376\377\000A\000d\000d\000\040\000t\000h\000e\000\040\000c\000e\000r\000t\000i\000f\000i\000c\000a\000t\000e\000\040\000t\000o\000\040\000t\000h\000e\000\040\000k\000e\000y\000r\000i\000n\000g}{section.11.2}% 192
\BOOKMARK [2][-]{subsection.11.2.6}{\376\377\000A\000l\000l\000o\000w\000\040\000V\000I\000R\000T\000E\000L\000\040\000t\000o\000\040\000a\000c\000c\000e\000s\000s\000\040\000i\000t\000s\000\040\000o\000w\000n\000\040\000c\000e\000r\000t\000i\000f\000i\000c\000a\000t\000e}{section.11.2}% 193
\BOOKMARK [2][-]{subsection.11.2.7}{\376\377\000A\000c\000t\000i\000v\000a\000t\000e\000\040\000A\000T\000-\000T\000L\000S}{section.11.2}% 194
\BOOKMARK [1][-]{section.11.3}{\376\377\000O\000p\000e\000r\000a\000t\000i\000o\000n\000s}{chapter.11}% 195
\BOOKMARK [2][-]{subsection.11.3.1}{\376\377\000S\000t\000a\000r\000t\000i\000n\000g\000\040\000t\000h\000e\000\040\000P\000o\000l\000i\000c\000y\000\040\000A\000g\000e\000n\000t}{section.11.3}% 196
\BOOKMARK [2][-]{subsection.11.3.2}{\376\377\000A\000l\000t\000e\000r\000i\000n\000g\000\040\000t\000h\000e\000\040\000P\000o\000l\000i\000c\000y\000\040\000A\000g\000e\000n\000t\000\040\000c\000o\000n\000f\000i\000g\000u\000r\000a\000t\000i\000o\000n}{section.11.3}% 197
\BOOKMARK [2][-]{subsection.11.3.3}{\376\377\000L\000o\000g\000o\000n\000\040\000t\000o\000\040\000V\000I\000R\000T\000E\000L\000\040\000u\000s\000i\000n\000g\000\040\000s\000e\000c\000u\000r\000e\000\040\000s\000e\000s\000s\000i\000o\000n}{section.11.3}% 198
\BOOKMARK [1][-]{section.11.4}{\376\377\000P\000r\000o\000b\000l\000e\000m\000\040\000d\000e\000t\000e\000r\000m\000i\000n\000a\000t\000i\000o\000n}{chapter.11}% 199
\BOOKMARK [2][-]{subsection.11.4.1}{\376\377\000P\000o\000l\000i\000c\000y\000\040\000A\000g\000e\000n\000t\000\040\000l\000o\000g\000\040\000f\000i\000l\000e}{section.11.4}% 200
\BOOKMARK [2][-]{subsection.11.4.2}{\376\377\000C\000o\000m\000m\000o\000n\000\040\000e\000r\000r\000o\000r\000\040\000m\000e\000s\000s\000a\000g\000e\000s}{section.11.4}% 201
\BOOKMARK [2][-]{subsection.11.4.3}{\376\377\000V\000e\000r\000i\000f\000y\000i\000n\000g\000\040\000A\000T\000-\000T\000L\000S\000\040\000i\000s\000\040\000a\000c\000t\000i\000v\000e}{section.11.4}% 202
\BOOKMARK [1][-]{section.11.5}{\376\377\000T\000h\000e\000\040\000C\000i\000p\000h\000e\000r\000\040\000s\000u\000i\000t\000e\000s}{chapter.11}% 203
\BOOKMARK [1][-]{section.11.6}{\376\377\000C\000l\000i\000e\000n\000t\000\040\000c\000e\000r\000t\000i\000f\000i\000c\000a\000t\000e\000s}{chapter.11}% 204
\BOOKMARK [1][-]{section.11.7}{\376\377\000R\000e\000s\000o\000u\000r\000c\000e\000s}{chapter.11}% 205
\BOOKMARK [2][-]{subsection.11.7.1}{\376\377\000I\000B\000M\000\040\000M\000a\000n\000u\000a\000l\000s}{section.11.7}% 206
\BOOKMARK [2][-]{subsection.11.7.2}{\376\377\000V\000i\000r\000t\000e\000l\000\040\000M\000a\000t\000e\000r\000i\000a\000l}{section.11.7}% 207
\BOOKMARK [0][-]{chapter.12}{\376\377\000V\000i\000r\000t\000e\000l\000\040\000a\000n\000d\000\040\000L\000o\000n\000g\000\040\000P\000o\000l\000l\000\040\000p\000r\000o\000t\000o\000c\000o\000l}{}% 208
\BOOKMARK [1][-]{section.12.1}{\376\377\000U\000n\000d\000e\000r\000s\000t\000a\000n\000d\000i\000n\000g\000\040\000H\000T\000T\000P\000\040\000C\000o\000n\000n\000e\000c\000t\000i\000o\000n\000s}{chapter.12}% 209
\BOOKMARK [1][-]{section.12.2}{\376\377\000U\000n\000d\000e\000r\000s\000t\000a\000n\000d\000i\000n\000g\000\040\000V\000i\000r\000t\000e\000l\000\040\000L\000o\000n\000g\000\040\000P\000o\000l\000l\000\040\000\050\000L\000P\000\051\000\040\000S\000e\000s\000s\000i\000o\000n\000s}{chapter.12}% 210
\BOOKMARK [1][-]{section.12.3}{\376\377\000U\000n\000d\000e\000r\000s\000t\000a\000n\000d\000i\000n\000g\000\040\000N\000e\000t\000w\000o\000r\000k\000\040\000C\000o\000m\000p\000o\000n\000e\000n\000t\000s\000\040\000I\000n\000t\000e\000r\000f\000e\000r\000e\000n\000c\000e}{chapter.12}% 211
\BOOKMARK [0][-]{chapter.13}{\376\377\000S\000S\000O\000,\000\040\000P\000a\000s\000s\000T\000i\000c\000k\000e\000t\000s\000\040\000a\000n\000d\000\040\000P\000r\000o\000x\000y\000\040\000S\000e\000r\000v\000e\000r\000s}{}% 212
\BOOKMARK [1][-]{section.13.1}{\376\377\000I\000n\000t\000r\000o\000d\000u\000c\000t\000i\000o\000n}{chapter.13}% 213
\BOOKMARK [1][-]{section.13.2}{\376\377\000A\000d\000d\000i\000n\000g\000\040\000h\000e\000a\000d\000e\000r\000s\000\040\000t\000o\000\040\000t\000h\000e\000\040\000H\000T\000T\000P\000\040\000r\000e\000q\000u\000e\000s\000t}{chapter.13}% 214
\BOOKMARK [1][-]{section.13.3}{\376\377\000R\000A\000C\000F\000\040\000P\000a\000s\000s\000t\000i\000c\000k\000e\000t\000s}{chapter.13}% 215
\BOOKMARK [2][-]{subsection.13.3.1}{\376\377\000D\000e\000f\000i\000n\000e\000\040\000P\000a\000s\000s\000\040\000T\000i\000c\000k\000e\000t\000\040\000R\000A\000C\000F\000\040\000p\000r\000o\000f\000i\000l\000e\000s}{section.13.3}% 216
\BOOKMARK [2][-]{subsection.13.3.2}{\376\377\000R\000A\000C\000F\000\040\000P\000r\000o\000f\000i\000l\000e\000s\000\040\000r\000e\000l\000a\000t\000e\000d\000\040\000t\000o\000\040\000V\000i\000r\000t\000e\000l\000\040\000a\000n\000d\000\040\000P\000a\000s\000s\000\040\000T\000i\000c\000k\000e\000t\000s}{section.13.3}% 217
\BOOKMARK [1][-]{section.13.4}{\376\377\000V\000i\000r\000t\000e\000l\000\040\000R\000e\000q\000u\000i\000r\000e\000m\000e\000n\000t\000s}{chapter.13}% 218
\BOOKMARK [2][-]{subsection.13.4.1}{\376\377\000T\000r\000a\000n\000s\000a\000c\000t\000i\000o\000n\000\040\000r\000e\000q\000u\000i\000r\000e\000m\000e\000n\000t\000s}{section.13.4}% 219
\BOOKMARK [2][-]{subsection.13.4.2}{\376\377\000I\000d\000e\000n\000t\000i\000f\000i\000c\000a\000t\000i\000o\000n\000\040\000S\000c\000e\000n\000a\000r\000i\000o}{section.13.4}% 220
\BOOKMARK [2][-]{subsection.13.4.3}{\376\377\000T\000C\000T\000\040\000C\000o\000n\000s\000i\000d\000e\000r\000a\000t\000i\000o\000n\000s}{section.13.4}% 221
\BOOKMARK [2][-]{subsection.13.4.4}{\376\377\000L\000i\000n\000e\000\040\000R\000u\000l\000e\000s}{section.13.4}% 222
\BOOKMARK [1][-]{section.13.5}{\376\377\000C\000o\000m\000m\000o\000n\000\040\000E\000r\000r\000o\000r\000s}{chapter.13}% 223
\BOOKMARK [1][-]{section.13.6}{\376\377\000R\000e\000l\000a\000t\000e\000d\000\040\000m\000a\000t\000e\000r\000i\000a\000l}{chapter.13}% 224
\BOOKMARK [0][-]{chapter.14}{\376\377\000R\000u\000n\000n\000i\000n\000g\000\040\000m\000u\000l\000t\000i\000p\000l\000e\000\040\000i\000n\000s\000t\000a\000n\000c\000e\000s\000\040\000o\000f\000\040\000V\000i\000r\000t\000e\000l}{}% 225
\BOOKMARK [1][-]{section.14.1}{\376\377\000I\000n\000t\000r\000o\000d\000u\000c\000t\000i\000o\000n}{chapter.14}% 226
\BOOKMARK [2][-]{subsection.14.1.1}{\376\377\000V\000I\000R\000T\000E\000L\000\040\000T\000C\000T\000\040\000S\000e\000t\000t\000i\000n\000g\000s}{section.14.1}% 227
\BOOKMARK [2][-]{subsection.14.1.2}{\376\377\000S\000Y\000S\000P\000L\000E\000X\000\040\000d\000e\000f\000i\000n\000i\000t\000i\000o\000n\000s}{section.14.1}% 228
\BOOKMARK [2][-]{subsection.14.1.3}{\376\377\000W\000o\000r\000k\000l\000o\000a\000d\000\040\000b\000a\000l\000a\000n\000c\000i\000n\000g\000\040\000i\000n\000\040\000a\000\040\000S\000Y\000S\000P\000L\000E\000X\000\040\000e\000n\000v\000i\000r\000o\000n\000m\000e\000n\000t}{section.14.1}% 229
\BOOKMARK [2][-]{subsection.14.1.4}{\376\377\000S\000h\000a\000r\000i\000n\000g\000\040\000t\000h\000e\000\040\000A\000R\000B\000O\000\040\000a\000n\000d\000\040\000o\000t\000h\000e\000r\000\040\000V\000S\000A\000M\000\040\000f\000i\000l\000e\000s}{section.14.1}% 230
\BOOKMARK [2][-]{subsection.14.1.5}{\376\377\000R\000E\000A\000D\000\040\000O\000N\000L\000Y\000\040\000R\000e\000s\000t\000r\000i\000c\000t\000i\000o\000n\000s}{section.14.1}% 231
\BOOKMARK [2][-]{subsection.14.1.6}{\376\377\000V\000i\000r\000t\000e\000l\000\040\000n\000a\000m\000i\000n\000g\000\040\000c\000o\000n\000v\000e\000n\000t\000i\000o\000n\000s}{section.14.1}% 232
\BOOKMARK [2][-]{subsection.14.1.7}{\376\377\000T\000C\000T\000\040\000d\000e\000f\000i\000n\000i\000t\000i\000o\000n}{section.14.1}% 233
\BOOKMARK [1][-]{section.14.2}{\376\377\000U\000s\000i\000n\000g\000\040\000a\000\040\000D\000i\000s\000t\000r\000i\000b\000u\000t\000e\000d\000\040\000V\000I\000P\000A\000\040\000t\000o\000\040\000l\000o\000a\000d\000\040\000b\000a\000l\000a\000n\000c\000e}{chapter.14}% 234
\BOOKMARK [2][-]{subsection.14.2.1}{\376\377\000S\000e\000s\000s\000i\000o\000n\000\040\000A\000f\000f\000i\000n\000i\000t\000y}{section.14.2}% 235
\BOOKMARK [1][-]{section.14.3}{\376\377\000U\000s\000i\000n\000g\000\040\000a\000n\000\040\000A\000p\000a\000c\000h\000e\000\040\000P\000r\000o\000x\000y\000\040\000t\000o\000\040\000l\000o\000a\000d\000\040\000b\000a\000l\000a\000n\000c\000e}{chapter.14}% 236
\BOOKMARK [0][-]{chapter.15}{\376\377\000V\000I\000R\000P\000L\000E\000X}{}% 237
\BOOKMARK [1][-]{section.15.1}{\376\377\000S\000e\000t\000t\000i\000n\000g\000\040\000u\000p\000\040\000a\000\040\000V\000i\000r\000p\000l\000e\000x}{chapter.15}% 238
\BOOKMARK [1][-]{section.15.2}{\376\377\000T\000C\000T\000\040\000d\000e\000f\000i\000n\000i\000t\000i\000o\000n\000s}{chapter.15}% 239
\BOOKMARK [2][-]{subsection.15.2.1}{\376\377\000T\000C\000T\000\040\000f\000o\000r\000\040\040\030\000R\000E\000A\000D\000E\000R\040\031\000\040\000t\000a\000s\000k\000s\000.}{section.15.2}% 240
\BOOKMARK [2][-]{subsection.15.2.2}{\376\377\000T\000C\000T\000\040\000f\000o\000r\000\040\040\030\000W\000R\000I\000T\000E\000R\040\031\000\040\000t\000a\000s\000k}{section.15.2}% 241
\BOOKMARK [1][-]{section.15.3}{\376\377\000A\000R\000B\000O\000\040\000d\000e\000f\000i\000n\000i\000t\000i\000o\000n\000s}{chapter.15}% 242
\BOOKMARK [0][-]{chapter.16}{\376\377\000P\000r\000o\000t\000e\000c\000t\000i\000n\000g\000\040\000b\000u\000s\000i\000n\000e\000s\000s\000\040\000a\000s\000s\000e\000t\000s\000\040\000w\000i\000t\000h\000\040\000V\000i\000r\000t\000e\000l\000\040\000R\000u\000l\000e\000s}{}% 243
\BOOKMARK [1][-]{section.16.1}{\376\377\000I\000n\000t\000r\000o\000d\000u\000c\000t\000i\000o\000n}{chapter.16}% 244
\BOOKMARK [1][-]{section.16.2}{\376\377\000V\000i\000r\000t\000e\000l\000\040\000S\000e\000t\000u\000p}{chapter.16}% 245
\BOOKMARK [2][-]{subsection.16.2.1}{\376\377\000V\000i\000r\000t\000e\000l\000\040\000R\000u\000l\000e\000s}{section.16.2}% 246
\BOOKMARK [2][-]{subsection.16.2.2}{\376\377\000D\000e\000f\000a\000u\000l\000t\000\040\000R\000u\000l\000e\000\040\000T\000e\000m\000p\000l\000a\000t\000e}{section.16.2}% 247
\BOOKMARK [0][-]{chapter.17}{\376\377\000A\000p\000p\000e\000n\000d\000i\000x}{}% 248
\BOOKMARK [1][-]{section.17.1}{\376\377\000T\000r\000a\000d\000e\000m\000a\000r\000k\000s}{chapter.17}% 249
