This is LuaHBTeX, Version 1.17.0 (MiKTeX 23.9.24) (format=lualatex 2023.9.26)  26 SEP 2023 21:02
 restricted system commands enabled.
**Virtel_Connectivity_Guide.tex
(./Virtel_Connectivity_Guide.tex
LaTeX2e <2023-06-01> patch level 1
L3 programming layer <2023-08-29>
Lua module: luaotfload 2023-08-31 3.26 Lua based OpenType font support
Lua module: lualibs 2023-07-13 2.76 ConTeXt Lua standard libraries.
Lua module: lualibs-extended 2023-07-13 2.76 ConTeXt Lua libraries -- extended c
ollection.
luaotfload | conf : Root cache directory is "C:/Users/richm/AppData/Local/MiKTeX
/luatex-cache/generic/names".
luaotfload | init : Loading fontloader "fontloader-2023-08-19.lua" from kpse-res
olved path "C:/Users/richm/AppData/Local/Programs/MiKTeX/tex/luatex/luaotfload/f
ontloader-2023-08-19.lua".
Lua-only attribute luaotfload@noligature = 1
luaotfload | init : Context OpenType loader version 3.133
Inserting `luaotfload.node_processor' in `pre_linebreak_filter'.
Inserting `luaotfload.node_processor' in `hpack_filter'.
Inserting `luaotfload.glyph_stream' in `glyph_stream_provider'.
Inserting `luaotfload.define_font' in `define_font'.
Lua-only attribute luaotfload_color_attribute = 2
luaotfload | conf : Root cache directory is "C:/Users/richm/AppData/Local/MiKTeX
/luatex-cache/generic/names".
Inserting `luaotfload.harf.strip_prefix' in `find_opentype_file'.
Inserting `luaotfload.harf.strip_prefix' in `find_truetype_file'.
Removing  `luaotfload.glyph_stream' from `glyph_stream_provider'.
Inserting `luaotfload.harf.glyphstream' in `glyph_stream_provider'.
Inserting `luaotfload.harf.finalize_vlist' in `post_linebreak_filter'.
Inserting `luaotfload.harf.finalize_hlist' in `hpack_filter'.
Inserting `luaotfload.cleanup_files' in `wrapup_run'.
Inserting `luaotfload.harf.finalize_unicode' in `finish_pdffile'.
Inserting `luaotfload.glyphinfo' in `glyph_info'.
Lua-only attribute luaotfload.letterspace_done = 3
Inserting `luaotfload.aux.set_sscale_dimens' in `luaotfload.patch_font'.
Inserting `luaotfload.aux.set_font_index' in `luaotfload.patch_font'.
Inserting `luaotfload.aux.patch_cambria_domh' in `luaotfload.patch_font'.
Inserting `luaotfload.aux.fixup_fontdata' in `luaotfload.patch_font_unsafe'.
Inserting `luaotfload.aux.set_capheight' in `luaotfload.patch_font'.
Inserting `luaotfload.aux.set_xheight' in `luaotfload.patch_font'.
Inserting `luaotfload.rewrite_fontname' in `luaotfload.patch_font'.
Inserting `tracingstacklevels' in `input_level_string'. (./sphinxmanual.cls
Document Class: sphinxmanual 2018/12/22 v1.8.3 Document class (Sphinx manual)
(C:/Users/richm/AppData/Local/Programs/MiKTeX/tex/latex/base/report.cls
Document Class: report 2023/05/17 v1.4n Standard LaTeX document class
(C:/Users/richm/AppData/Local/Programs/MiKTeX/tex/latex/base/size10.clo
File: size10.clo 2023/05/17 v1.4n Standard LaTeX file (size option)
luaotfload | db : Font names database loaded from C:/Users/richm/AppData/Local/M
iKTeX/luatex-cache/generic/names/luaotfload-names.luc.gz)
\c@part=\count183
\c@chapter=\count184
\c@section=\count185
\c@subsection=\count186
\c@subsubsection=\count187
\c@paragraph=\count188
\c@subparagraph=\count189
\c@figure=\count190
\c@table=\count191
\abovecaptionskip=\skip48
\belowcaptionskip=\skip49
\bibindent=\dimen139
))
\sphinxpxdimen=\dimen140

(C:/Users/richm/AppData/Local/Programs/MiKTeX/tex/latex/cmap/cmap.sty
Package: cmap 2021/02/06 v1.0j CMap support: searchable PDF
)
(C:/Users/richm/AppData/Local/Programs/MiKTeX/tex/latex/amsmath/amsmath.sty
Package: amsmath 2023/05/13 v2.17o AMS math features
\@mathmargin=\skip50

For additional information on amsmath, use the `?' option.
(C:/Users/richm/AppData/Local/Programs/MiKTeX/tex/latex/amsmath/amstext.sty
Package: amstext 2021/08/26 v2.01 AMS text

(C:/Users/richm/AppData/Local/Programs/MiKTeX/tex/latex/amsmath/amsgen.sty
File: amsgen.sty 1999/11/30 v2.0 generic functions
\@emptytoks=\toks17
\ex@=\dimen141
))
(C:/Users/richm/AppData/Local/Programs/MiKTeX/tex/latex/amsmath/amsbsy.sty
Package: amsbsy 1999/11/29 v1.2d Bold Symbols
\pmbraise@=\dimen142
)
(C:/Users/richm/AppData/Local/Programs/MiKTeX/tex/latex/amsmath/amsopn.sty
Package: amsopn 2022/04/08 v2.04 operator names
)
\inf@bad=\count192
LaTeX Info: Redefining \frac on input line 236.
\uproot@=\count193
\leftroot@=\count194
LaTeX Info: Redefining \overline on input line 399.
LaTeX Info: Redefining \colon on input line 410.
\classnum@=\count195
\DOTSCASE@=\count196
LaTeX Info: Redefining \ldots on input line 496.
LaTeX Info: Redefining \dots on input line 499.
LaTeX Info: Redefining \cdots on input line 620.
\Mathstrutbox@=\box51
\strutbox@=\box52
LaTeX Info: Redefining \big on input line 722.
LaTeX Info: Redefining \Big on input line 723.
LaTeX Info: Redefining \bigg on input line 724.
LaTeX Info: Redefining \Bigg on input line 725.
\big@size=\dimen143
LaTeX Font Info:    Redeclaring font encoding OML on input line 743.
LaTeX Font Info:    Redeclaring font encoding OMS on input line 744.
\macc@depth=\count197
LaTeX Info: Redefining \bmod on input line 905.
LaTeX Info: Redefining \pmod on input line 910.
LaTeX Info: Redefining \smash on input line 940.
LaTeX Info: Redefining \relbar on input line 970.
LaTeX Info: Redefining \Relbar on input line 971.
\c@MaxMatrixCols=\count198
\dotsspace@=\muskip16
\c@parentequation=\count199
\dspbrk@lvl=\count266
\tag@help=\toks18
\row@=\count267
\column@=\count268
\maxfields@=\count269
\andhelp@=\toks19
\eqnshift@=\dimen144
\alignsep@=\dimen145
\tagshift@=\dimen146
\tagwidth@=\dimen147
\totwidth@=\dimen148
\lineht@=\dimen149
\@envbody=\toks20
\multlinegap=\skip51
\multlinetaggap=\skip52
\mathdisplay@stack=\toks21
LaTeX Info: Redefining \[ on input line 2953.
LaTeX Info: Redefining \] on input line 2954.
)
(C:/Users/richm/AppData/Local/Programs/MiKTeX/tex/latex/amsfonts/amssymb.sty
Package: amssymb 2013/01/14 v3.01 AMS font symbols

(C:/Users/richm/AppData/Local/Programs/MiKTeX/tex/latex/amsfonts/amsfonts.sty
Package: amsfonts 2013/01/14 v3.01 Basic AMSFonts support
\symAMSa=\mathgroup4
\symAMSb=\mathgroup5
LaTeX Font Info:    Redeclaring math symbol \hbar on input line 98.
LaTeX Font Info:    Overwriting math alphabet `\mathfrak' in version `bold'
(Font)                  U/euf/m/n --> U/euf/b/n on input line 106.
)) (C:/Users/richm/AppData/Local/Programs/MiKTeX/tex/generic/babel/babel.sty
Package: babel 2023/09/12 v3.94 The Babel package

(C:/Users/richm/AppData/Local/Programs/MiKTeX/tex/generic/babel/luababel.def
\bbl@readstream=\read2
\l@afrikaans=\language2
Package babel Info: Non-standard hyphenation setup on input line 118.
\l@ancientgreek=\language3
\l@armenian=\language4
\l@assamese=\language5
\l@basque=\language6
\l@belarusian=\language7
\l@bengali=\language8
\l@bokmal=\language9
\l@bulgarian=\language10
\l@catalan=\language11
\l@churchslavonic=\language12
\l@classiclatin=\language13
\l@coptic=\language14
\l@croatian=\language15
\l@czech=\language16
\l@danish=\language17
\l@dutch=\language18
\l@esperanto=\language19
\l@estonian=\language20
\l@ethiopic=\language21
\l@finnish=\language22
\l@french=\language23
\l@friulan=\language24
\l@galician=\language25
\l@georgian=\language26
\l@german=\language27
\l@greek=\language28
\l@gujarati=\language29
\l@hindi=\language30
\l@hungarian=\language31
\l@icelandic=\language32
\l@indonesian=\language33
\l@interlingua=\language34
\l@irish=\language35
\l@italian=\language36
\l@kannada=\language37
\l@kurmanji=\language38
\l@latin=\language39
\l@latvian=\language40
\l@lithuanian=\language41
\l@liturgicallatin=\language42
\l@macedonian=\language43
\l@malayalam=\language44
\l@marathi=\language45
\l@mongolian=\language46
\l@mongolianlmc=\language47
\l@monogreek=\language48
\l@ngerman=\language49
\l@nynorsk=\language50
\l@occitan=\language51
\l@oriya=\language52
\l@pali=\language53
\l@panjabi=\language54
\l@piedmontese=\language55
\l@polish=\language56
\l@portuguese=\language57
\l@romanian=\language58
\l@romansh=\language59
\l@russian=\language60
\l@sanskrit=\language61
\l@serbian=\language62
\l@serbianc=\language63
\l@slovak=\language64
\l@slovenian=\language65
\l@spanish=\language66
\l@swedish=\language67
\l@swissgerman=\language68
\l@tamil=\language69
\l@telugu=\language70
\l@thai=\language71
\l@turkish=\language72
\l@turkmen=\language73
\l@ukenglish=\language74
\l@ukrainian=\language75
\l@uppersorbian=\language76
\l@usenglishmax=\language77
\l@welsh=\language78
\babelcatcodetablenum=\catcodetable14
\bbl@pattcodes=\catcodetable15
)
\babel@savecnt=\count270
\U@D=\dimen150
\l@unhyphenated=\language79

(C:/Users/richm/AppData/Local/Programs/MiKTeX/tex/generic/babel/luababel.def
\bbl@attr@locale=\attribute4
)
*************************************
* Local config file bblopts.cfg used
*
(C:/Users/richm/AppData/Local/Programs/MiKTeX/tex/latex/arabi/bblopts.cfg
File: bblopts.cfg 2005/09/08 v0.1 add Arabic and Farsi to "declared" options of
 babel
)
(C:/Users/richm/AppData/Local/Programs/MiKTeX/tex/latex/babel-english/english.l
df
Language: english 2017/06/06 v3.3r English support from the babel system
Package babel Info: Hyphen rules for 'canadian' set to \l@english
(babel)             (\language0). Reported on input line 102.
Package babel Info: Hyphen rules for 'australian' set to \l@ukenglish
(babel)             (\language74). Reported on input line 105.
Package babel Info: Hyphen rules for 'newzealand' set to \l@ukenglish
(babel)             (\language74). Reported on input line 108.
))
(C:/Users/richm/AppData/Local/Programs/MiKTeX/tex/generic/babel/locale/en/babel
-english.tex
Package babel Info: Importing font and identification data for english
(babel)             from babel-en.ini. Reported on input line 11.
)
(C:/Users/richm/AppData/Local/Programs/MiKTeX/tex/latex/fncychap/fncychap.sty
Package: fncychap 2007/07/30 v1.34 LaTeX package (Revised chapters)
\RW=\skip53
\mylen=\skip54
\myhi=\skip55
\px=\skip56
\py=\skip57
\pyy=\skip58
\pxx=\skip59
\c@AlphaCnt=\count271
\c@AlphaDecCnt=\count272
)
(./sphinx.sty
Package: sphinx 2019/01/12 v1.8.4 LaTeX package (Sphinx markup)

(C:/Users/richm/AppData/Local/Programs/MiKTeX/tex/generic/ltxcmds/ltxcmds.sty
Package: ltxcmds 2020-05-10 v1.25 LaTeX kernel commands for general use (HO)
)
(C:/Users/richm/AppData/Local/Programs/MiKTeX/tex/latex/graphics/graphicx.sty
Package: graphicx 2021/09/16 v1.2d Enhanced LaTeX Graphics (DPC,SPQR)

(C:/Users/richm/AppData/Local/Programs/MiKTeX/tex/latex/graphics/keyval.sty
Package: keyval 2022/05/29 v1.15 key=value parser (DPC)
\KV@toks@=\toks22
)
(C:/Users/richm/AppData/Local/Programs/MiKTeX/tex/latex/graphics/graphics.sty
Package: graphics 2022/03/10 v1.4e Standard LaTeX Graphics (DPC,SPQR)

(C:/Users/richm/AppData/Local/Programs/MiKTeX/tex/latex/graphics/trig.sty
Package: trig 2021/08/11 v1.11 sin cos tan (DPC)
)
(C:/Users/richm/AppData/Local/Programs/MiKTeX/tex/latex/graphics-cfg/graphics.c
fg
File: graphics.cfg 2016/06/04 v1.11 sample graphics configuration
)
Package graphics Info: Driver file: luatex.def on input line 107.

(C:/Users/richm/AppData/Local/Programs/MiKTeX/tex/latex/graphics-def/luatex.def
File: luatex.def 2022/09/22 v1.2d Graphics/color driver for luatex
))
\Gin@req@height=\dimen151
\Gin@req@width=\dimen152
)
(C:/Users/richm/AppData/Local/Programs/MiKTeX/tex/latex/fancyhdr/fancyhdr.sty
Package: fancyhdr 2022/11/09 v4.1 Extensive control of page headers and footers

\f@nch@headwidth=\skip60
\f@nch@O@elh=\skip61
\f@nch@O@erh=\skip62
\f@nch@O@olh=\skip63
\f@nch@O@orh=\skip64
\f@nch@O@elf=\skip65
\f@nch@O@erf=\skip66
\f@nch@O@olf=\skip67
\f@nch@O@orf=\skip68
)
(C:/Users/richm/AppData/Local/Programs/MiKTeX/tex/latex/base/textcomp.sty
Package: textcomp 2020/02/02 v2.0n Standard LaTeX package
)
(C:/Users/richm/AppData/Local/Programs/MiKTeX/tex/latex/titlesec/titlesec.sty
Package: titlesec 2021/07/05 v2.14 Sectioning titles
\ttl@box=\box53
\beforetitleunit=\skip69
\aftertitleunit=\skip70
\ttl@plus=\dimen153
\ttl@minus=\dimen154
\ttl@toksa=\toks23
\titlewidth=\dimen155
\titlewidthlast=\dimen156
\titlewidthfirst=\dimen157
)
(C:/Users/richm/AppData/Local/Programs/MiKTeX/tex/latex/tabulary/tabulary.sty
Package: tabulary 2014/06/11 v0.10 tabulary package (DPC)

(C:/Users/richm/AppData/Local/Programs/MiKTeX/tex/latex/tools/array.sty
Package: array 2022/09/04 v2.5g Tabular extension package (FMi)
\col@sep=\dimen158
\ar@mcellbox=\box54
\extrarowheight=\dimen159
\NC@list=\toks24
\extratabsurround=\skip71
\backup@length=\skip72
\ar@cellbox=\box55
)
\TY@count=\count273
\TY@linewidth=\dimen160
\tymin=\dimen161
\tymax=\dimen162
\TY@tablewidth=\dimen163
)
(C:/Users/richm/AppData/Local/Programs/MiKTeX/tex/latex/tools/longtable.sty
Package: longtable 2021-09-01 v4.17 Multi-page Table package (DPC)
\LTleft=\skip73
\LTright=\skip74
\LTpre=\skip75
\LTpost=\skip76
\LTchunksize=\count274
\LTcapwidth=\dimen164
\LT@head=\box56
\LT@firsthead=\box57
\LT@foot=\box58
\LT@lastfoot=\box59
\LT@gbox=\box60
\LT@cols=\count275
\LT@rows=\count276
\c@LT@tables=\count277
\c@LT@chunks=\count278
\LT@p@ftn=\toks25
)
(C:/Users/richm/AppData/Local/Programs/MiKTeX/tex/latex/varwidth/varwidth.sty
Package: varwidth 2009/03/30 ver 0.92;  Variable-width minipages
\@vwid@box=\box61
\sift@deathcycles=\count279
\@vwid@loff=\dimen165
\@vwid@roff=\dimen166
)
(./sphinxmulticell.sty
Package: sphinxmulticell 2017/02/23 v1.6 better span rows and columns of a tabl
e (Sphinx team)
\sphinx@TY@tablewidth=\dimen167
)
(C:/Users/richm/AppData/Local/Programs/MiKTeX/tex/latex/base/makeidx.sty
Package: makeidx 2021/10/04 v1.0m Standard LaTeX package
)
(C:/Users/richm/AppData/Local/Programs/MiKTeX/tex/latex/framed/framed.sty
Package: framed 2011/10/22 v 0.96: framed or shaded text with page breaks
\OuterFrameSep=\skip77
\fb@frw=\dimen168
\fb@frh=\dimen169
\FrameRule=\dimen170
\FrameSep=\dimen171
)
(C:/Users/richm/AppData/Local/Programs/MiKTeX/tex/latex/xcolor/xcolor.sty
Package: xcolor 2022/06/12 v2.14 LaTeX color extensions (UK)

(C:/Users/richm/AppData/Local/Programs/MiKTeX/tex/latex/graphics-cfg/color.cfg
File: color.cfg 2016/01/02 v1.6 sample color configuration
)
Package xcolor Info: Driver file: luatex.def on input line 227.
(C:/Users/richm/AppData/Local/Programs/MiKTeX/tex/latex/graphics/mathcolor.ltx)
Package xcolor Info: Model `cmy' substituted by `cmy0' on input line 1353.
Package xcolor Info: Model `hsb' substituted by `rgb' on input line 1357.
Package xcolor Info: Model `RGB' extended on input line 1369.
Package xcolor Info: Model `HTML' substituted by `rgb' on input line 1371.
Package xcolor Info: Model `Hsb' substituted by `hsb' on input line 1372.
Package xcolor Info: Model `tHsb' substituted by `hsb' on input line 1373.
Package xcolor Info: Model `HSB' substituted by `hsb' on input line 1374.
Package xcolor Info: Model `Gray' substituted by `gray' on input line 1375.
Package xcolor Info: Model `wave' substituted by `hsb' on input line 1376.
) (C:/Users/richm/AppData/Local/Programs/MiKTeX/tex/latex/fancyvrb/fancyvrb.sty
Package: fancyvrb 2023/01/19 4.5a verbatim text (tvz,hv)
\FV@CodeLineNo=\count280
\FV@InFile=\read3
\FV@TabBox=\box62
\c@FancyVerbLine=\count281
\FV@StepNumber=\count282
\FV@OutFile=\write3
) (./footnotehyper-sphinx.sty
Package: footnotehyper-sphinx 2017/10/27 v1.7 hyperref aware footnote.sty for s
phinx (JFB)
\FNH@notes=\box63
\FNH@width=\dimen172
)
(C:/Users/richm/AppData/Local/Programs/MiKTeX/tex/latex/float/float.sty
Package: float 2001/11/08 v1.3d Float enhancements (AL)
\c@float@type=\count283
\float@exts=\toks26
\float@box=\box64
\@float@everytoks=\toks27
\@floatcapt=\box65
)
(C:/Users/richm/AppData/Local/Programs/MiKTeX/tex/latex/wrapfig/wrapfig.sty
\wrapoverhang=\dimen173
\WF@size=\dimen174
\c@WF@wrappedlines=\count284
\WF@box=\box66
\WF@everypar=\toks28
Package: wrapfig 2003/01/31  v 3.6
)
(C:/Users/richm/AppData/Local/Programs/MiKTeX/tex/latex/parskip/parskip.sty
Rollback for package 'parskip' requested -> version 'v1'.
         This corresponds to the release introduced on 2001-04-09.

(C:/Users/richm/AppData/Local/Programs/MiKTeX/tex/latex/parskip/parskip-2001-04
-09.sty
Package: parskip 2001/04/09 non-zero parskip adjustments
))
(C:/Users/richm/AppData/Local/Programs/MiKTeX/tex/latex/base/alltt.sty
Package: alltt 2021/01/29 v2.0g defines alltt environment
)
(C:/Users/richm/AppData/Local/Programs/MiKTeX/tex/latex/upquote/upquote.sty
Package: upquote 2012/04/19 v1.3 upright-quote and grave-accent glyphs in verba
tim
)
(C:/Users/richm/AppData/Local/Programs/MiKTeX/tex/latex/capt-of/capt-of.sty
Package: capt-of 2009/12/29 v0.2 standard captions outside of floats
)
(C:/Users/richm/AppData/Local/Programs/MiKTeX/tex/latex/needspace/needspace.sty
Package: needspace 2010/09/12 v1.3d reserve vertical space
) (./sphinxhighlight.sty
Package: sphinxhighlight 2016/05/29 stylesheet for highlighting with pygments
)
(C:/Users/richm/AppData/Local/Programs/MiKTeX/tex/latex/kvoptions/kvoptions.sty
Package: kvoptions 2022-06-15 v3.15 Key value format for package options (HO)

(C:/Users/richm/AppData/Local/Programs/MiKTeX/tex/latex/kvsetkeys/kvsetkeys.sty
Package: kvsetkeys 2022-10-05 v1.19 Key value parser (HO)
))
\sphinxverbatimsep=\dimen175
\sphinxverbatimborder=\dimen176
\sphinxshadowsep=\dimen177
\sphinxshadowsize=\dimen178
\sphinxshadowrule=\dimen179
\spx@notice@border=\dimen180
\spx@image@box=\box67
\spx@image@maxheight=\dimen181
\c@literalblock=\count285
\sphinxcontinuationbox=\box68
\sphinxvisiblespacebox=\box69
\sphinxVerbatim@TitleBox=\box70
\py@argswidth=\skip78
\lineblockindentation=\skip79
\DUlineblockindent=\skip80
)
(C:/Users/richm/AppData/Local/Programs/MiKTeX/tex/latex/geometry/geometry.sty
Package: geometry 2020/01/02 v5.9 Page Geometry

(C:/Users/richm/AppData/Local/Programs/MiKTeX/tex/generic/iftex/ifvtex.sty
Package: ifvtex 2019/10/25 v1.7 ifvtex legacy package. Use iftex instead.

(C:/Users/richm/AppData/Local/Programs/MiKTeX/tex/generic/iftex/iftex.sty
Package: iftex 2022/02/03 v1.0f TeX engine tests
))
\Gm@cnth=\count286
\Gm@cntv=\count287
\c@Gm@tempcnt=\count288
\Gm@bindingoffset=\dimen182
\Gm@wd@mp=\dimen183
\Gm@odd@mp=\dimen184
\Gm@even@mp=\dimen185
\Gm@layoutwidth=\dimen186
\Gm@layoutheight=\dimen187
\Gm@layouthoffset=\dimen188
\Gm@layoutvoffset=\dimen189
\Gm@dimlist=\toks29

(C:/Users/richm/AppData/Local/Programs/MiKTeX/tex/latex/geometry/geometry.cfg)) (C:/Users/richm/AppData/Local/Programs/MiKTeX/tex/latex/hyperref/hyperref.sty
Package: hyperref 2023-07-08 v7.01b Hypertext links for LaTeX

(C:/Users/richm/AppData/Local/Programs/MiKTeX/tex/generic/pdftexcmds/pdftexcmds
.sty
Package: pdftexcmds 2020-06-27 v0.33 Utility functions of pdfTeX for LuaTeX (HO
)

(C:/Users/richm/AppData/Local/Programs/MiKTeX/tex/generic/infwarerr/infwarerr.s
ty
Package: infwarerr 2019/12/03 v1.5 Providing info/warning/error messages (HO)
)
Package pdftexcmds Info: \pdf@primitive is available.
Package pdftexcmds Info: \pdf@ifprimitive is available.
Package pdftexcmds Info: \pdfdraftmode found.
\pdftexcmds@toks=\toks30
)
(C:/Users/richm/AppData/Local/Programs/MiKTeX/tex/generic/kvdefinekeys/kvdefine
keys.sty
Package: kvdefinekeys 2019-12-19 v1.6 Define keys (HO)
)
(C:/Users/richm/AppData/Local/Programs/MiKTeX/tex/generic/pdfescape/pdfescape.s
ty
Package: pdfescape 2019/12/09 v1.15 Implements pdfTeX's escape features (HO)
) (C:/Users/richm/AppData/Local/Programs/MiKTeX/tex/latex/hycolor/hycolor.sty
Package: hycolor 2020-01-27 v1.10 Color options for hyperref/bookmark (HO)
)
(C:/Users/richm/AppData/Local/Programs/MiKTeX/tex/latex/letltxmacro/letltxmacro
.sty
Package: letltxmacro 2019/12/03 v1.6 Let assignment for LaTeX macros (HO)
)
(C:/Users/richm/AppData/Local/Programs/MiKTeX/tex/latex/auxhook/auxhook.sty
Package: auxhook 2019-12-17 v1.6 Hooks for auxiliary files (HO)
)
(C:/Users/richm/AppData/Local/Programs/MiKTeX/tex/latex/hyperref/nameref.sty
Package: nameref 2023-08-07 v2.53 Cross-referencing by name of section

(C:/Users/richm/AppData/Local/Programs/MiKTeX/tex/latex/refcount/refcount.sty
Package: refcount 2019/12/15 v3.6 Data extraction from label references (HO)
)
(C:/Users/richm/AppData/Local/Programs/MiKTeX/tex/generic/gettitlestring/gettit
lestring.sty
Package: gettitlestring 2019/12/15 v1.6 Cleanup title references (HO)
)
\c@section@level=\count289
)
(C:/Users/richm/AppData/Local/Programs/MiKTeX/tex/latex/etoolbox/etoolbox.sty
Package: etoolbox 2020/10/05 v2.5k e-TeX tools for LaTeX (JAW)
\etb@tempcnta=\count290
)
\@linkdim=\dimen190
\Hy@linkcounter=\count291
\Hy@pagecounter=\count292

(C:/Users/richm/AppData/Local/Programs/MiKTeX/tex/latex/hyperref/pd1enc.def
File: pd1enc.def 2023-07-08 v7.01b Hyperref: PDFDocEncoding definition (HO)
)
(C:/Users/richm/AppData/Local/Programs/MiKTeX/tex/generic/intcalc/intcalc.sty
Package: intcalc 2019/12/15 v1.3 Expandable calculations with integers (HO)
)
\Hy@SavedSpaceFactor=\count293

(C:/Users/richm/AppData/Local/Programs/MiKTeX/tex/latex/hyperref/puenc.def
File: puenc.def 2023-07-08 v7.01b Hyperref: PDF Unicode definition (HO)
)
Package hyperref Info: Option `unicode' set `true' on input line 4050.
Package hyperref Info: Option `colorlinks' set `true' on input line 4050.
Package hyperref Info: Option `breaklinks' set `true' on input line 4050.
Package hyperref Info: Hyper figures OFF on input line 4167.
Package hyperref Info: Link nesting OFF on input line 4172.
Package hyperref Info: Hyper index ON on input line 4175.
Package hyperref Info: Plain pages OFF on input line 4182.
Package hyperref Info: Backreferencing OFF on input line 4187.
Package hyperref Info: Implicit mode ON; LaTeX internals redefined.
Package hyperref Info: Bookmarks ON on input line 4434.
\c@Hy@tempcnt=\count294

(C:/Users/richm/AppData/Local/Programs/MiKTeX/tex/latex/url/url.sty
\Urlmuskip=\muskip17
Package: url 2013/09/16  ver 3.4  Verb mode for urls, etc.
)
LaTeX Info: Redefining \url on input line 4772.
\XeTeXLinkMargin=\dimen191

(C:/Users/richm/AppData/Local/Programs/MiKTeX/tex/generic/bitset/bitset.sty
Package: bitset 2019/12/09 v1.3 Handle bit-vector datatype (HO)

(C:/Users/richm/AppData/Local/Programs/MiKTeX/tex/generic/bigintcalc/bigintcalc
.sty
Package: bigintcalc 2019/12/15 v1.5 Expandable calculations on big integers (HO
)
))
\Fld@menulength=\count295
\Field@Width=\dimen192
\Fld@charsize=\dimen193
Package hyperref Info: Hyper figures OFF on input line 6051.
Package hyperref Info: Link nesting OFF on input line 6056.
Package hyperref Info: Hyper index ON on input line 6059.
Package hyperref Info: backreferencing OFF on input line 6066.
Package hyperref Info: Link coloring ON on input line 6069.
Package hyperref Info: Link coloring with OCG OFF on input line 6076.
Package hyperref Info: PDF/A mode OFF on input line 6081.

(C:/Users/richm/AppData/Local/Programs/MiKTeX/tex/latex/base/atbegshi-ltx.sty
Package: atbegshi-ltx 2021/01/10 v1.0c Emulation of the original atbegshi
package with kernel methods
)
\Hy@abspage=\count296
\c@Item=\count297
\c@Hfootnote=\count298
)
Package hyperref Info: Driver (autodetected): hluatex.
(C:/Users/richm/AppData/Local/Programs/MiKTeX/tex/latex/hyperref/hluatex.def
File: hluatex.def 2023-07-08 v7.01b Hyperref driver for luaTeX

(C:/Users/richm/AppData/Local/Programs/MiKTeX/tex/generic/stringenc/stringenc.s
ty
Package: stringenc 2019/11/29 v1.12 Convert strings between diff. encodings (HO
)
)
(C:/Users/richm/AppData/Local/Programs/MiKTeX/tex/latex/base/atveryend-ltx.sty
Package: atveryend-ltx 2020/08/19 v1.0a Emulation of the original atveryend pac
kage
with kernel methods
)
\Fld@listcount=\count299
\c@bookmark@seq@number=\count300

(C:/Users/richm/AppData/Local/Programs/MiKTeX/tex/latex/rerunfilecheck/rerunfil
echeck.sty
Package: rerunfilecheck 2022-07-10 v1.10 Rerun checks for auxiliary files (HO)

(C:/Users/richm/AppData/Local/Programs/MiKTeX/tex/generic/uniquecounter/uniquec
ounter.sty
Package: uniquecounter 2019/12/15 v1.4 Provide unlimited unique counter (HO)
)
Package uniquecounter Info: New unique counter `rerunfilecheck' on input line 2
85.
)
\Hy@SectionHShift=\skip81
)
(C:/Users/richm/AppData/Local/Programs/MiKTeX/tex/latex/oberdiek/hypcap.sty
Package: hypcap 2016/05/16 v1.12 Adjusting the anchors of captions (HO)
)
(C:/Users/richm/AppData/Local/Programs/MiKTeX/tex/latex/fontspec/fontspec.sty
(C:/Users/richm/AppData/Local/Programs/MiKTeX/tex/latex/l3packages/xparse/xpars
e.sty
(C:/Users/richm/AppData/Local/Programs/MiKTeX/tex/latex/l3kernel/expl3.sty
Package: expl3 2023-08-29 L3 programming layer (loader) 

(C:/Users/richm/AppData/Local/Programs/MiKTeX/tex/latex/l3backend/l3backend-lua
tex.def
File: l3backend-luatex.def 2023-04-19 L3 backend support: PDF output (LuaTeX)
\l__color_backend_stack_int=\count301
Inserting `l3color' in `luaotfload.parse_color'.
\l__pdf_internal_box=\box71
))
Package: xparse 2023-08-29 L3 Experimental document command parser
)
Package: fontspec 2022/01/15 v2.8a Font selection for XeLaTeX and LuaLaTeX
Lua module: fontspec 2022/01/15 2.8a Font selection for XeLaTeX and LuaLaTeX
(C:/Users/richm/AppData/Local/Programs/MiKTeX/tex/latex/fontspec/fontspec-luate
x.sty
Package: fontspec-luatex 2022/01/15 v2.8a Font selection for XeLaTeX and LuaLaT
eX
\l__fontspec_script_int=\count302
\l__fontspec_language_int=\count303
\l__fontspec_strnum_int=\count304
\l__fontspec_tmp_int=\count305
\l__fontspec_tmpa_int=\count306
\l__fontspec_tmpb_int=\count307
\l__fontspec_tmpc_int=\count308
\l__fontspec_em_int=\count309
\l__fontspec_emdef_int=\count310
\l__fontspec_strong_int=\count311
\l__fontspec_strongdef_int=\count312
\l__fontspec_tmpa_dim=\dimen194
\l__fontspec_tmpb_dim=\dimen195
\l__fontspec_tmpc_dim=\dimen196
 (C:/Users/richm/AppData/Local/Programs/MiKTeX/tex/latex/base/fontenc.sty
Package: fontenc 2021/04/29 v2.0v Standard LaTeX package
) (C:/Users/richm/AppData/Local/Programs/MiKTeX/tex/latex/fontspec/fontspec.cfg
)))
luaotfload | cache : Lookup cache loaded from C:/Users/richm/AppData/Local/MiKTe
X/luatex-cache/generic/names/luaotfload-lookup-cache.luc.
luaotfload | aux : font no 23 (nil) does not define feature smcp for script latn
 with language dflt
luaotfload | aux : font no 24 (nil) does not define feature smcp for script latn
 with language dflt
luaotfload | aux : font no 25 (nil) does not define feature smcp for script latn
 with language dflt
luaotfload | aux : font no 26 (nil) does not define feature smcp for script latn
 with language dflt

Package fontspec Info: Font family 'CourierNew(0)' created for font 'Courier
(fontspec)             New' with options
(fontspec)             [WordSpace={1,0,0},HyphenChar=None,PunctuationSpace=Word
Space].
(fontspec)              
(fontspec)              This font family consists of the following NFSS
(fontspec)             series/shapes:
(fontspec)              
(fontspec)             - 'normal' (m/n) with NFSS spec.:
(fontspec)             <->"CourierNew:mode=node;script=latn;language=dflt;"
(fontspec)             - 'small caps'  (m/sc) with NFSS spec.: 
(fontspec)             and font adjustment code:
(fontspec)             \fontdimen 2\font =1\fontdimen 2\font \fontdimen 3\font
(fontspec)             =0\fontdimen 3\font \fontdimen 4\font =0\fontdimen
(fontspec)             4\font \fontdimen 7\font =0\fontdimen 2\font
(fontspec)             \tex_hyphenchar:D \font =-1\scan_stop: 
(fontspec)             - 'bold' (b/n) with NFSS spec.:
(fontspec)             <->"CourierNew/B:mode=node;script=latn;language=dflt;"
(fontspec)             - 'bold small caps'  (b/sc) with NFSS spec.: 
(fontspec)             and font adjustment code:
(fontspec)             \fontdimen 2\font =1\fontdimen 2\font \fontdimen 3\font
(fontspec)             =0\fontdimen 3\font \fontdimen 4\font =0\fontdimen
(fontspec)             4\font \fontdimen 7\font =0\fontdimen 2\font
(fontspec)             \tex_hyphenchar:D \font =-1\scan_stop: 
(fontspec)             - 'italic' (m/it) with NFSS spec.:
(fontspec)             <->"CourierNew/I:mode=node;script=latn;language=dflt;"
(fontspec)             - 'italic small caps'  (m/scit) with NFSS spec.: 
(fontspec)             and font adjustment code:
(fontspec)             \fontdimen 2\font =1\fontdimen 2\font \fontdimen 3\font
(fontspec)             =0\fontdimen 3\font \fontdimen 4\font =0\fontdimen
(fontspec)             4\font \fontdimen 7\font =0\fontdimen 2\font
(fontspec)             \tex_hyphenchar:D \font =-1\scan_stop: 
(fontspec)             - 'bold italic' (b/it) with NFSS spec.:
(fontspec)             <->"CourierNew/BI:mode=node;script=latn;language=dflt;"
(fontspec)             - 'bold italic small caps'  (b/scit) with NFSS spec.: 
(fontspec)             and font adjustment code:
(fontspec)             \fontdimen 2\font =1\fontdimen 2\font \fontdimen 3\font
(fontspec)             =0\fontdimen 3\font \fontdimen 4\font =0\fontdimen
(fontspec)             4\font \fontdimen 7\font =0\fontdimen 2\font
(fontspec)             \tex_hyphenchar:D \font =-1\scan_stop: 

\@indexfile=\write4

\openout4 = Virtel_Connectivity_Guide.idx

Writing index file Virtel_Connectivity_Guide.idx
No file Virtel_Connectivity_Guide.aux.

\openout1 = Virtel_Connectivity_Guide.aux
LaTeX Font Info:    Checking defaults for OML/cmm/m/it on input line 65.
LaTeX Font Info:    ... okay on input line 65.
LaTeX Font Info:    Checking defaults for OMS/cmsy/m/n on input line 65.
LaTeX Font Info:    ... okay on input line 65.
LaTeX Font Info:    Checking defaults for OT1/cmr/m/n on input line 65.
LaTeX Font Info:    ... okay on input line 65.
LaTeX Font Info:    Checking defaults for T1/cmr/m/n on input line 65.
LaTeX Font Info:    ... okay on input line 65.
LaTeX Font Info:    Checking defaults for TS1/cmr/m/n on input line 65.
LaTeX Font Info:    Trying to load font information for TS1+cmr on input line 6
5.
(C:/Users/richm/AppData/Local/Programs/MiKTeX/tex/latex/base/ts1cmr.fd
File: ts1cmr.fd 2023/04/13 v2.5m Standard LaTeX font definitions
)
LaTeX Font Info:    ... okay on input line 65.
LaTeX Font Info:    Checking defaults for TU/lmr/m/n on input line 65.
LaTeX Font Info:    ... okay on input line 65.
LaTeX Font Info:    Checking defaults for OMX/cmex/m/n on input line 65.
LaTeX Font Info:    ... okay on input line 65.
LaTeX Font Info:    Checking defaults for U/cmr/m/n on input line 65.
LaTeX Font Info:    ... okay on input line 65.
LaTeX Font Info:    Checking defaults for PD1/pdf/m/n on input line 65.
LaTeX Font Info:    ... okay on input line 65.
LaTeX Font Info:    Checking defaults for PU/pdf/m/n on input line 65.
LaTeX Font Info:    ... okay on input line 65.

(C:/Users/richm/AppData/Local/Programs/MiKTeX/tex/context/base/mkii/supp-pdf.mk
ii
[Loading MPS to PDF converter (version 2006.09.02).]
\scratchcounter=\count313
\scratchdimen=\dimen197
\scratchbox=\box72
\nofMPsegments=\count314
\nofMParguments=\count315
\everyMPshowfont=\toks31
\MPscratchCnt=\count316
\MPscratchDim=\dimen198
\MPnumerator=\count317
\makeMPintoPDFobject=\count318
\everyMPtoPDFconversion=\toks32
)
(C:/Users/richm/AppData/Local/Programs/MiKTeX/tex/latex/epstopdf-pkg/epstopdf-b
ase.sty
Package: epstopdf-base 2020-01-24 v2.11 Base part for package epstopdf

(C:/Users/richm/AppData/Local/Programs/MiKTeX/tex/latex/grfext/grfext.sty
Package: grfext 2019/12/03 v1.3 Manage graphics extensions (HO)
)
Package epstopdf-base Info: Redefining graphics rule for `.eps' on input line 4
85.
Package grfext Info: Graphics extension search list:
(grfext)             [.pdf,.png,.jpg,.mps,.jpeg,.jbig2,.jb2,.PDF,.PNG,.JPG,.JPE
G,.JBIG2,.JB2,.eps]
(grfext)             \AppendGraphicsExtensions on input line 504.

(C:/Users/richm/AppData/Local/Programs/MiKTeX/tex/latex/00miktex/epstopdf-sys.c
fg
File: epstopdf-sys.cfg 2021/03/18 v2.0 Configuration of epstopdf for MiKTeX
))
*geometry* driver: auto-detecting
*geometry* detected driver: luatex
*geometry* verbose mode - [ preamble ] result:
* driver: luatex
* paper: letterpaper
* layout: <same size as paper>
* layoutoffset:(h,v)=(0.0pt,0.0pt)
* modes: twoside 
* h-part:(L,W,R)=(72.26999pt, 469.75502pt, 72.26999pt)
* v-part:(T,H,B)=(72.26999pt, 650.43001pt, 72.26999pt)
* \paperwidth=614.295pt
* \paperheight=794.96999pt
* \textwidth=469.75502pt
* \textheight=650.43001pt
* \oddsidemargin=0.0pt
* \evensidemargin=0.0pt
* \topmargin=-37.0pt
* \headheight=12.0pt
* \headsep=25.0pt
* \topskip=10.0pt
* \footskip=30.0pt
* \marginparwidth=36.135pt
* \marginparsep=11.0pt
* \columnsep=10.0pt
* \skip\footins=9.0pt plus 4.0pt minus 2.0pt
* \hoffset=0.0pt
* \voffset=0.0pt
* \mag=1000
* \@twocolumnfalse
* \@twosidetrue
* \@mparswitchtrue
* \@reversemarginfalse
* (1in=72.27pt=25.4mm, 1cm=28.453pt)

Package hyperref Info: Link coloring ON on input line 65.
\@outlinefile=\write5

\openout5 = Virtel_Connectivity_Guide.out

Package fontspec Info: Adjusting the maths setup (use [no-math] to avoid
(fontspec)             this).

\symlegacymaths=\mathgroup6
LaTeX Font Info:    Overwriting symbol font `legacymaths' in version `bold'
(Font)                  OT1/cmr/m/n --> OT1/cmr/bx/n on input line 65.
LaTeX Font Info:    Redeclaring math accent \acute on input line 65.
LaTeX Font Info:    Redeclaring math accent \grave on input line 65.
LaTeX Font Info:    Redeclaring math accent \ddot on input line 65.
LaTeX Font Info:    Redeclaring math accent \tilde on input line 65.
LaTeX Font Info:    Redeclaring math accent \bar on input line 65.
LaTeX Font Info:    Redeclaring math accent \breve on input line 65.
LaTeX Font Info:    Redeclaring math accent \check on input line 65.
LaTeX Font Info:    Redeclaring math accent \hat on input line 65.
LaTeX Font Info:    Redeclaring math accent \dot on input line 65.
LaTeX Font Info:    Redeclaring math accent \mathring on input line 65.
LaTeX Font Info:    Redeclaring math symbol \Gamma on input line 65.
LaTeX Font Info:    Redeclaring math symbol \Delta on input line 65.
LaTeX Font Info:    Redeclaring math symbol \Theta on input line 65.
LaTeX Font Info:    Redeclaring math symbol \Lambda on input line 65.
LaTeX Font Info:    Redeclaring math symbol \Xi on input line 65.
LaTeX Font Info:    Redeclaring math symbol \Pi on input line 65.
LaTeX Font Info:    Redeclaring math symbol \Sigma on input line 65.
LaTeX Font Info:    Redeclaring math symbol \Upsilon on input line 65.
LaTeX Font Info:    Redeclaring math symbol \Phi on input line 65.
LaTeX Font Info:    Redeclaring math symbol \Psi on input line 65.
LaTeX Font Info:    Redeclaring math symbol \Omega on input line 65.
LaTeX Font Info:    Redeclaring math symbol \mathdollar on input line 65.
LaTeX Font Info:    Redeclaring symbol font `operators' on input line 65.
LaTeX Font Info:    Encoding `OT1' has changed to `TU' for symbol font
(Font)              `operators' in the math version `normal' on input line 65.
LaTeX Font Info:    Overwriting symbol font `operators' in version `normal'
(Font)                  OT1/cmr/m/n --> TU/lmr/m/n on input line 65.
LaTeX Font Info:    Encoding `OT1' has changed to `TU' for symbol font
(Font)              `operators' in the math version `bold' on input line 65.
LaTeX Font Info:    Overwriting symbol font `operators' in version `bold'
(Font)                  OT1/cmr/bx/n --> TU/lmr/m/n on input line 65.
LaTeX Font Info:    Overwriting symbol font `operators' in version `normal'
(Font)                  TU/lmr/m/n --> TU/lmr/m/n on input line 65.
LaTeX Font Info:    Overwriting math alphabet `\mathit' in version `normal'
(Font)                  OT1/cmr/m/it --> TU/lmr/m/it on input line 65.
LaTeX Font Info:    Overwriting math alphabet `\mathbf' in version `normal'
(Font)                  OT1/cmr/bx/n --> TU/lmr/b/n on input line 65.
LaTeX Font Info:    Overwriting math alphabet `\mathsf' in version `normal'
(Font)                  OT1/cmss/m/n --> TU/lmss/m/n on input line 65.
LaTeX Font Info:    Overwriting math alphabet `\mathtt' in version `normal'
(Font)                  OT1/cmtt/m/n --> TU/CourierNew(0)/m/n on input line 65.

LaTeX Font Info:    Overwriting symbol font `operators' in version `bold'
(Font)                  TU/lmr/m/n --> TU/lmr/b/n on input line 65.
LaTeX Font Info:    Overwriting math alphabet `\mathit' in version `bold'
(Font)                  OT1/cmr/bx/it --> TU/lmr/b/it on input line 65.
LaTeX Font Info:    Overwriting math alphabet `\mathsf' in version `bold'
(Font)                  OT1/cmss/bx/n --> TU/lmss/b/n on input line 65.
LaTeX Font Info:    Overwriting math alphabet `\mathtt' in version `bold'
(Font)                  OT1/cmtt/m/n --> TU/CourierNew(0)/b/n on input line 65.

Package hyperref Info: Option `pageanchor' set `false' on input line 68.
LaTeX Font Info:    Font shape `TU/lmss/bx/it' in size <10> not available
(Font)              Font shape `TU/lmss/bx/sl' tried instead on input line 68.
LaTeX Font Info:    Font shape `TU/lmss/bx/it' in size <17.28> not available
(Font)              Font shape `TU/lmss/bx/sl' tried instead on input line 68.
<<oml.cmap>><<oms.cmap>><<omx.cmap>>
LaTeX Font Info:    Trying to load font information for U+msa on input line 68.


(C:/Users/richm/AppData/Local/Programs/MiKTeX/tex/latex/amsfonts/umsa.fd
File: umsa.fd 2013/01/14 v3.01 AMS symbols A
)
LaTeX Font Info:    Trying to load font information for U+msb on input line 68.


(C:/Users/richm/AppData/Local/Programs/MiKTeX/tex/latex/amsfonts/umsb.fd
File: umsb.fd 2013/01/14 v3.01 AMS symbols B
)<<ot1.cmap>> [1

{C:/Users/richm/AppData/Local/MiKTeX/fonts/map/pdftex/pdftex.map}]
[2


]
No file Virtel_Connectivity_Guide.toc.
\tf@toc=\write6

\openout6 = Virtel_Connectivity_Guide.toc
[1

] [2

]
<logo_virtel_web.png, id=25, 559.83803pt x 207.64902pt>
File: logo_virtel_web.png Graphic file (type png)
<use logo_virtel_web.png>
Package luatex.def Info: logo_virtel_web.png  used on input line 75.
(luatex.def)             Requested size: 279.91832pt x 103.82425pt.
 [1<./logo_virtel_web.png>] [2

]
Chapter 1.
<image76.png, id=40, 963.6pt x 650.43pt>
File: image76.png Graphic file (type png)
<use image76.png>
Package luatex.def Info: image76.png  used on input line 137.
(luatex.def)             Requested size: 469.75502pt x 317.08583pt.
<image77.png, id=41, 963.6pt x 650.43pt>
[3<./image76.png>]
File: image77.png Graphic file (type png)
<use image77.png>
Package luatex.def Info: image77.png  used on input line 141.
(luatex.def)             Requested size: 433.616pt x 292.6908pt.
<image78.png, id=51, 963.6pt x 650.43pt>
File: image78.png Graphic file (type png)
<use image78.png>
Package luatex.def Info: image78.png  used on input line 145.
(luatex.def)             Requested size: 433.616pt x 292.6908pt.
 [4<./image77.png><./image78.png>]
<image79.png, id=56, 1445.4pt x 804.75656pt>
File: image79.png Graphic file (type png)
<use image79.png>
Package luatex.def Info: image79.png  used on input line 167.
(luatex.def)             Requested size: 433.62335pt x 241.42883pt.
<image80.png, id=57, 1445.4pt x 804.75656pt>
File: image80.png Graphic file (type png)
<use image80.png>
Package luatex.def Info: image80.png  used on input line 171.
(luatex.def)             Requested size: 433.62335pt x 241.42883pt.
 [5<./image79.png><./image80.png>]
<image81.png, id=64, 1445.4pt x 804.75656pt>
File: image81.png Graphic file (type png)
<use image81.png>
Package luatex.def Info: image81.png  used on input line 187.
(luatex.def)             Requested size: 433.62335pt x 241.42883pt.
 [6<./image81.png>]
<image69.png, id=71, 883.3pt x 993.7125pt>
File: image69.png Graphic file (type png)
<use image69.png>
Package luatex.def Info: image69.png  used on input line 216.
(luatex.def)             Requested size: 469.75502pt x 528.46948pt.
 [7] [8<./image69.png>] [9]
<image70.png, id=88, 1445.4pt x 804.75656pt>
File: image70.png Graphic file (type png)
<use image70.png>
Package luatex.def Info: image70.png  used on input line 256.
(luatex.def)             Requested size: 469.75502pt x 261.54279pt.
 [10<./image70.png>]
<image71.png, id=94, 1445.4pt x 804.75656pt>
File: image71.png Graphic file (type png)
<use image71.png>
Package luatex.def Info: image71.png  used on input line 285.
(luatex.def)             Requested size: 469.75502pt x 261.54279pt.

[11<./image71.png>]
<image72.png, id=100, 1445.4pt x 804.75656pt>
File: image72.png Graphic file (type png)
<use image72.png>
Package luatex.def Info: image72.png  used on input line 316.
(luatex.def)             Requested size: 469.75502pt x 261.54279pt.
 [12<./image72.png>]
<image73.png, id=106, 1445.4pt x 804.75656pt>
File: image73.png Graphic file (type png)
<use image73.png>
Package luatex.def Info: image73.png  used on input line 339.
(luatex.def)             Requested size: 469.75502pt x 261.54279pt.
<image74.png, id=107, 1445.4pt x 804.75656pt>
File: image74.png Graphic file (type png)
<use image74.png>
Package luatex.def Info: image74.png  used on input line 344.
(luatex.def)             Requested size: 469.75502pt x 261.54279pt.
 [13<./image73.png>] [14<./image74.png>] [15
Missing character: There is no ␣ (U+2423) in font CourierNew:mode=node;script=
latn;language=dflt;!
Missing character: There is no ␣ (U+2423) in font CourierNew:mode=node;script=
latn;language=dflt;!
Missing character: There is no ␣ (U+2423) in font CourierNew:mode=node;script=
latn;language=dflt;!
Missing character: There is no ␣ (U+2423) in font CourierNew:mode=node;script=
latn;language=dflt;!
]
<image75.png, id=123, 1003.75pt x 1043.9pt>
File: image75.png Graphic file (type png)
<use image75.png>
Package luatex.def Info: image75.png  used on input line 405.
(luatex.def)             Requested size: 469.75502pt x 488.54642pt.
 [16<./image75.png>] [17]
Underfull \vbox (badness 10000) detected at line 553
 []


Underfull \vbox (badness 10000) detected at line 553
 []

[18] [19] [20]
<image1.png, id=148, 969.6225pt x 654.94687pt>
File: image1.png Graphic file (type png)
<use image1.png>
Package luatex.def Info: image1.png  used on input line 572.
(luatex.def)             Requested size: 469.43782pt x 290.16626pt.

Underfull \hbox (badness 10000) in paragraph at lines 572--574
[][]
 []

[21<./image1.png>]
<image2.png, id=154, 1437.87187pt x 828.84656pt>
File: image2.png Graphic file (type png)
<use image2.png>
Package luatex.def Info: image2.png  used on input line 585.
(luatex.def)             Requested size: 469.43102pt x 290.16388pt.

Underfull \hbox (badness 10000) in paragraph at lines 585--587
[][]
 []

[22<./image2.png>]
<image3.png, id=160, 1443.14156pt x 826.58812pt>
File: image3.png Graphic file (type png)
<use image3.png>
Package luatex.def Info: image3.png  used on input line 600.
(luatex.def)             Requested size: 469.43384pt x 290.16783pt.

Underfull \hbox (badness 10000) in paragraph at lines 600--602
[][]
 []

[23<./image3.png>]
<image132.png, id=167, 1061.46562pt x 579.66562pt>
File: image132.png Graphic file (type png)
<use image132.png>
Package luatex.def Info: image132.png  used on input line 648.
(luatex.def)             Requested size: 469.75502pt x 256.53076pt.
<image133.png, id=168, 1062.21844pt x 596.2275pt>
File: image133.png Graphic file (type png)
<use image133.png>
Package luatex.def Info: image133.png  used on input line 657.
(luatex.def)             Requested size: 469.75502pt x 263.67827pt.
 [24<./image132.png>]
<image134.png, id=175, 1445.4pt x 780.66656pt>
File: image134.png Graphic file (type png)
<use image134.png>
Package luatex.def Info: image134.png  used on input line 665.
(luatex.def)             Requested size: 469.75502pt x 253.71362pt.
 [25<./image133.png><./image134.png>]
[26

]
Chapter 2.
<image4.png, id=187, 1445.4pt x 804.75656pt>
File: image4.png Graphic file (type png)
<use image4.png>
Package luatex.def Info: image4.png  used on input line 698.
(luatex.def)             Requested size: 469.75502pt x 261.54279pt.
[27] [28<./image4.png>]
<image5.png, id=203, 1444.64719pt x 856.70062pt>
File: image5.png Graphic file (type png)
<use image5.png>
Package luatex.def Info: image5.png  used on input line 744.
(luatex.def)             Requested size: 469.75502pt x 278.56819pt.
 [29<./image5.png>]
Underfull \hbox (badness 7012) in paragraph at lines 795--799
[]\TU/lmr/m/n/10 VIR-TEL opens port ppppp on the in-di-cated IPV4 ad-dress.
 []

[30]

LaTeX Warning: Hyper reference `connectivity_guide:v461cn-forceluname' on page 
31 undefined on input line 853.

[31] [32] [33]
<image57.png, id=228, 1318.9275pt x 736.25063pt>
File: image57.png Graphic file (type png)
<use image57.png>
Package luatex.def Info: image57.png  used on input line 1114.
(luatex.def)             Requested size: 469.75502pt x 262.21898pt.
 [34<./image57.png>]
<image6.png, id=234, 1445.4pt x 804.75656pt>
File: image6.png Graphic file (type png)
<use image6.png>
Package luatex.def Info: image6.png  used on input line 1125.
(luatex.def)             Requested size: 469.75502pt x 261.54279pt.


LaTeX Warning: Hyper reference `connectivity_guide:bookmark13' on page 35 undef
ined on input line 1134.

[35<./image6.png>]

LaTeX Warning: Hyper reference `connectivity_guide:v461cn-httpoutbound' on page
 36 undefined on input line 1167.


LaTeX Warning: Hyper reference `connectivity_guide:v461cn-logicalpool' on page 
36 undefined on input line 1190.

<image7.png, id=240, 1435.61343pt x 830.35219pt>
File: image7.png Graphic file (type png)
<use image7.png>
Package luatex.def Info: image7.png  used on input line 1199.
(luatex.def)             Requested size: 469.75502pt x 271.69843pt.
[36]
<image8.png, id=246, 1442.38875pt x 848.4197pt>
File: image8.png Graphic file (type png)
<use image8.png>
Package luatex.def Info: image8.png  used on input line 1202.
(luatex.def)             Requested size: 469.75502pt x 276.30275pt.
<image9.png, id=247, 1445.4pt x 859.71187pt>
File: image9.png Graphic file (type png)
<use image9.png>
Package luatex.def Info: image9.png  used on input line 1205.
(luatex.def)             Requested size: 469.75502pt x 279.40305pt.
 [37<./image7.png><./image8.png>]
<image10.png, id=253, 1445.4pt x 829.59938pt>
File: image10.png Graphic file (type png)
<use image10.png>
Package luatex.def Info: image10.png  used on input line 1208.
(luatex.def)             Requested size: 469.75502pt x 269.61661pt.
<image11.png, id=254, 1445.4pt x 858.95906pt>
File: image11.png Graphic file (type png)
<use image11.png>
Package luatex.def Info: image11.png  used on input line 1211.
(luatex.def)             Requested size: 469.75502pt x 279.15839pt.
 [38<./image9.png><./image10.png>]
[39<./image11.png>]
<image15.png, id=265, 1327.96124pt x 774.64406pt>
File: image15.png Graphic file (type png)
<use image15.png>
Package luatex.def Info: image15.png  used on input line 1287.
(luatex.def)             Requested size: 469.75502pt x 274.0254pt.
 [40] [41<./image15.png>]
<image16.png, id=277, 968.86969pt x 654.94687pt>
File: image16.png Graphic file (type png)
<use image16.png>
Package luatex.def Info: image16.png  used on input line 1336.
(luatex.def)             Requested size: 469.75502pt x 317.54892pt.


LaTeX Warning: Hyper reference `connectivity_guide:bookmark13' on page 42 undef
ined on input line 1347.

[42<./image16.png>]
<image17.png, id=283, 1320.43312pt x 743.02594pt>
File: image17.png Graphic file (type png)
<use image17.png>
Package luatex.def Info: image17.png  used on input line 1398.
(luatex.def)             Requested size: 469.75502pt x 264.33727pt.
 [43<./image17.png>] [44]
<image18.png, id=295, 1321.18594pt x 738.50906pt>
File: image18.png Graphic file (type png)
<use image18.png>
Package luatex.def Info: image18.png  used on input line 1475.
(luatex.def)             Requested size: 469.75502pt x 262.58386pt.
 [45<./image18.png>]
<image19.png, id=302, 1327.20844pt x 737.75626pt>
File: image19.png Graphic file (type png)
<use image19.png>
Package luatex.def Info: image19.png  used on input line 1516.
(luatex.def)             Requested size: 469.75502pt x 261.12292pt.
<image20.png, id=303, 1326.45563pt x 737.00343pt>
File: image20.png Graphic file (type png)
<use image20.png>
Package luatex.def Info: image20.png  used on input line 1548.
(luatex.def)             Requested size: 469.75502pt x 261.00266pt.
 [46<./image19.png>]
<image21.png, id=310, 1327.96124pt x 740.0147pt>
File: image21.png Graphic file (type png)
<use image21.png>
Package luatex.def Info: image21.png  used on input line 1573.
(luatex.def)             Requested size: 469.75502pt x 261.77548pt.
 [47<./image20.png>]
Overfull \vbox (1.12837pt too high) detected at line 1624
 []

[48<./image21.png>] [49]
<image24.png, id=328, 967.36406pt x 651.93562pt>
File: image24.png Graphic file (type png)
<use image24.png>
Package luatex.def Info: image24.png  used on input line 1750.
(luatex.def)             Requested size: 469.75502pt x 316.5863pt.
 [50<./image24.png>]
<image25.png, id=335, 964.35281pt x 651.93562pt>
File: image25.png Graphic file (type png)
<use image25.png>
Package luatex.def Info: image25.png  used on input line 1805.
(luatex.def)             Requested size: 469.75502pt x 317.57112pt.
 [51<./image25.png>] [52]
<image26.png, id=346, 1325.70282pt x 740.0147pt>
File: image26.png Graphic file (type png)
<use image26.png>
Package luatex.def Info: image26.png  used on input line 1842.
(luatex.def)             Requested size: 469.75502pt x 262.21587pt.
 [53<./image26.png>]
<image27.png, id=353, 1318.9275pt x 745.28438pt>
File: image27.png Graphic file (type png)
<use image27.png>
Package luatex.def Info: image27.png  used on input line 1906.
(luatex.def)             Requested size: 469.75502pt x 265.4364pt.
 [54<./image27.png>]
<image28.png, id=359, 1327.20844pt x 740.0147pt>
File: image28.png Graphic file (type png)
<use image28.png>
Package luatex.def Info: image28.png  used on input line 1926.
(luatex.def)             Requested size: 469.75502pt x 261.92229pt.


LaTeX Warning: Hyper reference `connectivity_guide:bookmark13' on page 55 undef
ined on input line 1936.

[55<./image28.png>]
<image29.png, id=366, 1324.95pt x 739.26187pt>
File: image29.png Graphic file (type png)
<use image29.png>
Package luatex.def Info: image29.png  used on input line 1968.
(luatex.def)             Requested size: 469.75502pt x 262.09575pt.
<image30.png, id=367, 1324.95pt x 739.26187pt>
 [56<./image29.png>]
File: image30.png Graphic file (type png)
<use image30.png>
Package luatex.def Info: image30.png  used on input line 2006.
(luatex.def)             Requested size: 469.75502pt x 262.09575pt.
 [57<./image30.png>]
Overfull \hbox (8.16pt too wide) in paragraph at lines 2104--2104
[]\TU/lmss/m/n/10 Bytes 
 []


Overfull \hbox (8.16pt too wide) detected at line 2104
[]\TU/lmss/m/n/10 Bytes 
 []


Overfull \hbox (10.8886pt too wide) in paragraph at lines 2104--2104
[]\TU/lmss/m/n/10 Length 
 []


Overfull \hbox (10.8886pt too wide) detected at line 2104
[]\TU/lmss/m/n/10 Length 
 []


Overfull \hbox (8.16pt too wide) in paragraph at lines 2162--2162
[]\TU/lmss/m/n/10 Bytes 
 []


Overfull \hbox (8.16pt too wide) detected at line 2162
[]\TU/lmss/m/n/10 Bytes 
 []


Overfull \hbox (10.8886pt too wide) in paragraph at lines 2162--2162
[]\TU/lmss/m/n/10 Length 
 []


Overfull \hbox (10.8886pt too wide) detected at line 2162
[]\TU/lmss/m/n/10 Length 
 []

[58]
<image31.png, id=387, 1324.95pt x 744.53156pt>
File: image31.png Graphic file (type png)
<use image31.png>
Package luatex.def Info: image31.png  used on input line 2180.
(luatex.def)             Requested size: 469.75502pt x 263.96405pt.
 [59<./image31.png>]
<image32.png, id=394, 1321.93875pt x 738.50906pt>
File: image32.png Graphic file (type png)
<use image32.png>
Package luatex.def Info: image32.png  used on input line 2227.
(luatex.def)             Requested size: 469.75502pt x 262.4261pt.
 [60<./image32.png>]
<image33.png, id=400, 1334.73656pt x 736.25063pt>
File: image33.png Graphic file (type png)
<use image33.png>
Package luatex.def Info: image33.png  used on input line 2238.
(luatex.def)             Requested size: 469.75502pt x 259.11833pt.
 [61<./image33.png>]
<image34.png, id=407, 1320.43312pt x 735.49782pt>
File: image34.png Graphic file (type png)
<use image34.png>
Package luatex.def Info: image34.png  used on input line 2318.
(luatex.def)             Requested size: 469.75502pt x 261.65909pt.
<image35.png, id=408, 1321.18594pt x 737.75626pt>
File: image35.png Graphic file (type png)
<use image35.png>
Package luatex.def Info: image35.png  used on input line 2325.
(luatex.def)             Requested size: 469.75502pt x 262.3162pt.
 [62<./image34.png>] [63<./image35.png>]
<image36.png, id=418, 1327.20844pt x 738.50906pt>
File: image36.png Graphic file (type png)
<use image36.png>
Package luatex.def Info: image36.png  used on input line 2336.
(luatex.def)             Requested size: 469.75502pt x 261.38937pt.
 [64<./image36.png>]
<image37.png, id=425, 1321.18594pt x 737.75626pt>
File: image37.png Graphic file (type png)
<use image37.png>
Package luatex.def Info: image37.png  used on input line 2387.
(luatex.def)             Requested size: 469.75502pt x 262.3162pt.
 [65<./image37.png>] [66]
<image22.png, id=435, 966.61125pt x 651.93562pt>
File: image22.png Graphic file (type png)
<use image22.png>
Package luatex.def Info: image22.png  used on input line 2442.
(luatex.def)             Requested size: 469.75502pt x 316.82504pt.


LaTeX Warning: Hyper reference `connectivity_guide:bookmark13' on page 67 undef
ined on input line 2465.

[67<./image22.png>]
<image23.png, id=443, 965.85844pt x 652.68843pt>
File: image23.png Graphic file (type png)
<use image23.png>
Package luatex.def Info: image23.png  used on input line 2510.
(luatex.def)             Requested size: 469.75502pt x 317.43988pt.
 [68] [69<./image23.png>]
<image38.png, id=454, 1324.19719pt x 740.0147pt>
File: image38.png Graphic file (type png)
<use image38.png>
Package luatex.def Info: image38.png  used on input line 2570.
(luatex.def)             Requested size: 469.75502pt x 262.50945pt.


LaTeX Warning: Hyper reference `connectivity_guide:bookmark13' on page 70 undef
ined on input line 2580.

[70<./image38.png>]
<image39.png, id=461, 1321.93875pt x 738.50906pt>
File: image39.png Graphic file (type png)
<use image39.png>
Package luatex.def Info: image39.png  used on input line 2603.
(luatex.def)             Requested size: 469.75502pt x 262.4261pt.
 [71<./image39.png>]
<image40.png, id=467, 1324.95pt x 736.25063pt>
File: image40.png Graphic file (type png)
<use image40.png>
Package luatex.def Info: image40.png  used on input line 2641.
(luatex.def)             Requested size: 469.75502pt x 261.02815pt.


LaTeX Warning: Hyper reference `connectivity_guide:bookmark13' on page 72 undef
ined on input line 2648.

<image41.png, id=468, 1321.18594pt x 736.25063pt>
File: image41.png Graphic file (type png)
<use image41.png>
Package luatex.def Info: image41.png  used on input line 2674.
(luatex.def)             Requested size: 469.75502pt x 261.78085pt.
[72<./image40.png>] [73<./image41.png>]
<image42.png, id=480, 1324.19719pt x 737.00343pt>
File: image42.png Graphic file (type png)
<use image42.png>
Package luatex.def Info: image42.png  used on input line 2711.
(luatex.def)             Requested size: 469.75502pt x 261.44124pt.
 [74<./image42.png>]
<image43.png, id=487, 1321.93875pt x 737.00343pt>
File: image43.png Graphic file (type png)
<use image43.png>
Package luatex.def Info: image43.png  used on input line 2760.
(luatex.def)             Requested size: 469.75502pt x 261.89108pt.
 [75<./image43.png>] [76
Missing character: There is no ␣ (U+2423) in font CourierNew:mode=node;script=
latn;language=dflt;!
Missing character: There is no ␣ (U+2423) in font CourierNew:mode=node;script=
latn;language=dflt;!
Missing character: There is no ␣ (U+2423) in font CourierNew:mode=node;script=
latn;language=dflt;!
Missing character: There is no ␣ (U+2423) in font CourierNew:mode=node;script=
latn;language=dflt;!
] [77] [78
Missing character: There is no ␣ (U+2423) in font CourierNew:mode=node;script=
latn;language=dflt;!
]
<image44.png, id=510, 1320.43312pt x 737.00343pt>
File: image44.png Graphic file (type png)
<use image44.png>
Package luatex.def Info: image44.png  used on input line 2953.
(luatex.def)             Requested size: 469.75502pt x 262.19472pt.
 [79<./image44.png>]
<image45.png, id=517, 1318.9275pt x 737.00343pt>
File: image45.png Graphic file (type png)
<use image45.png>
Package luatex.def Info: image45.png  used on input line 3000.
(luatex.def)             Requested size: 469.75502pt x 262.4871pt.


LaTeX Warning: Hyper reference `connectivity_guide:v461cn-x25gateline' on page 
80 undefined on input line 3033.

[80<./image45.png>] [81] [82
Missing character: There is no ␣ (U+2423) in font CourierNew:mode=node;script=
latn;language=dflt;!
Missing character: There is no ␣ (U+2423) in font CourierNew:mode=node;script=
latn;language=dflt;!
]
<image46.png, id=534, 1321.93875pt x 736.25063pt>
File: image46.png Graphic file (type png)
<use image46.png>
Package luatex.def Info: image46.png  used on input line 3150.
(luatex.def)             Requested size: 469.75502pt x 261.62357pt.
 [83<./image46.png>]
<image47.png, id=541, 1321.18594pt x 737.00343pt>
File: image47.png Graphic file (type png)
<use image47.png>
Package luatex.def Info: image47.png  used on input line 3195.
(luatex.def)             Requested size: 469.75502pt x 262.04852pt.
 [84<./image47.png>] [85]
<image48.png, id=552, 1321.18594pt x 736.25063pt>
File: image48.png Graphic file (type png)
<use image48.png>
Package luatex.def Info: image48.png  used on input line 3242.
(luatex.def)             Requested size: 469.75502pt x 261.78085pt.
 [86<./image48.png>]
<image49.png, id=559, 1319.68031pt x 737.00343pt>
File: image49.png Graphic file (type png)
<use image49.png>
Package luatex.def Info: image49.png  used on input line 3286.
(luatex.def)             Requested size: 469.75502pt x 262.34091pt.
 [87<./image49.png>]
<image50.png, id=567, 1318.17468pt x 736.25063pt>
File: image50.png Graphic file (type png)
<use image50.png>
Package luatex.def Info: image50.png  used on input line 3329.
(luatex.def)             Requested size: 469.75502pt x 262.37627pt.
 [88<./image50.png>]
<image51.png, id=574, 1320.43312pt x 737.75626pt>
File: image51.png Graphic file (type png)
<use image51.png>
Package luatex.def Info: image51.png  used on input line 3381.
(luatex.def)             Requested size: 469.75502pt x 262.46254pt.
<image52.png, id=575, 1315.91624pt x 736.25063pt>
File: image52.png Graphic file (type png)
<use image52.png>
Package luatex.def Info: image52.png  used on input line 3384.
(luatex.def)             Requested size: 469.75502pt x 262.82564pt.
 [89<./image51.png>]
<image53.png, id=581, 1319.68031pt x 737.75626pt>
File: image53.png Graphic file (type png)
<use image53.png>
Package luatex.def Info: image53.png  used on input line 3389.
(luatex.def)             Requested size: 469.75502pt x 262.60887pt.


LaTeX Warning: Hyper reference `connectivity_guide:v461cn-logicalpool' on page 
90 undefined on input line 3392.

[90<./image52.png><./image53.png>]
<image54.png, id=586, 1320.43312pt x 737.75626pt>
File: image54.png Graphic file (type png)
<use image54.png>
Package luatex.def Info: image54.png  used on input line 3422.
(luatex.def)             Requested size: 469.75502pt x 262.46254pt.
 [91]
<image55.png, id=591, 1318.9275pt x 737.75626pt>
File: image55.png Graphic file (type png)
<use image55.png>
Package luatex.def Info: image55.png  used on input line 3425.
(luatex.def)             Requested size: 469.75502pt x 262.75522pt.
<image56.png, id=592, 1318.17468pt x 737.00343pt>
File: image56.png Graphic file (type png)
<use image56.png>
Package luatex.def Info: image56.png  used on input line 3428.
(luatex.def)             Requested size: 469.75502pt x 262.64455pt.
 [92<./image54.png><./image55.png>]
[93
Missing character: There is no ␣ (U+2423) in font CourierNew:mode=node;script=
latn;language=dflt;!
<./image56.png>]

LaTeX Warning: Hyper reference `connectivity_guide:v461cn-x25gateline' on page 
94 undefined on input line 3526.

[94] [95] [96

]
Chapter 3.

LaTeX Warning: Hyper reference `connectivity_guide:v461cn-forceluname' on page 
97 undefined on input line 3548.

<image58.png, id=627, 1320.43312pt x 737.75626pt>
File: image58.png Graphic file (type png)
<use image58.png>
Package luatex.def Info: image58.png  used on input line 3556.
(luatex.def)             Requested size: 469.75502pt x 262.46254pt.
[97<./image58.png>]
<image59.png, id=636, 1318.17468pt x 737.00343pt>
File: image59.png Graphic file (type png)
<use image59.png>
Package luatex.def Info: image59.png  used on input line 3609.
(luatex.def)             Requested size: 469.75502pt x 262.64455pt.
 [98] [99<./image59.png>] [100] [101] [102

]
Chapter 4.
<image67.png, id=660, 1336.995pt x 755.82375pt>
File: image67.png Graphic file (type png)
<use image67.png>
Package luatex.def Info: image67.png  used on input line 3774.
(luatex.def)             Requested size: 469.75502pt x 265.55717pt.
[103]
<image68.png, id=670, 1338.50063pt x 755.07094pt>
File: image68.png Graphic file (type png)
<use image68.png>
Package luatex.def Info: image68.png  used on input line 3808.
(luatex.def)             Requested size: 469.75502pt x 264.99312pt.
 [104<./image67.png>] [105<./image68.png>] [106] [107] [108]
Chapter 5.
[109

]
<image60.png, id=706, 1320.43312pt x 736.25063pt>
File: image60.png Graphic file (type png)
<use image60.png>
Package luatex.def Info: image60.png  used on input line 4088.
(luatex.def)             Requested size: 469.75502pt x 261.9269pt.
 [110]
<image61.png, id=716, 1320.43312pt x 737.00343pt>
 [111<./image60.png>]
File: image61.png Graphic file (type png)
<use image61.png>
Package luatex.def Info: image61.png  used on input line 4125.
(luatex.def)             Requested size: 469.75502pt x 262.19472pt.
 [112<./image61.png>] [113] [114] [115]
[116

]
Chapter 6.
<image62.png, id=747, 1320.43312pt x 736.25063pt>
File: image62.png Graphic file (type png)
<use image62.png>
Package luatex.def Info: image62.png  used on input line 4328.
(luatex.def)             Requested size: 469.75502pt x 261.9269pt.
[117<./image62.png>]
<image63.png, id=756, 1319.68031pt x 737.75626pt>
File: image63.png Graphic file (type png)
<use image63.png>
Package luatex.def Info: image63.png  used on input line 4384.
(luatex.def)             Requested size: 469.75502pt x 262.60887pt.
 [118]
<image64.png, id=763, 1443.14156pt x 779.91376pt>
File: image64.png Graphic file (type png)
<use image64.png>
Package luatex.def Info: image64.png  used on input line 4387.
(luatex.def)             Requested size: 469.75502pt x 253.86168pt.
 [119<./image63.png><./image64.png>]

LaTeX Warning: Hyper reference `connectivity_guide:v461cn-forceluname' on page 
120 undefined on input line 4474.

[120] [121] [122] [123] [124

]
Chapter 7.

Underfull \hbox (badness 10000) in paragraph at lines 4670--4670
[]\TU/lmss/m/n/10 Com-
 []

[125]
Underfull \hbox (badness 10000) in paragraph at lines 4849--4849
[]\TU/lmr/m/n/10 Write pre-ced-ing char-ac-ter
 []

[126] [127] [128] [129] [130] [131] [132

]
Chapter 8.
<image65.png, id=840, 1336.995pt x 756.57657pt>
File: image65.png Graphic file (type png)
<use image65.png>
Package luatex.def Info: image65.png  used on input line 5080.
(luatex.def)             Requested size: 469.75502pt x 265.82167pt.
[133] [134<./image65.png>]
<image66.png, id=855, 1335.48938pt x 754.31813pt>
File: image66.png Graphic file (type png)
<use image66.png>
Package luatex.def Info: image66.png  used on input line 5114.
(luatex.def)             Requested size: 469.75502pt x 265.32744pt.
 [135<./image66.png>] [136
Missing character: There is no ␣ (U+2423) in font CourierNew:mode=node;script=
latn;language=dflt;!
] [137] [138

]
Chapter 9.
[139] [140] [141] [142]
<image125.png, id=903, 1446.90562pt x 779.91376pt>
File: image125.png Graphic file (type png)
<use image125.png>
Package luatex.def Info: image125.png  used on input line 5522.
(luatex.def)             Requested size: 469.75502pt x 253.20715pt.
 [143]
<image126.png, id=910, 1444.64719pt x 810.77907pt>
File: image126.png Graphic file (type png)
<use image126.png>
Package luatex.def Info: image126.png  used on input line 5529.
(luatex.def)             Requested size: 469.75502pt x 263.63615pt.
 [144<./image125.png><./image126.png>]
<image127.png, id=917, 1422.0628pt x 769.37437pt>
File: image127.png Graphic file (type png)
<use image127.png>
Package luatex.def Info: image127.png  used on input line 5534.
(luatex.def)             Requested size: 469.75502pt x 254.1526pt.
<image128.png, id=918, 1443.14156pt x 813.0375pt>
File: image128.png Graphic file (type png)
<use image128.png>
Package luatex.def Info: image128.png  used on input line 5539.
(luatex.def)             Requested size: 469.75502pt x 264.64345pt.
 [145<./image127.png><./image128.png>] [146
Missing character: There is no ␣ (U+2423) in font CourierNew:mode=node;script=
latn;language=dflt;!
Missing character: There is no ␣ (U+2423) in font CourierNew:mode=node;script=
latn;language=dflt;!
Missing character: There is no ␣ (U+2423) in font CourierNew:mode=node;script=
latn;language=dflt;!
Missing character: There is no ␣ (U+2423) in font CourierNew:mode=node;script=
latn;language=dflt;!
] [147] [148] [149] [150

]
Chapter 10.

LaTeX Warning: Hyper reference `connectivity_guide:v461cn-virtelrules' on page 
151 undefined on input line 5800.

[151]
<image91.png, id=963, 737.00343pt x 568.37344pt>
File: image91.png Graphic file (type png)
<use image91.png>
Package luatex.def Info: image91.png  used on input line 5857.
(luatex.def)             Requested size: 373.39272pt x 287.94128pt.
 [152]
<image92.png, id=970, 743.02594pt x 566.115pt>
File: image92.png Graphic file (type png)
<use image92.png>
Package luatex.def Info: image92.png  used on input line 5863.
(luatex.def)             Requested size: 373.40544pt x 284.49937pt.
 [153<./image91.png><./image92.png>]
<image93.png, id=976, 742.27313pt x 564.60938pt>
File: image93.png Graphic file (type png)
<use image93.png>
Package luatex.def Info: image93.png  used on input line 5891.
(luatex.def)             Requested size: 453.00116pt x 344.54044pt.
 [154<./image93.png>]
<image12.png, id=983, 1334.73656pt x 752.8125pt>
File: image12.png Graphic file (type png)
<use image12.png>
Package luatex.def Info: image12.png  used on input line 5927.
(luatex.def)             Requested size: 469.75502pt x 264.94716pt.
 [155]
<image13.png, id=989, 1343.0175pt x 755.82375pt>
File: image13.png Graphic file (type png)
<use image13.png>
Package luatex.def Info: image13.png  used on input line 5932.
(luatex.def)             Requested size: 469.75502pt x 264.36928pt.
<image14.png, id=990, 1343.77031pt x 697.8572pt>
File: image14.png Graphic file (type png)
<use image14.png>
Package luatex.def Info: image14.png  used on input line 5937.
(luatex.def)             Requested size: 469.75502pt x 243.95552pt.

[156<./image12.png><./image13.png>] [157<./image14.png>]
<image129.png, id=1000, 413.29407pt x 209.28188pt>
File: image129.png Graphic file (type png)
<use image129.png>
Package luatex.def Info: image129.png  used on input line 5983.
(luatex.def)             Requested size: 413.29305pt x 209.28134pt.
 [158]
<image130.png, id=1008, 414.04688pt x 211.54031pt>
File: image130.png Graphic file (type png)
<use image130.png>
Package luatex.def Info: image130.png  used on input line 5989.
(luatex.def)             Requested size: 414.04585pt x 211.53978pt.
<image131.png, id=1009, 411.78844pt x 210.7875pt>
 [159<./image129.png><./image130.png>]
File: image131.png Graphic file (type png)
<use image131.png>
Package luatex.def Info: image131.png  used on input line 6001.
(luatex.def)             Requested size: 411.78741pt x 210.78699pt.
 [160<./image131.png>] [161]
<image121.png, id=1031, 1446.15282pt x 784.43062pt>
File: image121.png Graphic file (type png)
<use image121.png>
Package luatex.def Info: image121.png  used on input line 6065.
(luatex.def)             Requested size: 469.75502pt x 254.80527pt.
<image122.png, id=1032, 1443.89438pt x 775.39688pt>
File: image122.png Graphic file (type png)
<use image122.png>
Package luatex.def Info: image122.png  used on input line 6070.
(luatex.def)             Requested size: 469.75502pt x 252.26129pt.
 [162<./image121.png>]
<image123.png, id=1039, 1445.4pt x 770.88pt>
File: image123.png Graphic file (type png)
<use image123.png>
Package luatex.def Info: image123.png  used on input line 6090.
(luatex.def)             Requested size: 469.75502pt x 250.53304pt.

[163<./image122.png>]

LaTeX Warning: Hyper reference `connectivity_guide:v461cn-patterncharacters' on
 page 164 undefined on input line 6097.

<image124.png, id=1045, 1445.4pt x 812.28468pt>
File: image124.png Graphic file (type png)
<use image124.png>
Package luatex.def Info: image124.png  used on input line 6099.
(luatex.def)             Requested size: 469.75502pt x 263.9894pt.
[164<./image123.png>] [165<./image124.png>]
Underfull \hbox (badness 10000) in paragraph at lines 6180--6180
[]\TU/lmss/m/n/10 COOK-
 []


Underfull \hbox (badness 10000) in paragraph at lines 6180--6180
[]\TU/lmss/m/n/10 Ter-mi-nal POOL
 []

[166]
Chapter 11.
[167

] [168] [169] [170] [171
Missing character: There is no ␣ (U+2423) in font CourierNew:mode=node;script=
latn;language=dflt;!
] [172] [173
Missing character: There is no ␣ (U+2423) in font CourierNew:mode=node;script=
latn;language=dflt;!
Missing character: There is no ␣ (U+2423) in font CourierNew:mode=node;script=
latn;language=dflt;!
Missing character: There is no ␣ (U+2423) in font CourierNew:mode=node;script=
latn;language=dflt;!
] [174

]
Chapter 12.
[175] [176]
Chapter 13.
<image100.png, id=1132, 963.6pt x 542.025pt>
File: image100.png Graphic file (type png)
<use image100.png>
Package luatex.def Info: image100.png  used on input line 6523.
(luatex.def)             Requested size: 469.75502pt x 264.23819pt.
[177

<./image100.png>] [178]
<image101.png, id=1145, 545.78906pt x 400.49625pt>
File: image101.png Graphic file (type png)
<use image101.png>
Package luatex.def Info: image101.png  used on input line 6566.
(luatex.def)             Requested size: 469.75502pt x 344.70117pt.
<image102.png, id=1146, 222.07968pt x 76.78688pt>
File: image102.png Graphic file (type png)
<use image102.png>
Package luatex.def Info: image102.png  used on input line 6570.
(luatex.def)             Requested size: 222.07913pt x 76.78668pt.
<image103.png, id=1147, 830.10126pt x 511.9125pt>
File: image103.png Graphic file (type png)
<use image103.png>
Package luatex.def Info: image103.png  used on input line 6576.
(luatex.def)             Requested size: 469.75502pt x 289.69196pt.
 [179<./image101.png><./image102.png>] [180<./image103.png>] [181
Missing character: There is no ␣ (U+2423) in font CourierNew:mode=node;script=
latn;language=dflt;!
]
<image109.png, id=1163, 772.38562pt x 691.08188pt>
File: image109.png Graphic file (type png)
<use image109.png>
Package luatex.def Info: image109.png  used on input line 6640.
(luatex.def)             Requested size: 469.75502pt x 420.30447pt.
<image110.png, id=1164, 749.80125pt x 679.78969pt>
File: image110.png Graphic file (type png)
<use image110.png>
Package luatex.def Info: image110.png  used on input line 6649.
(luatex.def)             Requested size: 469.75502pt x 425.89441pt.
 [182<./image109.png>]
<image111.png, id=1170, 982.42032pt x 678.28406pt>
File: image111.png Graphic file (type png)
<use image111.png>
Package luatex.def Info: image111.png  used on input line 6661.
(luatex.def)             Requested size: 469.75502pt x 324.33067pt.
 [183<./image110.png>] [184<./image111.png>]
<image104.png, id=1179, 807.015pt x 538.01pt>
File: image104.png Graphic file (type png)
<use image104.png>
Package luatex.def Info: image104.png  used on input line 6681.
(luatex.def)             Requested size: 469.75502pt x 313.1707pt.
 [185<./image104.png>]
<image105.png, id=1186, 812.03375pt x 539.01375pt>
File: image105.png Graphic file (type png)
<use image105.png>
Package luatex.def Info: image105.png  used on input line 6722.
(luatex.def)             Requested size: 469.75502pt x 311.81393pt.
 [186] [187<./image105.png>]
<image106.png, id=1198, 812.03375pt x 614.295pt>
File: image106.png Graphic file (type png)
<use image106.png>
Package luatex.def Info: image106.png  used on input line 6747.
(luatex.def)             Requested size: 469.75502pt x 355.36337pt.
<image107.png, id=1199, 812.03375pt x 615.29875pt>
File: image107.png Graphic file (type png)
<use image107.png>
Package luatex.def Info: image107.png  used on input line 6751.
(luatex.def)             Requested size: 469.75502pt x 355.94405pt.
 [188<./image106.png>]
<image108.png, id=1205, 811.03pt x 618.31pt>
File: image108.png Graphic file (type png)
<use image108.png>
Package luatex.def Info: image108.png  used on input line 6759.
(luatex.def)             Requested size: 469.75502pt x 358.13889pt.
 [189<./image107.png>] [190<./image108.png>]
Overfull \hbox (0.63474pt too wide) in paragraph at lines 6822--6822
[]\TU/lmss/m/n/10 SAF
 []


Underfull \hbox (badness 10000) in paragraph at lines 6822--6822
[]\TU/lmss/m/n/10 RACF
 []


Underfull \hbox (badness 10000) in paragraph at lines 6822--6822
[]\TU/lmss/m/n/10 RACF
 []


Underfull \hbox (badness 10000) in paragraph at lines 6822--6822
\TU/lmss/m/n/10 Rea-
 []

[191] [192]
Chapter 14.
<image94.png, id=1224, 425.33907pt x 377.15906pt>
File: image94.png Graphic file (type png)
<use image94.png>
Package luatex.def Info: image94.png  used on input line 6843.
(luatex.def)             Requested size: 425.33801pt x 377.15814pt.
[193

<./image94.png>] [194] [195]
<image95.png, id=1241, 446.41782pt x 467.49657pt>
File: image95.png Graphic file (type png)
<use image95.png>
Package luatex.def Info: image95.png  used on input line 6927.
(luatex.def)             Requested size: 446.41672pt x 467.49542pt.
 [196<./image95.png>]
Underfull \hbox (badness 10000) in paragraph at lines 6946--6947
[]\TU/lmr/m/n/10 The MACRF state-ments should be amended from MACRF=(SEQ,DIR,OUT
,LSR) to
 []


LaTeX Warning: Hyper reference `connectivity_guide:v461cn-virplex' on page 197 
undefined on input line 6984.

[197] [198] [199] [200] [201]
<image96.png, id=1274, 963.6pt x 542.025pt>
File: image96.png Graphic file (type png)
<use image96.png>
Package luatex.def Info: image96.png  used on input line 7164.
(luatex.def)             Requested size: 469.75502pt x 264.23819pt.
 [202<./image96.png>] [203] [204

]
Chapter 15.
<image112.png, id=1293, 677.53125pt x 632.3625pt>
File: image112.png Graphic file (type png)
<use image112.png>
Package luatex.def Info: image112.png  used on input line 7269.
(luatex.def)             Requested size: 469.75502pt x 438.4534pt.
[205] [206<./image112.png>] [207] [208] [209] [210]
Underfull \hbox (badness 10000) in paragraph at lines 7559--7568
[]\TU/lmr/m/n/10 NAME=CICS, DESC=’Lo-gon to CICS’, APPL=SP-
 []


Underfull \hbox (badness 10000) in paragraph at lines 7559--7568
\TU/lmr/m/n/10 CI-CST, TYPE=1, TER-MI-NAL=VPVTA, STARTUP=1, SE-CU-RITY=1,
 []


Overfull \vbox (2.36995pt too high) detected at line 7619
 []

[211] [212] [213
Missing character: There is no ␣ (U+2423) in font CourierNew:mode=node;script=
latn;language=dflt;!
] [214]
<image113.png, id=1341, 1446.90562pt x 873.2625pt>
File: image113.png Graphic file (type png)
<use image113.png>
Package luatex.def Info: image113.png  used on input line 7854.
(luatex.def)             Requested size: 469.75502pt x 283.5138pt.
 [215]
<image114.png, id=1346, 264.23718pt x 100.87688pt>
File: image114.png Graphic file (type png)
<use image114.png>
Package luatex.def Info: image114.png  used on input line 7858.
(luatex.def)             Requested size: 264.23653pt x 100.87662pt.
<image115.png, id=1347, 718.93594pt x 308.65312pt>
File: image115.png Graphic file (type png)
<use image115.png>
Package luatex.def Info: image115.png  used on input line 7862.
(luatex.def)             Requested size: 469.75502pt x 201.68181pt.
 [216<./image113.png><./image114.png>]
<image116.png, id=1352, 321.45094pt x 159.59625pt>
File: image116.png Graphic file (type png)
<use image116.png>
Package luatex.def Info: image116.png  used on input line 7871.
(luatex.def)             Requested size: 321.45015pt x 159.59584pt.
<image117.png, id=1353, 402.00188pt x 82.80937pt>
File: image117.png Graphic file (type png)
<use image117.png>
Package luatex.def Info: image117.png  used on input line 7875.
(luatex.def)             Requested size: 402.00089pt x 82.80916pt.
<image118.png, id=1354, 420.82219pt x 71.51718pt>
File: image118.png Graphic file (type png)
<use image118.png>
Package luatex.def Info: image118.png  used on input line 7879.
(luatex.def)             Requested size: 420.82115pt x 71.517pt.
 [217<./image115.png><./image116.png><./image117.png>]
<image119.png, id=1360, 366.61969pt x 161.85469pt>
File: image119.png Graphic file (type png)
<use image119.png>
Package luatex.def Info: image119.png  used on input line 7883.
(luatex.def)             Requested size: 366.61879pt x 161.85428pt.
<image120.png, id=1361, 1041.1397pt x 249.93375pt>
File: image120.png Graphic file (type png)
<use image120.png>
Package luatex.def Info: image120.png  used on input line 7887.
(luatex.def)             Requested size: 469.75502pt x 112.7666pt.

Overfull \vbox (2.82785pt too high) detected at line 7913
 []

[218
Missing character: There is no ␣ (U+2423) in font CourierNew:mode=node;script=
latn;language=dflt;!
<./image118.png><./image119.png><./image120.png>] [219
Missing character: There is no ␣ (U+2423) in font CourierNew:mode=node;script=
latn;language=dflt;!
] [220

]
Chapter 16.
<image97.png, id=1374, 762.85pt x 672.5125pt>
File: image97.png Graphic file (type png)
<use image97.png>
Package luatex.def Info: image97.png  used on input line 7924.
(luatex.def)             Requested size: 469.75502pt x 414.1212pt.
[221] [222<./image97.png>] [223] [224] [225] [226

]
Chapter 17.
No file Virtel_Connectivity_Guide.ind.
[227] (./Virtel_Connectivity_Guide.aux)
 ***********
LaTeX2e <2023-06-01> patch level 1
L3 programming layer <2023-08-29>
 ***********


LaTeX Warning: There were undefined references.


LaTeX Warning: Label(s) may have changed. Rerun to get cross-references right.


Package rerunfilecheck Warning: File `Virtel_Connectivity_Guide.out' has change
d.
(rerunfilecheck)                Rerun to get outlines right
(rerunfilecheck)                or use package `bookmark'.

Package rerunfilecheck Info: Checksums for `Virtel_Connectivity_Guide.out':
(rerunfilecheck)             Before: <no file>
(rerunfilecheck)             After:  2F5753F93488C6ED81D0F706B84C498C;43145.
)

Here is how much of LuaTeX's memory you used:
 19466 strings out of 477259
 1455827,1977958 words of node,token memory allocated
 590 words of node memory still in use:
   6 hlist, 2 vlist, 2 rule, 2 glue, 4 kern, 1 glyph, 15 attribute, 66 glue_spec
, 9 attribute_list, 1 write, 2 pdf_action nodes
   avail lists: 1:4,2:36770,3:7443,4:61002,5:15241,6:181,7:64966,8:62,9:31666,10
:78,11:7776
 39351 multiletter control sequences out of 65536+600000
 80 fonts using 13440503 bytes
 79i,13n,89p,1469b,624s stack positions out of 10000i,1000n,20000p,200000b,200000s
<C:/WINDOWS/Fonts/couri.ttf><//?/c:/users/richm/appdata/local/programs/miktex/fo
nts/opentype/public/lm/lmsans10-regular.otf><//?/c:/users/richm/appdata/local/pr
ograms/miktex/fonts/opentype/public/lm/lmroman8-regular.otf><C:/WINDOWS/Fonts/co
urbd.ttf><//?/c:/users/richm/appdata/local/programs/miktex/fonts/opentype/public
/lm/lmroman10-italic.otf><C:/WINDOWS/Fonts/cour.ttf><//?/c:/users/richm/appdata/
local/programs/miktex/fonts/opentype/public/lm/lmroman10-regular.otf><//?/c:/use
rs/richm/appdata/local/programs/miktex/fonts/opentype/public/lm/lmroman10-bold.o
tf><//?/c:/users/richm/appdata/local/programs/miktex/fonts/opentype/public/lm/lm
sans10-boldoblique.otf><//?/c:/users/richm/appdata/local/programs/miktex/fonts/o
pentype/public/lm/lmsans10-bold.otf><C:/Users/richm/AppData/Local/Programs/MiKTe
X/fonts/type1/public/amsfonts/cm/cmmi5.pfb><C:/Users/richm/AppData/Local/Program
s/MiKTeX/fonts/type1/public/amsfonts/cm/cmsy5.pfb>
Output written on Virtel_Connectivity_Guide.pdf (231 pages, 11922435 bytes).

PDF statistics: 1501 PDF objects out of 1728 (max. 8388607)
 516 named destinations out of 1000 (max. 131072)
 21 words of extra memory for PDF output out of 10000 (max. 100000000)

