\BOOKMARK [0][-]{chapter.1}{\376\377\000T\000h\000e\000\040\000V\000i\000r\000t\000e\000l\000\040\000E\000n\000g\000i\000n\000e}{}% 1
\BOOKMARK [1][-]{section.1.1}{\376\377\000I\000n\000t\000r\000o\000d\000u\000c\000t\000i\000o\000n}{chapter.1}% 2
\BOOKMARK [2][-]{subsection.1.1.1}{\376\377\000W\000h\000a\000t\000\040\000i\000s\000\040\000V\000i\000r\000t\000e\000l}{section.1.1}% 3
\BOOKMARK [2][-]{subsection.1.1.2}{\376\377\000V\000I\000R\000T\000E\000L\000\040\000W\000e\000b\000\040\000A\000c\000c\000e\000s\000s\000\040\000\050\000V\000W\000A\000\051}{section.1.1}% 4
\BOOKMARK [2][-]{subsection.1.1.3}{\376\377\000V\000I\000R\000T\000E\000L\000\040\000W\000e\000b\000\040\000M\000o\000d\000e\000r\000n\000i\000s\000a\000t\000i\000o\000n\000\040\000\050\000V\000W\000M\000\051}{section.1.1}% 5
\BOOKMARK [2][-]{subsection.1.1.4}{\376\377\000V\000I\000R\000T\000E\000L\000\040\000W\000e\000b\000\040\000I\000n\000t\000e\000g\000r\000a\000t\000i\000o\000n\000\040\000\050\000V\000W\000I\000\051}{section.1.1}% 6
\BOOKMARK [2][-]{subsection.1.1.5}{\376\377\000V\000I\000R\000T\000E\000L\000\040\000S\000e\000r\000v\000i\000c\000e\000\040\000T\000r\000a\000n\000s\000a\000c\000t\000i\000o\000n\000s}{section.1.1}% 7
\BOOKMARK [1][-]{section.1.2}{\376\377\000V\000I\000R\000T\000E\000L\000\040\000U\000R\000L\000\040\000F\000o\000r\000m\000a\000t\000s}{chapter.1}% 8
\BOOKMARK [2][-]{subsection.1.2.1}{\376\377\000S\000t\000a\000t\000i\000c\000\040\000p\000a\000g\000e\000s}{section.1.2}% 9
\BOOKMARK [2][-]{subsection.1.2.2}{\376\377\000H\000o\000w\000\040\000t\000h\000e\000\040\000p\000a\000t\000h\000\040\000n\000a\000m\000e\000\040\000c\000o\000r\000r\000e\000s\000p\000o\000n\000d\000s\000\040\000t\000o\000\040\000a\000\040\000V\000I\000R\000T\000E\000L\000\040\000d\000i\000r\000e\000c\000t\000o\000r\000y}{section.1.2}% 10
\BOOKMARK [3][-]{subsubsection*.7}{\376\377\000E\000x\000a\000m\000p\000l\000e\000s}{subsection.1.2.2}% 11
\BOOKMARK [3][-]{subsubsection*.8}{\376\377\000E\000x\000a\000m\000p\000l\000e\000\040\0001\000:\000\040\000N\000e\000i\000t\000h\000e\000r\000\040\000p\000a\000t\000h\000n\000a\000m\000e\000\040\000n\000o\000r\000\040\000p\000a\000g\000e\000n\000a\000m\000e\000\040\000s\000p\000e\000c\000i\000f\000i\000e\000d}{subsection.1.2.2}% 12
\BOOKMARK [3][-]{subsubsection*.9}{\376\377\000E\000x\000a\000m\000p\000l\000e\000\040\0002\000:\000\040\000p\000a\000g\000e\000n\000a\000m\000e\000\040\000s\000p\000e\000c\000i\000f\000i\000e\000d}{subsection.1.2.2}% 13
\BOOKMARK [3][-]{subsubsection*.10}{\376\377\000E\000x\000a\000m\000p\000l\000e\000\040\0003\000:\000\040\000P\000a\000t\000h\000n\000a\000m\000e\000\040\000s\000p\000e\000c\000i\000f\000i\000e\000d}{subsection.1.2.2}% 14
\BOOKMARK [3][-]{subsubsection*.11}{\376\377\000E\000x\000a\000m\000p\000l\000e\000\040\0004\000:\000\040\000P\000a\000t\000h\000n\000a\000m\000e\000\040\000a\000n\000d\000\040\000p\000a\000g\000e\000n\000a\000m\000e\000\040\000s\000p\000e\000c\000i\000f\000i\000e\000d}{subsection.1.2.2}% 15
\BOOKMARK [3][-]{subsubsection*.12}{\376\377\000E\000x\000a\000m\000p\000l\000e\000\040\0005\000:\000\040\000U\000n\000d\000e\000f\000i\000n\000e\000d\000\040\000p\000a\000t\000h\000n\000a\000m\000e\000\040\000s\000p\000e\000c\000i\000f\000i\000e\000d}{subsection.1.2.2}% 16
\BOOKMARK [3][-]{subsubsection*.13}{\376\377\000E\000x\000a\000m\000p\000l\000e\000\040\0006\000:\000\040\000P\000a\000r\000t\000l\000y\000-\000d\000e\000f\000i\000n\000e\000d\000\040\000p\000a\000t\000h\000n\000a\000m\000e\000\040\000s\000p\000e\000c\000i\000f\000i\000e\000d}{subsection.1.2.2}% 17
\BOOKMARK [3][-]{subsubsection*.14}{\376\377\000E\000x\000a\000m\000p\000l\000e\000\040\0007\000:\000\040\000E\000n\000t\000r\000y\000\040\000p\000o\000i\000n\000t\000\040\000w\000i\000t\000h\000\040\000d\000e\000f\000a\000u\000l\000t\000\040\000U\000R\000L}{subsection.1.2.2}% 18
\BOOKMARK [2][-]{subsection.1.2.3}{\376\377\000D\000y\000n\000a\000m\000i\000c\000\040\000p\000a\000g\000e\000s}{section.1.2}% 19
\BOOKMARK [3][-]{subsubsection*.16}{\376\377\000D\000y\000n\000a\000m\000i\000c\000\040\000U\000R\000L\000\040\000w\000i\000t\000h\000\040\000u\000s\000e\000r\000d\000a\000t\000a}{subsection.1.2.3}% 20
\BOOKMARK [3][-]{subsubsection*.17}{\376\377\000D\000y\000n\000a\000m\000i\000c\000\040\000U\000R\000L\000\040\000w\000i\000t\000h\000\040\000p\000a\000r\000a\000m\000e\000t\000e\000r\000s}{subsection.1.2.3}% 21
\BOOKMARK [3][-]{subsubsection*.18}{\376\377\000D\000y\000n\000a\000m\000i\000c\000\040\000U\000R\000L\000\040\000w\000i\000t\000h\000\040\000u\000s\000e\000r\000d\000a\000t\000a\000\040\000a\000n\000d\000\040\000p\000a\000r\000a\000m\000e\000t\000e\000r\000s}{subsection.1.2.3}% 22
\BOOKMARK [2][-]{subsection.1.2.4}{\376\377\0003\0002\0007\0000\000\040\000s\000e\000s\000s\000i\000o\000n\000\040\000m\000a\000n\000a\000g\000e\000m\000e\000n\000t}{section.1.2}% 23
\BOOKMARK [3][-]{subsubsection*.20}{\376\377\000V\000i\000r\000t\000e\000l\000S\000e\000s\000s\000i\000o\000n\000\040\000p\000a\000r\000a\000m\000e\000t\000e\000r}{subsection.1.2.4}% 24
\BOOKMARK [3][-]{subsubsection*.21}{\376\377\000P\000r\000i\000n\000t\000V\000i\000r\000t\000e\000l\000S\000e\000s\000s\000i\000o\000n\000\040\000p\000a\000r\000a\000m\000e\000t\000e\000r}{subsection.1.2.4}% 25
\BOOKMARK [3][-]{subsubsection*.22}{\376\377\000V\000a\000l\000i\000d\000a\000t\000e\000V\000i\000r\000t\000e\000l\000S\000e\000s\000s\000i\000o\000n\000\040\000p\000a\000r\000a\000m\000e\000t\000e\000r}{subsection.1.2.4}% 26
\BOOKMARK [3][-]{subsubsection*.23}{\376\377\000\044\000U\000s\000e\000C\000o\000o\000k\000i\000e\000S\000e\000s\000s\000i\000o\000n\000\044\000\040\000p\000a\000r\000a\000m\000e\000t\000e\000r}{subsection.1.2.4}% 27
\BOOKMARK [2][-]{subsection.1.2.5}{\376\377\000C\000a\000p\000a\000b\000i\000l\000i\000t\000y\000\040\000U\000R\000L\000s}{section.1.2}% 28
\BOOKMARK [2][-]{subsection.1.2.6}{\376\377\000T\000r\000a\000n\000s\000m\000i\000s\000s\000i\000o\000n\000\040\000o\000f\000\040\000S\000e\000c\000u\000r\000i\000t\000y\000\040\000T\000o\000k\000e\000n\000s\000\040\000b\000y\000\040\000U\000R\000L}{section.1.2}% 29
\BOOKMARK [2][-]{subsection.1.2.7}{\376\377\000P\000r\000o\000p\000a\000g\000a\000t\000i\000o\000n\000\040\000o\000f\000\040\000s\000i\000g\000n\000o\000n\000\040\000b\000y\000\040\000U\000R\000L}{section.1.2}% 30
\BOOKMARK [2][-]{subsection.1.2.8}{\376\377\000T\000h\000e\000\040\000U\000n\000i\000v\000e\000r\000s\000a\000l\000\040\000T\000r\000a\000n\000s\000a\000c\000t\000i\000o\000n}{section.1.2}% 31
\BOOKMARK [1][-]{section.1.3}{\376\377\000D\000i\000r\000e\000c\000t\000o\000r\000y\000\040\000M\000a\000n\000a\000g\000e\000m\000e\000n\000t}{chapter.1}% 32
\BOOKMARK [2][-]{subsection.1.3.1}{\376\377\000A\000c\000c\000e\000s\000s\000i\000n\000g\000\040\000t\000h\000e\000\040\000a\000d\000m\000i\000n\000i\000s\000t\000r\000a\000t\000i\000o\000n\000\040\000a\000p\000p\000l\000i\000c\000a\000t\000i\000o\000n}{section.1.3}% 33
\BOOKMARK [2][-]{subsection.1.3.2}{\376\377\000A\000c\000c\000e\000s\000s\000\040\000t\000h\000r\000o\000u\000g\000h\000\040\0003\0002\0007\0000}{section.1.3}% 34
\BOOKMARK [2][-]{subsection.1.3.3}{\376\377\000S\000e\000c\000u\000r\000i\000t\000y}{section.1.3}% 35
\BOOKMARK [2][-]{subsection.1.3.4}{\376\377\000C\000r\000e\000a\000t\000i\000n\000g\000,\000\040\000m\000o\000d\000i\000f\000y\000i\000n\000g\000,\000\040\000a\000n\000d\000\040\000d\000e\000l\000e\000t\000i\000n\000g\000\040\000d\000i\000r\000e\000c\000t\000o\000r\000i\000e\000s}{section.1.3}% 36
\BOOKMARK [3][-]{subsubsection*.26}{\376\377\000U\000s\000i\000n\000g\000\040\000t\000h\000e\000\040\000a\000s\000s\000o\000c\000i\000a\000t\000e\000d\000\040\000A\000d\000m\000i\000n\000\050\0003\0002\0007\0000\000\051\000\040\000f\000u\000n\000c\000t\000i\000o\000n\000s}{subsection.1.3.4}% 37
\BOOKMARK [3][-]{subsubsection*.27}{\376\377\000D\000e\000l\000e\000t\000i\000n\000g\000\040\000a\000\040\000d\000i\000r\000e\000c\000t\000o\000r\000y\000\040\000d\000e\000f\000i\000n\000i\000t\000i\000o\000n}{subsection.1.3.4}% 38
\BOOKMARK [3][-]{subsubsection*.28}{\376\377\000D\000i\000s\000p\000l\000a\000y\000i\000n\000g\000\040\000d\000i\000r\000e\000c\000t\000o\000r\000y\000\040\000c\000o\000n\000t\000e\000n\000t\000s}{subsection.1.3.4}% 39
\BOOKMARK [3][-]{subsubsection*.29}{\376\377\000A\000d\000d\000i\000n\000g\000\040\000a\000\040\000d\000i\000r\000e\000c\000t\000o\000r\000y\000\040\000d\000e\000f\000i\000n\000i\000t\000i\000o\000n}{subsection.1.3.4}% 40
\BOOKMARK [3][-]{subsubsection*.30}{\376\377\000S\000c\000r\000o\000l\000l\000i\000n\000g\000\040\000t\000h\000e\000\040\000l\000i\000s\000t\000\040\000o\000f\000\040\000d\000i\000r\000e\000c\000t\000o\000r\000i\000e\000s}{subsection.1.3.4}% 41
\BOOKMARK [3][-]{subsubsection*.31}{\376\377\000E\000x\000i\000t\000i\000n\000g\000\040\000f\000r\000o\000m\000\040\000d\000i\000r\000e\000c\000t\000o\000r\000y\000\040\000m\000a\000n\000a\000g\000e\000m\000e\000n\000t}{subsection.1.3.4}% 42
\BOOKMARK [2][-]{subsection.1.3.5}{\376\377\000D\000e\000f\000i\000n\000i\000n\000g\000\040\000d\000i\000r\000e\000c\000t\000o\000r\000y\000\040\000p\000a\000r\000a\000m\000e\000t\000e\000r\000s}{section.1.3}% 43
\BOOKMARK [2][-]{subsection.1.3.6}{\376\377\000A\000s\000s\000o\000c\000i\000a\000t\000e\000d\000\040\000f\000u\000n\000c\000t\000i\000o\000n\000s}{section.1.3}% 44
\BOOKMARK [3][-]{subsubsection*.32}{\376\377\000D\000e\000l\000e\000t\000i\000n\000g\000\040\000a\000n\000\040\000e\000l\000e\000m\000e\000n\000t}{subsection.1.3.6}% 45
\BOOKMARK [3][-]{subsubsection*.33}{\376\377\000C\000o\000p\000y\000i\000n\000g\000\040\000a\000n\000\040\000e\000l\000e\000m\000e\000n\000t\000\040\000t\000o\000\040\000a\000n\000o\000t\000h\000e\000r\000\040\000d\000i\000r\000e\000c\000t\000o\000r\000y}{subsection.1.3.6}% 46
\BOOKMARK [3][-]{subsubsection*.34}{\376\377\000S\000c\000r\000o\000l\000l\000i\000n\000g\000\040\000t\000h\000e\000\040\000l\000i\000s\000t}{subsection.1.3.6}% 47
\BOOKMARK [3][-]{subsubsection*.35}{\376\377\000E\000x\000i\000t\000i\000n\000g\000\040\000f\000r\000o\000m\000\040\000d\000i\000r\000e\000c\000t\000o\000r\000y\000\040\000c\000o\000n\000t\000e\000n\000t\000s\000\040\000m\000a\000n\000a\000g\000e\000m\000e\000n\000t}{subsection.1.3.6}% 48
\BOOKMARK [2][-]{subsection.1.3.7}{\376\377\000A\000c\000c\000c\000e\000s\000s\000\040\000a\000d\000m\000i\000n\000i\000s\000t\000r\000a\000t\000i\000o\000n\000\040\000p\000o\000r\000t\000a\000l\000\040\000v\000i\000a\000\040\000t\000h\000e\000\040\000w\000e\000b}{section.1.3}% 49
\BOOKMARK [1][-]{section.1.4}{\376\377\000C\000r\000e\000a\000t\000i\000n\000g\000\040\000V\000i\000r\000t\000e\000l\000\040\000T\000e\000m\000p\000l\000a\000t\000e\000\040\000P\000a\000g\000e\000s}{chapter.1}% 50
\BOOKMARK [2][-]{subsection.1.4.1}{\376\377\000I\000n\000t\000r\000o\000d\000u\000c\000t\000i\000o\000n}{section.1.4}% 51
\BOOKMARK [2][-]{subsection.1.4.2}{\376\377\000D\000e\000f\000i\000n\000i\000n\000g\000\040\000t\000h\000e\000\040\000t\000a\000g\000\040\000d\000e\000l\000i\000m\000i\000t\000e\000r\000s}{section.1.4}% 52
\BOOKMARK [2][-]{subsection.1.4.3}{\376\377\000S\000e\000s\000s\000i\000o\000n\000\040\000a\000n\000d\000\040\000c\000o\000n\000t\000e\000x\000t\000\040\000m\000a\000n\000a\000g\000e\000m\000e\000n\000t}{section.1.4}% 53
\BOOKMARK [3][-]{subsubsection*.38}{\376\377\000S\000E\000S\000S\000I\000O\000N\000-\000C\000O\000D\000E\000\040\000t\000a\000g}{subsection.1.4.3}% 54
\BOOKMARK [3][-]{subsubsection*.39}{\376\377\000A\000J\000A\000X\000-\000S\000E\000S\000S\000I\000O\000N\000-\000C\000O\000D\000E\000\040\000t\000a\000g}{subsection.1.4.3}% 55
\BOOKMARK [3][-]{subsubsection*.40}{\376\377\000S\000E\000T\000-\000I\000N\000I\000T\000I\000A\000L\000-\000T\000I\000M\000E\000O\000U\000T\000\040\000t\000a\000g}{subsection.1.4.3}% 56
\BOOKMARK [2][-]{subsection.1.4.4}{\376\377\000T\000r\000a\000n\000s\000m\000i\000t\000t\000i\000n\000g\000\040\000d\000a\000t\000a\000\040\000t\000o\000\040\000t\000h\000e\000\040\000h\000o\000s\000t}{section.1.4}% 57
\BOOKMARK [2][-]{subsection.1.4.5}{\376\377\000W\000h\000e\000r\000e\000\040\000t\000o\000\040\000p\000o\000s\000i\000t\000i\000o\000n\000\040\000t\000h\000e\000\040\000e\000l\000e\000m\000e\000n\000t\000s\000\040\000o\000f\000\040\000a\000n\000\040\000H\000T\000M\000L\000\040\000p\000a\000g\000e}{section.1.4}% 58
\BOOKMARK [2][-]{subsection.1.4.6}{\376\377\000I\000n\000s\000e\000r\000t\000i\000n\000g\000\040\000h\000o\000s\000t\000\040\000a\000p\000p\000l\000i\000c\000a\000t\000i\000o\000n\000\040\000d\000a\000t\000a\000\040\000i\000n\000t\000o\000\040\000a\000\040\000p\000a\000g\000e}{section.1.4}% 59
\BOOKMARK [3][-]{subsubsection*.43}{\376\377\000G\000E\000N\000E\000R\000A\000T\000E\000-\000H\000T\000M\000L\000\040\000t\000a\000g}{subsection.1.4.6}% 60
\BOOKMARK [3][-]{subsubsection*.44}{\376\377\000C\000O\000P\000Y\000-\000F\000R\000O\000M\000\040\000t\000a\000g}{subsection.1.4.6}% 61
\BOOKMARK [3][-]{subsubsection*.46}{\376\377\000C\000R\000E\000A\000T\000E\000-\000V\000A\000R\000I\000A\000B\000L\000E\000-\000F\000R\000O\000M\000\040\000t\000a\000g}{subsection.1.4.6}% 62
\BOOKMARK [3][-]{subsubsection*.47}{\376\377\000D\000E\000F\000I\000N\000E\000-\000H\000T\000M\000L\000-\000F\000I\000E\000L\000D\000-\000N\000A\000M\000E\000\040\000t\000a\000g}{subsection.1.4.6}% 63
\BOOKMARK [3][-]{subsubsection*.48}{\376\377\000D\000E\000F\000I\000N\000E\000-\000H\000T\000M\000L\000-\000F\000I\000E\000L\000D\000\040\000t\000a\000g}{subsection.1.4.6}% 64
\BOOKMARK [3][-]{subsubsection*.49}{\376\377\000D\000E\000F\000I\000N\000E\000-\000D\000F\000H\000M\000D\000F\000-\000N\000A\000M\000E\000\040\000t\000a\000g}{subsection.1.4.6}% 65
\BOOKMARK [3][-]{subsubsection*.51}{\376\377\000D\000E\000F\000I\000N\000E\000-\000D\000F\000H\000M\000D\000F\000-\000C\000O\000L\000U\000M\000N\000\040\000t\000a\000g}{subsection.1.4.6}% 66
\BOOKMARK [3][-]{subsubsection*.52}{\376\377\000G\000E\000N\000E\000R\000A\000T\000E\000-\000V\000A\000R\000I\000A\000B\000L\000E\000S\000\040\000t\000a\000g}{subsection.1.4.6}% 67
\BOOKMARK [3][-]{subsubsection*.53}{\376\377\000G\000E\000N\000E\000R\000A\000T\000E\000-\000V\000I\000R\0003\0002\0007\0000\000\040\000t\000a\000g}{subsection.1.4.6}% 68
\BOOKMARK [2][-]{subsection.1.4.7}{\376\377\000C\000o\000l\000o\000u\000r\000\040\000a\000n\000d\000\040\000f\000o\000n\000t\000\040\000m\000a\000n\000a\000g\000e\000m\000e\000n\000t}{section.1.4}% 69
\BOOKMARK [3][-]{subsubsection*.54}{\376\377\000O\000N\000-\000A\000T\000T\000R\000I\000B\000U\000T\000E\000\040\000t\000a\000g}{subsection.1.4.7}% 70
\BOOKMARK [3][-]{subsubsection*.55}{\376\377\000O\000N\000-\000E\000N\000D\000-\000O\000F\000-\000A\000T\000T\000R\000I\000B\000U\000T\000E\000\040\000t\000a\000g}{subsection.1.4.7}% 71
\BOOKMARK [3][-]{subsubsection*.56}{\376\377\000O\000N\000-\000C\000H\000A\000R\000A\000C\000T\000E\000R\000-\000A\000T\000T\000R\000I\000B\000U\000T\000E\000\040\000t\000a\000g}{subsection.1.4.7}% 72
\BOOKMARK [3][-]{subsubsection*.57}{\376\377\000O\000N\000-\000E\000N\000D\000-\000O\000F\000-\000C\000H\000A\000R\000A\000C\000T\000E\000R\000-\000A\000T\000T\000R\000I\000B\000U\000T\000E\000\040\000t\000a\000g}{subsection.1.4.7}% 73
\BOOKMARK [3][-]{subsubsection*.58}{\376\377\000A\000D\000D\000-\000T\000O\000-\000F\000I\000E\000L\000D\000S\000\040\000t\000a\000g}{subsection.1.4.7}% 74
\BOOKMARK [2][-]{subsection.1.4.8}{\376\377\000C\000u\000r\000s\000o\000r\000\040\000m\000a\000n\000a\000g\000e\000m\000e\000n\000t}{section.1.4}% 75
\BOOKMARK [3][-]{subsubsection*.60}{\376\377\000D\000E\000F\000I\000N\000E\000-\000H\000T\000M\000L\000-\000F\000O\000C\000U\000S\000-\000F\000I\000E\000L\000D\000\040\000t\000a\000g}{subsection.1.4.8}% 76
\BOOKMARK [3][-]{subsubsection*.61}{\376\377\000D\000E\000F\000I\000N\000E\000-\000C\000U\000R\000S\000O\000R\000-\000P\000O\000S\000I\000T\000I\000O\000N\000-\000F\000I\000E\000L\000D\000\040\000t\000a\000g}{subsection.1.4.8}% 77
\BOOKMARK [3][-]{subsubsection*.62}{\376\377\000F\000I\000E\000L\000D\000-\000W\000I\000T\000H\000-\000C\000U\000R\000S\000O\000R\000\040\000t\000a\000g}{subsection.1.4.8}% 78
\BOOKMARK [3][-]{subsubsection*.63}{\376\377\000D\000E\000F\000A\000U\000L\000T\000-\000F\000I\000E\000L\000D\000-\000W\000I\000T\000H\000-\000C\000U\000R\000S\000O\000R\000\040\000t\000a\000g}{subsection.1.4.8}% 79
\BOOKMARK [3][-]{subsubsection*.64}{\376\377\000P\000o\000s\000i\000t\000i\000o\000n\000i\000n\000g\000\040\000t\000h\000e\000\040\000f\000o\000c\000u\000s\000\040\000w\000h\000e\000n\000\040\000a\000\040\000m\000e\000s\000s\000a\000g\000e\000\040\000i\000s\000\040\000s\000e\000n\000t\000\040\000t\000o\000\040\000t\000h\000e\000\040\000b\000r\000o\000w\000s\000e\000r}{subsection.1.4.8}% 80
\BOOKMARK [3][-]{subsubsection*.65}{\376\377\000P\000o\000s\000i\000t\000i\000o\000n\000i\000n\000g\000\040\000t\000h\000e\000\040\000f\000o\000c\000u\000s\000\040\000i\000n\000\040\000t\000h\000e\000\040\000b\000r\000o\000w\000s\000e\000r}{subsection.1.4.8}% 81
\BOOKMARK [3][-]{subsubsection*.66}{\376\377\000P\000O\000S\000I\000T\000I\000O\000N\000-\000O\000F\000-\000T\000H\000E\000-\000C\000U\000R\000S\000O\000R\000\040\000t\000a\000g}{subsection.1.4.8}% 82
\BOOKMARK [2][-]{subsection.1.4.9}{\376\377\000F\000u\000n\000c\000t\000i\000o\000n\000\040\000k\000e\000y\000\040\000m\000a\000n\000a\000g\000e\000m\000e\000n\000t}{section.1.4}% 83
\BOOKMARK [3][-]{subsubsection*.68}{\376\377\000D\000e\000f\000i\000n\000i\000t\000i\000o\000n\000\040\000o\000f\000\040\000t\000h\000e\000\040\000p\000f\000k\000F\000i\000e\000l\000d\000\040\000f\000i\000e\000l\000d}{subsection.1.4.9}% 84
\BOOKMARK [3][-]{subsubsection*.69}{\376\377\000U\000p\000d\000a\000t\000i\000n\000g\000\040\000t\000h\000e\000\040\000p\000f\000k\000F\000i\000e\000l\000d}{subsection.1.4.9}% 85
\BOOKMARK [3][-]{subsubsection*.70}{\376\377\000D\000i\000s\000a\000l\000l\000o\000w\000e\000d\000\040\000f\000u\000n\000c\000t\000i\000o\000n\000\040\000k\000e\000y\000s}{subsection.1.4.9}% 86
\BOOKMARK [3][-]{subsubsection*.71}{\376\377\000P\000F\000\040\000k\000e\000y\000\040\000p\000r\000o\000c\000e\000s\000s\000i\000n\000g\000\040\000b\000y\000\040\000s\000c\000e\000n\000a\000r\000i\000o}{subsection.1.4.9}% 87
\BOOKMARK [3][-]{subsubsection*.72}{\376\377\000T\000h\000e\000\040\000N\000u\000l\000l\000\040\000P\000F\000\040\000k\000e\000y}{subsection.1.4.9}% 88
\BOOKMARK [2][-]{subsection.1.4.10}{\376\377\000S\000e\000t\000t\000i\000n\000g\000\040\000a\000n\000d\000\040\000u\000n\000s\000e\000t\000t\000i\000n\000g\000\040\000l\000o\000c\000a\000l\000\040\000o\000p\000t\000i\000o\000n\000s}{section.1.4}% 89
\BOOKMARK [3][-]{subsubsection*.74}{\376\377\000S\000E\000T\000-\000L\000O\000C\000A\000L\000-\000O\000P\000T\000I\000O\000N\000S\000\040\000t\000a\000g}{subsection.1.4.10}% 90
\BOOKMARK [3][-]{subsubsection*.75}{\376\377\000U\000N\000S\000E\000T\000-\000L\000O\000C\000A\000L\000-\000O\000P\000T\000I\000O\000N\000S\000\040\000t\000a\000g}{subsection.1.4.10}% 91
\BOOKMARK [2][-]{subsection.1.4.11}{\376\377\000H\000a\000n\000d\000l\000i\000n\000g\000\040\000t\000a\000b\000l\000e\000\040\000v\000a\000r\000i\000a\000b\000l\000e\000s}{section.1.4}% 92
\BOOKMARK [3][-]{subsubsection*.77}{\376\377\000F\000O\000R\000-\000E\000A\000C\000H\000-\000V\000A\000L\000U\000E\000-\000I\000N\000\040\000t\000a\000g}{subsection.1.4.11}% 93
\BOOKMARK [3][-]{subsubsection*.78}{\376\377\000C\000U\000R\000R\000E\000N\000T\000-\000V\000A\000L\000U\000E\000-\000O\000F\000\040\000t\000a\000g}{subsection.1.4.11}% 94
\BOOKMARK [3][-]{subsubsection*.79}{\376\377\000N\000O\000-\000B\000L\000A\000N\000K\000S\000-\000V\000A\000L\000U\000E\000-\000O\000F\000\040\000t\000a\000g}{subsection.1.4.11}% 95
\BOOKMARK [3][-]{subsubsection*.80}{\376\377\000T\000R\000I\000M\000M\000E\000D\000-\000V\000A\000L\000U\000E\000-\000O\000F\000\040\000t\000a\000g}{subsection.1.4.11}% 96
\BOOKMARK [3][-]{subsubsection*.81}{\376\377\000E\000N\000D\000-\000F\000O\000R\000\040\000t\000a\000g}{subsection.1.4.11}% 97
\BOOKMARK [3][-]{subsubsection*.82}{\376\377\000A\000D\000V\000A\000N\000C\000E\000-\000T\000O\000-\000N\000E\000X\000T\000-\000V\000A\000L\000U\000E\000-\000O\000F}{subsection.1.4.11}% 98
\BOOKMARK [3][-]{subsubsection*.83}{\376\377\000D\000O\000-\000C\000O\000U\000N\000T\000-\000U\000P\000-\000W\000I\000T\000H\000\040\000t\000a\000g}{subsection.1.4.11}% 99
\BOOKMARK [3][-]{subsubsection*.84}{\376\377\000E\000N\000D\000-\000D\000O\000-\000C\000O\000U\000N\000T\000\040\000t\000a\000g}{subsection.1.4.11}% 100
\BOOKMARK [3][-]{subsubsection*.85}{\376\377\000D\000E\000F\000I\000N\000E\000-\000A\000U\000T\000O\000M\000A\000T\000I\000C\000-\000C\000O\000U\000N\000T\000E\000R\000\040\000t\000a\000g}{subsection.1.4.11}% 101
\BOOKMARK [3][-]{subsubsection*.86}{\376\377\000D\000E\000F\000I\000N\000E\000-\000S\000U\000B\000-\000V\000A\000R\000I\000A\000B\000L\000E\000\040\000t\000a\000g}{subsection.1.4.11}% 102
\BOOKMARK [3][-]{subsubsection*.87}{\376\377\000D\000E\000L\000E\000T\000E\000-\000A\000L\000L\000-\000V\000A\000R\000I\000A\000B\000L\000E\000S\000\040\000t\000a\000g}{subsection.1.4.11}% 103
\BOOKMARK [2][-]{subsection.1.4.12}{\376\377\000I\000n\000s\000e\000r\000t\000i\000n\000g\000\040\000V\000I\000R\000T\000E\000L\000\040\000c\000o\000n\000f\000i\000g\000u\000r\000a\000t\000i\000o\000n\000\040\000v\000a\000l\000u\000e\000s\000\040\000i\000n\000t\000o\000\040\000a\000\040\000t\000e\000m\000p\000l\000a\000t\000e}{section.1.4}% 104
\BOOKMARK [3][-]{subsubsection*.88}{\376\377\000I\000P\000-\000A\000D\000D\000R\000E\000S\000S\000-\000O\000F\000-\000L\000I\000N\000E\000\040\000t\000a\000g}{subsection.1.4.12}% 105
\BOOKMARK [3][-]{subsubsection*.89}{\376\377\000I\000P\000-\000P\000O\000R\000T\000-\000O\000F\000-\000L\000I\000N\000E\000\040\000t\000a\000g}{subsection.1.4.12}% 106
\BOOKMARK [3][-]{subsubsection*.90}{\376\377\000N\000A\000M\000E\000-\000O\000F\000\040\000t\000a\000g}{subsection.1.4.12}% 107
\BOOKMARK [3][-]{subsubsection*.91}{\376\377\000N\000U\000M\000B\000E\000R\000-\000O\000F\000\040\000t\000a\000g}{subsection.1.4.12}% 108
\BOOKMARK [2][-]{subsection.1.4.13}{\376\377\000C\000o\000n\000d\000i\000t\000i\000o\000n\000a\000l\000\040\000g\000e\000n\000e\000r\000a\000t\000i\000o\000n}{section.1.4}% 109
\BOOKMARK [3][-]{subsubsection*.92}{\376\377\000A\000F\000T\000E\000R\000-\000N\000O\000T\000-\000L\000A\000S\000T\000-\000V\000A\000L\000U\000E\000-\000O\000F\000\040\000t\000a\000g}{subsection.1.4.13}% 110
\BOOKMARK [3][-]{subsubsection*.93}{\376\377\000I\000F\000-\000U\000S\000E\000R\000-\000I\000S\000-\000A\000L\000L\000O\000W\000E\000D\000-\000T\000O\000\040\000t\000a\000g}{subsection.1.4.13}% 111
\BOOKMARK [3][-]{subsubsection*.94}{\376\377\000W\000H\000E\000N\000-\000E\000X\000I\000S\000T\000S\000\040\000a\000n\000d\000\040\000E\000N\000D\000-\000W\000H\000E\000N\000-\000E\000X\000I\000S\000T\000S\000\040\000t\000a\000g\000s}{subsection.1.4.13}% 112
\BOOKMARK [3][-]{subsubsection*.95}{\376\377\000W\000H\000E\000N\000-\000N\000O\000T\000-\000E\000X\000I\000S\000T\000S\000\040\000a\000n\000d\000\040\000E\000N\000D\000-\000W\000H\000E\000N\000-\000N\000O\000T\000-\000E\000X\000I\000S\000T\000S\000\040\000t\000a\000g\000s}{subsection.1.4.13}% 113
\BOOKMARK [3][-]{subsubsection*.96}{\376\377\000W\000H\000E\000N\000-\000N\000O\000T\000-\000B\000L\000A\000N\000K\000\040\000a\000n\000d\000\040\000E\000N\000D\000-\000W\000H\000E\000N\000-\000N\000O\000T\000-\000B\000L\000A\000N\000K\000\040\000t\000a\000g\000s}{subsection.1.4.13}% 114
\BOOKMARK [3][-]{subsubsection*.97}{\376\377\000W\000H\000E\000N\000-\000N\000E\000X\000T\000-\000E\000V\000E\000N\000T\000\040\000a\000n\000d\000\040\000E\000N\000D\000-\000W\000H\000E\000N\000-\000N\000E\000X\000T\000-\000E\000V\000E\000N\000T\000\040\000t\000a\000g\000s}{subsection.1.4.13}% 115
\BOOKMARK [3][-]{subsubsection*.98}{\376\377\000W\000H\000I\000L\000E\000-\000E\000V\000E\000N\000T\000\040\000a\000n\000d\000\040\000E\000N\000D\000-\000W\000H\000I\000L\000E\000-\000E\000V\000E\000N\000T\000\040\000t\000a\000g\000s}{subsection.1.4.13}% 116
\BOOKMARK [2][-]{subsection.1.4.14}{\376\377\000D\000e\000b\000u\000g\000g\000i\000n\000g\000\040\000f\000a\000c\000i\000l\000i\000t\000i\000e\000s}{section.1.4}% 117
\BOOKMARK [3][-]{subsubsection*.101}{\376\377\000C\000R\000E\000A\000T\000E\000-\000V\000A\000R\000I\000A\000B\000L\000E\000-\000I\000F\000\050\000T\000R\000A\000C\000I\000N\000G\000-\000S\000C\000E\000N\000A\000R\000I\000O\000\051\000\040\000t\000a\000g}{subsection.1.4.14}% 118
\BOOKMARK [2][-]{subsection.1.4.15}{\376\377\000S\000i\000g\000n\000o\000n\000\040\000a\000n\000d\000\040\000p\000a\000s\000s\000w\000o\000r\000d\000\040\000m\000a\000n\000a\000g\000e\000m\000e\000n\000t}{section.1.4}% 119
\BOOKMARK [3][-]{subsubsection*.102}{\376\377\000C\000R\000E\000A\000T\000E\000-\000V\000A\000R\000I\000A\000B\000L\000E\000-\000I\000F\000\050\000C\000o\000n\000d\000i\000t\000i\000o\000n\000\051\000\040\000t\000a\000g}{subsection.1.4.15}% 120
\BOOKMARK [3][-]{subsubsection*.103}{\376\377\000D\000E\000C\000L\000A\000R\000E\000-\000F\000I\000E\000L\000D\000-\000A\000S\000\040\000t\000a\000g}{subsection.1.4.15}% 121
\BOOKMARK [2][-]{subsection.1.4.16}{\376\377\000E\000n\000c\000r\000y\000p\000t\000i\000o\000n\000\040\000m\000a\000n\000a\000g\000e\000m\000e\000n\000t}{section.1.4}% 122
\BOOKMARK [3][-]{subsubsection*.105}{\376\377\000P\000U\000B\000L\000I\000C\000-\000K\000E\000Y\000\040\000t\000a\000g}{subsection.1.4.16}% 123
\BOOKMARK [3][-]{subsubsection*.106}{\376\377\000D\000E\000C\000L\000A\000R\000E\000-\000F\000I\000E\000L\000D\000-\000A\000S\000\040\000t\000a\000g}{subsection.1.4.16}% 124
\BOOKMARK [3][-]{subsubsection*.108}{\376\377\000S\000E\000T\000-\000L\000O\000C\000A\000L\000-\000O\000P\000T\000I\000O\000N\000S\000\040\000t\000a\000g}{subsection.1.4.16}% 125
\BOOKMARK [2][-]{subsection.1.4.17}{\376\377\000E\000B\000C\000D\000I\000C\000\040\000t\000r\000a\000n\000s\000l\000a\000t\000i\000o\000n\000\040\000m\000a\000n\000a\000g\000e\000m\000e\000n\000t}{section.1.4}% 126
\BOOKMARK [3][-]{subsubsection*.111}{\376\377\000C\000O\000U\000N\000T\000R\000Y\000-\000C\000O\000D\000E\000\040\000t\000a\000g}{subsection.1.4.17}% 127
\BOOKMARK [3][-]{subsubsection*.112}{\376\377\000S\000E\000T\000-\000O\000U\000T\000P\000U\000T\000-\000E\000N\000C\000O\000D\000I\000N\000G\000-\000U\000T\000F\000-\0008\000\040\000t\000a\000g}{subsection.1.4.17}% 128
\BOOKMARK [2][-]{subsection.1.4.18}{\376\377\000H\000T\000T\000P\000\040\000p\000r\000o\000t\000o\000c\000o\000l\000\040\000m\000a\000n\000a\000g\000e\000m\000e\000n\000t}{section.1.4}% 129
\BOOKMARK [3][-]{subsubsection*.113}{\376\377\000S\000E\000T\000-\000H\000T\000T\000P\000-\000R\000E\000T\000U\000R\000N\000-\000C\000O\000D\000E\000\040\000t\000a\000g}{subsection.1.4.18}% 130
\BOOKMARK [2][-]{subsection.1.4.19}{\376\377\000C\000a\000c\000h\000e\000\040\000m\000a\000n\000a\000g\000e\000m\000e\000n\000t}{section.1.4}% 131
\BOOKMARK [3][-]{subsubsection*.114}{\376\377\000S\000E\000T\000-\000P\000A\000G\000E\000-\000C\000A\000C\000H\000E\000A\000B\000L\000E\000\040\000t\000a\000g}{subsection.1.4.19}% 132
\BOOKMARK [3][-]{subsubsection*.115}{\376\377\000S\000E\000T\000-\000P\000A\000G\000E\000-\000N\000O\000T\000-\000C\000A\000C\000H\000E\000A\000B\000L\000E\000\040\000t\000a\000g}{subsection.1.4.19}% 133
\BOOKMARK [3][-]{subsubsection*.116}{\376\377\000S\000E\000T\000-\000M\000A\000X\000-\000A\000G\000E\000\040\000t\000a\000g}{subsection.1.4.19}% 134
\BOOKMARK [2][-]{subsection.1.4.20}{\376\377\000M\000I\000M\000E\000\040\000t\000y\000p\000e\000\040\000m\000a\000n\000a\000g\000e\000m\000e\000n\000t}{section.1.4}% 135
\BOOKMARK [3][-]{subsubsection*.117}{\376\377\000S\000E\000T\000-\000C\000O\000N\000T\000E\000N\000T\000-\000T\000Y\000P\000E\000\040\000t\000a\000g}{subsection.1.4.20}% 136
\BOOKMARK [2][-]{subsection.1.4.21}{\376\377\000C\000a\000p\000a\000b\000i\000l\000i\000t\000y\000\040\000t\000o\000k\000e\000n\000s}{section.1.4}% 137
\BOOKMARK [2][-]{subsection.1.4.22}{\376\377\000T\000e\000m\000p\000l\000a\000t\000e\000\040\000P\000a\000g\000e\000\040\000u\000p\000l\000o\000a\000d}{section.1.4}% 138
\BOOKMARK [3][-]{subsubsection*.121}{\376\377\000S\000E\000C\000U\000R\000I\000T\000Y\000-\000T\000O\000K\000E\000N\000\040\000t\000a\000g}{subsection.1.4.22}% 139
\BOOKMARK [3][-]{subsubsection*.122}{\376\377\000I\000F\000-\000S\000E\000C\000U\000R\000I\000T\000Y\000-\000T\000O\000K\000E\000N\000-\000I\000S\000-\000R\000E\000A\000D\000Y\000\040\000t\000a\000g}{subsection.1.4.22}% 140
\BOOKMARK [2][-]{subsection.1.4.23}{\376\377\0003\0002\0008\0007\000\040\000p\000r\000i\000n\000t\000i\000n\000g}{section.1.4}% 141
\BOOKMARK [3][-]{subsubsection*.124}{\376\377\000I\000F\000-\000P\000R\000I\000N\000T\000-\000I\000S\000-\000R\000E\000A\000D\000Y\000\040\000t\000a\000g}{subsection.1.4.23}% 142
\BOOKMARK [3][-]{subsubsection*.125}{\376\377\000S\000E\000S\000S\000I\000O\000N\000-\000C\000O\000D\000E\000\040\000t\000a\000g}{subsection.1.4.23}% 143
\BOOKMARK [3][-]{subsubsection*.126}{\376\377\000P\000R\000I\000N\000T\000\040\000t\000a\000g}{subsection.1.4.23}% 144
\BOOKMARK [2][-]{subsection.1.4.24}{\376\377\000G\000e\000n\000e\000r\000a\000t\000i\000n\000g\000\040\000P\000D\000F\000\040\000o\000u\000t\000p\000u\000t}{section.1.4}% 145
\BOOKMARK [3][-]{subsubsection*.127}{\376\377\000P\000D\000F\000-\000L\000I\000N\000E\000S\000-\000P\000E\000R\000-\000P\000A\000G\000E\000\040\000t\000a\000g}{subsection.1.4.24}% 146
\BOOKMARK [3][-]{subsubsection*.128}{\376\377\000P\000D\000F\000-\000N\000E\000W\000-\000D\000O\000C\000O\000P\000T\000\040\000t\000a\000g}{subsection.1.4.24}% 147
\BOOKMARK [3][-]{subsubsection*.129}{\376\377\000P\000D\000F\000-\000N\000E\000W\000-\000I\000N\000P\000U\000T\000\040\000t\000a\000g}{subsection.1.4.24}% 148
\BOOKMARK [3][-]{subsubsection*.130}{\376\377\000P\000D\000F\000-\000N\000E\000W\000-\000L\000A\000Y\000O\000U\000T\000\040\000t\000a\000g}{subsection.1.4.24}% 149
\BOOKMARK [3][-]{subsubsection*.131}{\376\377\000P\000D\000F\000-\000O\000U\000T\000L\000I\000N\000E\000\040\000t\000a\000g}{subsection.1.4.24}% 150
\BOOKMARK [3][-]{subsubsection*.132}{\376\377\000P\000D\000F\000-\000P\000A\000G\000E\000-\000B\000R\000E\000A\000K\000\040\000t\000a\000g}{subsection.1.4.24}% 151
\BOOKMARK [3][-]{subsubsection*.133}{\376\377\000P\000D\000F\000-\000U\000S\000E\000-\000D\000O\000C\000O\000P\000T\000\040\000t\000a\000g}{subsection.1.4.24}% 152
\BOOKMARK [3][-]{subsubsection*.134}{\376\377\000P\000D\000F\000-\000U\000S\000E\000-\000L\000A\000Y\000O\000U\000T\000\040\000t\000a\000g}{subsection.1.4.24}% 153
\BOOKMARK [1][-]{section.1.5}{\376\377\000W\000e\000b\000\040\000A\000c\000c\000e\000s\000s\000\040\000C\000u\000s\000t\000o\000m\000i\000z\000a\000t\000i\000o\000n}{chapter.1}% 154
\BOOKMARK [2][-]{subsection.1.5.1}{\376\377\000U\000p\000l\000o\000a\000d\000i\000n\000g\000\040\000H\000T\000M\000L\000\040\000P\000a\000g\000e\000s}{section.1.5}% 155
\BOOKMARK [2][-]{subsection.1.5.2}{\376\377\000W\000e\000b\000\040\000A\000c\000c\000e\000s\000s\000\040\000S\000e\000t\000t\000i\000n\000g\000s}{section.1.5}% 156
\BOOKMARK [3][-]{subsubsection*.136}{\376\377\000W\000e\000b\000\040\000A\000c\000c\000e\000s\000s\000\040\000S\000e\000t\000t\000i\000n\000g\000s\000\040\000m\000e\000n\000u}{subsection.1.5.2}% 157
\BOOKMARK [3][-]{subsubsection*.137}{\376\377\000D\000i\000s\000p\000l\000a\000y\000\040\000T\000a\000b}{subsection.1.5.2}% 158
\BOOKMARK [3][-]{subsubsection*.138}{\376\377\000M\000i\000s\000c\000e\000l\000l\000a\000n\000e\000o\000u\000s\000\040\000D\000i\000s\000p\000l\000a\000y}{subsection.1.5.2}% 159
\BOOKMARK [3][-]{subsubsection*.139}{\376\377\000K\000e\000y\000\040\000M\000a\000p\000p\000i\000n\000g\000s\000\040\000D\000i\000s\000p\000l\000a\000y}{subsection.1.5.2}% 160
\BOOKMARK [3][-]{subsubsection*.140}{\376\377\000I\000m\000p\000o\000r\000t\000/\000E\000x\000p\000o\000r\000t\000\040\000p\000a\000r\000a\000m\000e\000t\000e\000r\000s}{subsection.1.5.2}% 161
\BOOKMARK [3][-]{subsubsection*.141}{\376\377\000A\000s\000s\000o\000c\000i\000a\000t\000e\000d\000\040\000f\000u\000n\000c\000t\000i\000o\000n\000s}{subsection.1.5.2}% 162
\BOOKMARK [3][-]{subsubsection*.142}{\376\377\000W\000h\000e\000r\000e\000\040\000u\000s\000e\000r\000\040\000s\000e\000t\000t\000i\000n\000g\000s\000\040\000a\000r\000e\000\040\000s\000t\000o\000r\000e\000d}{subsection.1.5.2}% 163
\BOOKMARK [3][-]{subsubsection*.144}{\376\377\000G\000l\000o\000b\000a\000l\000\040\000m\000o\000d\000i\000f\000i\000c\000a\000t\000i\000o\000n\000\040\000o\000f\000\040\000W\000e\000b\000\040\000A\000c\000c\000e\000s\000s\000\040\000s\000e\000t\000t\000i\000n\000g\000s}{subsection.1.5.2}% 164
\BOOKMARK [3][-]{subsubsection*.145}{\376\377\000C\000h\000o\000o\000s\000i\000n\000g\000\040\000W\000e\000b\000\040\000A\000c\000c\000e\000s\000s\000\040\000s\000e\000t\000t\000i\000n\000g\000s\000\040\000m\000o\000d\000e}{subsection.1.5.2}% 165
\BOOKMARK [3][-]{subsubsection*.146}{\376\377\000H\000i\000d\000i\000n\000g\000\040\000W\000e\000b\000\040\000A\000c\000c\000e\000s\000s\000\040\000s\000e\000t\000t\000i\000n\000g\000s}{subsection.1.5.2}% 166
\BOOKMARK [1][-]{section.1.6}{\376\377\000A\000p\000p\000l\000i\000c\000a\000t\000i\000o\000n\000\040\000S\000e\000l\000e\000c\000t\000i\000o\000n\000\040\000M\000e\000n\000u}{chapter.1}% 167
\BOOKMARK [2][-]{subsection.1.6.1}{\376\377\000C\000o\000n\000t\000e\000n\000t\000s\000\040\000o\000f\000\040\000m\000e\000n\000u}{section.1.6}% 168
\BOOKMARK [2][-]{subsection.1.6.2}{\376\377\000P\000r\000e\000s\000e\000n\000t\000a\000t\000i\000o\000n\000\040\000m\000o\000d\000e\000s}{section.1.6}% 169
\BOOKMARK [3][-]{subsubsection*.148}{\376\377\000T\000h\000e\000\040\000a\000p\000p\000m\000e\000n\000u\000.\000h\000t\000m\000\040\000t\000e\000m\000p\000l\000a\000t\000e}{subsection.1.6.2}% 170
\BOOKMARK [3][-]{subsubsection*.149}{\376\377\000D\000e\000f\000i\000n\000i\000t\000i\000o\000n\000\040\000o\000f\000\040\000t\000h\000e\000\040\000a\000p\000p\000l\000i\000s\000t\000\040\000t\000r\000a\000n\000s\000a\000c\000t\000i\000o\000n}{subsection.1.6.2}% 171
\BOOKMARK [3][-]{subsubsection*.150}{\376\377\000A\000p\000p\000l\000i\000c\000a\000t\000i\000o\000n\000\040\000m\000e\000n\000u\000\040\000a\000s\000\040\000t\000h\000e\000\040\000d\000e\000f\000a\000u\000l\000t\000\040\000t\000r\000a\000n\000s\000a\000c\000t\000i\000o\000n\000\040\000f\000o\000r\000\040\000t\000h\000e\000\040\000e\000n\000t\000r\000y\000\040\000p\000o\000i\000n\000t}{subsection.1.6.2}% 172
\BOOKMARK [1][-]{section.1.7}{\376\377\000P\000r\000i\000n\000t\000i\000n\000g\000\040\000W\000i\000t\000h\000\040\000W\000e\000b\000\040\000A\000c\000c\000e\000s\000s}{chapter.1}% 173
\BOOKMARK [2][-]{subsection.1.7.1}{\376\377\000V\000I\000R\000T\000E\000L\000\040\000d\000e\000f\000i\000n\000i\000t\000i\000o\000n\000s\000\040\000f\000o\000r\000\040\000v\000i\000r\000t\000u\000a\000l\000\040\000p\000r\000i\000n\000t\000e\000r\000s}{section.1.7}% 174
\BOOKMARK [2][-]{subsection.1.7.2}{\376\377\000A\000s\000s\000o\000c\000i\000a\000t\000i\000n\000g\000\040\000v\000i\000r\000t\000u\000a\000l\000\040\000p\000r\000i\000n\000t\000e\000r\000s\000\040\000w\000i\000t\000h\000\040\000t\000e\000r\000m\000i\000n\000a\000l\000s}{section.1.7}% 175
\BOOKMARK [2][-]{subsection.1.7.3}{\376\377\000A\000u\000t\000o\000c\000o\000n\000n\000e\000c\000t\000\040\000f\000o\000r\000\040\000v\000i\000r\000t\000u\000a\000l\000\040\000p\000r\000i\000n\000t\000e\000r\000s}{section.1.7}% 176
\BOOKMARK [2][-]{subsection.1.7.4}{\376\377\000V\000T\000A\000M\000\040\000d\000e\000f\000i\000n\000i\000t\000i\000o\000n\000s\000\040\000f\000o\000r\000\040\000v\000i\000r\000t\000u\000a\000l\000\040\000p\000r\000i\000n\000t\000e\000r\000s}{section.1.7}% 177
\BOOKMARK [2][-]{subsection.1.7.5}{\376\377\000C\000I\000C\000S\000\040\000d\000e\000f\000i\000n\000i\000t\000i\000o\000n\000s\000\040\000f\000o\000r\000\040\000v\000i\000r\000t\000u\000a\000l\000\040\000p\000r\000i\000n\000t\000e\000r\000s}{section.1.7}% 178
\BOOKMARK [2][-]{subsection.1.7.6}{\376\377\000S\000c\000e\000n\000a\000r\000i\000o\000s\000\040\000f\000o\000r\000\040\000S\000C\000S\000\040\000p\000r\000i\000n\000t\000i\000n\000g}{section.1.7}% 179
\BOOKMARK [2][-]{subsection.1.7.7}{\376\377\000S\000C\000S\000\040\000t\000o\000\040\000P\000D\000F\000\040\000c\000o\000n\000v\000e\000r\000s\000i\000o\000n}{section.1.7}% 180
\BOOKMARK [2][-]{subsection.1.7.8}{\376\377\000P\000C\000L\000\040\000p\000r\000i\000n\000t\000i\000n\000g}{section.1.7}% 181
\BOOKMARK [2][-]{subsection.1.7.9}{\376\377\000P\000C\000L\000\040\000t\000o\000\040\000P\000D\000F\000\040\000c\000o\000n\000v\000e\000r\000s\000i\000o\000n}{section.1.7}% 182
\BOOKMARK [1][-]{section.1.8}{\376\377\000T\000S\000O\000\040\000F\000i\000l\000e\000\040\000T\000r\000a\000n\000s\000f\000e\000r}{chapter.1}% 183
\BOOKMARK [2][-]{subsection.1.8.1}{\376\377\000D\000e\000f\000i\000n\000i\000t\000i\000o\000n\000s\000\040\000r\000e\000q\000u\000i\000r\000e\000d\000\040\000f\000o\000r\000\040\000f\000i\000l\000e\000\040\000t\000r\000a\000n\000s\000f\000e\000r}{section.1.8}% 184
\BOOKMARK [2][-]{subsection.1.8.2}{\376\377\000T\000o\000o\000l\000b\000a\000r\000\040\000i\000c\000o\000n\000s\000\040\000f\000o\000r\000\040\000f\000i\000l\000e\000\040\000t\000r\000a\000n\000s\000f\000e\000r}{section.1.8}% 185
\BOOKMARK [2][-]{subsection.1.8.3}{\376\377\000R\000e\000c\000e\000i\000v\000i\000n\000g\000\040\000a\000\040\000f\000i\000l\000e}{section.1.8}% 186
\BOOKMARK [2][-]{subsection.1.8.4}{\376\377\000S\000e\000n\000d\000i\000n\000g\000\040\000a\000\040\000f\000i\000l\000e}{section.1.8}% 187
\BOOKMARK [2][-]{subsection.1.8.5}{\376\377\000S\000e\000l\000e\000c\000t\000i\000n\000g\000\040\000P\000C\000\040\000C\000o\000d\000e\000p\000a\000g\000e\000\040\000f\000o\000r\000\040\000f\000i\000l\000e\000\040\000t\000r\000a\000n\000s\000f\000e\000r}{section.1.8}% 188
\BOOKMARK [2][-]{subsection.1.8.6}{\376\377\000S\000a\000v\000i\000n\000g\000\040\000a\000n\000d\000\040\000r\000e\000u\000s\000i\000n\000g\000\040\000f\000i\000l\000e\000\040\000t\000r\000a\000n\000s\000f\000e\000r\000\040\000p\000a\000r\000a\000m\000e\000t\000e\000r\000s}{section.1.8}% 189
\BOOKMARK [1][-]{section.1.9}{\376\377\000A\000c\000c\000e\000s\000s\000i\000n\000g\000\040\000V\000T\000A\000M\000\040\000A\000p\000p\000l\000i\000c\000a\000t\000i\000o\000n\000s}{chapter.1}% 190
\BOOKMARK [2][-]{subsection.1.9.1}{\376\377\000V\000T\000A\000M\000\040\000l\000o\000g\000o\000n\000\040\000s\000c\000r\000e\000e\000n}{section.1.9}% 191
\BOOKMARK [2][-]{subsection.1.9.2}{\376\377\000I\000n\000s\000t\000a\000l\000l\000i\000n\000g\000\040\000t\000h\000e\000\040\000V\000T\000A\000M\000\040\000l\000o\000g\000o\000n\000\040\000t\000r\000a\000n\000s\000a\000c\000t\000i\000o\000n}{section.1.9}% 192
\BOOKMARK [1][-]{section.1.10}{\376\377\000S\000i\000t\000e\000\040\000C\000u\000s\000t\000o\000m\000i\000z\000a\000t\000i\000o\000n\000\040\000-\000\040\000C\000o\000l\000o\000r\000s\000\040\000A\000n\000d\000\040\000L\000o\000g\000o}{chapter.1}% 193
\BOOKMARK [2][-]{subsection.1.10.1}{\376\377\000U\000s\000i\000n\000g\000\040\000a\000\040\000C\000S\000S\000\040\000f\000i\000l\000e\000\040\000f\000o\000r\000\040\000c\000u\000s\000t\000o\000m\000i\000z\000a\000t\000i\000o\000n}{section.1.10}% 194
\BOOKMARK [2][-]{subsection.1.10.2}{\376\377\000C\000u\000s\000t\000o\000m\000i\000z\000i\000n\000g\000\040\000t\000h\000e\000\040\000t\000o\000o\000l\000b\000a\000r\000\040\000c\000o\000l\000o\000r\000\040\000b\000y\000\040\000a\000p\000p\000l\000i\000c\000a\000t\000i\000o\000n}{section.1.10}% 195
\BOOKMARK [2][-]{subsection.1.10.3}{\376\377\000A\000d\000d\000i\000n\000g\000\040\000c\000u\000s\000t\000o\000m\000\040\000t\000e\000x\000t\000\040\000t\000o\000\040\000t\000h\000e\000\040\000t\000o\000o\000l\000b\000a\000r}{section.1.10}% 196
\BOOKMARK [2][-]{subsection.1.10.4}{\376\377\000S\000h\000o\000w\000i\000n\000g\000\040\000/\000\040\000H\000i\000d\000i\000n\000g\000\040\000s\000e\000r\000v\000e\000r\000\040\000i\000n\000f\000o\000r\000m\000a\000t\000i\000o\000n\000s}{section.1.10}% 197
\BOOKMARK [2][-]{subsection.1.10.5}{\376\377\000H\000i\000d\000i\000n\000g\000\040\000t\000h\000e\000\040\000t\000o\000o\000l\000b\000a\000r}{section.1.10}% 198
\BOOKMARK [3][-]{subsubsection*.153}{\376\377\000M\000o\000d\000i\000f\000y\000i\000n\000g\000\040\000t\000h\000e\000\040\0003\0002\0007\0000\000\040\000c\000o\000l\000o\000r\000s}{subsection.1.10.5}% 199
\BOOKMARK [2][-]{subsection.1.10.6}{\376\377\000A\000d\000d\000i\000n\000g\000\040\000a\000\040\000c\000o\000m\000p\000a\000n\000y\000\040\000l\000o\000g\000o}{section.1.10}% 200
\BOOKMARK [2][-]{subsection.1.10.7}{\376\377\000R\000e\000m\000o\000v\000i\000n\000g\000\040\0003\000D\000/\000h\000o\000v\000e\000r\000\040\000e\000f\000f\000e\000c\000t\000s\000\040\000o\000n\000\040\000t\000h\000e\000\040\000t\000o\000o\000l\000b\000a\000r\000\040\000b\000u\000t\000t\000o\000n\000s}{section.1.10}% 201
\BOOKMARK [2][-]{subsection.1.10.8}{\376\377\000C\000h\000a\000n\000g\000i\000n\000g\000\040\000b\000a\000c\000k\000g\000r\000o\000u\000n\000d\000\040\000c\000o\000l\000o\000r\000\040\000o\000f\000\040\000t\000h\000e\000\040\000t\000o\000o\000l\000b\000a\000r\000\040\000b\000u\000t\000t\000o\000n\000s}{section.1.10}% 202
\BOOKMARK [2][-]{subsection.1.10.9}{\376\377\000I\000c\000o\000n\000\040\000d\000i\000s\000p\000l\000a\000y\000\040\000t\000r\000o\000u\000b\000l\000e\000s\000h\000o\000o\000t\000i\000n\000g}{section.1.10}% 203
\BOOKMARK [1][-]{section.1.11}{\376\377\000S\000i\000t\000e\000\040\000C\000u\000s\000t\000o\000m\000i\000z\000a\000t\000i\000o\000n\000\040\000-\000\040\000J\000a\000v\000a\000s\000c\000r\000i\000p\000t\000\040\000F\000u\000n\000c\000t\000i\000o\000n\000s}{chapter.1}% 204
\BOOKMARK [2][-]{subsection.1.11.1}{\376\377\000J\000a\000v\000a\000s\000c\000r\000i\000p\000t\000\040\000E\000x\000i\000t\000s\000\040\000w\000h\000i\000c\000h\000\040\000c\000a\000n\000\040\000b\000e\000\040\000c\000u\000s\000t\000o\000m\000i\000z\000e\000d}{section.1.11}% 205
\BOOKMARK [2][-]{subsection.1.11.2}{\376\377\000C\000u\000s\000t\000o\000m\000i\000z\000i\000n\000g\000\040\000T\000o\000o\000l\000b\000a\000r\000\040\000i\000c\000o\000n\000s}{section.1.11}% 206
\BOOKMARK [2][-]{subsection.1.11.3}{\376\377\000C\000e\000n\000t\000e\000r\000i\000n\000g\000\040\000n\000o\000n\000-\000s\000t\000a\000n\000d\000a\000r\000d\000\040\000i\000c\000o\000n\000s}{section.1.11}% 207
\BOOKMARK [2][-]{subsection.1.11.4}{\376\377\000R\000e\000m\000o\000v\000i\000n\000g\000\040\000u\000n\000w\000a\000n\000t\000e\000d\000\040\000t\000o\000o\000l\000b\000a\000r\000\040\000i\000c\000o\000n\000s}{section.1.11}% 208
\BOOKMARK [2][-]{subsection.1.11.5}{\376\377\000P\000o\000s\000i\000t\000i\000o\000n\000i\000n\000g\000\040\000T\000o\000o\000l\000b\000a\000r\000\040\000I\000c\000o\000n\000s}{section.1.11}% 209
\BOOKMARK [2][-]{subsection.1.11.6}{\376\377\000M\000o\000d\000i\000f\000y\000i\000n\000g\000\040\000t\000h\000e\000\040\000t\000e\000x\000t\000\040\000o\000f\000\040\000t\000h\000e\000\040\000s\000t\000a\000t\000u\000s\000\040\000b\000a\000r}{section.1.11}% 210
\BOOKMARK [2][-]{subsection.1.11.7}{\376\377\000C\000u\000s\000t\000o\000m\000\040\000h\000o\000t\000s\000p\000o\000t\000\040\000r\000e\000c\000o\000g\000n\000i\000t\000i\000o\000n}{section.1.11}% 211
\BOOKMARK [2][-]{subsection.1.11.8}{\376\377\000A\000d\000d\000i\000n\000g\000\040\000a\000\040\000w\000a\000t\000e\000r\000m\000a\000r\000k\000\040\000t\000o\000\040\000t\000h\000e\000\040\0003\0002\0007\0000\000\040\000s\000c\000r\000e\000e\000n}{section.1.11}% 212
\BOOKMARK [2][-]{subsection.1.11.9}{\376\377\000M\000o\000d\000i\000f\000y\000i\000n\000g\000\040\000W\000e\000b\000\040\000A\000c\000c\000e\000s\000s\000\040\000S\000e\000t\000t\000i\000n\000g\000s}{section.1.11}% 213
\BOOKMARK [1][-]{section.1.12}{\376\377\000S\000i\000t\000e\000\040\000C\000u\000s\000t\000o\000m\000i\000z\000a\000t\000i\000o\000n\000\040\000-\000\040\000T\000h\000e\000\040\000H\000e\000l\000p\000\040\000P\000a\000g\000e}{chapter.1}% 214
\BOOKMARK [2][-]{subsection.1.12.1}{\376\377\000S\000t\000a\000n\000d\000a\000r\000d\000\040\000H\000e\000l\000p\000\040\000P\000a\000g\000e}{section.1.12}% 215
\BOOKMARK [2][-]{subsection.1.12.2}{\376\377\000I\000n\000s\000t\000a\000l\000l\000i\000n\000g\000\040\000a\000\040\000C\000u\000s\000t\000o\000m\000\040\000H\000e\000l\000p\000\040\000P\000a\000g\000e}{section.1.12}% 216
\BOOKMARK [1][-]{section.1.13}{\376\377\000E\000n\000a\000b\000l\000e\000\040\000C\000o\000p\000y\000,\000\040\000C\000u\000t\000\040\000A\000n\000d\000\040\000P\000a\000s\000t\000e}{chapter.1}% 217
\BOOKMARK [2][-]{subsection.1.13.1}{\376\377\000I\000n\000t\000e\000r\000n\000e\000t\000\040\000E\000x\000p\000l\000o\000r\000e\000r}{section.1.13}% 218
\BOOKMARK [2][-]{subsection.1.13.2}{\376\377\000F\000i\000r\000e\000f\000o\000x}{section.1.13}% 219
\BOOKMARK [3][-]{subsubsection*.163}{\376\377\000A\000d\000d\000i\000t\000i\000o\000n\000a\000l\000\040\000I\000n\000s\000t\000a\000l\000l\000a\000t\000i\000o\000n\000\040\000r\000e\000q\000u\000i\000r\000e\000m\000e\000n\000t\000s}{subsection.1.13.2}% 220
\BOOKMARK [2][-]{subsection.1.13.3}{\376\377\000C\000h\000r\000o\000m\000e}{section.1.13}% 221
\BOOKMARK [3][-]{subsubsection*.164}{\376\377\000A\000d\000d\000i\000t\000i\000o\000n\000a\000l\000\040\000i\000n\000s\000t\000a\000l\000l\000a\000t\000i\000o\000n\000\040\000r\000e\000q\000u\000i\000r\000e\000m\000e\000n\000t\000s}{subsection.1.13.3}% 222
\BOOKMARK [2][-]{subsection.1.13.4}{\376\377\000M\000a\000n\000a\000g\000e\000\040\000t\000h\000e\000\040\000s\000e\000t\000t\000i\000n\000g\000s\000\040\000o\000n\000\040\000H\000o\000s\000t\000\040\000w\000i\000t\000h\000\040\000c\000h\000r\000o\000m\000e}{section.1.13}% 223
\BOOKMARK [2][-]{subsection.1.13.5}{\376\377\000U\000s\000i\000n\000g\000\040\000E\000x\000t\000e\000n\000s\000i\000o\000n\000s}{section.1.13}% 224
\BOOKMARK [2][-]{subsection.1.13.6}{\376\377\000E\000d\000g\000e}{section.1.13}% 225
\BOOKMARK [1][-]{section.1.14}{\376\377\000V\000i\000r\000t\000e\000l\000\040\000C\000u\000s\000t\000o\000m\000i\000z\000a\000t\000i\000o\000n\000\040\000M\000o\000d\000e\000s}{chapter.1}% 226
\BOOKMARK [2][-]{subsection.1.14.1}{\376\377\000O\000p\000t\000i\000o\000n\000\040\000m\000o\000d\000e}{section.1.14}% 227
\BOOKMARK [2][-]{subsection.1.14.2}{\376\377\000D\000e\000f\000a\000u\000l\000t\000\040\000M\000o\000d\000e}{section.1.14}% 228
\BOOKMARK [2][-]{subsection.1.14.3}{\376\377\000G\000l\000o\000b\000a\000l\000\040\000l\000e\000v\000e\000l\000\040\000m\000o\000d\000i\000f\000i\000c\000a\000t\000i\000o\000n\000s\000\040\000\050\000A\000l\000l\000\040\000t\000r\000a\000n\000s\000a\000c\000t\000i\000o\000n\000s\000\040\000u\000n\000d\000e\000r\000\040\000o\000n\000e\000\040\000E\000n\000t\000r\000y\000\040\000P\000o\000i\000n\000t\000\051}{section.1.14}% 229
\BOOKMARK [2][-]{subsection.1.14.4}{\376\377\000T\000r\000a\000n\000s\000a\000c\000t\000i\000o\000n\000\040\000l\000e\000v\000e\000l\000\040\000m\000o\000d\000i\000f\000i\000c\000a\000t\000i\000o\000n\000s\000\040\000\050\000I\000n\000d\000i\000v\000i\000d\000u\000a\000l\000\040\000t\000r\000a\000n\000s\000a\000c\000t\000i\000o\000n\000s\000\051}{section.1.14}% 230
\BOOKMARK [2][-]{subsection.1.14.5}{\376\377\000C\000o\000m\000p\000a\000t\000i\000b\000i\000l\000i\000t\000y\000\040\000O\000p\000t\000i\000o\000n\000\040\000i\000d}{section.1.14}% 231
\BOOKMARK [2][-]{subsection.1.14.6}{\376\377\000D\000e\000f\000i\000n\000i\000n\000g\000\040\000T\000r\000a\000n\000s\000a\000c\000t\000i\000o\000n\000\040\000O\000p\000t\000i\000o\000n\000s}{section.1.14}% 232
\BOOKMARK [3][-]{subsubsection*.165}{\376\377\000B\000a\000s\000i\000c\000\040\000M\000o\000d\000e}{subsection.1.14.6}% 233
\BOOKMARK [3][-]{subsubsection*.166}{\376\377\000A\000d\000v\000a\000n\000c\000e\000d\000\040\000M\000o\000d\000e}{subsection.1.14.6}% 234
\BOOKMARK [1][-]{section.1.15}{\376\377\000M\000a\000c\000r\000o\000s}{chapter.1}% 235
\BOOKMARK [2][-]{subsection.1.15.1}{\376\377\000S\000t\000o\000r\000i\000n\000g\000\040\000t\000h\000e\000\040\000M\000a\000c\000r\000o\000s}{section.1.15}% 236
\BOOKMARK [2][-]{subsection.1.15.2}{\376\377\000M\000a\000c\000r\000o\000s\000\040\000i\000n\000\040\000L\000o\000c\000a\000l\000\040\000S\000t\000o\000r\000a\000g\000e}{section.1.15}% 237
\BOOKMARK [2][-]{subsection.1.15.3}{\376\377\000M\000a\000c\000r\000o\000\040\000c\000o\000n\000t\000r\000o\000l\000s}{section.1.15}% 238
\BOOKMARK [3][-]{subsubsection*.167}{\376\377\000K\000e\000y\000\040\000M\000a\000p\000p\000i\000n\000g}{subsection.1.15.3}% 239
\BOOKMARK [3][-]{subsubsection*.168}{\376\377\000K\000e\000e\000p\000\137\000M\000a\000c\000r\000o\000\137\000P\000a\000d}{subsection.1.15.3}% 240
\BOOKMARK [3][-]{subsubsection*.169}{\376\377\000M\000a\000c\000r\000o\000\137\000P\000a\000d}{subsection.1.15.3}% 241
\BOOKMARK [2][-]{subsection.1.15.4}{\376\377\000M\000a\000c\000r\000o\000s\000\040\000i\000n\000\040\000V\000I\000R\000T\000E\000L\000\040\000S\000t\000o\000r\000a\000g\000e}{section.1.15}% 242
\BOOKMARK [2][-]{subsection.1.15.5}{\376\377\000S\000e\000t\000t\000i\000n\000g\000\040\000u\000p\000\040\000t\000o\000\040\000u\000s\000e\000\040\000D\000D\000I\000\040\000a\000n\000d\000\040\000m\000a\000c\000r\000o\000s}{section.1.15}% 243
\BOOKMARK [3][-]{subsubsection*.170}{\376\377\000E\000n\000a\000b\000e\000l\000i\000n\000g\000\040\000m\000a\000c\000r\000o\000s\000\040\000i\000n\000\040\000V\000i\000r\000t\000e\000l\000\040\000S\000t\000o\000r\000a\000g\000e}{subsection.1.15.5}% 244
\BOOKMARK [2][-]{subsection.1.15.6}{\376\377\000U\000s\000e\000r\000\040\000M\000a\000c\000r\000o\000s\000\040\000s\000y\000n\000c\000h\000r\000o\000n\000i\000z\000a\000t\000i\000o\000n}{section.1.15}% 245
\BOOKMARK [2][-]{subsection.1.15.7}{\376\377\000M\000a\000n\000a\000g\000i\000n\000g\000\040\000m\000a\000c\000r\000o\000s\000\040\000w\000i\000t\000h\000\040\000D\000D\000I}{section.1.15}% 246
\BOOKMARK [3][-]{subsubsection*.171}{\376\377\000U\000p\000l\000o\000a\000d\000i\000n\000g\000\040\000a\000\040\000m\000a\000c\000r\000o\000.\000j\000s\000o\000n\000\040\000f\000i\000l\000e\000\040\000t\000o\000\040\000t\000h\000e\000\040\000D\000D\000I\000\040\000d\000i\000r\000e\000c\000t\000o\000r\000y}{subsection.1.15.7}% 247
\BOOKMARK [3][-]{subsubsection*.172}{\376\377\000M\000a\000k\000i\000n\000g\000\040\000m\000a\000c\000r\000o\000s\000\040\000a\000v\000a\000i\000l\000a\000b\000l\000e\000\040\000t\000o\000\040\000u\000s\000e\000r\000s}{subsection.1.15.7}% 248
\BOOKMARK [3][-]{subsubsection*.173}{\376\377\000E\000d\000i\000t\000i\000n\000g\000\040\000a\000\040\000U\000s\000e\000r\000s\000\040\000m\000a\000c\000r\000o}{subsection.1.15.7}% 249
\BOOKMARK [3][-]{subsubsection*.174}{\376\377\000U\000p\000d\000a\000t\000i\000n\000g\000\040\000D\000D\000I\000\040\000m\000a\000c\000r\000o\000s\000\040\000a\000t\000\040\000t\000h\000e\000\040\000G\000r\000o\000u\000p\000\040\000l\000e\000v\000e\000l}{subsection.1.15.7}% 250
\BOOKMARK [3][-]{subsubsection*.175}{\376\377\000N\000o\000t\000e\000s\000:}{subsection.1.15.7}% 251
\BOOKMARK [2][-]{subsection.1.15.8}{\376\377\000A\000u\000t\000o\000m\000a\000t\000i\000c\000\040\000r\000e\000f\000r\000e\000s\000h\000\040\000o\000f\000\040\000m\000a\000c\000r\000o\000s\000\040\000i\000n\000\040\000l\000o\000c\000a\000l\000\040\000s\000t\000o\000r\000a\000g\000e}{section.1.15}% 252
\BOOKMARK [2][-]{subsection.1.15.9}{\376\377\000F\000o\000r\000m\000a\000t\000\040\000o\000f\000\040\000t\000h\000e\000\040\000m\000a\000c\000r\000o\000s\000.\000j\000s\000o\000n\000\040\000f\000i\000l\000e}{section.1.15}% 253
\BOOKMARK [2][-]{subsection.1.15.10}{\376\377\000A\000v\000a\000i\000l\000a\000b\000l\000e\000\040\000m\000a\000c\000r\000o\000\040\000c\000o\000m\000m\000a\000n\000d\000s}{section.1.15}% 254
\BOOKMARK [2][-]{subsection.1.15.11}{\376\377\000D\000D\000I\000\040\000M\000a\000c\000r\000o\000\040\000E\000r\000r\000o\000r\000s}{section.1.15}% 255
\BOOKMARK [1][-]{section.1.16}{\376\377\000V\000I\000R\000T\000E\000L\000\040\000W\000e\000b\000\040\000M\000o\000d\000e\000r\000n\000i\000s\000a\000t\000i\000o\000n}{chapter.1}% 256
\BOOKMARK [2][-]{subsection.1.16.1}{\376\377\000V\000I\000R\000T\000E\000L\000\040\000P\000r\000e\000s\000e\000n\000t\000a\000t\000i\000o\000n\000\040\000m\000o\000d\000u\000l\000e\000s\000\040\000a\000n\000d\000\040\000S\000c\000e\000n\000a\000r\000i\000o\000s}{section.1.16}% 257
\BOOKMARK [2][-]{subsection.1.16.2}{\376\377\000S\000c\000e\000n\000a\000r\000i\000o\000s\000\040\000s\000t\000o\000r\000e\000d\000\040\000i\000n\000\040\000a\000\040\000l\000o\000a\000d\000\040\000l\000i\000b\000r\000a\000r\000y}{section.1.16}% 258
\BOOKMARK [2][-]{subsection.1.16.3}{\376\377\000S\000c\000e\000n\000a\000r\000i\000o\000s\000\040\000s\000t\000o\000r\000e\000d\000\040\000i\000n\000\040\000a\000\040\000V\000S\000A\000M\000\040\000d\000i\000r\000e\000c\000t\000o\000r\000y}{section.1.16}% 259
\BOOKMARK [2][-]{subsection.1.16.4}{\376\377\000U\000s\000i\000n\000g\000\040\000a\000\040\000p\000r\000e\000s\000e\000n\000t\000a\000t\000i\000o\000n\000\040\000m\000o\000d\000u\000l\000e}{section.1.16}% 260
\BOOKMARK [2][-]{subsection.1.16.5}{\376\377\000T\000y\000p\000e\000s\000\040\000o\000f\000\040\000s\000c\000e\000n\000a\000r\000i\000o}{section.1.16}% 261
\BOOKMARK [3][-]{subsubsection*.176}{\376\377\000I\000d\000e\000n\000t\000i\000f\000i\000c\000a\000t\000i\000o\000n\000\040\000s\000c\000e\000n\000a\000r\000i\000o}{subsection.1.16.5}% 262
\BOOKMARK [3][-]{subsubsection*.177}{\376\377\000I\000n\000i\000t\000i\000a\000l\000\040\000s\000c\000e\000n\000a\000r\000i\000o}{subsection.1.16.5}% 263
\BOOKMARK [3][-]{subsubsection*.178}{\376\377\000F\000i\000n\000a\000l\000\040\000s\000c\000e\000n\000a\000r\000i\000o}{subsection.1.16.5}% 264
\BOOKMARK [3][-]{subsubsection*.179}{\376\377\000I\000n\000p\000u\000t\000\040\000s\000c\000e\000n\000a\000r\000i\000o}{subsection.1.16.5}% 265
\BOOKMARK [3][-]{subsubsection*.180}{\376\377\000O\000u\000t\000p\000u\000t\000\040\000s\000c\000e\000n\000a\000r\000i\000o}{subsection.1.16.5}% 266
\BOOKMARK [3][-]{subsubsection*.181}{\376\377\000D\000e\000v\000e\000l\000o\000p\000i\000n\000g\000\040\000p\000r\000e\000s\000e\000n\000t\000a\000t\000i\000o\000n\000\040\000m\000o\000d\000u\000l\000e\000s\000\040\000w\000i\000t\000h\000\040\000V\000i\000r\000t\000e\000l\000\040\000S\000t\000u\000d\000i\000o}{subsection.1.16.5}% 267
\BOOKMARK [2][-]{subsection.1.16.6}{\376\377\000V\000i\000r\000t\000e\000l\000\040\000S\000c\000e\000n\000a\000r\000i\000o\000\040\000l\000a\000n\000g\000u\000a\000g\000e}{section.1.16}% 268
\BOOKMARK [3][-]{subsubsection*.182}{\376\377\000S\000C\000E\000N\000A\000R\000I\000O\000\040\000i\000n\000s\000t\000r\000u\000c\000t\000i\000o\000n\000s}{subsection.1.16.6}% 269
\BOOKMARK [3][-]{subsubsection*.183}{\376\377\000S\000C\000R\000E\000E\000N\000S\000\040\000i\000n\000s\000t\000r\000u\000c\000t\000i\000o\000n}{subsection.1.16.6}% 270
\BOOKMARK [3][-]{subsubsection*.184}{\376\377\000S\000C\000R\000N\000E\000N\000D\000\040\000i\000n\000s\000t\000r\000u\000c\000t\000i\000o\000n}{subsection.1.16.6}% 271
\BOOKMARK [3][-]{subsubsection*.185}{\376\377\000A\000C\000T\000I\000O\000N\000\044\000\040\000i\000n\000s\000t\000r\000u\000c\000t\000i\000o\000n}{subsection.1.16.6}% 272
\BOOKMARK [3][-]{subsubsection*.187}{\376\377\000C\000A\000S\000E\000\044\000\040\000i\000n\000s\000t\000r\000u\000c\000t\000i\000o\000n}{subsection.1.16.6}% 273
\BOOKMARK [3][-]{subsubsection*.188}{\376\377\000C\000O\000N\000V\000E\000R\000T\000\044\000\040\000i\000n\000s\000t\000r\000u\000c\000t\000i\000o\000n}{subsection.1.16.6}% 274
\BOOKMARK [3][-]{subsubsection*.190}{\376\377\000C\000O\000P\000Y\000\044\000\040\000i\000n\000s\000t\000r\000u\000c\000t\000i\000o\000n}{subsection.1.16.6}% 275
\BOOKMARK [3][-]{subsubsection*.191}{\376\377\000D\000E\000B\000U\000G\000\044\000\040\000i\000n\000s\000t\000r\000u\000c\000t\000i\000o\000n}{subsection.1.16.6}% 276
\BOOKMARK [3][-]{subsubsection*.192}{\376\377\000D\000E\000C\000L\000A\000R\000E\000\044\000\040\000i\000n\000s\000t\000r\000u\000c\000t\000i\000o\000n}{subsection.1.16.6}% 277
\BOOKMARK [3][-]{subsubsection*.194}{\376\377\000E\000N\000D\000F\000O\000R\000\044\000\040\000i\000n\000s\000t\000r\000u\000c\000t\000i\000o\000n}{subsection.1.16.6}% 278
\BOOKMARK [3][-]{subsubsection*.195}{\376\377\000E\000R\000R\000O\000R\000\044\000\040\000i\000n\000s\000t\000r\000u\000c\000t\000i\000o\000n}{subsection.1.16.6}% 279
\BOOKMARK [3][-]{subsubsection*.196}{\376\377\000F\000I\000E\000L\000D\000\044\000\040\000i\000n\000s\000t\000r\000u\000c\000t\000i\000o\000n}{subsection.1.16.6}% 280
\BOOKMARK [3][-]{subsubsection*.197}{\376\377\000F\000I\000L\000T\000E\000R\000\044\000\040\000i\000n\000s\000t\000r\000u\000c\000t\000i\000o\000n}{subsection.1.16.6}% 281
\BOOKMARK [3][-]{subsubsection*.198}{\376\377\000F\000O\000R\000E\000A\000C\000H\000\044}{subsection.1.16.6}% 282
\BOOKMARK [3][-]{subsubsection*.200}{\376\377\000G\000O\000T\000O\000\044\000\040\000i\000n\000s\000t\000r\000u\000c\000t\000i\000o\000n}{subsection.1.16.6}% 283
\BOOKMARK [3][-]{subsubsection*.201}{\376\377\000H\000A\000N\000D\000L\000E\000\044\000\040\000i\000n\000s\000t\000r\000u\000c\000t\000i\000o\000n}{subsection.1.16.6}% 284
\BOOKMARK [3][-]{subsubsection*.203}{\376\377\000I\000F\000\044\000\040\000i\000n\000s\000t\000r\000u\000c\000t\000i\000o\000n}{subsection.1.16.6}% 285
\BOOKMARK [3][-]{subsubsection*.204}{\376\377\000I\000N\000D\000S\000C\000E\000N\000\044\000\040\000i\000n\000s\000t\000r\000u\000c\000t\000i\000o\000n}{subsection.1.16.6}% 286
\BOOKMARK [3][-]{subsubsection*.205}{\376\377\000L\000A\000B\000E\000L\000\044\000\040\000i\000n\000s\000t\000r\000u\000c\000t\000i\000o\000n}{subsection.1.16.6}% 287
\BOOKMARK [3][-]{subsubsection*.207}{\376\377\000M\000A\000P\000\044\000\040\000i\000n\000s\000t\000r\000u\000c\000t\000i\000o\000n}{subsection.1.16.6}% 288
\BOOKMARK [3][-]{subsubsection*.214}{\376\377\000O\000P\000T\000I\000O\000N\000\044\000\040\000i\000n\000s\000t\000r\000u\000c\000t\000i\000o\000n}{subsection.1.16.6}% 289
\BOOKMARK [3][-]{subsubsection*.215}{\376\377\000P\000E\000R\000F\000O\000R\000M\000\044\000\040\000i\000n\000s\000t\000r\000u\000c\000t\000i\000o\000n}{subsection.1.16.6}% 290
\BOOKMARK [3][-]{subsubsection*.216}{\376\377\000P\000O\000P\000\044\000\040\000i\000n\000s\000t\000r\000u\000c\000t\000i\000o\000n}{subsection.1.16.6}% 291
\BOOKMARK [3][-]{subsubsection*.217}{\376\377\000R\000E\000T\000U\000R\000N\000\044\000\040\000i\000n\000s\000t\000r\000u\000c\000t\000i\000o\000n}{subsection.1.16.6}% 292
\BOOKMARK [3][-]{subsubsection*.218}{\376\377\000S\000E\000N\000D\000\044\000\040\000i\000n\000s\000t\000r\000u\000c\000t\000i\000o\000n}{subsection.1.16.6}% 293
\BOOKMARK [3][-]{subsubsection*.219}{\376\377\000S\000E\000T\000\044\000\040\000i\000n\000s\000t\000r\000u\000c\000t\000i\000o\000n}{subsection.1.16.6}% 294
\BOOKMARK [3][-]{subsubsection*.224}{\376\377\000T\000O\000V\000A\000R\000\044\000\040\000i\000n\000s\000t\000r\000u\000c\000t\000i\000o\000n}{subsection.1.16.6}% 295
\BOOKMARK [3][-]{subsubsection*.226}{\376\377\000V\000I\000R\000S\000V\000\044\000\040\000i\000n\000s\000t\000r\000u\000c\000t\000i\000o\000n}{subsection.1.16.6}% 296
\BOOKMARK [3][-]{subsubsection*.227}{\376\377\000S\000u\000b\000r\000o\000u\000t\000i\000n\000e\000\040\000s\000c\000e\000n\000a\000r\000i\000o}{subsection.1.16.6}% 297
\BOOKMARK [3][-]{subsubsection*.228}{\376\377\000M\000u\000l\000t\000i\000-\000S\000e\000s\000s\000i\000o\000n\000\040\000s\000c\000e\000n\000a\000r\000i\000o\000s}{subsection.1.16.6}% 298
\BOOKMARK [2][-]{subsection.1.16.7}{\376\377\000E\000x\000a\000m\000p\000l\000e\000s\000\040\000o\000f\000\040\000V\000I\000R\000T\000E\000L\000\040\000W\000e\000b\000\040\000M\000o\000d\000e\000r\000n\000i\000s\000a\000t\000i\000o\000n\000\040\000S\000c\000e\000n\000a\000r\000i\000o\000s}{section.1.16}% 299
\BOOKMARK [3][-]{subsubsection*.229}{\376\377\000C\000r\000e\000a\000t\000i\000o\000n\000\040\000o\000f\000\040\000a\000\040\000l\000i\000s\000t\000\040\000o\000f\000\040\000v\000a\000l\000u\000e\000s\000\040\000f\000o\000r\000\040\000a\000\040\000s\000e\000l\000e\000c\000t\000e\000d\000\040\000f\000i\000e\000l\000d}{subsection.1.16.7}% 300
\BOOKMARK [3][-]{subsubsection*.230}{\376\377\000M\000a\000k\000i\000n\000g\000\040\000c\000l\000i\000c\000k\000a\000b\000l\000e\000\040\000f\000i\000e\000l\000d\000s}{subsection.1.16.7}% 301
\BOOKMARK [3][-]{subsubsection*.231}{\376\377\000A\000d\000d\000i\000n\000g\000\040\000c\000a\000l\000e\000n\000d\000a\000r\000s\000\040\000t\000o\000\040\000d\000a\000t\000e\000\040\000f\000i\000e\000l\000d\000s}{subsection.1.16.7}% 302
\BOOKMARK [3][-]{subsubsection*.232}{\376\377\000V\000I\000R\000T\000E\000L\000\040\000S\000U\000G\000G\000U\000E\000S\000T}{subsection.1.16.7}% 303
\BOOKMARK [2][-]{subsection.1.16.8}{\376\377\000S\000c\000e\000n\000a\000r\000i\000o\000\040\000A\000U\000T\000O\000R\000E\000F\000R\000E\000S\000H}{section.1.16}% 304
\BOOKMARK [2][-]{subsection.1.16.9}{\376\377\000P\000D\000F\000\040\000o\000u\000t\000p\000u\000t\000\040\000g\000e\000n\000e\000r\000a\000t\000i\000o\000n}{section.1.16}% 305
\BOOKMARK [1][-]{section.1.17}{\376\377\000V\000I\000R\000T\000E\000L\000\040\000W\000e\000b\000\040\000I\000n\000t\000e\000g\000r\000a\000t\000i\000o\000n}{chapter.1}% 306
\BOOKMARK [2][-]{subsection.1.17.1}{\376\377\000P\000a\000r\000s\000i\000n\000g\000\040\000Q\000u\000e\000r\000y\000\040\000i\000n\000p\000u\000t}{section.1.17}% 307
\BOOKMARK [3][-]{subsubsection*.235}{\376\377\000H\000T\000T\000P\000\040\000r\000e\000q\000u\000e\000s\000t\000\040\000w\000i\000t\000h\000\040\000Q\000u\000e\000r\000y\000\040\000d\000a\000t\000a\000\040\000\050\000G\000E\000T\000\040\000m\000e\000t\000h\000o\000d\000\051}{subsection.1.17.1}% 308
\BOOKMARK [3][-]{subsubsection*.236}{\376\377\000H\000T\000T\000P\000\040\000r\000e\000q\000u\000e\000s\000t\000\040\000w\000i\000t\000h\000\040\000Q\000u\000e\000r\000y\000\040\000d\000a\000t\000a\000\040\000\050\000P\000O\000S\000T\000\040\000m\000e\000t\000h\000o\000d\000\051}{subsection.1.17.1}% 309
\BOOKMARK [3][-]{subsubsection*.237}{\376\377\000P\000r\000e\000s\000e\000n\000t\000a\000t\000i\000o\000n\000\040\000m\000o\000d\000u\000l\000e\000\040\000f\000o\000r\000\040\000Q\000u\000e\000r\000y\000\040\000i\000n\000p\000u\000t\000\040\000d\000a\000t\000a}{subsection.1.17.1}% 310
\BOOKMARK [3][-]{subsubsection*.238}{\376\377\000C\000o\000n\000t\000e\000n\000t\000s\000\040\000o\000f\000\040\000g\000e\000n\000e\000r\000a\000t\000e\000d\000\040\000c\000o\000m\000m\000a\000r\000e\000a}{subsection.1.17.1}% 311
\BOOKMARK [3][-]{subsubsection*.239}{\376\377\000T\000r\000a\000n\000s\000a\000c\000t\000i\000o\000n\000\040\000d\000e\000f\000i\000n\000i\000t\000i\000o\000n\000\040\000f\000o\000r\000\040\000Q\000u\000e\000r\000y\000\040\000i\000n\000p\000u\000t\000\040\000d\000a\000t\000a}{subsection.1.17.1}% 312
\BOOKMARK [2][-]{subsection.1.17.2}{\376\377\000P\000a\000r\000s\000i\000n\000g\000\040\000X\000M\000L\000\040\000i\000n\000p\000u\000t}{section.1.17}% 313
\BOOKMARK [3][-]{subsubsection*.242}{\376\377\000H\000T\000T\000P\000\040\000r\000e\000q\000u\000e\000s\000t\000\040\000w\000i\000t\000h\000\040\000X\000M\000L\000\040\000i\000n\000p\000u\000t\000\040\000d\000a\000t\000a}{subsection.1.17.2}% 314
\BOOKMARK [3][-]{subsubsection*.243}{\376\377\000P\000r\000e\000s\000e\000n\000t\000a\000t\000i\000o\000n\000\040\000m\000o\000d\000u\000l\000e\000\040\000f\000o\000r\000\040\000X\000M\000L\000\040\000i\000n\000p\000u\000t\000\040\000d\000a\000t\000a}{subsection.1.17.2}% 315
\BOOKMARK [3][-]{subsubsection*.244}{\376\377\000C\000o\000n\000t\000e\000n\000t\000s\000\040\000o\000f\000\040\000g\000e\000n\000e\000r\000a\000t\000e\000d\000\040\000c\000o\000m\000m\000a\000r\000e\000a}{subsection.1.17.2}% 316
\BOOKMARK [3][-]{subsubsection*.246}{\376\377\000S\000e\000n\000d\000i\000n\000g\000\040\000X\000M\000L\000\040\000i\000n\000p\000u\000t\000\040\000a\000s\000\040\000U\000R\000L\000-\000e\000n\000c\000o\000d\000e\000d\000\040\000d\000a\000t\000a}{subsection.1.17.2}% 317
\BOOKMARK [3][-]{subsubsection*.247}{\376\377\000T\000r\000a\000n\000s\000a\000c\000t\000i\000o\000n\000\040\000d\000e\000f\000i\000n\000i\000t\000i\000o\000n\000\040\000f\000o\000r\000\040\000X\000M\000L\000\040\000i\000n\000p\000u\000t\000\040\000d\000a\000t\000a}{subsection.1.17.2}% 318
\BOOKMARK [3][-]{subsubsection*.248}{\376\377\000X\000M\000L\000\040\000i\000n\000p\000u\000t\000\040\000w\000i\000t\000h\000\040\000a\000t\000t\000r\000i\000b\000u\000t\000e\000s\000\040\000a\000n\000d\000\040\000r\000e\000p\000e\000a\000t\000i\000n\000g\000\040\000g\000r\000o\000u\000p\000s}{subsection.1.17.2}% 319
\BOOKMARK [3][-]{subsubsection*.249}{\376\377\000X\000M\000L\000\040\000i\000n\000p\000u\000t\000\040\000w\000i\000t\000h\000\040\000r\000e\000d\000e\000f\000i\000n\000i\000t\000i\000o\000n\000\040\000o\000f\000\040\000f\000i\000e\000l\000d\000s}{subsection.1.17.2}% 320
\BOOKMARK [2][-]{subsection.1.17.3}{\376\377\000P\000r\000e\000s\000e\000n\000t\000a\000t\000i\000o\000n\000\040\000o\000f\000\040\000X\000M\000L\000\040\000o\000u\000t\000p\000u\000t}{section.1.17}% 321
\BOOKMARK [3][-]{subsubsection*.250}{\376\377\000P\000r\000e\000s\000e\000n\000t\000a\000t\000i\000o\000n\000\040\000m\000o\000d\000u\000l\000e\000\040\000f\000o\000r\000\040\000X\000M\000L\000\040\000o\000u\000t\000p\000u\000t}{subsection.1.17.3}% 322
\BOOKMARK [3][-]{subsubsection*.251}{\376\377\000P\000a\000g\000e\000\040\000t\000e\000m\000p\000l\000a\000t\000e\000\040\000f\000o\000r\000\040\000X\000M\000L\000\040\000o\000u\000t\000p\000u\000t}{subsection.1.17.3}% 323
\BOOKMARK [2][-]{subsection.1.17.4}{\376\377\000V\000I\000R\000T\000E\000L\000\040\000a\000s\000\040\000a\000n\000\040\000X\000M\000L\000\040\000p\000a\000r\000s\000e\000r\000/\000g\000e\000n\000e\000r\000a\000t\000o\000r}{section.1.17}% 324
\BOOKMARK [3][-]{subsubsection*.253}{\376\377\000C\000o\000m\000m\000u\000n\000i\000c\000a\000t\000i\000o\000n\000\040\000v\000i\000a\000\040\000V\000I\000R\000K\000I\000X}{subsection.1.17.4}% 325
\BOOKMARK [3][-]{subsubsection*.254}{\376\377\000E\000x\000a\000m\000p\000l\000e\000\040\000M\000A\000P\000\044\000\040\000s\000t\000a\000t\000e\000m\000e\000n\000t\000s}{subsection.1.17.4}% 326
\BOOKMARK [3][-]{subsubsection*.255}{\376\377\000X\000M\000L\000-\000t\000o\000-\000c\000o\000m\000m\000a\000r\000e\000a\000\040\000c\000o\000n\000v\000e\000r\000s\000i\000o\000n\000\040\000u\000s\000i\000n\000g\000\040\000t\000h\000e\000\040\000V\000I\000R\000T\000E\000L\000\040\000X\000M\000L\000\040\000p\000a\000r\000s\000e\000r}{subsection.1.17.4}% 327
\BOOKMARK [3][-]{subsubsection*.257}{\376\377\000C\000o\000m\000m\000a\000r\000e\000a\000-\000t\000o\000-\000X\000M\000L\000\040\000c\000o\000n\000v\000e\000r\000s\000i\000o\000n\000\040\000u\000s\000i\000n\000g\000\040\000t\000h\000e\000\040\000V\000I\000R\000T\000E\000L\000\040\000X\000M\000L\000\040\000g\000e\000n\000e\000r\000a\000t\000o\000r}{subsection.1.17.4}% 328
\BOOKMARK [2][-]{subsection.1.17.5}{\376\377\000A\000u\000t\000o\000m\000a\000t\000i\000c\000\040\000s\000c\000e\000n\000a\000r\000i\000o\000\040\000g\000e\000n\000e\000r\000a\000t\000i\000o\000n}{section.1.17}% 329
\BOOKMARK [3][-]{subsubsection*.259}{\376\377\000M\000A\000P\000G\000E\000N\000\040\000p\000r\000o\000g\000r\000a\000m}{subsection.1.17.5}% 330
\BOOKMARK [1][-]{section.1.18}{\376\377\000I\000n\000c\000o\000m\000i\000n\000g\000\040\000E\000-\000m\000a\000i\000l\000s}{chapter.1}% 331
\BOOKMARK [2][-]{subsection.1.18.1}{\376\377\000R\000u\000l\000e\000s\000\040\000o\000f\000\040\000t\000h\000e\000\040\000S\000M\000T\000P\000\040\000l\000i\000n\000e}{section.1.18}% 332
\BOOKMARK [2][-]{subsection.1.18.2}{\376\377\000F\000i\000l\000e\000\040\000t\000r\000a\000n\000s\000f\000e\000r\000\040\000b\000y\000\040\000e\000-\000m\000a\000i\000l}{section.1.18}% 333
\BOOKMARK [2][-]{subsection.1.18.3}{\376\377\000S\000t\000a\000r\000t\000i\000n\000g\000\040\000a\000n\000\040\000a\000p\000p\000l\000i\000c\000a\000t\000i\000o\000n\000\040\000b\000y\000\040\000E\000-\000M\000a\000i\000l}{section.1.18}% 334
\BOOKMARK [1][-]{section.1.19}{\376\377\000V\000I\000R\000T\000E\000L\000\040\000B\000a\000t\000c\000h}{chapter.1}% 335
\BOOKMARK [2][-]{subsection.1.19.1}{\376\377\000A\000s\000s\000e\000m\000b\000l\000i\000n\000g\000\040\000t\000h\000e\000\040\000V\000I\000R\000T\000C\000T\000\040\000f\000o\000r\000\040\000V\000I\000R\000T\000E\000L\000\040\000B\000a\000t\000c\000h}{section.1.19}% 336
\BOOKMARK [2][-]{subsection.1.19.2}{\376\377\000A\000l\000l\000o\000c\000a\000t\000i\000n\000g\000\040\000t\000h\000e\000\040\000p\000a\000g\000e\000\040\000t\000e\000m\000p\000l\000a\000t\000e\000\040\000f\000i\000l\000e\000\040\000f\000o\000r\000\040\000V\000I\000R\000T\000E\000L\000\040\000B\000a\000t\000c\000h}{section.1.19}% 337
\BOOKMARK [2][-]{subsection.1.19.3}{\376\377\000A\000l\000l\000o\000c\000a\000t\000i\000n\000g\000\040\000w\000o\000r\000k\000\040\000f\000i\000l\000e\000s\000\040\000f\000o\000r\000\040\000V\000I\000R\000T\000E\000L\000\040\000B\000a\000t\000c\000h}{section.1.19}% 338
\BOOKMARK [2][-]{subsection.1.19.4}{\376\377\000R\000u\000n\000n\000i\000n\000g\000\040\000t\000h\000e\000\040\000V\000I\000R\000T\000E\000L\000\040\000B\000a\000t\000c\000h\000\040\000j\000o\000b}{section.1.19}% 339
\BOOKMARK [2][-]{subsection.1.19.5}{\376\377\000V\000I\000R\000T\000E\000L\000\040\000B\000a\000t\000c\000h\000\040\000c\000o\000m\000m\000a\000n\000d\000s}{section.1.19}% 340
\BOOKMARK [3][-]{subsubsection*.262}{\376\377\000V\000I\000R\000T\000E\000L\000\040\000B\000a\000t\000c\000h\000\040\000G\000E\000T\000\040\000c\000o\000m\000m\000a\000n\000d}{subsection.1.19.5}% 341
\BOOKMARK [3][-]{subsubsection*.263}{\376\377\000V\000I\000R\000T\000E\000L\000\040\000B\000a\000t\000c\000h\000\040\000P\000O\000S\000T\000\040\000c\000o\000m\000m\000a\000n\000d}{subsection.1.19.5}% 342
\BOOKMARK [2][-]{subsection.1.19.6}{\376\377\000V\000I\000R\000T\000E\000L\000\040\000B\000a\000t\000c\000h\000\040\000R\000A\000W\000\040\000c\000o\000m\000m\000a\000n\000d}{section.1.19}% 343
\BOOKMARK [2][-]{subsection.1.19.7}{\376\377\000V\000I\000R\000T\000E\000L\000\040\000B\000a\000t\000c\000h\000\040\000r\000e\000t\000u\000r\000n\000\040\000c\000o\000d\000e\000s}{section.1.19}% 344
\BOOKMARK [0][-]{chapter.2}{\376\377\000O\000u\000t\000g\000o\000i\000n\000g\000\040\000C\000a\000l\000l\000s}{}% 345
\BOOKMARK [1][-]{section.2.1}{\376\377\000O\000u\000t\000g\000o\000i\000n\000g\000\040\000E\000-\000m\000a\000i\000l\000s}{chapter.2}% 346
\BOOKMARK [0][-]{chapter.3}{\376\377\000P\000r\000o\000g\000r\000a\000m\000m\000i\000n\000g\000\040\000I\000n\000t\000e\000r\000f\000a\000c\000e\000s}{}% 347
\BOOKMARK [1][-]{section.3.1}{\376\377\000S\000t\000r\000u\000c\000t\000r\000e\000d\000\040\000F\000i\000e\000l\000d\000s}{chapter.3}% 348
\BOOKMARK [2][-]{subsection.3.1.1}{\376\377\000G\000e\000n\000e\000r\000a\000l\000\040\000f\000o\000r\000m\000a\000t\000\040\000o\000f\000\040\000a\000\040\0003\0002\0007\0000\000\040\000s\000t\000r\000u\000c\000t\000u\000r\000e\000d\000\040\000f\000i\000e\000l\000d}{section.3.1}% 349
\BOOKMARK [2][-]{subsection.3.1.2}{\376\377\000S\000e\000n\000d\000i\000n\000g\000\040\000s\000t\000r\000u\000c\000t\000u\000r\000e\000d\000\040\000f\000i\000e\000l\000d\000s\000\040\000v\000i\000a\000\040\000t\000h\000e\000\040\000W\000r\000i\000t\000e\000\040\000S\000t\000r\000u\000c\000t\000u\000r\000e\000d\000\040\000F\000i\000e\000l\000d\000\040\000c\000o\000m\000m\000a\000n\000d}{section.3.1}% 350
\BOOKMARK [2][-]{subsection.3.1.3}{\376\377\000S\000e\000n\000d\000i\000n\000g\000\040\000s\000t\000r\000u\000c\000t\000u\000r\000e\000d\000\040\000f\000i\000e\000l\000d\000s\000\040\000u\000s\000i\000n\000g\000\040\000t\000h\000e\000\040\000S\000R\000T\000V\000I\000R\000T\000E\000L\000\040\000p\000r\000e\000f\000i\000x}{section.3.1}% 351
\BOOKMARK [2][-]{subsection.3.1.4}{\376\377\000H\000o\000w\000\040\000T\000o\000\040\000D\000e\000t\000e\000r\000m\000i\000n\000e\000\040\000I\000f\000\040\000R\000u\000n\000n\000i\000n\000g\000\040\000U\000n\000d\000e\000r\000\040\000V\000i\000r\000t\000e\000l}{section.3.1}% 352
\BOOKMARK [3][-]{subsubsection*.264}{\376\377\000U\000s\000e\000\040\000a\000\040\000d\000i\000f\000f\000e\000r\000e\000n\000t\000\040\000t\000r\000a\000n\000s\000a\000c\000t\000i\000o\000n\000\040\000c\000o\000d\000e}{subsection.3.1.4}% 353
\BOOKMARK [3][-]{subsubsection*.265}{\376\377\000I\000n\000c\000l\000u\000d\000e\000\040\000p\000a\000r\000a\000m\000e\000t\000e\000r\000s\000\040\000a\000f\000t\000e\000r\000\040\000t\000h\000e\000\040\000t\000r\000a\000n\000s\000a\000c\000t\000i\000o\000n\000\040\000c\000o\000d\000e}{subsection.3.1.4}% 354
\BOOKMARK [3][-]{subsubsection*.266}{\376\377\000U\000s\000e\000\040\000a\000\040\000s\000p\000e\000c\000i\000f\000i\000c\000\040\000r\000a\000n\000g\000e\000\040\000o\000f\000\040\000t\000e\000r\000m\000i\000n\000a\000l\000\040\000n\000a\000m\000e\000s}{subsection.3.1.4}% 355
\BOOKMARK [2][-]{subsection.3.1.5}{\376\377\000F\000A\0008\0008\000:\000\040\000T\000r\000a\000n\000s\000m\000i\000t\000\040\000l\000a\000r\000g\000e\000\040\000d\000a\000t\000a\000\040\000m\000e\000s\000s\000a\000g\000e\000\040\000t\000o\000\040\000a\000p\000p\000l\000i\000c\000a\000t\000i\000o\000n}{section.3.1}% 356
\BOOKMARK [2][-]{subsection.3.1.6}{\376\377\000F\000A\000C\0008\000:\000\040\000S\000e\000l\000e\000c\000t\000i\000o\000n\000\040\000o\000f\000\040\000p\000a\000g\000e\000\040\000t\000e\000m\000p\000l\000a\000t\000e}{section.3.1}% 357
\BOOKMARK [3][-]{subsubsection*.267}{\376\377\000S\000t\000r\000u\000c\000t\000u\000r\000e\000d\000\040\000f\000i\000e\000l\000d\000\040\000F\000A\000C\0008\000\040\000c\000o\000d\000e\000\040\0000\0006}{subsection.3.1.6}% 358
\BOOKMARK [3][-]{subsubsection*.268}{\376\377\000S\000t\000r\000u\000c\000t\000u\000r\000e\000d\000\040\000f\000i\000e\000l\000d\000\040\000F\000A\000C\0008\000\040\000c\000o\000d\000e\000\040\0000\0007}{subsection.3.1.6}% 359
\BOOKMARK [3][-]{subsubsection*.269}{\376\377\000C\000O\000B\000O\000L\000\040\000e\000x\000a\000m\000p\000l\000e\000\040\000u\000s\000i\000n\000g\000\040\000F\000A\000C\0008}{subsection.3.1.6}% 360
\BOOKMARK [2][-]{subsection.3.1.7}{\376\377\000F\000A\000E\0005\000,\000\040\000F\000A\000E\0006\000:\000\040\000S\000e\000n\000d\000i\000n\000g\000\040\000a\000\040\000t\000a\000b\000l\000e\000\040\000v\000a\000r\000i\000a\000b\000l\000e}{section.3.1}% 361
\BOOKMARK [3][-]{subsubsection*.271}{\376\377\000S\000t\000r\000u\000c\000t\000u\000r\000e\000d\000\040\000f\000i\000e\000l\000d\000\040\000F\000A\000E\0005}{subsection.3.1.7}% 362
\BOOKMARK [3][-]{subsubsection*.272}{\376\377\000S\000t\000r\000u\000c\000t\000u\000r\000e\000d\000\040\000f\000i\000e\000l\000d\000\040\000F\000A\000E\0006}{subsection.3.1.7}% 363
\BOOKMARK [3][-]{subsubsection*.273}{\376\377\000C\000O\000B\000O\000L\000\040\000e\000x\000a\000m\000p\000l\000e\000\040\000u\000s\000i\000n\000g\000\040\000F\000A\000E\0005}{subsection.3.1.7}% 364
\BOOKMARK [2][-]{subsection.3.1.8}{\376\377\000C\000a\000l\000l\000\040\000I\000n\000t\000e\000r\000f\000a\000c\000e}{section.3.1}% 365
\BOOKMARK [3][-]{subsubsection*.274}{\376\377\000C\000A\000L\000L\000\040\000V\000I\000R\000S\000E\000T\000A}{subsection.3.1.8}% 366
\BOOKMARK [3][-]{subsubsection*.275}{\376\377\000C\000A\000L\000L\000\040\000V\000I\000R\000S\000E\000T\000A\000\040\000p\000a\000r\000a\000m\000e\000t\000e\000r\000s}{subsection.3.1.8}% 367
\BOOKMARK [3][-]{subsubsection*.276}{\376\377\000C\000A\000L\000L\000\040\000V\000I\000R\000S\000E\000T\000A\000\040\000e\000x\000a\000m\000p\000l\000e}{subsection.3.1.8}% 368
\BOOKMARK [3][-]{subsubsection*.277}{\376\377\000C\000A\000L\000L\000\040\000V\000I\000R\000S\000E\000T\000A\000\040\000r\000e\000t\000u\000r\000n\000\040\000c\000o\000d\000e\000s}{subsection.3.1.8}% 369
\BOOKMARK [3][-]{subsubsection*.278}{\376\377\000C\000A\000L\000L\000\040\000V\000I\000R\000S\000E\000T\000V\000\040\000\050\000C\000I\000C\000S\000\051}{subsection.3.1.8}% 370
\BOOKMARK [3][-]{subsubsection*.279}{\376\377\000C\000A\000L\000L\000\040\000V\000I\000R\000S\000E\000T\000V\000\040\000p\000a\000r\000a\000m\000e\000t\000e\000r\000s}{subsection.3.1.8}% 371
\BOOKMARK [3][-]{subsubsection*.280}{\376\377\000C\000A\000L\000L\000\040\000V\000I\000R\000S\000E\000T\000V\000\040\000e\000x\000a\000m\000p\000l\000e}{subsection.3.1.8}% 372
\BOOKMARK [3][-]{subsubsection*.281}{\376\377\000C\000A\000L\000L\000\040\000V\000I\000R\000S\000E\000T\000V\000\040\000r\000e\000t\000u\000r\000n\000\040\000c\000o\000d\000e\000s}{subsection.3.1.8}% 373
\BOOKMARK [3][-]{subsubsection*.282}{\376\377\000C\000A\000L\000L\000\040\000V\000I\000R\000S\000E\000T\000A\000I\000\040\000\050\000I\000M\000S\000\051}{subsection.3.1.8}% 374
\BOOKMARK [3][-]{subsubsection*.283}{\376\377\000C\000A\000L\000L\000\040\000V\000I\000R\000S\000E\000T\000A\000I\000\040\000p\000a\000r\000a\000m\000e\000t\000e\000r\000s}{subsection.3.1.8}% 375
\BOOKMARK [3][-]{subsubsection*.284}{\376\377\000C\000A\000L\000L\000\040\000V\000I\000R\000S\000E\000T\000A\000I\000\040\000e\000x\000a\000m\000p\000l\000e}{subsection.3.1.8}% 376
\BOOKMARK [3][-]{subsubsection*.285}{\376\377\000C\000A\000L\000L\000\040\000V\000I\000R\000S\000E\000T\000V\000I\000\040\000\050\000I\000M\000S\000\051}{subsection.3.1.8}% 377
\BOOKMARK [3][-]{subsubsection*.286}{\376\377\000C\000A\000L\000L\000\040\000V\000I\000R\000S\000E\000T\000V\000I\000\040\000p\000a\000r\000a\000m\000e\000t\000e\000r\000s}{subsection.3.1.8}% 378
\BOOKMARK [3][-]{subsubsection*.287}{\376\377\000C\000A\000L\000L\000\040\000V\000I\000R\000S\000E\000T\000V\000I\000\040\000e\000x\000a\000m\000p\000l\000e}{subsection.3.1.8}% 379
\BOOKMARK [3][-]{subsubsection*.288}{\376\377\000C\000A\000L\000L\000\040\000V\000I\000R\000T\000E\000L\000\040\000\050\000C\000I\000C\000S\000\051}{subsection.3.1.8}% 380
\BOOKMARK [3][-]{subsubsection*.289}{\376\377\000C\000A\000L\000L\000\040\000V\000I\000R\000T\000E\000L\000\040\000e\000x\000a\000m\000p\000l\000e}{subsection.3.1.8}% 381
\BOOKMARK [3][-]{subsubsection*.290}{\376\377\000C\000A\000L\000L\000\040\000V\000I\000R\000T\000E\000L\000\040\000r\000e\000t\000u\000r\000n\000\040\000c\000o\000d\000e\000s}{subsection.3.1.8}% 382
\BOOKMARK [2][-]{subsection.3.1.9}{\376\377\000H\000O\000S\000T\0004\000W\000E\000B\000\040\000c\000o\000m\000m\000a\000n\000d\000s}{section.3.1}% 383
\BOOKMARK [3][-]{subsubsection*.292}{\376\377\000P\000r\000o\000c\000e\000s\000s\000i\000n\000g\000\040\000c\000o\000n\000d\000i\000t\000i\000o\000n\000s}{subsection.3.1.9}% 384
\BOOKMARK [3][-]{subsubsection*.293}{\376\377\0002\000V\000I\000R\000T\000E\000L\000\040\000p\000r\000e\000f\000i\000x}{subsection.3.1.9}% 385
\BOOKMARK [3][-]{subsubsection*.294}{\376\377\000L\000i\000s\000t\000\040\000o\000f\000\040\000c\000o\000m\000m\000a\000n\000d\000s}{subsection.3.1.9}% 386
\BOOKMARK [3][-]{subsubsection*.295}{\376\377\000C\000\040\000A\000U\000T\000O\000\040\000V\000A\000R\000I\000A\000B\000L\000E\000S\000\040\000\050\000C\000o\000m\000m\000a\000n\000d\000\040\000A\000u\000t\000o\000\040\000V\000a\000r\000i\000a\000b\000l\000e\000s\000\051}{subsection.3.1.9}% 387
\BOOKMARK [3][-]{subsubsection*.296}{\376\377\000C\000\040\000K\000E\000E\000P\000\040\000V\000A\000R\000I\000A\000B\000L\000E\000S\000\040\000\050\000C\000o\000m\000m\000a\000n\000d\000\040\000K\000e\000e\000p\000\040\000V\000a\000r\000i\000a\000b\000l\000e\000s\000\051}{subsection.3.1.9}% 388
\BOOKMARK [3][-]{subsubsection*.297}{\376\377\000C\000\040\000K\000I\000L\000L\000\040\000V\000A\000R\000I\000A\000B\000L\000E\000S\000\040\000\050\000C\000o\000m\000m\000a\000n\000d\000\040\000K\000i\000l\000l\000\040\000V\000a\000r\000i\000a\000b\000l\000e\000s\000\051}{subsection.3.1.9}% 389
\BOOKMARK [3][-]{subsubsection*.298}{\376\377\000C\000\040\000R\000E\000T\000U\000R\000N\000\040\000\050\000C\000o\000m\000m\000a\000n\000d\000\040\000R\000e\000t\000u\000r\000n\000\051}{subsection.3.1.9}% 390
\BOOKMARK [3][-]{subsubsection*.299}{\376\377\000C\000\040\000S\000C\000A\000N\000\040\000N\000E\000X\000T\000\040\000S\000C\000R\000E\000E\000N\000\040\000\050\000C\000o\000m\000m\000a\000n\000d\000\040\000S\000c\000a\000n\000\051}{subsection.3.1.9}% 391
\BOOKMARK [3][-]{subsubsection*.300}{\376\377\000C\000\040\000W\000A\000I\000T\000\040\000N\000E\000X\000T\000\040\000S\000C\000R\000E\000E\000N\000\040\000\050\000C\000o\000m\000m\000a\000n\000d\000\040\000W\000a\000i\000t\000\051}{subsection.3.1.9}% 392
\BOOKMARK [3][-]{subsubsection*.301}{\376\377\000C\000\040\000T\000E\000R\000M\000S\000E\000S\000S\000\040\000\050\000C\000o\000m\000m\000a\000n\000d\000\040\000T\000e\000r\000m\000i\000n\000a\000t\000e\000\040\000S\000e\000s\000s\000i\000o\000n\000\051}{subsection.3.1.9}% 393
\BOOKMARK [3][-]{subsubsection*.302}{\376\377\000G\000\040\000E\000M\000U\000L\000A\000T\000I\000O\000N\000\040\000T\000Y\000P\000E\000\040\000\050\000G\000e\000t\000\040\000E\000m\000u\000l\000a\000t\000i\000o\000n\000\040\000T\000y\000p\000e\000\051}{subsection.3.1.9}% 394
\BOOKMARK [3][-]{subsubsection*.303}{\376\377\000G\000\040\000P\000A\000G\000E\000\040\000N\000A\000M\000E\000\040\000\050\000G\000e\000t\000\040\000C\000u\000r\000r\000e\000n\000t\000\040\000T\000e\000m\000p\000l\000a\000t\000e\000\040\000N\000a\000m\000e\000\051}{subsection.3.1.9}% 395
\BOOKMARK [3][-]{subsubsection*.304}{\376\377\000G\000\040\000U\000R\000L\000\040\000P\000A\000R\000A\000M\000E\000T\000E\000R\000\040\000\050\000G\000e\000t\000\040\000U\000R\000L\000\040\000P\000a\000r\000a\000m\000e\000t\000e\000r\000\051}{subsection.3.1.9}% 396
\BOOKMARK [3][-]{subsubsection*.305}{\376\377\000S\000\040\000D\000I\000R\000E\000C\000T\000O\000R\000Y\000\040\000\050\000S\000e\000t\000\040\000T\000e\000m\000p\000o\000r\000a\000r\000y\000\040\000D\000i\000r\000e\000c\000t\000o\000r\000y\000\040\000N\000a\000m\000e\000\051}{subsection.3.1.9}% 397
\BOOKMARK [3][-]{subsubsection*.306}{\376\377\000S\000\040\000G\000L\000O\000B\000A\000L\000\040\000P\000A\000G\000E\000\040\000\050\000S\000e\000t\000\040\000G\000l\000o\000b\000a\000l\000\040\000T\000e\000m\000p\000l\000a\000t\000e\000\040\000N\000a\000m\000e\000\051}{subsection.3.1.9}% 398
\BOOKMARK [3][-]{subsubsection*.307}{\376\377\000S\000\040\000P\000A\000G\000E\000\040\000\050\000S\000e\000t\000\040\000T\000e\000m\000p\000o\000r\000a\000r\000y\000\040\000T\000e\000m\000p\000l\000a\000t\000e\000\040\000N\000a\000m\000e\000\051}{subsection.3.1.9}% 399
\BOOKMARK [3][-]{subsubsection*.309}{\376\377\000S\000\040\000V\000A\000R\000I\000A\000B\000L\000E\000\040\000\050\000S\000e\000t\000\040\000V\000a\000r\000i\000a\000b\000l\000e\000\051}{subsection.3.1.9}% 400
\BOOKMARK [0][-]{chapter.4}{\376\377\000I\000n\000c\000o\000m\000i\000n\000g\000\040\000C\000a\000l\000l\000s}{}% 401
\BOOKMARK [1][-]{section.4.1}{\376\377\000I\000n\000c\000o\000m\000i\000n\000g\000\040\000E\000-\000m\000a\000i\000l\000s}{chapter.4}% 402
\BOOKMARK [2][-]{subsection.4.1.1}{\376\377\000F\000A\000C\0008\000:\000\040\000R\000e\000t\000r\000i\000e\000v\000e\000\040\000d\000a\000t\000a\000\040\000f\000r\000o\000m\000\040\000a\000n\000\040\000e\000-\000m\000a\000i\000l}{section.4.1}% 403
\BOOKMARK [3][-]{subsubsection*.311}{\376\377\000F\000A\000C\0008\000\040\000-\000\040\000S\000t\000r\000u\000c\000t\000u\000r\000e\000d\000\040\000f\000i\000e\000l\000d\000\040\000c\000o\000d\000e\000\040\0001\0003}{subsection.4.1.1}% 404
\BOOKMARK [3][-]{subsubsection*.312}{\376\377\000F\000A\000C\0008\000\040\000-\000\040\000S\000t\000r\000u\000c\000t\000u\000r\000e\000d\000\040\000f\000i\000e\000l\000d\000\040\000c\000o\000d\000e\000\040\0001\0003}{subsection.4.1.1}% 405
\BOOKMARK [3][-]{subsubsection*.313}{\376\377\000C\000O\000B\000O\000L\000\040\000F\000A\000C\0008\000\040\000e\000x\000a\000m\000p\000l\000e}{subsection.4.1.1}% 406
\BOOKMARK [2][-]{subsection.4.1.2}{\376\377\000F\000A\000D\0004\000:\000\040\000S\000e\000n\000d\000i\000n\000g\000\040\000a\000n\000\040\000e\000-\000m\000a\000i\000l\000\040\000f\000r\000o\000m\000\040\000a\000\040\000h\000o\000s\000t\000\040\000a\000p\000p\000l\000i\000c\000a\000t\000i\000o\000n}{section.4.1}% 407
\BOOKMARK [3][-]{subsubsection*.314}{\376\377\000C\000O\000B\000O\000L\000\040\000F\000A\000D\0004\000\040\000e\000x\000a\000m\000p\000l\000e}{subsection.4.1.2}% 408
\BOOKMARK [0][-]{chapter.5}{\376\377\000S\000e\000c\000u\000r\000i\000t\000y}{}% 409
\BOOKMARK [1][-]{section.5.1}{\376\377\000V\000I\000R\000T\000E\000L\000\040\000W\000e\000b\000\040\000A\000c\000c\000e\000s\000s\000\040\000S\000e\000c\000u\000r\000i\000t\000y}{chapter.5}% 410
\BOOKMARK [2][-]{subsection.5.1.1}{\376\377\000P\000a\000s\000s\000w\000o\000r\000d\000\040\000a\000n\000d\000\040\000P\000a\000s\000s\000p\000h\000r\000a\000s\000e\000\040\000c\000o\000n\000s\000t\000r\000a\000i\000n\000t\000s}{section.5.1}% 411
\BOOKMARK [2][-]{subsection.5.1.2}{\376\377\000S\000p\000e\000c\000i\000f\000y\000i\000n\000g\000\040\000s\000e\000c\000u\000r\000i\000t\000y\000\040\000i\000n\000\040\000t\000h\000e\000\040\000e\000n\000t\000r\000y\000\040\000p\000o\000i\000n\000t}{section.5.1}% 412
\BOOKMARK [2][-]{subsection.5.1.3}{\376\377\000S\000p\000e\000c\000i\000f\000y\000i\000n\000g\000\040\000s\000e\000c\000u\000r\000i\000t\000y\000\040\000i\000n\000\040\000t\000h\000e\000\040\000t\000r\000a\000n\000s\000a\000c\000t\000i\000o\000n}{section.5.1}% 413
\BOOKMARK [2][-]{subsection.5.1.4}{\376\377\000M\000i\000x\000e\000d\000-\000c\000a\000s\000e\000\040\000p\000a\000s\000s\000w\000o\000r\000d\000\040\000s\000u\000p\000p\000o\000r\000t}{section.5.1}% 414
\BOOKMARK [2][-]{subsection.5.1.5}{\376\377\000A\000u\000t\000o\000m\000a\000t\000i\000c\000\040\000r\000e\000t\000r\000i\000e\000v\000a\000l\000\040\000o\000f\000\040\000u\000s\000e\000r\000n\000a\000m\000e}{section.5.1}% 415
\BOOKMARK [2][-]{subsection.5.1.6}{\376\377\000D\000a\000t\000a\000\040\000e\000n\000c\000r\000y\000p\000t\000i\000o\000n\000\040\000b\000y\000\040\000A\000T\000-\000T\000L\000S\000/\000S\000S\000L}{section.5.1}% 416
\BOOKMARK [2][-]{subsection.5.1.7}{\376\377\000I\000d\000e\000n\000t\000i\000f\000i\000c\000a\000t\000i\000o\000n\000\040\000b\000y\000\040\000c\000e\000r\000t\000i\000f\000i\000c\000a\000t\000e}{section.5.1}% 417
\BOOKMARK [2][-]{subsection.5.1.8}{\376\377\000P\000a\000s\000s\000w\000o\000r\000d\000\040\000e\000n\000c\000r\000y\000p\000t\000i\000o\000n}{section.5.1}% 418
\BOOKMARK [2][-]{subsection.5.1.9}{\376\377\000S\000i\000g\000n\000o\000n\000\040\000u\000s\000i\000n\000g\000\040\000H\000T\000M\000L\000\040\000f\000i\000e\000l\000d\000s}{section.5.1}% 419
\BOOKMARK [2][-]{subsection.5.1.10}{\376\377\000V\000i\000r\000t\000e\000l\000\040\000R\000u\000l\000e\000s}{section.5.1}% 420
\BOOKMARK [0][-]{chapter.6}{\376\377\000H\000O\000W\000T\000O\000s}{}% 421
\BOOKMARK [1][-]{section.6.1}{\376\377\000H\000o\000w\000\040\000T\000o\000\040\000U\000s\000e\000\040\000D\000i\000f\000f\000e\000r\000e\000n\000t\000\040\000S\000c\000r\000e\000e\000n\000\040\000S\000i\000z\000e\000s}{chapter.6}% 422
\BOOKMARK [2][-]{subsection.6.1.1}{\376\377\000L\000O\000G\000M\000O\000D\000E\000\040\000d\000e\000f\000i\000n\000e\000d\000\040\000b\000y\000\040\000t\000h\000e\000\040\000t\000r\000a\000n\000s\000a\000c\000t\000i\000o\000n}{section.6.1}% 423
\BOOKMARK [2][-]{subsection.6.1.2}{\376\377\000A\000s\000s\000i\000g\000n\000i\000n\000g\000\040\000a\000\040\000L\000O\000G\000M\000O\000D\000E\000\040\000b\000y\000\040\000U\000R\000L\000\040\000p\000a\000r\000a\000m\000e\000t\000e\000r}{section.6.1}% 424
\BOOKMARK [2][-]{subsection.6.1.3}{\376\377\000U\000s\000e\000r\000-\000s\000p\000e\000c\000i\000f\000i\000e\000d\000\040\000L\000O\000G\000M\000O\000D\000E}{section.6.1}% 425
\BOOKMARK [2][-]{subsection.6.1.4}{\376\377\000D\000y\000n\000a\000m\000i\000c\000\040\000l\000o\000g\000m\000o\000d\000e\000\040\000w\000i\000t\000h\000\040\000u\000s\000e\000r\000-\000s\000p\000e\000c\000i\000f\000i\000e\000d\000\040\000s\000c\000r\000e\000e\000n\000\040\000s\000i\000z\000e}{section.6.1}% 426
\BOOKMARK [1][-]{section.6.2}{\376\377\000H\000o\000w\000\040\000T\000o\000\040\000S\000u\000p\000p\000o\000r\000t\000\040\000M\000u\000l\000t\000i\000p\000l\000e\000\040\000C\000o\000d\000e\000s\000\040\000P\000a\000g\000e\000s}{chapter.6}% 427
\BOOKMARK [2][-]{subsection.6.2.1}{\376\377\000D\000e\000f\000i\000n\000i\000n\000g\000\040\000C\000o\000d\000e\000\040\000P\000a\000g\000e\000s\000\040\000t\000r\000a\000n\000s\000l\000a\000t\000i\000o\000n\000\040\000d\000e\000f\000a\000u\000l\000t\000s}{section.6.2}% 428
\BOOKMARK [3][-]{subsubsection*.318}{\376\377\000O\000v\000e\000r\000r\000i\000d\000e\000\040\000t\000h\000e\000\040\000T\000C\000T\000\040\000d\000e\000f\000a\000u\000l\000t\000s\000\040\000a\000t\000\040\000U\000R\000L\000\040\000l\000e\000v\000e\000l}{subsection.6.2.1}% 429
\BOOKMARK [3][-]{subsubsection*.319}{\376\377\000O\000v\000e\000r\000r\000i\000d\000e\000\040\000t\000h\000e\000\040\000T\000C\000T\000\040\000d\000e\000f\000a\000u\000l\000t\000s\000\040\000a\000t\000\040\000b\000u\000s\000i\000n\000e\000s\000s\000\040\000l\000o\000g\000i\000c\000\040\000l\000e\000v\000e\000l}{subsection.6.2.1}% 430
\BOOKMARK [2][-]{subsection.6.2.2}{\376\377\000S\000u\000p\000p\000o\000r\000t\000i\000n\000g\000\040\000m\000u\000l\000t\000i\000p\000l\000e\000\040\000c\000o\000u\000n\000t\000r\000i\000e\000s\000.}{section.6.2}% 431
\BOOKMARK [1][-]{section.6.3}{\376\377\000H\000o\000w\000\040\000T\000o\000\040\000H\000a\000n\000d\000l\000e\000\040\000H\000o\000s\000t\000\040\000S\000e\000s\000s\000i\000o\000n\000\040\000T\000e\000r\000m\000i\000n\000a\000t\000i\000o\000n}{chapter.6}% 432
\BOOKMARK [2][-]{subsection.6.3.1}{\376\377\000R\000e\000t\000u\000r\000n\000\040\000t\000o\000\040\000t\000h\000e\000\040\000a\000p\000p\000l\000i\000c\000a\000t\000i\000o\000n\000\040\000s\000e\000l\000e\000c\000t\000i\000o\000n\000\040\000m\000e\000n\000u}{section.6.3}% 433
\BOOKMARK [2][-]{subsection.6.3.2}{\376\377\000D\000i\000s\000p\000l\000a\000y\000i\000n\000g\000\040\000a\000\040\000s\000p\000e\000c\000i\000f\000i\000c\000\040\000p\000a\000g\000e\000\040\000o\000n\000\040\000d\000i\000s\000c\000o\000n\000n\000e\000c\000t\000i\000o\000n}{section.6.3}% 434
\BOOKMARK [2][-]{subsection.6.3.3}{\376\377\000C\000l\000o\000s\000i\000n\000g\000\040\000t\000h\000e\000\040\000b\000r\000o\000w\000s\000e\000r\000\040\000w\000i\000n\000d\000o\000w\000\040\000a\000u\000t\000o\000m\000a\000t\000i\000c\000a\000l\000l\000y}{section.6.3}% 435
\BOOKMARK [1][-]{section.6.4}{\376\377\000H\000o\000w\000\040\000T\000o\000\040\000A\000c\000c\000e\000s\000s\000\040\000A\000\040\000H\000o\000s\000t\000\040\000A\000p\000p\000l\000i\000c\000a\000t\000i\000o\000n\000\040\000D\000i\000r\000e\000c\000t\000l\000y}{chapter.6}% 436
\BOOKMARK [2][-]{subsection.6.4.1}{\376\377\000F\000u\000l\000l\000\040\000p\000a\000t\000h\000\040\000U\000R\000L}{section.6.4}% 437
\BOOKMARK [2][-]{subsection.6.4.2}{\376\377\000D\000e\000f\000a\000u\000l\000t\000\040\000U\000R\000L\000\040\000f\000o\000r\000\040\000t\000h\000e\000\040\000e\000n\000t\000r\000y\000\040\000p\000o\000i\000n\000t}{section.6.4}% 438
\BOOKMARK [1][-]{section.6.5}{\376\377\000H\000o\000w\000\040\000T\000o\000\040\000C\000h\000a\000n\000g\000e\000\040\000T\000h\000e\000\040\000F\000o\000n\000t\000\040\000F\000o\000r\000\040\000W\000e\000b\000\040\000A\000c\000c\000e\000s\000s}{chapter.6}% 439
\BOOKMARK [1][-]{section.6.6}{\376\377\000H\000o\000w\000\040\000T\000o\000\040\000C\000h\000a\000n\000g\000e\000\040\000T\000h\000e\000\040\0003\0002\0007\0000\000\040\000D\000i\000s\000p\000l\000a\000y\000\040\000S\000t\000y\000l\000e}{chapter.6}% 440
\BOOKMARK [1][-]{section.6.7}{\376\377\000H\000o\000w\000\040\000T\000o\000\040\000C\000u\000s\000t\000o\000m\000i\000z\000e\000\040\000T\000h\000e\000\040\000E\000n\000t\000e\000r\000\040\000K\000e\000y\000\040\000S\000e\000t\000t\000i\000n\000g\000s}{chapter.6}% 441
\BOOKMARK [2][-]{subsection.6.7.1}{\376\377\000M\000a\000n\000a\000g\000i\000n\000g\000\040\000C\000T\000R\000L\000\040\000k\000e\000y\000d\000o\000w\000n\000\040\000b\000e\000i\000n\000g\000\040\000l\000o\000s\000t}{section.6.7}% 442
\BOOKMARK [1][-]{section.6.8}{\376\377\000H\000o\000w\000\040\000T\000o\000\040\000C\000u\000s\000t\000o\000m\000i\000z\000e\000\040\000D\000i\000s\000p\000l\000a\000y\000\040\000S\000t\000y\000l\000e\000s}{chapter.6}% 443
\BOOKMARK [2][-]{subsection.6.8.1}{\376\377\000A\000d\000d\000\040\000o\000r\000\040\000r\000e\000m\000o\000v\000e\000\040\000a\000\040\000d\000i\000s\000p\000l\000a\000y\000\040\000s\000t\000y\000l\000e}{section.6.8}% 444
\BOOKMARK [2][-]{subsection.6.8.2}{\376\377\000A\000d\000d\000\040\000o\000r\000\040\000r\000e\000m\000o\000v\000e\000\040\000a\000\040\000p\000r\000i\000n\000t\000\040\000s\000t\000y\000l\000e}{section.6.8}% 445
\BOOKMARK [2][-]{subsection.6.8.3}{\376\377\0003\0002\0007\0000\000\040\000s\000u\000p\000p\000o\000r\000t\000\040\000b\000l\000i\000n\000k\000i\000n\000g\000\040\000f\000i\000e\000l\000d\000s}{section.6.8}% 446
\BOOKMARK [1][-]{section.6.9}{\376\377\000H\000o\000w\000\040\000T\000o\000\040\000C\000h\000a\000n\000g\000e\000\040\000T\000h\000e\000\040\000D\000e\000f\000a\000u\000l\000t\000\040\000U\000s\000e\000r\000\040\000S\000e\000t\000t\000i\000n\000g\000s}{chapter.6}% 447
\BOOKMARK [1][-]{section.6.10}{\376\377\000H\000o\000w\000\040\000T\000o\000\040\000S\000u\000p\000p\000o\000r\000t\000\040\000A\000\040\000R\000e\000v\000e\000r\000s\000e\000\040\000P\000r\000o\000x\000y}{chapter.6}% 448
\BOOKMARK [1][-]{section.6.11}{\376\377\000H\000o\000w\000\040\000T\000o\000\040\000S\000u\000p\000p\000o\000r\000t\000\040\000V\000i\000r\000t\000u\000a\000l\000\040\000H\000o\000s\000t\000i\000n\000g}{chapter.6}% 449
\BOOKMARK [1][-]{section.6.12}{\376\377\000H\000o\000w\000\040\000T\000o\000\040\000C\000o\000n\000t\000r\000o\000l\000\040\000A\000P\000P\000L\000I\000S\000T\000\040\000b\000e\000h\000a\000v\000i\000o\000u\000r}{chapter.6}% 450
\BOOKMARK [1][-]{section.6.13}{\376\377\000L\000e\000f\000t\000\040\000a\000l\000i\000g\000n\000\040\000t\000e\000x\000t}{chapter.6}% 451
\BOOKMARK [1][-]{section.6.14}{\376\377\000S\000p\000e\000c\000i\000a\000l\000\040\000U\000N\000I\000C\000O\000D\000E\000\040\000c\000h\000a\000r\000a\000c\000t\000e\000r\000\040\000s\000u\000p\000p\000o\000r\000t}{chapter.6}% 452
\BOOKMARK [1][-]{section.6.15}{\376\377\000S\000q\000u\000a\000r\000e\000\040\000B\000r\000a\000c\000k\000e\000t\000\040\000S\000u\000p\000p\000o\000r\000t}{chapter.6}% 453
\BOOKMARK [0][-]{chapter.7}{\376\377\000A\000p\000p\000e\000n\000d\000i\000x}{}% 454
\BOOKMARK [1][-]{section.7.1}{\376\377\000A\000p\000p\000e\000n\000d\000i\000x\000\040\000A}{chapter.7}% 455
\BOOKMARK [2][-]{subsection.7.1.1}{\376\377\000D\000e\000f\000a\000u\000l\000t\000\040\000v\000a\000l\000u\000e\000s\000\040\000f\000o\000r\000\040\000W\0002\000H\000\040\000p\000a\000r\000a\000m\000e\000t\000e\000r\000s}{section.7.1}% 456
\BOOKMARK [1][-]{section.7.2}{\376\377\000T\000r\000a\000d\000e\000m\000a\000r\000k\000s}{chapter.7}% 457
\BOOKMARK [1][-]{section.7.3}{\376\377\000O\000p\000e\000n\000\040\000S\000o\000u\000r\000c\000e\000\040\000S\000o\000f\000t\000w\000a\000r\000e}{chapter.7}% 458
