\BOOKMARK [0][-]{chapter.1}{\376\377\000S\000u\000m\000m\000a\000r\000y\000\040\000o\000f\000\040\000A\000m\000e\000n\000d\000m\000e\000n\000t\000s}{}% 1
\BOOKMARK [1][-]{section.1.1}{\376\377\000V\000i\000r\000t\000e\000l\000\040\000v\000e\000r\000s\000i\000o\000n\000\040\0004\000.\0006\0002\000\040\000\050\0001\0007\000t\000h\000\040\000F\000e\000b\000\040\0002\0000\0002\0004\000\051}{chapter.1}% 2
\BOOKMARK [1][-]{section.1.2}{\376\377\000V\000i\000r\000t\000e\000l\000\040\000v\000e\000r\000s\000i\000o\000n\000\040\0004\000.\0006\0001\000\040\000\050\0001\0000\000t\000h\000\040\000O\000c\000t\000\040\0002\0000\0002\0001\000\051}{chapter.1}% 3
\BOOKMARK [1][-]{section.1.3}{\376\377\000V\000i\000r\000t\000e\000l\000\040\000v\000e\000r\000s\000i\000o\000n\000\040\0004\000.\0006\0000\000\040\000\050\0001\0001\000t\000h\000\040\000N\000o\000v\000\040\0002\0000\0002\0000\000\051}{chapter.1}% 4
\BOOKMARK [1][-]{section.1.4}{\376\377\000V\000i\000r\000t\000e\000l\000\040\000v\000e\000r\000s\000i\000o\000n\000\040\0004\000.\0005\0009\000\040\000\050\0001\0002\000t\000h\000\040\000J\000u\000l\000\040\0002\0000\0001\0009\000\051}{chapter.1}% 5
\BOOKMARK [0][-]{chapter.2}{\376\377\000I\000n\000t\000r\000o\000d\000u\000c\000t\000i\000o\000n}{}% 6
\BOOKMARK [1][-]{section.2.1}{\376\377\000R\000e\000q\000u\000i\000r\000e\000d\000\040\000E\000n\000v\000i\000r\000o\000n\000m\000e\000n\000t}{chapter.2}% 7
\BOOKMARK [2][-]{subsection.2.1.1}{\376\377\000z\000/\000O\000S\000\040\000e\000n\000v\000i\000r\000o\000n\000m\000e\000n\000t}{section.2.1}% 8
\BOOKMARK [2][-]{subsection.2.1.2}{\376\377\000z\000/\000V\000S\000E\000\040\000e\000n\000v\000i\000r\000o\000n\000m\000e\000n\000t}{section.2.1}% 9
\BOOKMARK [2][-]{subsection.2.1.3}{\376\377\000B\000r\000o\000w\000s\000e\000r\000\040\000p\000r\000e\000-\000r\000e\000q\000u\000i\000s\000i\000t\000i\000e\000s}{section.2.1}% 10
\BOOKMARK [0][-]{chapter.3}{\376\377\000I\000n\000s\000t\000a\000l\000l\000i\000n\000g\000\040\000V\000I\000R\000T\000E\000L\000\040\000u\000n\000d\000e\000r\000\040\000z\000/\000O\000S}{}% 11
\BOOKMARK [1][-]{section.3.1}{\376\377\000I\000n\000s\000t\000a\000l\000l\000a\000t\000i\000o\000n\000\040\000p\000r\000o\000c\000e\000d\000u\000r\000e}{chapter.3}% 12
\BOOKMARK [2][-]{subsection.3.1.1}{\376\377\000z\000/\000O\000S\000\040\000I\000n\000s\000t\000a\000l\000l\000a\000t\000i\000o\000n\000\040\000C\000h\000e\000c\000k\000-\000l\000i\000s\000t}{section.3.1}% 13
\BOOKMARK [2][-]{subsection.3.1.2}{\376\377\000R\000e\000s\000t\000o\000r\000i\000n\000g\000\040\000f\000r\000o\000m\000\040\000t\000h\000e\000\040\000X\000M\000I\000T\000\040\000f\000i\000l\000e}{section.3.1}% 14
\BOOKMARK [3][-]{subsubsection*.4}{\376\377\000S\000t\000e\000p\000\040\0001}{subsection.3.1.2}% 15
\BOOKMARK [3][-]{subsubsection*.5}{\376\377\000S\000t\000e\000p\000\040\0002}{subsection.3.1.2}% 16
\BOOKMARK [3][-]{subsubsection*.6}{\376\377\000S\000t\000e\000p\000\040\0003}{subsection.3.1.2}% 17
\BOOKMARK [3][-]{subsubsection*.7}{\376\377\000S\000t\000e\000p\000\040\0004}{subsection.3.1.2}% 18
\BOOKMARK [1][-]{section.3.2}{\376\377\000A\000p\000p\000l\000y\000i\000n\000g\000\040\000M\000a\000i\000n\000t\000e\000n\000a\000n\000c\000e}{chapter.3}% 19
\BOOKMARK [2][-]{subsection.3.2.1}{\376\377\000O\000b\000t\000a\000i\000n\000i\000n\000g\000\040\000P\000T\000F\000s\000\040\000a\000n\000d\000\040\000U\000p\000d\000a\000t\000e\000s}{section.3.2}% 20
\BOOKMARK [2][-]{subsection.3.2.2}{\376\377\000A\000p\000p\000l\000y\000i\000n\000g\000\040\000P\000T\000F\000s}{section.3.2}% 21
\BOOKMARK [2][-]{subsection.3.2.3}{\376\377\000A\000p\000p\000l\000y\000i\000n\000g\000\040\000P\000T\000F\000s}{section.3.2}% 22
\BOOKMARK [2][-]{subsection.3.2.4}{\376\377\000R\000e\000s\000t\000a\000r\000t\000i\000n\000g\000\040\000V\000I\000R\000T\000E\000L\000\040\000a\000n\000d\000\040\000v\000a\000l\000i\000d\000a\000t\000i\000o\000n\000\040\000o\000f\000\040\000P\000T\000F\000\040\000l\000e\000v\000e\000l}{section.3.2}% 23
\BOOKMARK [2][-]{subsection.3.2.5}{\376\377\000U\000p\000g\000r\000a\000d\000i\000n\000g\000\040\000f\000r\000o\000m\000\040\000a\000\040\000p\000r\000e\000v\000i\000o\000u\000s\000\040\000v\000e\000r\000s\000i\000o\000n}{section.3.2}% 24
\BOOKMARK [3][-]{subsubsection*.8}{\376\377\000D\000a\000t\000a\000s\000e\000t\000s\000\040\000t\000o\000\040\000b\000e\000\040\000u\000p\000g\000r\000a\000d\000e\000d}{subsection.3.2.5}% 25
\BOOKMARK [1][-]{section.3.3}{\376\377\000U\000p\000g\000r\000a\000d\000i\000n\000g\000\040\000f\000r\000o\000m\000\040\000a\000\040\000p\000r\000e\000v\000i\000o\000u\000s\000\040\000v\000e\000r\000s\000i\000o\000n}{chapter.3}% 26
\BOOKMARK [1][-]{section.3.4}{\376\377\000E\000x\000e\000c\000u\000t\000i\000n\000g\000\040\000V\000i\000r\000t\000e\000l\000\040\000i\000n\000\040\000a\000\040\000z\000/\000O\000S\000\040\000e\000n\000v\000i\000r\000o\000n\000m\000e\000n\000t}{chapter.3}% 27
\BOOKMARK [2][-]{subsection.3.4.1}{\376\377\000R\000e\000q\000u\000i\000r\000e\000d\000\040\000a\000n\000d\000\040\000o\000p\000t\000i\000o\000n\000a\000l\000\040\000f\000i\000l\000e\000s\000\040\000f\000o\000r\000\040\000V\000i\000r\000t\000e\000l}{section.3.4}% 28
\BOOKMARK [1][-]{section.3.5}{\376\377\000z\000/\000O\000S\000\040\000A\000P\000F\000\040\000a\000u\000t\000h\000o\000r\000i\000s\000a\000t\000i\000o\000n\000,\000\040\000u\000s\000e\000r\000i\000d\000\040\000a\000n\000d\000\040\000p\000r\000i\000o\000r\000i\000t\000y}{chapter.3}% 29
\BOOKMARK [2][-]{subsection.3.5.1}{\376\377\000O\000p\000t\000i\000o\000n\000a\000l\000\040\000J\000C\000L\000\040\000p\000a\000r\000a\000m\000e\000t\000e\000r\000s}{section.3.5}% 30
\BOOKMARK [3][-]{subsubsection*.9}{\376\377\000T\000C\000T\000\040\000p\000a\000r\000a\000m\000e\000t\000e\000r}{subsection.3.5.1}% 31
\BOOKMARK [3][-]{subsubsection*.10}{\376\377\000A\000P\000P\000L\000I\000D\000\040\000p\000a\000r\000a\000m\000e\000t\000e\000r}{subsection.3.5.1}% 32
\BOOKMARK [3][-]{subsubsection*.11}{\376\377\000V\000T\000O\000V\000E\000R\000\040\000p\000a\000r\000a\000m\000e\000t\000e\000r}{subsection.3.5.1}% 33
\BOOKMARK [3][-]{subsubsection*.12}{\376\377\000I\000P\000\040\000p\000a\000r\000a\000m\000e\000t\000e\000r}{subsection.3.5.1}% 34
\BOOKMARK [3][-]{subsubsection*.13}{\376\377\000C\000L\000O\000N\000E\000\040\000p\000a\000r\000a\000m\000e\000t\000e\000r}{subsection.3.5.1}% 35
\BOOKMARK [2][-]{subsection.3.5.2}{\376\377\000E\000x\000e\000c\000u\000t\000i\000n\000g\000\040\000V\000i\000r\000t\000e\000l\000\040\000a\000s\000\040\000a\000\040\000S\000t\000a\000r\000t\000e\000d\000\040\000T\000a\000s\000k}{section.3.5}% 36
\BOOKMARK [2][-]{subsection.3.5.3}{\376\377\000S\000t\000o\000p\000p\000i\000n\000g\000\040\000V\000i\000r\000t\000e\000l}{section.3.5}% 37
\BOOKMARK [0][-]{chapter.4}{\376\377\000I\000n\000s\000t\000a\000l\000l\000i\000n\000g\000\040\000u\000n\000d\000e\000r\000\040\000z\000/\000V\000S\000E}{}% 38
\BOOKMARK [1][-]{section.4.1}{\376\377\000z\000/\000V\000S\000E\000\040\000C\000h\000e\000c\000k\000\040\000L\000i\000s\000t}{chapter.4}% 39
\BOOKMARK [2][-]{subsection.4.1.1}{\376\377\000L\000o\000a\000d\000i\000n\000g\000\040\000t\000h\000e\000\040\000i\000n\000s\000t\000a\000l\000l\000a\000t\000i\000o\000n\000\040\000j\000o\000b\000s}{section.4.1}% 40
\BOOKMARK [2][-]{subsection.4.1.2}{\376\377\000S\000i\000t\000e\000s\000\040\000i\000n\000s\000t\000a\000l\000l\000i\000n\000g\000\040\000V\000I\000R\000T\000E\000L\000\040\000f\000o\000r\000\040\000t\000h\000e\000\040\000f\000i\000r\000s\000t\000\040\000t\000i\000m\000e}{section.4.1}% 41
\BOOKMARK [2][-]{subsection.4.1.3}{\376\377\000S\000i\000t\000e\000s\000\040\000u\000p\000g\000r\000a\000d\000i\000n\000g\000\040\000f\000r\000o\000m\000\040\000a\000\040\000p\000r\000e\000v\000i\000o\000u\000s\000\040\000v\000e\000r\000s\000i\000o\000n}{section.4.1}% 42
\BOOKMARK [2][-]{subsection.4.1.4}{\376\377\000S\000i\000t\000e\000s\000\040\000u\000s\000i\000n\000g\000\040\000V\000I\000R\000T\000E\000L\000\040\000W\000e\000b\000\040\000A\000c\000c\000e\000s\000s}{section.4.1}% 43
\BOOKMARK [2][-]{subsection.4.1.5}{\376\377\000S\000i\000t\000e\000s\000\040\000u\000s\000i\000n\000g\000\040\000V\000I\000R\000T\000E\000L\000\040\000A\0002\000A}{section.4.1}% 44
\BOOKMARK [2][-]{subsection.4.1.6}{\376\377\000D\000e\000f\000i\000n\000i\000n\000g\000\040\000t\000h\000e\000\040\000l\000i\000b\000r\000a\000r\000y}{section.4.1}% 45
\BOOKMARK [2][-]{subsection.4.1.7}{\376\377\000L\000o\000a\000d\000i\000n\000g\000\040\000t\000h\000e\000\040\000e\000x\000e\000c\000u\000t\000a\000b\000l\000e\000\040\000m\000o\000d\000u\000l\000e\000s}{section.4.1}% 46
\BOOKMARK [2][-]{subsection.4.1.8}{\376\377\000L\000o\000a\000d\000i\000n\000g\000\040\000t\000h\000e\000\040\000s\000o\000u\000r\000c\000e\000\040\000m\000o\000d\000u\000l\000e\000s}{section.4.1}% 47
\BOOKMARK [2][-]{subsection.4.1.9}{\376\377\000D\000e\000f\000i\000n\000i\000n\000g\000\040\000t\000h\000e\000\040\000V\000I\000R\000A\000R\000B\000O\000\040\000a\000n\000d\000\040\000V\000I\000R\000S\000W\000A\000P\000\040\000f\000i\000l\000e\000s}{section.4.1}% 48
\BOOKMARK [2][-]{subsection.4.1.10}{\376\377\000I\000n\000i\000t\000i\000a\000l\000i\000s\000a\000t\000i\000o\000n\000\040\000o\000f\000\040\000t\000h\000e\000\040\000V\000I\000R\000A\000R\000B\000O\000\040\000f\000i\000l\000e}{section.4.1}% 49
\BOOKMARK [2][-]{subsection.4.1.11}{\376\377\000D\000e\000f\000i\000n\000i\000n\000g\000\040\000t\000h\000e\000\040\000V\000I\000R\000S\000T\000A\000T\000\040\000f\000i\000l\000e}{section.4.1}% 50
\BOOKMARK [2][-]{subsection.4.1.12}{\376\377\000D\000e\000f\000i\000n\000i\000n\000g\000\040\000t\000h\000e\000\040\000V\000I\000R\000C\000M\000P\0003\000\040\000f\000i\000l\000e}{section.4.1}% 51
\BOOKMARK [2][-]{subsection.4.1.13}{\376\377\000D\000e\000f\000i\000n\000i\000n\000g\000\040\000t\000h\000e\000\040\000V\000I\000R\000C\000A\000P\000T\000\040\000f\000i\000l\000e}{section.4.1}% 52
\BOOKMARK [2][-]{subsection.4.1.14}{\376\377\000D\000e\000f\000i\000n\000i\000n\000g\000\040\000t\000h\000e\000\040\000S\000A\000M\000P\000T\000R\000F\000\040\000f\000i\000l\000e}{section.4.1}% 53
\BOOKMARK [2][-]{subsection.4.1.15}{\376\377\000D\000e\000f\000i\000n\000i\000n\000g\000\040\000t\000h\000e\000\040\000H\000T\000M\000L\000T\000R\000F\000\040\000f\000i\000l\000e}{section.4.1}% 54
\BOOKMARK [2][-]{subsection.4.1.16}{\376\377\000L\000o\000a\000d\000i\000n\000g\000\040\000t\000h\000e\000\040\000S\000A\000M\000P\000T\000R\000F\000\040\000f\000i\000l\000e}{section.4.1}% 55
\BOOKMARK [2][-]{subsection.4.1.17}{\376\377\000D\000e\000f\000i\000n\000i\000n\000g\000\040\000t\000h\000e\000\040\000V\000I\000R\000H\000T\000M\000L\000\040\000f\000i\000l\000e}{section.4.1}% 56
\BOOKMARK [2][-]{subsection.4.1.18}{\376\377\000A\000s\000s\000e\000m\000b\000l\000i\000n\000g\000\040\000t\000h\000e\000\040\000V\000I\000R\000T\000C\000T}{section.4.1}% 57
\BOOKMARK [2][-]{subsection.4.1.19}{\376\377\000A\000s\000s\000e\000m\000b\000l\000i\000n\000g\000\040\000t\000h\000e\000\040\000M\000O\000D\000V\000I\000R\000T\000\040\000m\000o\000d\000e\000\040\000t\000a\000b\000l\000e}{section.4.1}% 58
\BOOKMARK [2][-]{subsection.4.1.20}{\376\377\000U\000p\000d\000a\000t\000i\000n\000g\000\040\000t\000h\000e\000\040\000V\000I\000R\000A\000R\000B\000O\000\040\000f\000i\000l\000e\000\040\000\050\000A\000R\000B\000O\000L\000O\000A\000D\000\051}{section.4.1}% 59
\BOOKMARK [2][-]{subsection.4.1.21}{\376\377\000C\000a\000t\000a\000l\000o\000g\000i\000n\000g\000\040\000t\000h\000e\000\040\000V\000T\000A\000M\000\040\000a\000p\000p\000l\000i\000c\000a\000t\000i\000o\000n\000\040\000b\000o\000o\000k}{section.4.1}% 60
\BOOKMARK [2][-]{subsection.4.1.22}{\376\377\000D\000e\000f\000i\000n\000i\000n\000g\000\040\000t\000h\000e\000\040\000C\000I\000C\000S\000\040\000r\000e\000s\000o\000u\000r\000c\000e\000s}{section.4.1}% 61
\BOOKMARK [1][-]{section.4.2}{\376\377\000E\000x\000e\000c\000u\000t\000i\000n\000g\000\040\000V\000I\000R\000T\000E\000L\000\040\000I\000n\000\040\000A\000\040\000z\000/\000V\000S\000E\000\040\000E\000n\000v\000i\000r\000o\000n\000m\000e\000n\000t}{chapter.4}% 62
\BOOKMARK [2][-]{subsection.4.2.1}{\376\377\000S\000p\000e\000c\000i\000f\000y\000i\000n\000g\000\040\000t\000h\000e\000\040\000T\000C\000P\000/\000I\000P\000\040\000p\000a\000r\000t\000i\000t\000i\000o\000n}{section.4.2}% 63
\BOOKMARK [2][-]{subsection.4.2.2}{\376\377\000S\000t\000o\000p\000p\000i\000n\000g\000\040\000V\000I\000R\000T\000E\000L}{section.4.2}% 64
\BOOKMARK [1][-]{section.4.3}{\376\377\000A\000p\000p\000l\000y\000i\000n\000g\000\040\000M\000a\000i\000n\000t\000e\000n\000a\000n\000c\000e}{chapter.4}% 65
\BOOKMARK [2][-]{subsection.4.3.1}{\376\377\000V\000W\000A\000\040\000M\000a\000i\000n\000t\000e\000n\000a\000n\000c\000e}{section.4.3}% 66
\BOOKMARK [3][-]{subsubsection*.14}{\376\377\000V\000W\000A\000\040\000U\000p\000d\000a\000t\000e\000s}{subsection.4.3.1}% 67
\BOOKMARK [3][-]{subsubsection*.15}{\376\377\000M\000a\000i\000n\000f\000r\000a\000m\000e\000\040\000P\000T\000F\000s}{subsection.4.3.1}% 68
\BOOKMARK [0][-]{chapter.5}{\376\377\000V\000T\000A\000M\000\040\000D\000e\000f\000i\000n\000i\000t\000i\000o\000n\000s}{}% 69
\BOOKMARK [1][-]{section.5.1}{\376\377\000V\000T\000A\000M\000\040\000p\000a\000r\000a\000m\000e\000t\000e\000r\000s}{chapter.5}% 70
\BOOKMARK [2][-]{subsection.5.1.1}{\376\377\000V\000T\000A\000M\000\040\000A\000P\000P\000L\000\040\000D\000e\000f\000i\000n\000i\000t\000i\000o\000n\000\040\000-\000\040\000V\000I\000R\000T\000E\000L\000\040\000P\000r\000i\000m\000a\000r\000y\000\040\000A\000C\000B}{section.5.1}% 71
\BOOKMARK [2][-]{subsection.5.1.2}{\376\377\000V\000T\000A\000M\000\040\000A\000p\000p\000l\000i\000c\000a\000t\000i\000o\000n\000\040\000R\000e\000l\000a\000y\000s}{section.5.1}% 72
\BOOKMARK [2][-]{subsection.5.1.3}{\376\377\000M\000O\000D\000E\000T\000A\000B\000\040\000F\000o\000r\000\040\000X\0002\0005\000\040\000a\000n\000d\000\040\000A\000P\000P\000C}{section.5.1}% 73
\BOOKMARK [2][-]{subsection.5.1.4}{\376\377\000U\000S\000S\000T\000A\000B\000\040\000S\000u\000p\000p\000o\000r\000t}{section.5.1}% 74
\BOOKMARK [3][-]{subsubsection*.16}{\376\377\000U\000S\000S\000T\000A\000B\000\040\000S\000u\000p\000p\000o\000r\000t\000\040\000f\000o\000r\000\040\0003\0002\0007\0000\000\040\000t\000e\000r\000m\000i\000n\000a\000l\000s}{subsection.5.1.4}% 75
\BOOKMARK [3][-]{subsubsection*.17}{\376\377\000U\000S\000S\000T\000A\000B\000\040\000s\000u\000p\000p\000o\000r\000t\000\040\000u\000s\000i\000n\000g\000\040\000J\000a\000v\000a\000s\000c\000r\000i\000p\000t\000.}{subsection.5.1.4}% 76
\BOOKMARK [3][-]{subsubsection*.18}{\376\377\000U\000S\000S\000T\000A\000B\000\040\000S\000u\000p\000p\000o\000r\000t\000\040\000f\000o\000r\000\040\000V\000T\000A\000M\000\040\000M\000S\000G\0001\0000}{subsection.5.1.4}% 77
\BOOKMARK [3][-]{subsubsection*.19}{\376\377\000U\000S\000S\000T\000A\000B\000\040\000S\000u\000p\000p\000o\000r\000t\000\040\000f\000o\000r\000\040\000V\000I\000R\000T\000E\000L\000/\000P\000C}{subsection.5.1.4}% 78
\BOOKMARK [2][-]{subsection.5.1.5}{\376\377\000C\000I\000C\000S\000\040\000D\000e\000f\000i\000n\000i\000t\000i\000o\000n\000s}{section.5.1}% 79
\BOOKMARK [3][-]{subsubsection*.20}{\376\377\000V\000I\000R\000T\000E\000L\000\040\000C\000I\000C\000S\000\040\000S\000a\000m\000p\000l\000e\000\040\000d\000e\000f\000i\000n\000i\000t\000i\000o\000n\000s}{subsection.5.1.5}% 80
\BOOKMARK [0][-]{chapter.6}{\376\377\000T\000h\000e\000\040\000V\000i\000r\000t\000e\000l\000\040\000T\000C\000T}{}% 81
\BOOKMARK [1][-]{section.6.1}{\376\377\000i\000n\000t\000r\000o\000d\000u\000c\000t\000i\000o\000n}{chapter.6}% 82
\BOOKMARK [1][-]{section.6.2}{\376\377\000P\000a\000r\000a\000m\000e\000t\000e\000r\000s\000\040\000O\000f\000\040\000T\000h\000e\000\040\000V\000I\000R\000T\000C\000T}{chapter.6}% 83
\BOOKMARK [2][-]{subsection.6.2.1}{\376\377\000A\000C\000C\000U\000E\000I\000L\000\040\000p\000a\000r\000a\000m\000e\000t\000e\000r}{section.6.2}% 84
\BOOKMARK [2][-]{subsection.6.2.2}{\376\377\000A\000D\000D\000R\0001\000\040\000p\000a\000r\000a\000m\000e\000t\000e\000r}{section.6.2}% 85
\BOOKMARK [2][-]{subsection.6.2.3}{\376\377\000A\000D\000D\000R\0002\000\040\000p\000a\000r\000a\000m\000e\000t\000e\000r}{section.6.2}% 86
\BOOKMARK [2][-]{subsection.6.2.4}{\376\377\000A\000I\000C\000\040\000p\000a\000r\000a\000m\000e\000t\000e\000r}{section.6.2}% 87
\BOOKMARK [2][-]{subsection.6.2.5}{\376\377\000A\000N\000N\000U\000L\000\040\000p\000a\000r\000a\000m\000e\000t\000e\000r}{section.6.2}% 88
\BOOKMARK [2][-]{subsection.6.2.6}{\376\377\000A\000P\000P\000L\000I\000D\000\040\000p\000a\000r\000a\000m\000e\000t\000e\000r}{section.6.2}% 89
\BOOKMARK [2][-]{subsection.6.2.7}{\376\377\000A\000P\000P\000S\000T\000A\000T\000\040\000p\000a\000r\000a\000m\000e\000t\000e\000r}{section.6.2}% 90
\BOOKMARK [2][-]{subsection.6.2.8}{\376\377\000A\000R\000B\000O\000\040\000p\000a\000r\000a\000m\000e\000t\000e\000r}{section.6.2}% 91
\BOOKMARK [2][-]{subsection.6.2.9}{\376\377\000B\000A\000T\000C\000H\0001\000\040\000p\000a\000r\000a\000m\000e\000t\000e\000r}{section.6.2}% 92
\BOOKMARK [2][-]{subsection.6.2.10}{\376\377\000B\000A\000T\000C\000H\0002\000\040\000p\000a\000r\000a\000m\000e\000t\000e\000r}{section.6.2}% 93
\BOOKMARK [2][-]{subsection.6.2.11}{\376\377\000B\000F\000V\000S\000A\000M\000\040\000p\000a\000r\000a\000m\000e\000t\000e\000r}{section.6.2}% 94
\BOOKMARK [2][-]{subsection.6.2.12}{\376\377\000B\000U\000F\000D\000A\000T\000A\000\040\000p\000a\000r\000a\000m\000e\000t\000e\000r}{section.6.2}% 95
\BOOKMARK [2][-]{subsection.6.2.13}{\376\377\000B\000U\000F\000S\000I\000Z\000E\000\040\000p\000a\000r\000a\000m\000e\000t\000e\000r}{section.6.2}% 96
\BOOKMARK [2][-]{subsection.6.2.14}{\376\377\000C\000H\000A\000R\000S\000E\000T\000\040\000p\000a\000r\000a\000m\000e\000t\000e\000r}{section.6.2}% 97
\BOOKMARK [2][-]{subsection.6.2.15}{\376\377\000C\000O\000D\000E\000\040\000p\000a\000r\000a\000m\000e\000t\000e\000r}{section.6.2}% 98
\BOOKMARK [2][-]{subsection.6.2.16}{\376\377\000C\000O\000M\000P\000A\000N\000Y\000\040\000p\000a\000r\000a\000m\000e\000t\000e\000r}{section.6.2}% 99
\BOOKMARK [2][-]{subsection.6.2.17}{\376\377\000C\000O\000M\000P\000R\0003\000\040\000p\000a\000r\000a\000m\000e\000t\000e\000r}{section.6.2}% 100
\BOOKMARK [2][-]{subsection.6.2.18}{\376\377\000C\000O\000R\000R\000E\000C\000T\000\040\000p\000a\000r\000a\000m\000e\000t\000e\000r}{section.6.2}% 101
\BOOKMARK [2][-]{subsection.6.2.19}{\376\377\000C\000O\000U\000N\000T\000R\000Y\000\040\000p\000a\000r\000a\000m\000e\000t\000e\000r}{section.6.2}% 102
\BOOKMARK [2][-]{subsection.6.2.20}{\376\377\000C\000R\000Y\000P\000T\0001\000\040\000p\000a\000r\000a\000m\000e\000t\000e\000r}{section.6.2}% 103
\BOOKMARK [2][-]{subsection.6.2.21}{\376\377\000C\000R\000Y\000P\000T\0002\000\040\000p\000a\000r\000a\000m\000e\000t\000e\000r}{section.6.2}% 104
\BOOKMARK [2][-]{subsection.6.2.22}{\376\377\000D\000E\000F\000E\000N\000T\000R\000\040\000p\000a\000r\000a\000m\000e\000t\000e\000r}{section.6.2}% 105
\BOOKMARK [2][-]{subsection.6.2.23}{\376\377\000D\000E\000F\000U\000T\000F\0008\000\040\000p\000a\000r\000a\000m\000e\000t\000e\000r}{section.6.2}% 106
\BOOKMARK [2][-]{subsection.6.2.24}{\376\377\000D\000I\000R\000E\000C\000T\000\040\000p\000a\000r\000a\000m\000e\000t\000e\000r}{section.6.2}% 107
\BOOKMARK [2][-]{subsection.6.2.25}{\376\377\000D\000O\000N\000T\000S\000W\000A\000\040\000p\000a\000r\000a\000m\000e\000t\000e\000r\000\040\000\050\000z\000/\000O\000S\000\040\000o\000n\000l\000y\000\051}{section.6.2}% 108
\BOOKMARK [2][-]{subsection.6.2.26}{\376\377\000E\000X\000I\000T\0001\000\040\000p\000a\000r\000a\000m\000e\000t\000e\000r}{section.6.2}% 109
\BOOKMARK [2][-]{subsection.6.2.27}{\376\377\000E\000X\000I\000T\0002\000\040\000p\000a\000r\000a\000m\000e\000t\000e\000r}{section.6.2}% 110
\BOOKMARK [2][-]{subsection.6.2.28}{\376\377\000E\000X\000I\000T\0003\000\040\000p\000a\000r\000a\000m\000e\000t\000e\000r}{section.6.2}% 111
\BOOKMARK [2][-]{subsection.6.2.29}{\376\377\000E\000X\000I\000T\0004\000\040\000p\000a\000r\000a\000m\000e\000t\000e\000r}{section.6.2}% 112
\BOOKMARK [2][-]{subsection.6.2.30}{\376\377\000E\000X\000I\000T\0005\000\040\000p\000a\000r\000a\000m\000e\000t\000e\000r}{section.6.2}% 113
\BOOKMARK [2][-]{subsection.6.2.31}{\376\377\000E\000X\000I\000T\0006\000\040\000p\000a\000r\000a\000m\000e\000t\000e\000r}{section.6.2}% 114
\BOOKMARK [2][-]{subsection.6.2.32}{\376\377\000E\000X\000I\000T\0007\000\040\000p\000a\000r\000a\000m\000e\000t\000e\000r}{section.6.2}% 115
\BOOKMARK [2][-]{subsection.6.2.33}{\376\377\000E\000X\000I\000T\0008\000\040\000p\000a\000r\000a\000m\000e\000t\000e\000r}{section.6.2}% 116
\BOOKMARK [2][-]{subsection.6.2.34}{\376\377\000E\000X\000P\000I\000R\000E\000\040\000p\000a\000r\000a\000m\000e\000t\000e\000r}{section.6.2}% 117
\BOOKMARK [2][-]{subsection.6.2.35}{\376\377\000F\000A\000S\000T\000C\000\040\000p\000a\000r\000a\000m\000e\000t\000e\000r}{section.6.2}% 118
\BOOKMARK [2][-]{subsection.6.2.36}{\376\377\000F\000C\000A\000P\000T\000\040\000p\000a\000r\000a\000m\000e\000t\000e\000r}{section.6.2}% 119
\BOOKMARK [2][-]{subsection.6.2.37}{\376\377\000F\000C\000M\000P\0003\000\040\000p\000a\000r\000a\000m\000e\000t\000e\000r}{section.6.2}% 120
\BOOKMARK [2][-]{subsection.6.2.38}{\376\377\000G\000A\000T\000E\000\040\000p\000a\000r\000a\000m\000e\000t\000e\000r}{section.6.2}% 121
\BOOKMARK [2][-]{subsection.6.2.39}{\376\377\000G\000M\000T\000\040\000p\000a\000r\000a\000m\000e\000t\000e\000r}{section.6.2}% 122
\BOOKMARK [2][-]{subsection.6.2.40}{\376\377\000G\000R\000N\000A\000M\000E\000\040\000p\000a\000r\000a\000m\000e\000t\000e\000r}{section.6.2}% 123
\BOOKMARK [2][-]{subsection.6.2.41}{\376\377\000G\000T\000L\000O\000A\000D\000\040\000p\000a\000r\000a\000m\000e\000t\000e\000r}{section.6.2}% 124
\BOOKMARK [2][-]{subsection.6.2.42}{\376\377\000G\000T\000P\000R\000F\000E\0001\000\040\000p\000a\000r\000a\000m\000e\000t\000e\000r}{section.6.2}% 125
\BOOKMARK [2][-]{subsection.6.2.43}{\376\377\000G\000T\000P\000R\000F\000E\0002\000\040\000p\000a\000r\000a\000m\000e\000t\000e\000r}{section.6.2}% 126
\BOOKMARK [2][-]{subsection.6.2.44}{\376\377\000G\000T\000V\000S\000A\000M\000\040\000p\000a\000r\000a\000m\000e\000t\000e\000r}{section.6.2}% 127
\BOOKMARK [2][-]{subsection.6.2.45}{\376\377\000G\000T\000V\000S\000K\000I\000P\000\040\000p\000a\000r\000a\000m\000e\000t\000e\000r}{section.6.2}% 128
\BOOKMARK [2][-]{subsection.6.2.46}{\376\377\000G\000U\000I\000D\000E\000\040\000p\000a\000r\000a\000m\000e\000t\000e\000r}{section.6.2}% 129
\BOOKMARK [2][-]{subsection.6.2.47}{\376\377\000H\000T\000F\000O\000R\000W\000D\000\040\000p\000a\000r\000a\000m\000e\000t\000e\000r}{section.6.2}% 130
\BOOKMARK [2][-]{subsection.6.2.48}{\376\377\000H\000T\000H\000E\000A\000D\000R\000\040\000p\000a\000r\000a\000m\000e\000t\000e\000r}{section.6.2}% 131
\BOOKMARK [2][-]{subsection.6.2.49}{\376\377\000H\000T\000M\000I\000N\000I\000\040\000p\000a\000r\000a\000m\000e\000t\000e\000r}{section.6.2}% 132
\BOOKMARK [2][-]{subsection.6.2.50}{\376\377\000H\000T\000P\000A\000R\000M\000\040\000p\000a\000r\000a\000m\000e\000t\000e\000r}{section.6.2}% 133
\BOOKMARK [2][-]{subsection.6.2.51}{\376\377\000H\000T\000S\000E\000T\0001\000\040\000t\000o\000\040\000H\000T\000S\000E\000T\0004\000\040\000p\000a\000r\000a\000m\000e\000t\000e\000r\000s}{section.6.2}% 134
\BOOKMARK [2][-]{subsection.6.2.52}{\376\377\000H\000T\000V\000S\000A\000M\000\040\000p\000a\000r\000a\000m\000e\000t\000e\000r}{section.6.2}% 135
\BOOKMARK [2][-]{subsection.6.2.53}{\376\377\000I\000B\000E\000R\000T\000E\000X\000\040\000p\000a\000r\000a\000m\000e\000t\000e\000r}{section.6.2}% 136
\BOOKMARK [2][-]{subsection.6.2.54}{\376\377\000I\000G\000N\000L\000U\000\040\000p\000a\000r\000a\000m\000e\000t\000e\000r}{section.6.2}% 137
\BOOKMARK [2][-]{subsection.6.2.55}{\376\377\000L\000A\000N\000G\000\040\000p\000a\000r\000a\000m\000e\000t\000e\000r}{section.6.2}% 138
\BOOKMARK [2][-]{subsection.6.2.56}{\376\377\000L\000I\000C\000E\000N\000C\000E\000\040\000p\000a\000r\000a\000m\000e\000t\000e\000r}{section.6.2}% 139
\BOOKMARK [2][-]{subsection.6.2.57}{\376\377\000L\000O\000C\000K\000\040\000p\000a\000r\000a\000m\000e\000t\000e\000r}{section.6.2}% 140
\BOOKMARK [2][-]{subsection.6.2.58}{\376\377\000L\000O\000G\000\040\000p\000a\000r\000a\000m\000e\000t\000e\000r}{section.6.2}% 141
\BOOKMARK [2][-]{subsection.6.2.59}{\376\377\000L\000P\000K\000A\000L\000I\000V\000E\000\040\000p\000a\000r\000a\000m\000e\000t\000e\000r}{section.6.2}% 142
\BOOKMARK [2][-]{subsection.6.2.60}{\376\377\000M\000A\000R\000K\000\040\000p\000a\000r\000a\000m\000e\000t\000e\000r}{section.6.2}% 143
\BOOKMARK [2][-]{subsection.6.2.61}{\376\377\000M\000A\000X\000A\000P\000P\000L\000\040\000p\000a\000r\000a\000m\000e\000t\000e\000r}{section.6.2}% 144
\BOOKMARK [2][-]{subsection.6.2.62}{\376\377\000M\000E\000M\000O\000R\000Y\000\040\000p\000a\000r\000a\000m\000e\000t\000e\000r}{section.6.2}% 145
\BOOKMARK [2][-]{subsection.6.2.63}{\376\377\000M\000Q\0001\000\040\000p\000a\000r\000a\000m\000e\000t\000e\000r}{section.6.2}% 146
\BOOKMARK [2][-]{subsection.6.2.64}{\376\377\000M\000Q\0002\000\040\000p\000a\000r\000a\000m\000e\000t\000e\000r}{section.6.2}% 147
\BOOKMARK [2][-]{subsection.6.2.65}{\376\377\000M\000Q\0003\000\040\000p\000a\000r\000a\000m\000e\000t\000e\000r}{section.6.2}% 148
\BOOKMARK [2][-]{subsection.6.2.66}{\376\377\000M\000Q\0004\000\040\000p\000a\000r\000a\000m\000e\000t\000e\000r}{section.6.2}% 149
\BOOKMARK [2][-]{subsection.6.2.67}{\376\377\000M\000U\000L\000T\000I\000\040\000p\000a\000r\000a\000m\000e\000t\000e\000r}{section.6.2}% 150
\BOOKMARK [2][-]{subsection.6.2.68}{\376\377\000N\000B\000C\000V\000C\000\040\000p\000a\000r\000a\000m\000e\000t\000e\000r}{section.6.2}% 151
\BOOKMARK [2][-]{subsection.6.2.69}{\376\377\000N\000B\000D\000Y\000N\000A\000M\000\040\000p\000a\000r\000a\000m\000e\000t\000e\000r}{section.6.2}% 152
\BOOKMARK [2][-]{subsection.6.2.70}{\376\377\000N\000B\000T\000E\000R\000M\000\040\000p\000a\000r\000a\000m\000e\000t\000e\000r}{section.6.2}% 153
\BOOKMARK [2][-]{subsection.6.2.71}{\376\377\000N\000U\000M\000T\000A\000S\000K\000\040\000p\000a\000r\000a\000m\000e\000t\000e\000r}{section.6.2}% 154
\BOOKMARK [2][-]{subsection.6.2.72}{\376\377\000O\000T\000M\000A\000P\000R\000M\000\040\000p\000a\000r\000a\000m\000e\000t\000e\000r}{section.6.2}% 155
\BOOKMARK [2][-]{subsection.6.2.73}{\376\377\000O\000S\000C\000O\000R\000E\000\040\000p\000a\000r\000a\000m\000e\000t\000e\000r}{section.6.2}% 156
\BOOKMARK [2][-]{subsection.6.2.74}{\376\377\000P\000A\000C\000K\000E\000T\000\040\000p\000a\000r\000a\000m\000e\000t\000e\000r}{section.6.2}% 157
\BOOKMARK [2][-]{subsection.6.2.75}{\376\377\000P\000A\000S\000S\000T\000C\000K\000\040\000p\000a\000r\000a\000m\000e\000t\000e\000r}{section.6.2}% 158
\BOOKMARK [2][-]{subsection.6.2.76}{\376\377\000P\000R\000E\000Z\0009\0000\0000\000\040\000p\000a\000r\000a\000m\000e\000t\000e\000r}{section.6.2}% 159
\BOOKMARK [2][-]{subsection.6.2.77}{\376\377\000P\000R\000F\000S\000E\000C\000U\000\040\000p\000a\000r\000a\000m\000e\000t\000e\000r}{section.6.2}% 160
\BOOKMARK [2][-]{subsection.6.2.78}{\376\377\000P\000W\000P\000R\000O\000T\000\040\000p\000a\000r\000a\000m\000e\000t\000e\000r}{section.6.2}% 161
\BOOKMARK [2][-]{subsection.6.2.79}{\376\377\000R\000A\000C\000A\000P\000P\000L\000\040\000p\000a\000r\000a\000m\000e\000t\000e\000r}{section.6.2}% 162
\BOOKMARK [2][-]{subsection.6.2.80}{\376\377\000R\000A\000P\000P\000L\000\040\000p\000a\000r\000a\000m\000e\000t\000e\000r}{section.6.2}% 163
\BOOKMARK [2][-]{subsection.6.2.81}{\376\377\000R\000E\000A\000L\000M\000\040\000p\000a\000r\000a\000m\000e\000t\000e\000r}{section.6.2}% 164
\BOOKMARK [2][-]{subsection.6.2.82}{\376\377\000R\000E\000P\000E\000T\000\040\000p\000a\000r\000a\000m\000e\000t\000e\000r}{section.6.2}% 165
\BOOKMARK [2][-]{subsection.6.2.83}{\376\377\000R\000E\000S\000O\000\040\000p\000a\000r\000a\000m\000e\000t\000e\000r}{section.6.2}% 166
\BOOKMARK [2][-]{subsection.6.2.84}{\376\377\000R\000E\000T\000O\000U\000R\000\040\000p\000a\000r\000a\000m\000e\000t\000e\000r}{section.6.2}% 167
\BOOKMARK [2][-]{subsection.6.2.85}{\376\377\000R\000N\000O\000D\000E\000\040\000p\000a\000r\000a\000m\000e\000t\000e\000r}{section.6.2}% 168
\BOOKMARK [2][-]{subsection.6.2.86}{\376\377\000R\000T\000E\000R\000M\000\040\000p\000a\000r\000a\000m\000e\000t\000e\000r}{section.6.2}% 169
\BOOKMARK [2][-]{subsection.6.2.87}{\376\377\000S\000E\000C\000U\000R\000\040\000p\000a\000r\000a\000m\000e\000t\000e\000r}{section.6.2}% 170
\BOOKMARK [2][-]{subsection.6.2.88}{\376\377\000S\000I\000L\000E\000N\000C\000E\000\040\000p\000a\000r\000a\000m\000e\000t\000e\000r}{section.6.2}% 171
\BOOKMARK [2][-]{subsection.6.2.89}{\376\377\000S\000N\000A\000P\000M\000S\000G\000\040\000p\000a\000r\000a\000m\000e\000t\000e\000r}{section.6.2}% 172
\BOOKMARK [2][-]{subsection.6.2.90}{\376\377\000S\000N\000A\000P\000W\000\040\000p\000a\000r\000a\000m\000e\000t\000e\000r}{section.6.2}% 173
\BOOKMARK [2][-]{subsection.6.2.91}{\376\377\000S\000O\000M\000M\000R\000\040\000p\000a\000r\000a\000m\000e\000t\000e\000r}{section.6.2}% 174
\BOOKMARK [2][-]{subsection.6.2.92}{\376\377\000S\000T\000A\000T\000D\000S\000N\000\040\000p\000a\000r\000a\000m\000e\000t\000e\000r}{section.6.2}% 175
\BOOKMARK [2][-]{subsection.6.2.93}{\376\377\000S\000T\000A\000T\000S\000\040\000p\000a\000r\000a\000m\000e\000t\000e\000r}{section.6.2}% 176
\BOOKMARK [2][-]{subsection.6.2.94}{\376\377\000S\000T\000R\000N\000O\000\040\000p\000a\000r\000a\000m\000e\000t\000e\000r}{section.6.2}% 177
\BOOKMARK [2][-]{subsection.6.2.95}{\376\377\000S\000U\000I\000T\000E\000\040\000p\000a\000r\000a\000m\000e\000t\000e\000r}{section.6.2}% 178
\BOOKMARK [2][-]{subsection.6.2.96}{\376\377\000S\000W\000A\000P\000\040\000p\000a\000r\000a\000m\000e\000t\000e\000r}{section.6.2}% 179
\BOOKMARK [2][-]{subsection.6.2.97}{\376\377\000S\000Y\000S\000P\000L\000U\000S\000\040\000p\000a\000r\000a\000m\000e\000t\000e\000r}{section.6.2}% 180
\BOOKMARK [2][-]{subsection.6.2.98}{\376\377\000T\000C\000P\0001\000\040\000p\000a\000r\000a\000m\000e\000t\000e\000r}{section.6.2}% 181
\BOOKMARK [2][-]{subsection.6.2.99}{\376\377\000T\000C\000P\0002\000\040\000p\000a\000r\000a\000m\000e\000t\000e\000r}{section.6.2}% 182
\BOOKMARK [2][-]{subsection.6.2.100}{\376\377\000T\000I\000M\000E\000O\000U\000T\000\040\000p\000a\000r\000a\000m\000e\000t\000e\000r}{section.6.2}% 183
\BOOKMARK [2][-]{subsection.6.2.101}{\376\377\000T\000I\000M\000E\000R\000Q\000S\000\040\000p\000a\000r\000a\000m\000e\000t\000e\000r}{section.6.2}% 184
\BOOKMARK [2][-]{subsection.6.2.102}{\376\377\000T\000I\000T\000R\000E\0001\000\040\000p\000a\000r\000a\000m\000e\000t\000e\000r}{section.6.2}% 185
\BOOKMARK [2][-]{subsection.6.2.103}{\376\377\000T\000I\000T\000R\000E\0002\000\040\000p\000a\000r\000a\000m\000e\000t\000e\000r}{section.6.2}% 186
\BOOKMARK [2][-]{subsection.6.2.104}{\376\377\000T\000R\000A\000C\000A\000L\000L\000\040\000p\000a\000r\000a\000m\000e\000t\000e\000r}{section.6.2}% 187
\BOOKMARK [2][-]{subsection.6.2.105}{\376\377\000T\000R\000A\000C\000B\000I\000G\000\040\000p\000a\000r\000a\000m\000e\000t\000e\000r}{section.6.2}% 188
\BOOKMARK [2][-]{subsection.6.2.106}{\376\377\000T\000R\000A\000C\000E\000B\000\040\000p\000a\000r\000a\000m\000e\000t\000e\000r}{section.6.2}% 189
\BOOKMARK [2][-]{subsection.6.2.107}{\376\377\000T\000R\000A\000C\000E\000O\000J\000\040\000p\000a\000r\000a\000m\000e\000t\000e\000r}{section.6.2}% 190
\BOOKMARK [2][-]{subsection.6.2.108}{\376\377\000T\000R\000A\000C\000E\000O\000N\000\040\000p\000a\000r\000a\000m\000e\000t\000e\000r}{section.6.2}% 191
\BOOKMARK [2][-]{subsection.6.2.109}{\376\377\000T\000R\000A\000C\000T\000I\000M\000\040\000p\000a\000r\000a\000m\000e\000t\000e\000r}{section.6.2}% 192
\BOOKMARK [2][-]{subsection.6.2.110}{\376\377\000T\000R\000A\000N\000\040\000p\000a\000r\000a\000m\000e\000t\000e\000r}{section.6.2}% 193
\BOOKMARK [2][-]{subsection.6.2.111}{\376\377\000U\000F\000I\000L\000E\0001\000\040\000t\000o\000\040\000U\000F\000I\000L\000E\0002\0000\000\040\000p\000a\000r\000a\000m\000e\000t\000e\000r\000s}{section.6.2}% 194
\BOOKMARK [2][-]{subsection.6.2.112}{\376\377\000U\000P\000A\000R\000M\000S\000\040\000p\000a\000r\000a\000m\000e\000t\000e\000r}{section.6.2}% 195
\BOOKMARK [2][-]{subsection.6.2.113}{\376\377\000V\000I\000R\000S\000E\000C\000U\000\040\000p\000a\000r\000a\000m\000e\000t\000e\000r}{section.6.2}% 196
\BOOKMARK [2][-]{subsection.6.2.114}{\376\377\000V\000I\000R\000S\000V\0001\000\040\000p\000a\000r\000a\000m\000e\000t\000e\000r}{section.6.2}% 197
\BOOKMARK [2][-]{subsection.6.2.115}{\376\377\000V\000S\000A\000M\000T\000Y\000P\000\040\000p\000a\000r\000a\000m\000e\000t\000e\000r}{section.6.2}% 198
\BOOKMARK [2][-]{subsection.6.2.116}{\376\377\000V\000T\000K\000E\000Y\000S\000\040\000p\000a\000r\000a\000m\000e\000t\000e\000r}{section.6.2}% 199
\BOOKMARK [2][-]{subsection.6.2.117}{\376\377\000V\000T\000O\000V\000E\000R\000\040\000p\000a\000r\000a\000m\000e\000t\000e\000r}{section.6.2}% 200
\BOOKMARK [2][-]{subsection.6.2.118}{\376\377\000W\000A\000R\000N\000I\000N\000G\000\040\000p\000a\000r\000a\000m\000e\000t\000e\000r}{section.6.2}% 201
\BOOKMARK [2][-]{subsection.6.2.119}{\376\377\000X\000M\0001\000\040\000p\000a\000r\000a\000m\000e\000t\000e\000r}{section.6.2}% 202
\BOOKMARK [2][-]{subsection.6.2.120}{\376\377\000X\000M\0002\000\040\000p\000a\000r\000a\000m\000e\000t\000e\000r}{section.6.2}% 203
\BOOKMARK [2][-]{subsection.6.2.121}{\376\377\000Z\000A\000P\000H\000\040\000p\000a\000r\000a\000m\000e\000t\000e\000r}{section.6.2}% 204
\BOOKMARK [1][-]{section.6.3}{\376\377\000A\000d\000d\000i\000t\000i\000o\000n\000a\000l\000\040\000P\000a\000r\000a\000m\000e\000t\000e\000r\000s\000\040\000F\000o\000r\000\040\000V\000S\000A\000M\000\040\000F\000i\000l\000e\000s}{chapter.6}% 205
\BOOKMARK [1][-]{section.6.4}{\376\377\000A\000d\000d\000i\000t\000i\000o\000n\000a\000l\000\040\000P\000a\000r\000a\000m\000e\000t\000e\000r\000s\000\040\000F\000o\000r\000\040\000B\000a\000t\000c\000h\000\040\000F\000i\000l\000e\000s}{chapter.6}% 206
\BOOKMARK [2][-]{subsection.6.4.1}{\376\377\000H\000o\000w\000\040\000T\000o\000\040\000S\000h\000a\000r\000e\000\040\000V\000S\000A\000M\000\040\000F\000i\000l\000e\000s\000\040\000B\000e\000t\000w\000e\000e\000n\000\040\000M\000u\000l\000t\000i\000p\000l\000e\000\040\000I\000n\000s\000t\000a\000n\000c\000e\000s\000\040\000O\000f\000\040\000V\000I\000R\000T\000E\000L}{section.6.4}% 207
\BOOKMARK [1][-]{section.6.5}{\376\377\000E\000x\000a\000m\000p\000l\000e\000\040\000O\000f\000\040\000T\000h\000e\000\040\000V\000I\000R\000T\000C\000T}{chapter.6}% 208
\BOOKMARK [1][-]{section.6.6}{\376\377\000A\000s\000s\000e\000m\000b\000l\000i\000n\000g\000\040\000T\000h\000e\000\040\000V\000I\000R\000T\000C\000T}{chapter.6}% 209
\BOOKMARK [2][-]{subsection.6.6.1}{\376\377\000z\000/\000O\000S\000\040\000e\000x\000a\000m\000p\000l\000e}{section.6.6}% 210
\BOOKMARK [2][-]{subsection.6.6.2}{\376\377\000z\000/\000V\000S\000E\000\040\000e\000x\000a\000m\000p\000l\000e}{section.6.6}% 211
\BOOKMARK [2][-]{subsection.6.6.3}{\376\377\000D\000y\000n\000a\000m\000i\000c\000\040\000V\000I\000R\000T\000C\000T\000\040\000O\000v\000e\000r\000r\000i\000d\000e\000s}{section.6.6}% 212
\BOOKMARK [1][-]{section.6.7}{\376\377\000A\000p\000p\000l\000y\000i\000n\000g\000\040\000P\000a\000t\000c\000h\000e\000s\000\040\000V\000i\000a\000\040\000T\000h\000e\000\040\000V\000I\000R\000T\000C\000T}{chapter.6}% 213
\BOOKMARK [0][-]{chapter.7}{\376\377\000V\000I\000R\000C\000O\000N\000F\000\040\000U\000T\000I\000L\000I\000T\000Y}{}% 214
\BOOKMARK [1][-]{section.7.1}{\376\377\000I\000n\000t\000r\000o\000d\000u\000c\000t\000i\000o\000n}{chapter.7}% 215
\BOOKMARK [1][-]{section.7.2}{\376\377\000J\000C\000L}{chapter.7}% 216
\BOOKMARK [2][-]{subsection.7.2.1}{\376\377\000U\000p\000d\000a\000t\000i\000n\000g\000\040\000a\000\040\000V\000I\000R\000A\000R\000B\000O\000\040\000f\000i\000l\000e}{section.7.2}% 217
\BOOKMARK [2][-]{subsection.7.2.2}{\376\377\000U\000n\000l\000o\000a\000d\000i\000n\000g\000\040\000a\000\040\000V\000I\000R\000A\000R\000B\000O\000\040\000f\000i\000l\000e}{section.7.2}% 218
\BOOKMARK [2][-]{subsection.7.2.3}{\376\377\000V\000e\000r\000i\000f\000y\000\040\000c\000o\000n\000t\000r\000o\000l\000\040\000c\000a\000r\000d\000\040\000s\000y\000n\000t\000a\000x}{section.7.2}% 219
\BOOKMARK [2][-]{subsection.7.2.4}{\376\377\000M\000u\000l\000t\000i\000-\000l\000a\000n\000g\000u\000a\000g\000e\000\040\000s\000u\000p\000p\000o\000r\000t}{section.7.2}% 220
\BOOKMARK [1][-]{section.7.3}{\376\377\000V\000I\000R\000C\000O\000N\000F\000\040\000C\000o\000n\000t\000r\000o\000l\000\040\000C\000a\000r\000d\000s}{chapter.7}% 221
\BOOKMARK [2][-]{subsection.7.3.1}{\376\377\000V\000I\000R\000C\000O\000N\000F\000\040\000c\000o\000n\000t\000r\000o\000l\000\040\000c\000a\000r\000d\000\040\000s\000y\000n\000t\000a\000x}{section.7.3}% 222
\BOOKMARK [2][-]{subsection.7.3.2}{\376\377\000A\000P\000P\000L\000I\000C}{section.7.3}% 223
\BOOKMARK [2][-]{subsection.7.3.3}{\376\377\000D\000E\000L\000E\000T\000E}{section.7.3}% 224
\BOOKMARK [2][-]{subsection.7.3.4}{\376\377\000D\000E\000P\000T}{section.7.3}% 225
\BOOKMARK [2][-]{subsection.7.3.5}{\376\377\000E\000N\000T\000R\000Y}{section.7.3}% 226
\BOOKMARK [2][-]{subsection.7.3.6}{\376\377\000I\000N\000D\000E\000X}{section.7.3}% 227
\BOOKMARK [2][-]{subsection.7.3.7}{\376\377\000L\000I\000N\000E}{section.7.3}% 228
\BOOKMARK [2][-]{subsection.7.3.8}{\376\377\000N\000O\000D\000E}{section.7.3}% 229
\BOOKMARK [2][-]{subsection.7.3.9}{\376\377\000P\000C}{section.7.3}% 230
\BOOKMARK [2][-]{subsection.7.3.10}{\376\377\000P\000R\000O\000F\000I\000L\000E}{section.7.3}% 231
\BOOKMARK [2][-]{subsection.7.3.11}{\376\377\000R\000E\000S\000O\000U\000R\000C\000E}{section.7.3}% 232
\BOOKMARK [2][-]{subsection.7.3.12}{\376\377\000R\000U\000L\000E}{section.7.3}% 233
\BOOKMARK [2][-]{subsection.7.3.13}{\376\377\000S\000E\000R\000V\000E\000R}{section.7.3}% 234
\BOOKMARK [2][-]{subsection.7.3.14}{\376\377\000S\000S\000E\000R\000V}{section.7.3}% 235
\BOOKMARK [2][-]{subsection.7.3.15}{\376\377\000S\000U\000B\000D\000I\000R}{section.7.3}% 236
\BOOKMARK [2][-]{subsection.7.3.16}{\376\377\000T\000E\000R\000M\000I\000N\000A\000L}{section.7.3}% 237
\BOOKMARK [2][-]{subsection.7.3.17}{\376\377\000T\000R\000A\000N\000S\000A\000C\000T}{section.7.3}% 238
\BOOKMARK [2][-]{subsection.7.3.18}{\376\377\000U\000P\000D\000A\000T\000E}{section.7.3}% 239
\BOOKMARK [2][-]{subsection.7.3.19}{\376\377\000U\000S\000E\000R}{section.7.3}% 240
\BOOKMARK [0][-]{chapter.8}{\376\377\000S\000e\000c\000u\000r\000i\000t\000y}{}% 241
\BOOKMARK [1][-]{section.8.1}{\376\377\000M\000o\000d\000i\000f\000y\000\040\000t\000h\000e\000\040\000V\000I\000R\000T\000C\000T}{chapter.8}% 242
\BOOKMARK [1][-]{section.8.2}{\376\377\000A\000d\000d\000\040\000R\000A\000C\000F\000\040\000d\000e\000f\000i\000n\000i\000t\000i\000o\000n\000s}{chapter.8}% 243
\BOOKMARK [1][-]{section.8.3}{\376\377\000V\000i\000r\000t\000e\000l\000\040\000A\000d\000m\000i\000n\000i\000s\000t\000r\000a\000t\000o\000r\000s}{chapter.8}% 244
\BOOKMARK [1][-]{section.8.4}{\376\377\000H\000o\000w\000\040\000t\000o\000\040\000a\000c\000t\000i\000v\000a\000t\000e\000\040\000A\000C\000F\0002\000\040\000S\000e\000c\000u\000r\000i\000t\000y}{chapter.8}% 245
\BOOKMARK [2][-]{subsection.8.4.1}{\376\377\000M\000o\000d\000i\000f\000y\000\040\000t\000h\000e\000\040\000V\000I\000R\000T\000C\000T}{section.8.4}% 246
\BOOKMARK [2][-]{subsection.8.4.2}{\376\377\000D\000e\000t\000e\000r\000m\000i\000n\000e\000\040\000t\000h\000e\000\040\000A\000C\000F\0002\000\040\000r\000e\000s\000o\000u\000r\000c\000e\000\040\000t\000y\000p\000e}{section.8.4}% 247
\BOOKMARK [2][-]{subsection.8.4.3}{\376\377\000A\000d\000d\000\040\000A\000C\000F\0002\000\040\000d\000e\000f\000i\000n\000i\000t\000i\000o\000n\000s}{section.8.4}% 248
\BOOKMARK [3][-]{subsubsection*.26}{\376\377\000C\000r\000e\000a\000t\000e\000\040\000O\000M\000V\000S\000\040\000s\000e\000g\000m\000e\000n\000t\000\040\000f\000o\000r\000\040\000V\000I\000R\000T\000E\000L}{subsection.8.4.3}% 249
\BOOKMARK [3][-]{subsubsection*.27}{\376\377\000A\000d\000d\000\040\000p\000e\000r\000m\000i\000s\000s\000i\000o\000n\000s\000\040\000f\000o\000r\000\040\000V\000I\000R\000T\000E\000L\000\040\000a\000d\000m\000i\000n\000i\000s\000t\000r\000a\000t\000o\000r\000s}{subsection.8.4.3}% 250
\BOOKMARK [3][-]{subsubsection*.28}{\376\377\000A\000d\000d\000\040\000p\000e\000r\000m\000i\000s\000s\000i\000o\000n\000s\000\040\000f\000o\000r\000\040\000V\000I\000R\000T\000E\000L\000\040\000g\000e\000n\000e\000r\000a\000l\000\040\000u\000s\000e\000r\000s}{subsection.8.4.3}% 251
\BOOKMARK [3][-]{subsubsection*.29}{\376\377\000A\000l\000l\000o\000w\000\040\000e\000v\000e\000r\000y\000o\000n\000e\000\040\000t\000o\000\040\000u\000s\000e\000\040\000t\000h\000e\000\040\0003\0002\0007\0000\000\040\000L\000O\000G\000O\000F\000F\000\040\000t\000r\000a\000n\000s\000a\000c\000t\000i\000o\000n\000s}{subsection.8.4.3}% 252
\BOOKMARK [3][-]{subsubsection*.30}{\376\377\000A\000d\000d\000\040\000p\000e\000r\000m\000i\000s\000s\000i\000o\000n\000s\000\040\000f\000o\000r\000\040\000V\000I\000R\000T\000E\000L\000\040\000a\000d\000m\000i\000n\000i\000s\000t\000r\000a\000t\000o\000r\000s}{subsection.8.4.3}% 253
\BOOKMARK [1][-]{section.8.5}{\376\377\000H\000o\000w\000\040\000T\000o\000\040\000A\000c\000t\000i\000v\000a\000t\000e\000\040\000T\000o\000p\000\040\000S\000e\000c\000r\000e\000t\000\040\000\050\000T\000S\000S\000\051\000\040\000S\000e\000c\000u\000r\000i\000t\000y\000\040\000P\000e\000r\000f\000o\000r\000m}{chapter.8}% 254
\BOOKMARK [2][-]{subsection.8.5.1}{\376\377\000M\000o\000d\000i\000f\000y\000\040\000t\000h\000e\000\040\000T\000C\000T}{section.8.5}% 255
\BOOKMARK [2][-]{subsection.8.5.2}{\376\377\000A\000d\000d\000\040\000T\000S\000S\000\040\000d\000e\000f\000i\000n\000i\000t\000i\000o\000n\000s}{section.8.5}% 256
\BOOKMARK [3][-]{subsubsection*.31}{\376\377\000C\000r\000e\000a\000t\000e\000\040\000V\000I\000R\000T\000E\000L\000\040\000d\000i\000v\000i\000s\000i\000o\000n\000\040\000a\000n\000d\000\040\000d\000e\000p\000a\000r\000t\000m\000e\000n\000t}{subsection.8.5.2}% 257
\BOOKMARK [3][-]{subsubsection*.32}{\376\377\000C\000r\000e\000a\000t\000e\000\040\000A\000C\000I\000D\000\040\000f\000o\000r\000\040\000t\000h\000e\000\040\000V\000I\000R\000T\000E\000L\000\040\000s\000t\000a\000r\000t\000e\000d\000\040\000t\000a\000s\000k}{subsection.8.5.2}% 258
\BOOKMARK [3][-]{subsubsection*.33}{\376\377\000A\000s\000s\000i\000g\000n\000\040\000V\000I\000R\000T\000E\000L\000\040\000p\000r\000o\000c\000e\000d\000u\000r\000e\000\040\000n\000a\000m\000e\000\040\000t\000o\000\040\000t\000h\000e\000\040\000A\000C\000I\000D}{subsection.8.5.2}% 259
\BOOKMARK [3][-]{subsubsection*.34}{\376\377\000C\000r\000e\000a\000t\000e\000\040\000O\000M\000V\000S\000\040\000s\000e\000g\000m\000e\000n\000t\000\040\000f\000o\000r\000\040\000V\000I\000R\000T\000E\000L}{subsection.8.5.2}% 260
\BOOKMARK [3][-]{subsubsection*.35}{\376\377\000D\000e\000f\000i\000n\000e\000\040\000V\000I\000R\000T\000E\000L\000\040\000r\000e\000s\000o\000u\000r\000c\000e\000\040\000c\000l\000a\000s\000s\000e\000s\000\040\000i\000n\000\040\000t\000h\000e\000\040\000R\000D\000T}{subsection.8.5.2}% 261
\BOOKMARK [3][-]{subsubsection*.36}{\376\377\000A\000t\000t\000a\000c\000h\000\040\000r\000e\000s\000o\000u\000r\000c\000e\000s\000\040\000t\000o\000\040\000V\000I\000R\000T\000E\000L\000\040\000d\000e\000p\000a\000r\000t\000m\000e\000n\000t}{subsection.8.5.2}% 262
\BOOKMARK [3][-]{subsubsection*.37}{\376\377\000S\000e\000t\000\040\000F\000a\000c\000i\000l\000i\000t\000y\000\040\000t\000o\000\040\000r\000e\000s\000i\000d\000e\000n\000t}{subsection.8.5.2}% 263
\BOOKMARK [3][-]{subsubsection*.38}{\376\377\000C\000r\000e\000a\000t\000e\000\040\000a\000d\000m\000i\000n\000i\000s\000t\000r\000a\000t\000o\000r\000\040\000p\000r\000o\000f\000i\000l\000e}{subsection.8.5.2}% 264
\BOOKMARK [3][-]{subsubsection*.39}{\376\377\000C\000r\000e\000a\000t\000e\000\040\000u\000s\000e\000r\000\040\000p\000r\000o\000f\000i\000l\000e}{subsection.8.5.2}% 265
\BOOKMARK [3][-]{subsubsection*.40}{\376\377\000A\000l\000l\000o\000w\000\040\000e\000v\000e\000r\000y\000o\000n\000e\000\040\000t\000o\000\040\000u\000s\000e\000\040\000t\000h\000e\000\040\0003\0002\0007\0000\000\040\000L\000O\000G\000O\000F\000F\000\040\000t\000r\000a\000n\000s\000a\000c\000t\000i\000o\000n}{subsection.8.5.2}% 266
\BOOKMARK [3][-]{subsubsection*.41}{\376\377\000D\000e\000f\000i\000n\000e\000\040\000V\000I\000R\000T\000E\000L\000\040\000g\000e\000n\000e\000r\000a\000l\000\040\000u\000s\000e\000r\000s}{subsection.8.5.2}% 267
\BOOKMARK [3][-]{subsubsection*.42}{\376\377\000A\000u\000t\000h\000o\000r\000i\000z\000e\000\040\000t\000h\000e\000\040\000V\000I\000R\000T\000E\000L\000\040\000L\000O\000A\000D\000L\000I\000B}{subsection.8.5.2}% 268
\BOOKMARK [3][-]{subsubsection*.43}{\376\377\000A\000u\000t\000o\000C\000o\000m\000m\000a\000n\000d\000s\000\040\000a\000t\000\040\000i\000n\000i\000t\000i\000a\000l\000i\000s\000a\000t\000i\000o\000n}{subsection.8.5.2}% 269
\BOOKMARK [0][-]{chapter.9}{\376\377\000A\000p\000p\000e\000n\000d\000i\000x}{}% 270
\BOOKMARK [1][-]{section.9.1}{\376\377\000A\000p\000p\000e\000n\000d\000i\000x\000\040\000A\000.\000\040\000V\000i\000r\000t\000e\000l\000\040\000M\000o\000d\000u\000l\000e\000s}{chapter.9}% 271
\BOOKMARK [2][-]{subsection.9.1.1}{\376\377\000V\000i\000r\000t\000e\000l\000\040\000M\000o\000d\000u\000l\000e\000s}{section.9.1}% 272
\BOOKMARK [1][-]{section.9.2}{\376\377\000A\000p\000p\000e\000n\000d\000i\000x\000\040\000B\000.\000\040\000V\000S\000E\000\040\000I\000C\000C\000F\000\040\000E\000d\000i\000t\000o\000r\000\040\000c\000o\000m\000m\000a\000n\000d\000s}{chapter.9}% 273
\BOOKMARK [1][-]{section.9.3}{\376\377\000T\000r\000a\000d\000e\000m\000a\000r\000k\000s}{chapter.9}% 274
