This is LuaTeX, Version 1.0.4 (MiKTeX 2.9.6350 64-bit)  (format=lualatex 2017.7.6)  11 JUL 2017 09:26
 restricted system commands enabled.
**D:/Documents/GitHub/Virtel/docs/manuals/virtel/Virtel457UG/latex/Virtel.tex
(D:/Documents/GitHub/Virtel/docs/manuals/virtel/Virtel457UG/latex/Virtel.tex
LaTeX2e <2017-04-15>
Lua module: luaotfload-main 2017/01/29 2.80001 OpenType layout system.
Lua module: lualibs 2017-02-01 2.5 ConTeXt Lua standard libraries.
Lua module: lualibs-extended 2017-02-01 2.5 ConTeXt Lua libraries -- extended co
llection.(using cache: C:/Users/holt.SYSPERTEC/AppData/Local/MiKTeX/2.9/luatex-c
ache/generic)
luaotfload | conf : Root cache directory is C:/Users/holt.SYSPERTEC/AppData/Loca
l/MiKTeX/2.9/luatex-cache/generic/names.
luaotfload | init : Loading fontloader “fontloader-2017-02-11.lua” from kpse
-resolved path “C:/MiKTeX 2.9/tex/luatex/luaotfload/fontloader-2017-02-11.lua
”.
Lua-only attribute luaotfload@state = 1
Lua-only attribute luaotfload@noligature = 2
Lua-only attribute luaotfload@syllabe = 3
luaotfload | init : Context OpenType loader version “3.027”
Inserting `luaotfload.node_processor' at position 1 in `pre_linebreak_filter'.
Inserting `luaotfload.node_processor' at position 1 in `hpack_filter'.
Inserting `luaotfload.define_font' at position 1 in `define_font'.
Lua-only attribute luaotfload_color_attribute = 4
luaotfload | conf : Root cache directory is C:/Users/holt.SYSPERTEC/AppData/Loca
l/MiKTeX/2.9/luatex-cache/generic/names.
Inserting `luaotfload.aux.set_sscale_dimens' at position 1 in `luaotfload.patch_
font'.
Inserting `luaotfload.aux.patch_cambria_domh' at position 2 in `luaotfload.patch
_font'.
Inserting `luaotfload.aux.fixup_fontdata' at position 1 in `luaotfload.patch_fon
t_unsafe'.
Inserting `luaotfload.aux.set_capheight' at position 3 in `luaotfload.patch_font
'.
Inserting `luaotfload.rewrite_fontname' at position 4 in `luaotfload.patch_font'
.
luaotfload | main : initialization completed in 0.439 seconds
Babel <3.10> and hyphenation patterns for 1 language(s) loaded.

(D:/Documents/GitHub/Virtel/docs/manuals/virtel/Virtel457UG/latex/sphinxmanual.
cls
Document Class: sphinxmanual 2017/03/26 v1.6 Document class (Sphinx manual)
("C:/MiKTeX 2.9/tex/latex/base/report.cls"
Document Class: report 2014/09/29 v1.4h Standard LaTeX document class
("C:/MiKTeX 2.9/tex/latex/base/size10.clo"
File: size10.clo 2014/09/29 v1.4h Standard LaTeX file (size option)
luaotfload | db : Font names database loaded from C:/Users/holt.SYSPERTEC/AppDat
a/Local/MiKTeX/2.9/luatex-cache/generic/names/luaotfload-names.luc(load luc: C:/
Users/holt.SYSPERTEC/AppData/Local/MiKTeX/2.9/luatex-cache/generic/fonts/otl/lmr
oman10-regular.luc))
\c@part=\count79
\c@chapter=\count80
\c@section=\count81
\c@subsection=\count82
\c@subsubsection=\count83
\c@paragraph=\count84
\c@subparagraph=\count85
\c@figure=\count86
\c@table=\count87
\abovecaptionskip=\skip41
\belowcaptionskip=\skip42
\bibindent=\dimen102
))
\sphinxpxdimen=\dimen103
(C:/Users/holt.SYSPERTEC/AppData/Roaming/MiKTeX/2.9/tex/latex/cmap/cmap.sty
Package: cmap 2008/03/06 v1.0h CMap support: searchable PDF


Package cmap Warning: pdftex not detected - exiting.

) ("C:/MiKTeX 2.9/tex/latex/amsmath/amsmath.sty"
Package: amsmath 2016/11/05 v2.16a AMS math features
\@mathmargin=\skip43

For additional information on amsmath, use the `?' option.
("C:/MiKTeX 2.9/tex/latex/amsmath/amstext.sty"
Package: amstext 2000/06/29 v2.01 AMS text

("C:/MiKTeX 2.9/tex/latex/amsmath/amsgen.sty"
File: amsgen.sty 1999/11/30 v2.0 generic functions
\@emptytoks=\toks14
\ex@=\dimen104
))
("C:/MiKTeX 2.9/tex/latex/amsmath/amsbsy.sty"
Package: amsbsy 1999/11/29 v1.2d Bold Symbols
\pmbraise@=\dimen105
)
("C:/MiKTeX 2.9/tex/latex/amsmath/amsopn.sty"
Package: amsopn 2016/03/08 v2.02 operator names
)
\inf@bad=\count88
LaTeX Info: Redefining \frac on input line 213.
\uproot@=\count89
\leftroot@=\count90
LaTeX Info: Redefining \overline on input line 375.
\classnum@=\count91
\DOTSCASE@=\count92
LaTeX Info: Redefining \ldots on input line 472.
LaTeX Info: Redefining \dots on input line 475.
LaTeX Info: Redefining \cdots on input line 596.
\Mathstrutbox@=\box26
\strutbox@=\box27
\big@size=\dimen106
LaTeX Font Info:    Redeclaring font encoding OML on input line 712.
LaTeX Font Info:    Redeclaring font encoding OMS on input line 713.
\macc@depth=\count93
\c@MaxMatrixCols=\count94
\dotsspace@=\muskip10
\c@parentequation=\count95
\dspbrk@lvl=\count96
\tag@help=\toks15
\row@=\count97
\column@=\count98
\maxfields@=\count99
\andhelp@=\toks16
\eqnshift@=\dimen107
\alignsep@=\dimen108
\tagshift@=\dimen109
\tagwidth@=\dimen110
\totwidth@=\dimen111
\lineht@=\dimen112
\@envbody=\toks17
\multlinegap=\skip44
\multlinetaggap=\skip45
\mathdisplay@stack=\toks18
LaTeX Info: Redefining \[ on input line 2817.
LaTeX Info: Redefining \] on input line 2818.
)
("C:/MiKTeX 2.9/tex/latex/amsfonts/amssymb.sty"
Package: amssymb 2013/01/14 v3.01 AMS font symbols

("C:/MiKTeX 2.9/tex/latex/amsfonts/amsfonts.sty"
Package: amsfonts 2013/01/14 v3.01 Basic AMSFonts support
\symAMSa=\mathgroup4
\symAMSb=\mathgroup5
LaTeX Font Info:    Overwriting math alphabet `\mathfrak' in version `bold'
(Font)                  U/euf/m/n --> U/euf/b/n on input line 106.
))
("C:/MiKTeX 2.9/tex/generic/babel/babel.sty"
Package: babel 2017/05/19 3.10 The Babel package

("C:/MiKTeX 2.9/tex/generic/babel/luababel.def"
\l@afrikaans=\language2
Package babel Info: Non-standard hyphenation setup on input line 122.
\l@ancientgreek=\language3
\l@arabic=\language4
\l@armenian=\language5
\l@assamese=\language6
\l@basque=\language7
\l@bengali=\language8
\l@bokmal=\language9
\l@bulgarian=\language10
\l@catalan=\language11
\l@classiclatin=\language12
\l@coptic=\language13
\l@croatian=\language14
\l@czech=\language15
\l@danish=\language16
\l@dutch=\language17
\l@esperanto=\language18
\l@estonian=\language19
\l@farsi=\language20
\l@finnish=\language21
\l@french=\language22
\l@galician=\language23
\l@georgian=\language24
\l@german=\language25
\l@german-x-2017-03-31=\language26
\l@greek=\language27
\l@gujarati=\language28
\l@hindi=\language29
\l@hungarian=\language30
\l@icelandic=\language31
\l@indonesian=\language32
\l@interlingua=\language33
\l@irish=\language34
\l@italian=\language35
\l@kannada=\language36
\l@kurmanji=\language37
\l@latin=\language38
\l@latvian=\language39
\l@lithuanian=\language40
\l@malayalam=\language41
\l@marathi=\language42
\l@mongolian=\language43
\l@mongolianlmc=\language44
\l@monogreek=\language45
\l@ngerman=\language46
\l@ngerman-x-2017-03-31=\language47
\l@nynorsk=\language48
\l@oriya=\language49
\l@panjabi=\language50
\l@piedmontese=\language51
\l@pinyin=\language52
\l@polish=\language53
\l@portuguese=\language54
\l@romanian=\language55
\l@romansh=\language56
\l@russian=\language57
\l@sanskrit=\language58
\l@serbian=\language59
\l@serbianc=\language60
\l@slovak=\language61
\l@slovenian=\language62
\l@spanish=\language63
\l@swedish=\language64
\l@swissgerman=\language65
\l@tamil=\language66
\l@telugu=\language67
\l@thai=\language68
\l@turkish=\language69
\l@turkmen=\language70
\l@ukenglish=\language71
\l@ukrainian=\language72
\l@uppersorbian=\language73
\l@usenglishmax=\language74
\l@welsh=\language75
)
*************************************
* Local config file bblopts.cfg used
*

(C:/Users/holt.SYSPERTEC/AppData/Roaming/MiKTeX/2.9/tex/latex/arabi/bblopts.cfg
File: bblopts.cfg 2005/09/08 v0.1 add Arabic and Farsi to "declared" options of 
babel
) ("C:/MiKTeX 2.9/tex/latex/babel-english/english.ldf"
Language: english 2017/01/24 v3.3q English support from the babel system

("C:/MiKTeX 2.9/tex/generic/babel/babel.def"
File: babel.def 2017/05/19 3.10 Babel common definitions
\babel@savecnt=\count100
\U@D=\dimen113

("C:/MiKTeX 2.9/tex/generic/babel/luababel.def"))
\l@canadian = a dialect from \language\l@american 
\l@australian = a dialect from \language\l@british 
\l@newzealand = a dialect from \language\l@british 
))
(C:/Users/holt.SYSPERTEC/AppData/Roaming/MiKTeX/2.9/tex/latex/fncychap/fncychap
.sty
Package: fncychap 2007/07/30 v1.34 LaTeX package (Revised chapters)
\RW=\skip46
\mylen=\skip47
\myhi=\skip48
\px=\skip49
\py=\skip50
\pyy=\skip51
\pxx=\skip52
\c@AlphaCnt=\count101
\c@AlphaDecCnt=\count102
)
(D:/Documents/GitHub/Virtel/docs/manuals/virtel/Virtel457UG/latex/sphinx.sty
Package: sphinx 2017/06/17 v1.6.3 LaTeX package (Sphinx markup)

("C:/MiKTeX 2.9/tex/generic/oberdiek/ltxcmds.sty"
Package: ltxcmds 2016/05/16 v1.23 LaTeX kernel commands for general use (HO)
)
("C:/MiKTeX 2.9/tex/latex/graphics/graphicx.sty"
Package: graphicx 2014/10/28 v1.0g Enhanced LaTeX Graphics (DPC,SPQR)

("C:/MiKTeX 2.9/tex/latex/graphics/keyval.sty"
Package: keyval 2014/10/28 v1.15 key=value parser (DPC)
\KV@toks@=\toks19
)
("C:/MiKTeX 2.9/tex/latex/graphics/graphics.sty"
Package: graphics 2017/04/14 v1.1b Standard LaTeX Graphics (DPC,SPQR)

("C:/MiKTeX 2.9/tex/latex/graphics/trig.sty"
Package: trig 2016/01/03 v1.10 sin cos tan (DPC)
)
("C:/MiKTeX 2.9/tex/latex/graphics-cfg/graphics.cfg"
File: graphics.cfg 2016/06/04 v1.11 sample graphics configuration
)
Package graphics Info: Driver file: luatex.def on input line 99.

("C:/MiKTeX 2.9/tex/latex/graphics-def/luatex.def"
File: luatex.def 2017/01/12 v0.01h Graphics/Color for luaTeX

("C:/MiKTeX 2.9/tex/generic/oberdiek/infwarerr.sty"
Package: infwarerr 2016/05/16 v1.4 Providing info/warning/error messages (HO)
)
\Gread@gobject=\count103
))
\Gin@req@height=\dimen114
\Gin@req@width=\dimen115
)
(C:/Users/holt.SYSPERTEC/AppData/Roaming/MiKTeX/2.9/tex/latex/fancyhdr/fancyhdr
.sty
Package: fancyhdr 2017/06/30 v3.9a Extensive control of page headers and footers

\f@nch@headwidth=\skip53
\f@nch@O@elh=\skip54
\f@nch@O@erh=\skip55
\f@nch@O@olh=\skip56
\f@nch@O@orh=\skip57
\f@nch@O@elf=\skip58
\f@nch@O@erf=\skip59
\f@nch@O@olf=\skip60
\f@nch@O@orf=\skip61
) ("C:/MiKTeX 2.9/tex/latex/base/textcomp.sty"
Package: textcomp 2017/04/05 v2.0i Standard LaTeX package
Package textcomp Info: Sub-encoding information:
(textcomp)               5 = only ISO-Adobe without \textcurrency
(textcomp)               4 = 5 + \texteuro
(textcomp)               3 = 4 + \textohm
(textcomp)               2 = 3 + \textestimated + \textcurrency
(textcomp)               1 = TS1 - \textcircled - \t
(textcomp)               0 = TS1 (full)
(textcomp)             Font families with sub-encoding setting implement
(textcomp)             only a restricted character set as indicated.
(textcomp)             Family '?' is the default used for unknown fonts.
(textcomp)             See the documentation for details.
Package textcomp Info: Setting ? sub-encoding to TS1/1 on input line 79.

("C:/MiKTeX 2.9/tex/latex/base/ts1enc.def"
File: ts1enc.def 2001/06/05 v3.0e (jk/car/fm) Standard LaTeX file
)
LaTeX Info: Redefining \oldstylenums on input line 334.
Package textcomp Info: Setting cmr sub-encoding to TS1/0 on input line 349.
Package textcomp Info: Setting cmss sub-encoding to TS1/0 on input line 350.
Package textcomp Info: Setting cmtt sub-encoding to TS1/0 on input line 351.
Package textcomp Info: Setting cmvtt sub-encoding to TS1/0 on input line 352.
Package textcomp Info: Setting cmbr sub-encoding to TS1/0 on input line 353.
Package textcomp Info: Setting cmtl sub-encoding to TS1/0 on input line 354.
Package textcomp Info: Setting ccr sub-encoding to TS1/0 on input line 355.
Package textcomp Info: Setting ptm sub-encoding to TS1/4 on input line 356.
Package textcomp Info: Setting pcr sub-encoding to TS1/4 on input line 357.
Package textcomp Info: Setting phv sub-encoding to TS1/4 on input line 358.
Package textcomp Info: Setting ppl sub-encoding to TS1/3 on input line 359.
Package textcomp Info: Setting pag sub-encoding to TS1/4 on input line 360.
Package textcomp Info: Setting pbk sub-encoding to TS1/4 on input line 361.
Package textcomp Info: Setting pnc sub-encoding to TS1/4 on input line 362.
Package textcomp Info: Setting pzc sub-encoding to TS1/4 on input line 363.
Package textcomp Info: Setting bch sub-encoding to TS1/4 on input line 364.
Package textcomp Info: Setting put sub-encoding to TS1/5 on input line 365.
Package textcomp Info: Setting uag sub-encoding to TS1/5 on input line 366.
Package textcomp Info: Setting ugq sub-encoding to TS1/5 on input line 367.
Package textcomp Info: Setting ul8 sub-encoding to TS1/4 on input line 368.
Package textcomp Info: Setting ul9 sub-encoding to TS1/4 on input line 369.
Package textcomp Info: Setting augie sub-encoding to TS1/5 on input line 370.
Package textcomp Info: Setting dayrom sub-encoding to TS1/3 on input line 371.
Package textcomp Info: Setting dayroms sub-encoding to TS1/3 on input line 372.
Package textcomp Info: Setting pxr sub-encoding to TS1/0 on input line 373.
Package textcomp Info: Setting pxss sub-encoding to TS1/0 on input line 374.
Package textcomp Info: Setting pxtt sub-encoding to TS1/0 on input line 375.
Package textcomp Info: Setting txr sub-encoding to TS1/0 on input line 376.
Package textcomp Info: Setting txss sub-encoding to TS1/0 on input line 377.
Package textcomp Info: Setting txtt sub-encoding to TS1/0 on input line 378.
Package textcomp Info: Setting lmr sub-encoding to TS1/0 on input line 379.
Package textcomp Info: Setting lmdh sub-encoding to TS1/0 on input line 380.
Package textcomp Info: Setting lmss sub-encoding to TS1/0 on input line 381.
Package textcomp Info: Setting lmssq sub-encoding to TS1/0 on input line 382.
Package textcomp Info: Setting lmvtt sub-encoding to TS1/0 on input line 383.
Package textcomp Info: Setting lmtt sub-encoding to TS1/0 on input line 384.
Package textcomp Info: Setting qhv sub-encoding to TS1/0 on input line 385.
Package textcomp Info: Setting qag sub-encoding to TS1/0 on input line 386.
Package textcomp Info: Setting qbk sub-encoding to TS1/0 on input line 387.
Package textcomp Info: Setting qcr sub-encoding to TS1/0 on input line 388.
Package textcomp Info: Setting qcs sub-encoding to TS1/0 on input line 389.
Package textcomp Info: Setting qpl sub-encoding to TS1/0 on input line 390.
Package textcomp Info: Setting qtm sub-encoding to TS1/0 on input line 391.
Package textcomp Info: Setting qzc sub-encoding to TS1/0 on input line 392.
Package textcomp Info: Setting qhvc sub-encoding to TS1/0 on input line 393.
Package textcomp Info: Setting futs sub-encoding to TS1/4 on input line 394.
Package textcomp Info: Setting futx sub-encoding to TS1/4 on input line 395.
Package textcomp Info: Setting futj sub-encoding to TS1/4 on input line 396.
Package textcomp Info: Setting hlh sub-encoding to TS1/3 on input line 397.
Package textcomp Info: Setting hls sub-encoding to TS1/3 on input line 398.
Package textcomp Info: Setting hlst sub-encoding to TS1/3 on input line 399.
Package textcomp Info: Setting hlct sub-encoding to TS1/5 on input line 400.
Package textcomp Info: Setting hlx sub-encoding to TS1/5 on input line 401.
Package textcomp Info: Setting hlce sub-encoding to TS1/5 on input line 402.
Package textcomp Info: Setting hlcn sub-encoding to TS1/5 on input line 403.
Package textcomp Info: Setting hlcw sub-encoding to TS1/5 on input line 404.
Package textcomp Info: Setting hlcf sub-encoding to TS1/5 on input line 405.
Package textcomp Info: Setting pplx sub-encoding to TS1/3 on input line 406.
Package textcomp Info: Setting pplj sub-encoding to TS1/3 on input line 407.
Package textcomp Info: Setting ptmx sub-encoding to TS1/4 on input line 408.
Package textcomp Info: Setting ptmj sub-encoding to TS1/4 on input line 409.
)
(C:/Users/holt.SYSPERTEC/AppData/Roaming/MiKTeX/2.9/tex/latex/titlesec/titlesec
.sty
Package: titlesec 2016/03/21 v2.10.2 Sectioning titles
\ttl@box=\box28
\beforetitleunit=\skip62
\aftertitleunit=\skip63
\ttl@plus=\dimen116
\ttl@minus=\dimen117
\ttl@toksa=\toks20
\titlewidth=\dimen118
\titlewidthlast=\dimen119
\titlewidthfirst=\dimen120
)
(C:/Users/holt.SYSPERTEC/AppData/Roaming/MiKTeX/2.9/tex/latex/tabulary/tabulary
.sty
Package: tabulary 2014/06/11 v0.10 tabulary package (DPC)
 ("C:/MiKTeX 2.9/tex/latex/tools/array.sty"
Package: array 2016/10/06 v2.4d Tabular extension package (FMi)
\col@sep=\dimen121
\extrarowheight=\dimen122
\NC@list=\toks21
\extratabsurround=\skip64
\backup@length=\skip65
)
\TY@count=\count104
\TY@linewidth=\dimen123
\tymin=\dimen124
\tymax=\dimen125
\TY@tablewidth=\dimen126
)
("C:/MiKTeX 2.9/tex/latex/tools/longtable.sty"
Package: longtable 2014/10/28 v4.11 Multi-page Table package (DPC)
\LTleft=\skip66
\LTright=\skip67
\LTpre=\skip68
\LTpost=\skip69
\LTchunksize=\count105
\LTcapwidth=\dimen127
\LT@head=\box29
\LT@firsthead=\box30
\LT@foot=\box31
\LT@lastfoot=\box32
\LT@cols=\count106
\LT@rows=\count107
\c@LT@tables=\count108
\c@LT@chunks=\count109
\LT@p@ftn=\toks22
)
("C:/MiKTeX 2.9/tex/latex/ltxmisc/varwidth.sty"
Package: varwidth 2009/03/30 ver 0.92;  Variable-width minipages
\@vwid@box=\box33
\sift@deathcycles=\count110
\@vwid@loff=\dimen128
\@vwid@roff=\dimen129
)
(D:/Documents/GitHub/Virtel/docs/manuals/virtel/Virtel457UG/latex/sphinxmultice
ll.sty
Package: sphinxmulticell 2017/02/23 v1.6 better span rows and columns of a table
 (Sphinx team)
\sphinx@TY@tablewidth=\dimen130
) ("C:/MiKTeX 2.9/tex/latex/base/makeidx.sty"
Package: makeidx 2014/09/29 v1.0m Standard LaTeX package
)
(C:/Users/holt.SYSPERTEC/AppData/Roaming/MiKTeX/2.9/tex/latex/framed/framed.sty
Package: framed 2011/10/22 v 0.96: framed or shaded text with page breaks
\OuterFrameSep=\skip70
\fb@frw=\dimen131
\fb@frh=\dimen132
\FrameRule=\dimen133
\FrameSep=\dimen134
)
(C:/Users/holt.SYSPERTEC/AppData/Roaming/MiKTeX/2.9/tex/latex/xcolor/xcolor.sty
Package: xcolor 2016/05/11 v2.12 LaTeX color extensions (UK)
("C:/MiKTeX 2.9/tex/latex/graphics-cfg/color.cfg"
File: color.cfg 2016/01/02 v1.6 sample color configuration
)
Package xcolor Info: Driver file: luatex.def on input line 225.
Package xcolor Info: Model `cmy' substituted by `cmy0' on input line 1348.
Package xcolor Info: Model `hsb' substituted by `rgb' on input line 1352.
Package xcolor Info: Model `RGB' extended on input line 1364.
Package xcolor Info: Model `HTML' substituted by `rgb' on input line 1366.
Package xcolor Info: Model `Hsb' substituted by `hsb' on input line 1367.
Package xcolor Info: Model `tHsb' substituted by `hsb' on input line 1368.
Package xcolor Info: Model `HSB' substituted by `hsb' on input line 1369.
Package xcolor Info: Model `Gray' substituted by `gray' on input line 1370.
Package xcolor Info: Model `wave' substituted by `hsb' on input line 1371.
)
(C:/Users/holt.SYSPERTEC/AppData/Roaming/MiKTeX/2.9/tex/latex/fancyvrb/fancyvrb
.sty
Package: fancyvrb 2008/02/07

Style option: `fancyvrb' v2.7a, with DG/SPQR fixes, and firstline=lastline fix 
<2008/02/07> (tvz)
\FV@CodeLineNo=\count111
\FV@InFile=\read1
\FV@TabBox=\box34
\c@FancyVerbLine=\count112
\FV@StepNumber=\count113
\FV@OutFile=\write3
)
(D:/Documents/GitHub/Virtel/docs/manuals/virtel/Virtel457UG/latex/footnotehyper
-sphinx.sty
Package: footnotehyper-sphinx 2017/03/07 v1.6 hyperref aware footnote.sty for sp
hinx (JFB)
\FNH@notes=\box35
\FNH@width=\dimen135
) ("C:/MiKTeX 2.9/tex/latex/float/float.sty"
Package: float 2001/11/08 v1.3d Float enhancements (AL)
\c@float@type=\count114
\float@exts=\toks23
\float@box=\box36
\@float@everytoks=\toks24
\@floatcapt=\box37
)
(C:/Users/holt.SYSPERTEC/AppData/Roaming/MiKTeX/2.9/tex/latex/wrapfig/wrapfig.s
ty
\wrapoverhang=\dimen136
\WF@size=\dimen137
\c@WF@wrappedlines=\count115
\WF@box=\box38
\WF@everypar=\toks25
Package: wrapfig 2003/01/31  v 3.6
) ("C:/MiKTeX 2.9/tex/latex/ltxmisc/parskip.sty"
Package: parskip 2001/04/09 non-zero parskip adjustments
)
("C:/MiKTeX 2.9/tex/latex/base/alltt.sty"
Package: alltt 1997/06/16 v2.0g defines alltt environment
)
(C:/Users/holt.SYSPERTEC/AppData/Roaming/MiKTeX/2.9/tex/latex/upquote/upquote.s
ty
Package: upquote 2012/04/19 v1.3 upright-quote and grave-accent glyphs in verbat
im
)
(C:/Users/holt.SYSPERTEC/AppData/Roaming/MiKTeX/2.9/tex/latex/capt-of/capt-of.s
ty
Package: capt-of 2009/12/29 v0.2 standard captions outside of floats
)
(C:/Users/holt.SYSPERTEC/AppData/Roaming/MiKTeX/2.9/tex/latex/needspace/needspa
ce.sty
Package: needspace 2010/09/12 v1.3d reserve vertical space
)
(D:/Documents/GitHub/Virtel/docs/manuals/virtel/Virtel457UG/latex/sphinxhighlig
ht.sty
Package: sphinxhighlight 2016/05/29 stylesheet for highlighting with pygments
) ("C:/MiKTeX 2.9/tex/latex/oberdiek/kvoptions.sty"
Package: kvoptions 2016/05/16 v3.12 Key value format for package options (HO)

("C:/MiKTeX 2.9/tex/generic/oberdiek/kvsetkeys.sty"
Package: kvsetkeys 2016/05/16 v1.17 Key value parser (HO)

("C:/MiKTeX 2.9/tex/generic/oberdiek/etexcmds.sty"
Package: etexcmds 2016/05/16 v1.6 Avoid name clashes with e-TeX commands (HO)

("C:/MiKTeX 2.9/tex/generic/oberdiek/ifluatex.sty"
Package: ifluatex 2016/05/16 v1.4 Provides the ifluatex switch (HO)
Package ifluatex Info: LuaTeX detected.
))))
\sphinxverbatimsep=\dimen138
\sphinxverbatimborder=\dimen139
\sphinxshadowsep=\dimen140
\sphinxshadowsize=\dimen141
\sphinxshadowrule=\dimen142
\spx@notice@border=\dimen143
\spx@image@box=\box39
\c@literalblock=\count116
\spx@Verbatim@TitleBox=\box40
\sphinxcontinuationbox=\box41
\sphinxvisiblespacebox=\box42
\py@argswidth=\skip71
\lineblockindentation=\skip72
\DUlineblockindent=\skip73
)
("C:/MiKTeX 2.9/tex/latex/geometry/geometry.sty"
Package: geometry 2010/09/12 v5.6 Page Geometry

("C:/MiKTeX 2.9/tex/generic/oberdiek/ifpdf.sty"
Package: ifpdf 2017/03/15 v3.2 Provides the ifpdf switch
)
("C:/MiKTeX 2.9/tex/generic/oberdiek/ifvtex.sty"
Package: ifvtex 2016/05/16 v1.6 Detect VTeX and its facilities (HO)
Package ifvtex Info: VTeX not detected.
)
("C:/MiKTeX 2.9/tex/generic/ifxetex/ifxetex.sty"
Package: ifxetex 2010/09/12 v0.6 Provides ifxetex conditional
)
\Gm@cnth=\count117
\Gm@cntv=\count118
\c@Gm@tempcnt=\count119
\Gm@bindingoffset=\dimen144
\Gm@wd@mp=\dimen145
\Gm@odd@mp=\dimen146
\Gm@even@mp=\dimen147
\Gm@layoutwidth=\dimen148
\Gm@layoutheight=\dimen149
\Gm@layouthoffset=\dimen150
\Gm@layoutvoffset=\dimen151
\Gm@dimlist=\toks26

("C:/MiKTeX 2.9/tex/latex/geometry/geometry.cfg"))
("C:/MiKTeX 2.9/tex/latex/hyperref/hyperref.sty"
Package: hyperref 2017/03/14 v6.85a Hypertext links for LaTeX

("C:/MiKTeX 2.9/tex/generic/oberdiek/hobsub-hyperref.sty"
Package: hobsub-hyperref 2016/05/16 v1.14 Bundle oberdiek, subset hyperref (HO)

("C:/MiKTeX 2.9/tex/generic/oberdiek/hobsub-generic.sty"
Package: hobsub-generic 2016/05/16 v1.14 Bundle oberdiek, subset generic (HO)
Package: hobsub 2016/05/16 v1.14 Construct package bundles (HO)
Package hobsub Info: Skipping package `infwarerr' (already loaded).
Package hobsub Info: Skipping package `ltxcmds' (already loaded).
Package hobsub Info: Skipping package `ifluatex' (already loaded).
Package hobsub Info: Skipping package `ifvtex' (already loaded).
Package: intcalc 2016/05/16 v1.2 Expandable calculations with integers (HO)
Package hobsub Info: Skipping package `ifpdf' (already loaded).
Package hobsub Info: Skipping package `etexcmds' (already loaded).
Package hobsub Info: Skipping package `kvsetkeys' (already loaded).
Package: kvdefinekeys 2016/05/16 v1.4 Define keys (HO)
Package: luatex-loader 2016/05/16 v0.6 Lua module loader (HO)

(C:/MiKTeX 2.9/scripts/oberdiek/oberdiek.luatex.lua)
Package: pdftexcmds 2017/03/19 v0.25 Utility functions of pdfTeX for LuaTeX (HO)

Package pdftexcmds Info: \pdf@primitive is available.
Package pdftexcmds Info: \pdf@ifprimitive is available.
Package pdftexcmds Info: \pdfdraftmode found.
\pdftexcmds@toks=\toks27
Package: pdfescape 2016/05/16 v1.14 Implements pdfTeX's escape features (HO)
Package: bigintcalc 2016/05/16 v1.4 Expandable calculations on big integers (HO)

Package: bitset 2016/05/16 v1.2 Handle bit-vector datatype (HO)
Package: uniquecounter 2016/05/16 v1.3 Provide unlimited unique counter (HO)
)
Package hobsub Info: Skipping package `hobsub' (already loaded).
Package: letltxmacro 2016/05/16 v1.5 Let assignment for LaTeX macros (HO)
Package: hopatch 2016/05/16 v1.3 Wrapper for package hooks (HO)
Package: xcolor-patch 2016/05/16 xcolor patch
Package: atveryend 2016/05/16 v1.9 Hooks at the very end of document (HO)
Package atveryend Info: \enddocument detected (standard20110627).
Package: atbegshi 2016/06/09 v1.18 At begin shipout hook (HO)
Package: refcount 2016/05/16 v3.5 Data extraction from label references (HO)
Package: hycolor 2016/05/16 v1.8 Color options for hyperref/bookmark (HO)
)
("C:/MiKTeX 2.9/tex/latex/oberdiek/auxhook.sty"
Package: auxhook 2016/05/16 v1.4 Hooks for auxiliary files (HO)
)
\@linkdim=\dimen152
\Hy@linkcounter=\count120
\Hy@pagecounter=\count121

("C:/MiKTeX 2.9/tex/latex/hyperref/pd1enc.def"
File: pd1enc.def 2017/03/14 v6.85a Hyperref: PDFDocEncoding definition (HO)
)
\Hy@SavedSpaceFactor=\count122

("C:/MiKTeX 2.9/tex/latex/00miktex/hyperref.cfg"
File: hyperref.cfg 2002/06/06 v1.2 hyperref configuration of TeXLive
)
Package hyperref Info: Option `unicode' set `true' on input line 4374.

("C:/MiKTeX 2.9/tex/latex/hyperref/puenc.def"
File: puenc.def 2017/03/14 v6.85a Hyperref: PDF Unicode definition (HO)
)
Package hyperref Info: Option `colorlinks' set `true' on input line 4374.
Package hyperref Info: Option `breaklinks' set `true' on input line 4374.
Package hyperref Info: Hyper figures OFF on input line 4498.
Package hyperref Info: Link nesting OFF on input line 4503.
Package hyperref Info: Hyper index ON on input line 4506.
Package hyperref Info: Plain pages OFF on input line 4513.
Package hyperref Info: Backreferencing OFF on input line 4518.
Package hyperref Info: Implicit mode ON; LaTeX internals redefined.
Package hyperref Info: Bookmarks ON on input line 4751.
\c@Hy@tempcnt=\count123

(C:/Users/holt.SYSPERTEC/AppData/Roaming/MiKTeX/2.9/tex/latex/url/url.sty
\Urlmuskip=\muskip11
Package: url 2013/09/16  ver 3.4  Verb mode for urls, etc.
)
LaTeX Info: Redefining \url on input line 5104.
\XeTeXLinkMargin=\dimen153
\Fld@menulength=\count124
\Field@Width=\dimen154
\Fld@charsize=\dimen155
Package hyperref Info: Hyper figures OFF on input line 6358.
Package hyperref Info: Link nesting OFF on input line 6363.
Package hyperref Info: Hyper index ON on input line 6366.
Package hyperref Info: backreferencing OFF on input line 6373.
Package hyperref Info: Link coloring ON on input line 6376.
Package hyperref Info: Link coloring with OCG OFF on input line 6383.
Package hyperref Info: PDF/A mode OFF on input line 6388.
LaTeX Info: Redefining \ref on input line 6428.
LaTeX Info: Redefining \pageref on input line 6432.
\Hy@abspage=\count125
\c@Item=\count126
\c@Hfootnote=\count127
)

Package hyperref Message: Driver (autodetected): hluatex.

("C:/MiKTeX 2.9/tex/latex/hyperref/hluatex.def"
File: hluatex.def 2017/03/14 v6.85a Hyperref driver for luaTeX
\Fld@listcount=\count128
\c@bookmark@seq@number=\count129

("C:/MiKTeX 2.9/tex/latex/oberdiek/rerunfilecheck.sty"
Package: rerunfilecheck 2016/05/16 v1.8 Rerun checks for auxiliary files (HO)
Package uniquecounter Info: New unique counter `rerunfilecheck' on input line 28
2.
)
\Hy@SectionHShift=\skip74
)
("C:/MiKTeX 2.9/tex/latex/oberdiek/hypcap.sty"
Package: hypcap 2016/05/16 v1.12 Adjusting the anchors of captions (HO)
)
("C:/MiKTeX 2.9/tex/latex/fontspec/fontspec.sty"
(C:/Users/holt.SYSPERTEC/AppData/Roaming/MiKTeX/2.9/tex/latex/l3kernel/expl3.st
y
Package: expl3 2017/05/29 L3 programming layer (loader) 

(C:/Users/holt.SYSPERTEC/AppData/Roaming/MiKTeX/2.9/tex/latex/l3kernel/expl3-co
de.tex
Package: expl3 2017/05/29 L3 programming layer (code)
\ucharcat@table=\catcodetable5
\c_max_int=\count130
\l_tmpa_int=\count131
\l_tmpb_int=\count132
\g_tmpa_int=\count133
\g_tmpb_int=\count134
\g__intarray_font_int=\count135
\g__prg_map_int=\count136
\c_log_iow=\count137
\l_iow_line_count_int=\count138
\l__iow_line_target_int=\count139
\l__iow_one_indent_int=\count140
\l__iow_indent_int=\count141
\c_zero_dim=\dimen156
\c_max_dim=\dimen157
\l_tmpa_dim=\dimen158
\l_tmpb_dim=\dimen159
\g_tmpa_dim=\dimen160
\g_tmpb_dim=\dimen161
\c_zero_skip=\skip75
\c_max_skip=\skip76
\l_tmpa_skip=\skip77
\l_tmpb_skip=\skip78
\g_tmpa_skip=\skip79
\g_tmpb_skip=\skip80
\c_zero_muskip=\muskip12
\c_max_muskip=\muskip13
\l_tmpa_muskip=\muskip14
\l_tmpb_muskip=\muskip15
\g_tmpa_muskip=\muskip16
\g_tmpb_muskip=\muskip17
\l_keys_choice_int=\count142
\c__fp_leading_shift_int=\count143
\c__fp_middle_shift_int=\count144
\c__fp_trailing_shift_int=\count145
\c__fp_big_leading_shift_int=\count146
\c__fp_big_middle_shift_int=\count147
\c__fp_big_trailing_shift_int=\count148
\c__fp_Bigg_leading_shift_int=\count149
\c__fp_Bigg_middle_shift_int=\count150
\c__fp_Bigg_trailing_shift_int=\count151
\c__fp_rand_size_int=\count152
\c__fp_rand_four_int=\count153
\c__fp_rand_eight_int=\count154
\l__sort_length_int=\count155
\l__sort_min_int=\count156
\l__sort_top_int=\count157
\l__sort_max_int=\count158
\l__sort_true_max_int=\count159
\l__sort_block_int=\count160
\l__sort_begin_int=\count161
\l__sort_end_int=\count162
\l__sort_A_int=\count163
\l__sort_B_int=\count164
\l__sort_C_int=\count165
\l__tl_build_start_index_int=\count166
\l__tl_build_index_int=\count167
\l__tl_analysis_normal_int=\count168
\l__tl_analysis_index_int=\count169
\l__tl_analysis_nesting_int=\count170
\l__tl_analysis_type_int=\count171
\l__regex_internal_a_int=\count172
\l__regex_internal_b_int=\count173
\l__regex_internal_c_int=\count174
\l__regex_balance_int=\count175
\l__regex_group_level_int=\count176
\l__regex_mode_int=\count177
\c__regex_cs_in_class_mode_int=\count178
\c__regex_cs_mode_int=\count179
\l__regex_catcodes_int=\count180
\l__regex_default_catcodes_int=\count181
\c__regex_catcode_L_int=\count182
\c__regex_catcode_O_int=\count183
\c__regex_catcode_A_int=\count184
\c__regex_all_catcodes_int=\count185
\l__regex_show_lines_int=\count186
\l__regex_min_state_int=\count187
\l__regex_max_state_int=\count188
\l__regex_left_state_int=\count189
\l__regex_right_state_int=\count190
\l__regex_capturing_group_int=\count191
\l__regex_min_pos_int=\count192
\l__regex_max_pos_int=\count193
\l__regex_current_pos_int=\count194
\l__regex_start_pos_int=\count195
\l__regex_success_pos_int=\count196
\l__regex_current_char_int=\count197
\l__regex_current_catcode_int=\count198
\l__regex_last_char_int=\count199
\l__regex_case_changed_char_int=\count266
\l__regex_current_state_int=\count267
\l__regex_step_int=\count268
\l__regex_min_active_int=\count269
\l__regex_max_active_int=\count270
\l__regex_replacement_csnames_int=\count271
\l__regex_match_count_int=\count272
\l__regex_min_submatch_int=\count273
\l__regex_submatch_int=\count274
\l__regex_zeroth_submatch_int=\count275
\c_empty_box=\box43
\l_tmpa_box=\box44
\l_tmpb_box=\box45
\g_tmpa_box=\box46
\g_tmpb_box=\box47
\l__box_top_dim=\dimen162
\l__box_bottom_dim=\dimen163
\l__box_left_dim=\dimen164
\l__box_right_dim=\dimen165
\l__box_top_new_dim=\dimen166
\l__box_bottom_new_dim=\dimen167
\l__box_left_new_dim=\dimen168
\l__box_right_new_dim=\dimen169
\l__box_internal_box=\box48
\l__coffin_internal_box=\box49
\l__coffin_internal_dim=\dimen170
\l__coffin_offset_x_dim=\dimen171
\l__coffin_offset_y_dim=\dimen172
\l__coffin_x_dim=\dimen173
\l__coffin_y_dim=\dimen174
\l__coffin_x_prime_dim=\dimen175
\l__coffin_y_prime_dim=\dimen176
\c_empty_coffin=\box50
\l__coffin_aligned_coffin=\box51
\l__coffin_aligned_internal_coffin=\box52
\l_tmpa_coffin=\box53
\l_tmpb_coffin=\box54
\l__coffin_display_coffin=\box55
\l__coffin_display_coord_coffin=\box56
\l__coffin_display_pole_coffin=\box57
\l__coffin_display_offset_dim=\dimen177
\l__coffin_display_x_dim=\dimen178
\l__coffin_display_y_dim=\dimen179
\l__coffin_bounding_shift_dim=\dimen180
\l__coffin_left_corner_dim=\dimen181
\l__coffin_right_corner_dim=\dimen182
\l__coffin_bottom_corner_dim=\dimen183
\l__coffin_top_corner_dim=\dimen184
\l__coffin_scaled_total_height_dim=\dimen185
\l__coffin_scaled_width_dim=\dimen186
)
(C:/Users/holt.SYSPERTEC/AppData/Roaming/MiKTeX/2.9/tex/latex/l3kernel/l3pdfmod
e.def
File: l3pdfmode.def 2017/03/18 v L3 Experimental driver: PDF mode
\l__driver_color_stack_int=\count276
\l__driver_tmp_box=\box58
))
(C:/Users/holt.SYSPERTEC/AppData/Roaming/MiKTeX/2.9/tex/latex/l3packages/xparse
/xparse.sty
Package: xparse 2017/05/29 L3 Experimental document command parser
\l__xparse_current_arg_int=\count277
\g__xparse_grabber_int=\count278
\l__xparse_m_args_int=\count279
\l__xparse_mandatory_args_int=\count280
\l__xparse_v_nesting_int=\count281
)
Package: fontspec 2017/03/31 v2.6a Font selection for XeLaTeX and LuaLaTeX
Lua module: fontspec 2017/03/31 2.6a Font selection for XeLaTeX and LuaLaTeX ("
C:/MiKTeX 2.9/tex/latex/fontspec/fontspec-luatex.sty"
Package: fontspec-luatex 2017/03/31 v2.6a Font selection for XeLaTeX and LuaLaTe
X
\l__fontspec_script_int=\count282
\l__fontspec_language_int=\count283
\l__fontspec_strnum_int=\count284
\l__fontspec_tmp_int=\count285
\l__fontspec_em_int=\count286
\l__fontspec_emdef_int=\count287
\l__fontspec_strong_int=\count288
\l__fontspec_strongdef_int=\count289
\l__fontspec_tmpa_dim=\dimen187
\l__fontspec_tmpb_dim=\dimen188
\l__fontspec_tmpc_dim=\dimen189
\g__file_internal_ior=\read2

("C:/MiKTeX 2.9/tex/latex/base/fontenc.sty"
Package: fontenc 2017/04/05 v2.0i Standard LaTeX package

("C:/MiKTeX 2.9/tex/latex/base/tuenc.def"
File: tuenc.def 2017/04/05 v2.0i Standard LaTeX file
LaTeX Font Info:    Redeclaring font encoding TU on input line 82.
))
.................................................
. LaTeX info: "xparse/define-command"
. 
. Defining command \fontspec with sig. 'O{}mO{}' on line 475.
.................................................
.................................................
. LaTeX info: "xparse/define-command"
. 
. Defining command \setmainfont with sig. 'O{}mO{}' on line 486.
.................................................
.................................................
. LaTeX info: "xparse/define-command"
. 
. Defining command \setsansfont with sig. 'O{}mO{}' on line 506.
.................................................
.................................................
. LaTeX info: "xparse/define-command"
. 
. Defining command \setmonofont with sig. 'O{}mO{}' on line 526.
.................................................
.................................................
. LaTeX info: "xparse/define-command"
. 
. Defining command \setromanfont with sig. 'O{}mO{}' on line 546.
.................................................
.................................................
. LaTeX info: "xparse/define-command"
. 
. Defining command \setmathrm with sig. 'O{}mO{}' on line 550.
.................................................
.................................................
. LaTeX info: "xparse/define-command"
. 
. Defining command \setboldmathrm with sig. 'O{}mO{}' on line 558.
.................................................
.................................................
. LaTeX info: "xparse/define-command"
. 
. Defining command \setmathsf with sig. 'O{}mO{}' on line 566.
.................................................
.................................................
. LaTeX info: "xparse/define-command"
. 
. Defining command \setmathtt with sig. 'O{}mO{}' on line 574.
.................................................
.................................................
. LaTeX info: "xparse/define-command"
. 
. Defining command \newfontfamily with sig. 'mO{}mO{}' on line 589.
.................................................
.................................................
. LaTeX info: "xparse/define-command"
. 
. Defining command \newfontface with sig. 'mO{}mO{}' on line 606.
.................................................
.................................................
. LaTeX info: "xparse/define-command"
. 
. Defining command \defaultfontfeatures with sig. 't+om' on line 617.
.................................................
.................................................
. LaTeX info: "xparse/define-command"
. 
. Defining command \addfontfeatures with sig. 'm' on line 648.
.................................................
.................................................
. LaTeX info: "xparse/define-command"
. 
. Defining command \newfontfeature with sig. 'mm' on line 675.
.................................................
.................................................
. LaTeX info: "xparse/define-command"
. 
. Defining command \newAATfeature with sig. 'mmmm' on line 689.
.................................................
.................................................
. LaTeX info: "xparse/define-command"
. 
. Defining command \newopentypefeature with sig. 'mmm' on line 703.
.................................................
.................................................
. LaTeX info: "xparse/define-command"
. 
. Defining command \newICUfeature with sig. 'mmm' on line 723.
.................................................
.................................................
. LaTeX info: "xparse/define-command"
. 
. Defining command \aliasfontfeature with sig. 'mm' on line 727.
.................................................
.................................................
. LaTeX info: "xparse/define-command"
. 
. Defining command \aliasfontfeatureoption with sig. 'mmm' on line 748.
.................................................
.................................................
. LaTeX info: "xparse/define-command"
. 
. Defining command \newfontscript with sig. 'mm' on line 781.
.................................................
.................................................
. LaTeX info: "xparse/define-command"
. 
. Defining command \newfontlanguage with sig. 'mm' on line 785.
.................................................
.................................................
. LaTeX info: "xparse/define-command"
. 
. Defining command \DeclareFontsExtensions with sig. 'm' on line 789.
.................................................
.................................................
. LaTeX info: "xparse/define-command"
. 
. Defining command \IfFontFeatureActiveTF with sig. 'mmm' on line 800.
.................................................
.................................................
. LaTeX info: "xparse/define-command"
. 
. Defining command \EncodingCommand with sig. 'mO{}m' on line 3162.
.................................................
.................................................
. LaTeX info: "xparse/define-command"
. 
. Defining command \EncodingAccent with sig. 'mm' on line 3168.
.................................................
.................................................
. LaTeX info: "xparse/define-command"
. 
. Defining command \EncodingSymbol with sig. 'mm' on line 3174.
.................................................
.................................................
. LaTeX info: "xparse/define-command"
. 
. Defining command \EncodingComposite with sig. 'mmm' on line 3180.
.................................................
.................................................
. LaTeX info: "xparse/define-command"
. 
. Defining command \EncodingCompositeCommand with sig. 'mmm' on line 3186.
.................................................
.................................................
. LaTeX info: "xparse/define-command"
. 
. Defining command \DeclareUnicodeEncoding with sig. 'mm' on line 3211.
.................................................
.................................................
. LaTeX info: "xparse/define-command"
. 
. Defining command \UndeclareSymbol with sig. 'm' on line 3217.
.................................................
.................................................
. LaTeX info: "xparse/define-command"
. 
. Defining command \UndeclareComposite with sig. 'mm' on line 3225.
.................................................

("C:/MiKTeX 2.9/tex/latex/fontspec/fontspec.cfg")
LaTeX Info: Redefining \itshape on input line 3410.
LaTeX Info: Redefining \slshape on input line 3415.
LaTeX Info: Redefining \scshape on input line 3420.
LaTeX Info: Redefining \upshape on input line 3425.
LaTeX Info: Redefining \em on input line 3455.
LaTeX Info: Redefining \emph on input line 3480.
(load luc: C:/Users/holt.SYSPERTEC/AppData/Local/MiKTeX/2.9/luatex-cache/generic
/fonts/otl/lmroman10-bold.luc)(load luc: C:/Users/holt.SYSPERTEC/AppData/Local/M
iKTeX/2.9/luatex-cache/generic/fonts/otl/lmroman10-italic.luc)
LaTeX Info: Redefining \- on input line 3531.
.................................................
. LaTeX info: "xparse/redefine-command"
. 
. Redefining command \oldstylenums with sig. 'm' on line 3626.
.................................................
.................................................
. LaTeX info: "xparse/define-command"
. 
. Defining command \liningnums with sig. 'm' on line 3630.
.................................................
))
luaotfload | cache : Lookup cache loaded from C:/Users/holt.SYSPERTEC/AppData/Lo
cal/MiKTeX/2.9/luatex-cache/generic/names/luaotfload-lookup-cache.luc.(load luc:
 C:/Users/holt.SYSPERTEC/AppData/Local/MiKTeX/2.9/luatex-cache/generic/fonts/otl
/cour.luc)
\g__fontspec_family_CourierNew_int=\count290
(load luc: C:/Users/holt.SYSPERTEC/AppData/Local/MiKTeX/2.9/luatex-cache/generic
/fonts/otl/courbi.luc)(load luc: C:/Users/holt.SYSPERTEC/AppData/Local/MiKTeX/2.
9/luatex-cache/generic/fonts/otl/courbd.luc)(load luc: C:/Users/holt.SYSPERTEC/A
ppData/Local/MiKTeX/2.9/luatex-cache/generic/fonts/otl/couri.luc)
luaotfload | aux : font no 26 (nil) does not define feature smcp for script latn
 with language dflt
luaotfload | aux : no font with id 26
luaotfload | aux : font no 28 (nil) does not define feature smcp for script latn
 with language dflt
luaotfload | aux : no font with id 28
luaotfload | aux : font no 29 (nil) does not define feature smcp for script latn
 with language dflt
luaotfload | aux : no font with id 29
luaotfload | aux : font no 27 (nil) does not define feature smcp for script latn
 with language dflt
luaotfload | aux : no font with id 27
.................................................
. fontspec info: "defining-font"
. 
. Font family 'CourierNew(0)' created for font 'Courier New' with options
. [WordSpace={1,0,0},HyphenChar=None,PunctuationSpace=WordSpace].
.  
.  This font family consists of the following NFSS series/shapes:
.  
. - 'normal' (m/n) with NFSS spec.:
. <->"CourierNew:mode=node;script=latn;language=DFLT;"
. - 'small caps'  (m/sc) with NFSS spec.: 
. and font adjustment code:
. \fontdimen 2\font =1\fontdimen 2\font \fontdimen 3\font =0\fontdimen 3\font
. \fontdimen 4\font =0\fontdimen 4\font \fontdimen 7\font =0\fontdimen 2\font
. \hyphenchar \font =\c_minus_one 
. - 'bold' (bx/n) with NFSS spec.:
. <->"CourierNew/B:mode=node;script=latn;language=DFLT;"
. - 'bold small caps'  (bx/sc) with NFSS spec.: 
. and font adjustment code:
. \fontdimen 2\font =1\fontdimen 2\font \fontdimen 3\font =0\fontdimen 3\font
. \fontdimen 4\font =0\fontdimen 4\font \fontdimen 7\font =0\fontdimen 2\font
. \hyphenchar \font =\c_minus_one 
. - 'italic' (m/it) with NFSS spec.:
. <->"CourierNew/I:mode=node;script=latn;language=DFLT;"
. - 'italic small caps'  (m/itsc) with NFSS spec.: 
. and font adjustment code:
. \fontdimen 2\font =1\fontdimen 2\font \fontdimen 3\font =0\fontdimen 3\font
. \fontdimen 4\font =0\fontdimen 4\font \fontdimen 7\font =0\fontdimen 2\font
. \hyphenchar \font =\c_minus_one 
. - 'bold italic' (bx/it) with NFSS spec.:
. <->"CourierNew/BI:mode=node;script=latn;language=DFLT;"
. - 'bold italic small caps'  (bx/itsc) with NFSS spec.: 
. and font adjustment code:
. \fontdimen 2\font =1\fontdimen 2\font \fontdimen 3\font =0\fontdimen 3\font
. \fontdimen 4\font =0\fontdimen 4\font \fontdimen 7\font =0\fontdimen 2\font
. \hyphenchar \font =\c_minus_one 
.................................................
LaTeX Info: Redefining \ttfamily on input line 44.
\@indexfile=\write4

\openout4 = Virtel.idx

Writing index file Virtel.idx
No file Virtel.aux.

\openout1 = Virtel.aux
LaTeX Font Info:    Checking defaults for OML/cmm/m/it on input line 55.
LaTeX Font Info:    ... okay on input line 55.
LaTeX Font Info:    Checking defaults for T1/cmr/m/n on input line 55.
LaTeX Font Info:    ... okay on input line 55.
LaTeX Font Info:    Checking defaults for OT1/cmr/m/n on input line 55.
LaTeX Font Info:    ... okay on input line 55.
LaTeX Font Info:    Checking defaults for OMS/cmsy/m/n on input line 55.
LaTeX Font Info:    ... okay on input line 55.
LaTeX Font Info:    Checking defaults for TU/lmr/m/n on input line 55.
LaTeX Font Info:    ... okay on input line 55.
LaTeX Font Info:    Checking defaults for OMX/cmex/m/n on input line 55.
LaTeX Font Info:    ... okay on input line 55.
LaTeX Font Info:    Checking defaults for U/cmr/m/n on input line 55.
LaTeX Font Info:    ... okay on input line 55.
LaTeX Font Info:    Checking defaults for TS1/cmr/m/n on input line 55.
LaTeX Font Info:    Try loading font information for TS1+cmr on input line 55.
("C:/MiKTeX 2.9/tex/latex/base/ts1cmr.fd"
File: ts1cmr.fd 2014/09/29 v2.5h Standard LaTeX font definitions
)
LaTeX Font Info:    ... okay on input line 55.
LaTeX Font Info:    Checking defaults for PD1/pdf/m/n on input line 55.
LaTeX Font Info:    ... okay on input line 55.
LaTeX Font Info:    Checking defaults for PU/pdf/m/n on input line 55.
LaTeX Font Info:    ... okay on input line 55.

(C:/Users/holt.SYSPERTEC/AppData/Roaming/MiKTeX/2.9/tex/context/base/supp-pdf.m
kii
[Loading MPS to PDF converter (version 2006.09.02).]
\scratchcounter=\count291
\scratchdimen=\dimen190
\scratchbox=\box59
\nofMPsegments=\count292
\nofMParguments=\count293
\everyMPshowfont=\toks28
\MPscratchCnt=\count294
\MPscratchDim=\dimen191
\MPnumerator=\count295
\makeMPintoPDFobject=\count296
\everyMPtoPDFconversion=\toks29
) ("C:/MiKTeX 2.9/tex/latex/oberdiek/epstopdf-base.sty"
Package: epstopdf-base 2016/05/15 v2.6 Base part for package epstopdf

("C:/MiKTeX 2.9/tex/latex/oberdiek/grfext.sty"
Package: grfext 2016/05/16 v1.2 Manage graphics extensions (HO)
)
Package epstopdf-base Info: Redefining graphics rule for `.eps' on input line 43
8.
Package grfext Info: Graphics extension search list:
(grfext)             [.png,.pdf,.jpg,.mps,.jpeg,.jbig2,.jb2,.PNG,.PDF,.JPG,.JPEG
,.JBIG2,.JB2,.eps]
(grfext)             \AppendGraphicsExtensions on input line 456.
)
*geometry* driver: auto-detecting
*geometry* detected driver: pdftex
*geometry* verbose mode - [ preamble ] result:
* driver: pdftex
* paper: letterpaper
* layout: <same size as paper>
* layoutoffset:(h,v)=(0.0pt,0.0pt)
* modes: twoside 
* h-part:(L,W,R)=(72.26999pt, 469.75502pt, 72.26999pt)
* v-part:(T,H,B)=(72.26999pt, 650.43001pt, 72.26999pt)
* \paperwidth=614.295pt
* \paperheight=794.96999pt
* \textwidth=469.75502pt
* \textheight=650.43001pt
* \oddsidemargin=0.0pt
* \evensidemargin=0.0pt
* \topmargin=-37.0pt
* \headheight=12.0pt
* \headsep=25.0pt
* \topskip=10.0pt
* \footskip=30.0pt
* \marginparwidth=36.135pt
* \marginparsep=11.0pt
* \columnsep=10.0pt
* \skip\footins=9.0pt plus 4.0pt minus 2.0pt
* \hoffset=0.0pt
* \voffset=0.0pt
* \mag=1000
* \@twocolumnfalse
* \@twosidetrue
* \@mparswitchtrue
* \@reversemarginfalse
* (1in=72.27pt=25.4mm, 1cm=28.453pt)

\AtBeginShipoutBox=\box60
Package hyperref Info: Link coloring ON on input line 55.
("C:/MiKTeX 2.9/tex/latex/hyperref/nameref.sty"
Package: nameref 2016/05/21 v2.44 Cross-referencing by name of section

("C:/MiKTeX 2.9/tex/generic/oberdiek/gettitlestring.sty"
Package: gettitlestring 2016/05/16 v1.5 Cleanup title references (HO)
)
\c@section@level=\count297
)
LaTeX Info: Redefining \ref on input line 55.
LaTeX Info: Redefining \pageref on input line 55.
LaTeX Info: Redefining \nameref on input line 55.
\@outlinefile=\write5

\openout5 = Virtel.out
.................................................
. fontspec info: "setup-math"
. 
. Adjusting the maths setup (use [no-math] to avoid this).
.................................................
\symlegacymaths=\mathgroup6
LaTeX Font Info:    Overwriting symbol font `legacymaths' in version `bold'
(Font)                  OT1/cmr/m/n --> OT1/cmr/bx/n on input line 55.
LaTeX Font Info:    Redeclaring math accent \acute on input line 55.
LaTeX Font Info:    Redeclaring math accent \grave on input line 55.
LaTeX Font Info:    Redeclaring math accent \ddot on input line 55.
LaTeX Font Info:    Redeclaring math accent \tilde on input line 55.
LaTeX Font Info:    Redeclaring math accent \bar on input line 55.
LaTeX Font Info:    Redeclaring math accent \breve on input line 55.
LaTeX Font Info:    Redeclaring math accent \check on input line 55.
LaTeX Font Info:    Redeclaring math accent \hat on input line 55.
LaTeX Font Info:    Redeclaring math accent \dot on input line 55.
LaTeX Font Info:    Redeclaring math accent \mathring on input line 55.
LaTeX Font Info:    Redeclaring math symbol \Gamma on input line 55.
LaTeX Font Info:    Redeclaring math symbol \Delta on input line 55.
LaTeX Font Info:    Redeclaring math symbol \Theta on input line 55.
LaTeX Font Info:    Redeclaring math symbol \Lambda on input line 55.
LaTeX Font Info:    Redeclaring math symbol \Xi on input line 55.
LaTeX Font Info:    Redeclaring math symbol \Pi on input line 55.
LaTeX Font Info:    Redeclaring math symbol \Sigma on input line 55.
LaTeX Font Info:    Redeclaring math symbol \Upsilon on input line 55.
LaTeX Font Info:    Redeclaring math symbol \Phi on input line 55.
LaTeX Font Info:    Redeclaring math symbol \Psi on input line 55.
LaTeX Font Info:    Redeclaring math symbol \Omega on input line 55.
LaTeX Font Info:    Redeclaring math symbol \mathdollar on input line 55.
LaTeX Font Info:    Redeclaring symbol font `operators' on input line 55.
LaTeX Font Info:    Encoding `OT1' has changed to `TU' for symbol font
(Font)              `operators' in the math version `normal' on input line 55.
LaTeX Font Info:    Overwriting symbol font `operators' in version `normal'
(Font)                  OT1/cmr/m/n --> TU/lmr/m/n on input line 55.
LaTeX Font Info:    Encoding `OT1' has changed to `TU' for symbol font
(Font)              `operators' in the math version `bold' on input line 55.
LaTeX Font Info:    Overwriting symbol font `operators' in version `bold'
(Font)                  OT1/cmr/bx/n --> TU/lmr/m/n on input line 55.
LaTeX Font Info:    Overwriting symbol font `operators' in version `normal'
(Font)                  TU/lmr/m/n --> TU/lmr/m/n on input line 55.
LaTeX Font Info:    Overwriting math alphabet `\mathit' in version `normal'
(Font)                  OT1/cmr/m/it --> TU/lmr/m/it on input line 55.
LaTeX Font Info:    Overwriting math alphabet `\mathbf' in version `normal'
(Font)                  OT1/cmr/bx/n --> TU/lmr/bx/n on input line 55.
LaTeX Font Info:    Overwriting math alphabet `\mathsf' in version `normal'
(Font)                  OT1/cmss/m/n --> TU/lmss/m/n on input line 55.
LaTeX Font Info:    Overwriting math alphabet `\mathtt' in version `normal'
(Font)                  OT1/cmtt/m/n --> TU/CourierNew(0)/m/n on input line 55.
LaTeX Font Info:    Overwriting symbol font `operators' in version `bold'
(Font)                  TU/lmr/m/n --> TU/lmr/bx/n on input line 55.
LaTeX Font Info:    Overwriting math alphabet `\mathit' in version `bold'
(Font)                  OT1/cmr/bx/it --> TU/lmr/bx/it on input line 55.
LaTeX Font Info:    Overwriting math alphabet `\mathsf' in version `bold'
(Font)                  OT1/cmss/bx/n --> TU/lmss/bx/n on input line 55.
LaTeX Font Info:    Overwriting math alphabet `\mathtt' in version `bold'
(Font)                  OT1/cmtt/m/n --> TU/CourierNew(0)/bx/n on input line 55.

Package hyperref Info: Option `pageanchor' set `false' on input line 58.
(load luc: C:/Users/holt.SYSPERTEC/AppData/Local/MiKTeX/2.9/luatex-cache/generic
/fonts/otl/lmsans10-regular.luc)(load luc: C:/Users/holt.SYSPERTEC/AppData/Local
/MiKTeX/2.9/luatex-cache/generic/fonts/otl/lmsans10-bold.luc)
LaTeX Font Info:    Font shape `TU/lmss/bx/it' in size <10> not available
(Font)              Font shape `TU/lmss/bx/sl' tried instead on input line 58.
(load luc: C:/Users/holt.SYSPERTEC/AppData/Local/MiKTeX/2.9/luatex-cache/generic
/fonts/otl/lmsans10-boldoblique.luc)
LaTeX Font Info:    Font shape `TU/lmss/bx/it' in size <17.28> not available
(Font)              Font shape `TU/lmss/bx/sl' tried instead on input line 58.
(load luc: C:/Users/holt.SYSPERTEC/AppData/Local/MiKTeX/2.9/luatex-cache/generic
/fonts/otl/lmroman17-regular.luc)(load luc: C:/Users/holt.SYSPERTEC/AppData/Loca
l/MiKTeX/2.9/luatex-cache/generic/fonts/otl/lmroman12-regular.luc)
LaTeX Font Info:    Try loading font information for U+msa on input line 58.

("C:/MiKTeX 2.9/tex/latex/amsfonts/umsa.fd"
File: umsa.fd 2013/01/14 v3.01 AMS symbols A
)
LaTeX Font Info:    Try loading font information for U+msb on input line 58.

("C:/MiKTeX 2.9/tex/latex/amsfonts/umsb.fd"
File: umsb.fd 2013/01/14 v3.01 AMS symbols B
) [1

{C:/Users/holt.SYSPERTEC/AppData/Local/MiKTeX/2.9/pdftex/config/pdftex.map}] [2

](load luc: C:/Users/holt.SYSPERTEC/AppData/Local/MiKTeX/2.9/luatex-cache/generi
c/fonts/otl/lmsans12-regular.luc)
\tf@toc=\write6

\openout6 = Virtel.toc
 [1

] [2

] <logo_virtel_web.png, id=21, 559.83803pt x 207.64902pt>
File: logo_virtel_web.png Graphic file (type png)

<use logo_virtel_web.png>
Package luatex.def Info: logo_virtel_web.png used on input line 63.
(luatex.def)             Requested size: 279.91832pt x 103.82425pt.
 [1<D:/Documents/GitHub/Virtel/docs/manuals/virtel/Virtel457UG/latex/logo_virtel
_web.png>] [2]
Chapter 1.
[3

]

LaTeX Warning: Hyper reference `User_Guide:v457ug-creating-html' on page 4 undef
ined on input line 248.


LaTeX Warning: Hyper reference `User_Guide:v457ug-virtel-scenarios' on page 4 un
defined on input line 248.


LaTeX Warning: Hyper reference `User_Guide:v457ug-programming-interfaces' on pag
e 4 undefined on input line 288.


LaTeX Warning: Hyper reference `User_Guide:v457ug-action-serve-another-users' on
 page 4 undefined on input line 311.

[4](load luc: C:/Users/holt.SYSPERTEC/AppData/Local/MiKTeX/2.9/luatex-cache/gene
ric/fonts/otl/lmroman9-regular.luc)(load luc: C:/Users/holt.SYSPERTEC/AppData/Lo
cal/MiKTeX/2.9/luatex-cache/generic/fonts/otl/lmroman5-regular.luc)

LaTeX Warning: Hyper reference `User_Guide:v457ug-how-the-path-name' on page 5 u
ndefined on input line 341.


LaTeX Warning: Hyper reference `User_Guide:v457ug-directory-management' on page 
5 undefined on input line 348.

[5] <image67.png, id=66, 996.72375pt x 505.13719pt>
File: image67.png Graphic file (type png)
 <use image67.png>
Package luatex.def Info: image67.png used on input line 444.
(luatex.def)             Requested size: 469.75502pt x 238.06967pt.
 [6<D:/Documents/GitHub/Virtel/docs/manuals/virtel/Virtel457UG/latex/image67.png
>]
<image68.png, id=72, 1005.00468pt x 625.58719pt>
File: image68.png Graphic file (type png)
 <use image68.png>
Package luatex.def Info: image68.png used on input line 451.
(luatex.def)             Requested size: 469.75502pt x 292.40326pt.
 [7<D:/Documents/GitHub/Virtel/docs/manuals/virtel/Virtel457UG/latex/image68.png
>]
<image69.png, id=81, 1004.25188pt x 621.07031pt>
File: image69.png Graphic file (type png)
 <use image69.png>
Package luatex.def Info: image69.png used on input line 535.
(luatex.def)             Requested size: 469.75502pt x 290.51947pt.
 [8]
<image70.png, id=90, 1005.00468pt x 624.83438pt>
File: image70.png Graphic file (type png)
 <use image70.png>
Package luatex.def Info: image70.png used on input line 539.
(luatex.def)             Requested size: 469.75502pt x 292.05139pt.
 [9<D:/Documents/GitHub/Virtel/docs/manuals/virtel/Virtel457UG/latex/image69.png
>] [10<D:/Documents/GitHub/Virtel/docs/manuals/virtel/Virtel457UG/latex/image70.
png>]
[11]

LaTeX Warning: Hyper reference `User_Guide:v457ug-session-context-mangement' on 
page 12 undefined on input line 680.


LaTeX Warning: Hyper reference `User_Guide:v457ug-printing' on page 12 undefined
 on input line 704.

[12]

LaTeX Warning: Hyper reference `User_Guide:v457ug-customization-javascript-funct
ions' on page 13 undefined on input line 807.


LaTeX Warning: Hyper reference `User_Guide:v457ug-capability-tokens' on page 13 
undefined on input line 828.

[13]

LaTeX Warning: Hyper reference `User_Guide:v457ug-set-header' on page 14 undefin
ed on input line 850.


LaTeX Warning: Hyper reference `User_Guide:v457ug-uploading-html-pages' on page 
14 undefined on input line 860.


LaTeX Warning: Hyper reference `User_Guide:v457ug-user-signon-code' on page 14 u
ndefined on input line 913.

[14]

LaTeX Warning: Hyper reference `User_Guide:v457ug-uploading-html-pages' on page 
15 undefined on input line 950.

[15] <image71.png, id=140, 992.95969pt x 618.05907pt>
File: image71.png Graphic file (type png)
 <use image71.png>
Package luatex.def Info: image71.png used on input line 974.
(luatex.def)             Requested size: 469.75502pt x 292.39282pt.

[16<D:/Documents/GitHub/Virtel/docs/manuals/virtel/Virtel457UG/latex/image71.png
>] <image72.png, id=148, 1001.99344pt x 620.3175pt>
File: image72.png Graphic file (type png)
 <use image72.png>
Package luatex.def Info: image72.png used on input line 1011.
(luatex.def)             Requested size: 469.75502pt x 290.82043pt.
 [17<D:/Documents/GitHub/Virtel/docs/manuals/virtel/Virtel457UG/latex/image72.pn
g>]
<image73.png, id=159, 1002.74625pt x 619.56468pt>
File: image73.png Graphic file (type png)
 <use image73.png>
Package luatex.def Info: image73.png used on input line 1051.
(luatex.def)             Requested size: 469.75502pt x 290.25006pt.
 [18<D:/Documents/GitHub/Virtel/docs/manuals/virtel/Virtel457UG/latex/image73.pn
g>]
[19]

LaTeX Warning: Hyper reference `User_Guide:v457ug-transmitting-data' on page 20 
undefined on input line 1113.


LaTeX Warning: Hyper reference `User_Guide:v457ug-printing' on page 20 undefined
 on input line 1113.

[20]

LaTeX Warning: Hyper reference `User_Guide:v457ug-cursor-management' on page 21 
undefined on input line 1176.

[21] [22]

LaTeX Warning: Hyper reference `User_Guide:v457ug-define-dfhmdf-column' on page 
23 undefined on input line 1294.


LaTeX Warning: Hyper reference `User_Guide:v457ug-setting-local-options' on page
 23 undefined on input line 1340.

[23] [24] [25] [26]

LaTeX Warning: Hyper reference `User_Guide:v457ug-setting-local-options' on page
 27 undefined on input line 1634.

(load luc: C:/Users/holt.SYSPERTEC/AppData/Local/MiKTeX/2.9/luatex-cache/generic
/fonts/otl/lmroman7-regular.luc) [27] [28] [29]

LaTeX Warning: Hyper reference `User_Guide:v457ug-setting-local-options' on page
 30 undefined on input line 1898.

[30] [31] [32] [33] [34]

LaTeX Warning: Hyper reference `User_Guide:v457ug-inserting-host-data' on page 3
5 undefined on input line 2220.


Underfull \hbox (badness 7649) in paragraph at lines 2219--2221
[]\TU/lmr/m/n/10 Af-fects the pro-cess-ing of the COPY-FROM and GENERATE-
 []


LaTeX Warning: Hyper reference `User_Guide:v457ug-table-variables' on page 35 un
defined on input line 2226.


Overfull \hbox (28.25499pt too wide) in paragraph at lines 2225--2227
[]
 []

[35]

LaTeX Warning: Hyper reference `User_Guide:v457ug-create-variable-from' on page 
36 undefined on input line 2288.


LaTeX Warning: Hyper reference `User_Guide:v457ug-copy' on page 36 undefined on 
input line 2288.


LaTeX Warning: Hyper reference `User_Guide:v457ug-host4web' on page 36 undefined
 on input line 2288.

[36]

LaTeX Warning: Hyper reference `User_Guide:v457ug-setting-local-options' on page
 37 undefined on input line 2312.

[37] [38] [39] [40]

LaTeX Warning: Hyper reference `User_Guide:v457ug-ebcdic-translation' on page 41
 undefined on input line 2713.

[41] [42]

LaTeX Warning: Hyper reference `User_Guide:v457ug-map-eventual-elsethen' on page
 43 undefined on input line 2859.


LaTeX Warning: Hyper reference `User_Guide:v457ug-map-eventual-elsethen' on page
 43 undefined on input line 2871.

[43]

LaTeX Warning: Hyper reference `User_Guide:v457ug-capability-tokens' on page 44 
undefined on input line 2886.


LaTeX Warning: Hyper reference `User_Guide:v457ug-capability-tokens' on page 44 
undefined on input line 2888.


LaTeX Warning: Hyper reference `User_Guide:v457ug-create-variable-if' on page 44
 undefined on input line 2909.

[44]

LaTeX Warning: Hyper reference `User_Guide:v457ug-debugging-create-variable' on 
page 45 undefined on input line 2945.


LaTeX Warning: Hyper reference `User_Guide:v457ug-signon-using-html' on page 45 
undefined on input line 2953.


LaTeX Warning: Hyper reference `User_Guide:v457ug-declare-field-crypto' on page 
45 undefined on input line 2977.


LaTeX Warning: Hyper reference `User_Guide:v457ug-signon-propagation' on page 45
 undefined on input line 3005.

[45]
Underfull \hbox (badness 5475) in paragraph at lines 3057--3059
[]\TU/lmr/m/n/10 then the tag {{{ENCRYPTION-PARAMETERS (AL-GO-RITHM) “CRYPT32
70”}}} re-turns the
 []

[46] [47] [48] [49] [50]

LaTeX Warning: Hyper reference `User_Guide:v457ug-capability-types' on page 51 u
ndefined on input line 3405.

[51]

LaTeX Warning: Hyper reference `User_Guide:v457ug-http-uploading-pages' on page 
52 undefined on input line 3460.


LaTeX Warning: Hyper reference `User_Guide:v457ug-cookie-upload' on page 52 unde
fined on input line 3492.

[52] [53]

LaTeX Warning: Hyper reference `User_Guide:v457ug-pdf' on page 54 undefined on i
nput line 3569.

[54]

LaTeX Warning: Hyper reference `User_Guide:v457ug-http-uploading-pages-smtp' on 
page 55 undefined on input line 3672.


LaTeX Warning: Hyper reference `User_Guide:v457ug-http-uploading-pages' on page 
55 undefined on input line 3672.

[55] <image74.png, id=450, 590.205pt x 399.74344pt>
File: image74.png Graphic file (type png)
 <use image74.png>
Package luatex.def Info: image74.png used on input line 3703.
(luatex.def)             Requested size: 469.75502pt x 318.16658pt.

<image75.png, id=451, 595.47469pt x 399.74344pt>
File: image75.png Graphic file (type png)
 <use image75.png>
Package luatex.def Info: image75.png used on input line 3707.
(luatex.def)             Requested size: 469.75502pt x 315.34857pt.
 [56<D:/Documents/GitHub/Virtel/docs/manuals/virtel/Virtel457UG/latex/image74.pn
g>] [57<D:/Documents/GitHub/Virtel/docs/manuals/virtel/Virtel457UG/latex/image75
.png>]
[58]

LaTeX Warning: Hyper reference `User_Guide:v457ug-correspondent-management' on p
age 59 undefined on input line 3867.

[59] [60] <image76.png, id=497, 1221.06187pt x 752.8125pt>
File: image76.png Graphic file (type png)
 <use image76.png>
Package luatex.def Info: image76.png used on input line 3970.
(luatex.def)             Requested size: 469.75502pt x 289.6212pt.

[61<D:/Documents/GitHub/Virtel/docs/manuals/virtel/Virtel457UG/latex/image76.png
>] [62]
Overfull \vbox (2.56995pt too high) detected at line 4111
 []

[63]

LaTeX Warning: Hyper reference `User_Guide:v457ug-account-activation' on page 64
 undefined on input line 4119.

<image4.png, id=515, 452.4403pt x 313.9228pt>
File: image4.png Graphic file (type png)
 <use image4.png>
Package luatex.def Info: image4.png used on input line 4146.
(luatex.def)             Requested size: 370.99655pt x 257.42793pt.

<image5.png, id=516, 423.83344pt x 261.22594pt>
File: image5.png Graphic file (type png)
 <use image5.png>
Package luatex.def Info: image5.png used on input line 4156.
(luatex.def)             Requested size: 423.83238pt x 261.22528pt.
 [64<D:/Documents/GitHub/Virtel/docs/manuals/virtel/Virtel457UG/latex/image4.png
>]
<image6.png, id=525, 452.4403pt x 313.9228pt>
File: image6.png Graphic file (type png)
 <use image6.png>
Package luatex.def Info: image6.png used on input line 4166.
(luatex.def)             Requested size: 452.43921pt x 313.92203pt.
 [65<D:/Documents/GitHub/Virtel/docs/manuals/virtel/Virtel457UG/latex/image5.png
><D:/Documents/GitHub/Virtel/docs/manuals/virtel/Virtel457UG/latex/image6.png>]

<image7.png, id=531, 452.4403pt x 447.92343pt>
File: image7.png Graphic file (type png)
 <use image7.png>
Package luatex.def Info: image7.png used on input line 4176.
(luatex.def)             Requested size: 452.43921pt x 447.92233pt.
 [66<D:/Documents/GitHub/Virtel/docs/manuals/virtel/Virtel457UG/latex/image7.png
>]
<image77.png, id=539, 1217.2978pt x 752.0597pt>
File: image77.png Graphic file (type png)
 <use image77.png>
Package luatex.def Info: image77.png used on input line 4211.
(luatex.def)             Requested size: 469.75502pt x 290.2152pt.
 [67<D:/Documents/GitHub/Virtel/docs/manuals/virtel/Virtel457UG/latex/image77.pn
g>]
<image78.png, id=548, 1230.09563pt x 713.66624pt>
File: image78.png Graphic file (type png)
 <use image78.png>
Package luatex.def Info: image78.png used on input line 4220.
(luatex.def)             Requested size: 469.75502pt x 272.53542pt.

<image79.png, id=549, 1223.32031pt x 788.19469pt>
File: image79.png Graphic file (type png)
 <use image79.png>
Package luatex.def Info: image79.png used on input line 4222.
(luatex.def)             Requested size: 469.75502pt x 302.6561pt.

<image80.png, id=550, 1223.32031pt x 797.22844pt>
File: image80.png Graphic file (type png)
 <use image80.png>
Package luatex.def Info: image80.png used on input line 4224.
(luatex.def)             Requested size: 469.75502pt x 306.12494pt.
 [68<D:/Documents/GitHub/Virtel/docs/manuals/virtel/Virtel457UG/latex/image78.pn
g><D:/Documents/GitHub/Virtel/docs/manuals/virtel/Virtel457UG/latex/image79.png>
]
<image8.png, id=556, 302.63063pt x 191.21437pt>
File: image8.png Graphic file (type png)
 <use image8.png>
Package luatex.def Info: image8.png used on input line 4245.
(luatex.def)             Requested size: 302.62988pt x 191.2139pt.
 [69<D:/Documents/GitHub/Virtel/docs/manuals/virtel/Virtel457UG/latex/image80.pn
g>]
<image9.png, id=565, 420.06938pt x 229.60782pt>
File: image9.png Graphic file (type png)
 <use image9.png>
Package luatex.def Info: image9.png used on input line 4257.
(luatex.def)             Requested size: 420.06836pt x 229.60725pt.

<image10.png, id=566, 423.83344pt x 261.22594pt>
File: image10.png Graphic file (type png)
 <use image10.png>
Package luatex.def Info: image10.png used on input line 4267.
(luatex.def)             Requested size: 423.83238pt x 261.22528pt.
 [70<D:/Documents/GitHub/Virtel/docs/manuals/virtel/Virtel457UG/latex/image8.png
><D:/Documents/GitHub/Virtel/docs/manuals/virtel/Virtel457UG/latex/image9.png>]

<image11.png, id=573, 420.06938pt x 229.60782pt>
File: image11.png Graphic file (type png)
 <use image11.png>
Package luatex.def Info: image11.png used on input line 4277.
(luatex.def)             Requested size: 420.06836pt x 229.60725pt.

<image12.png, id=574, 420.06938pt x 418.56375pt>
File: image12.png Graphic file (type png)
 <use image12.png>
Package luatex.def Info: image12.png used on input line 4287.
(luatex.def)             Requested size: 420.06836pt x 418.56271pt.
 [71<D:/Documents/GitHub/Virtel/docs/manuals/virtel/Virtel457UG/latex/image10.pn
g><D:/Documents/GitHub/Virtel/docs/manuals/virtel/Virtel457UG/latex/image11.png>
] [72<D:/Documents/GitHub/Virtel/docs/manuals/virtel/Virtel457UG/latex/image12.p
ng>]
<image13.png, id=588, 687.31781pt x 299.61937pt>
File: image13.png Graphic file (type png)
 <use image13.png>
Package luatex.def Info: image13.png used on input line 4308.
(luatex.def)             Requested size: 469.75502pt x 204.77628pt.

<image14.png, id=589, 686.565pt x 514.92375pt>
File: image14.png Graphic file (type png)
 <use image14.png>
Package luatex.def Info: image14.png used on input line 4317.
(luatex.def)             Requested size: 469.75502pt x 352.31207pt.
 [73<D:/Documents/GitHub/Virtel/docs/manuals/virtel/Virtel457UG/latex/image13.pn
g>]
<image15.png, id=597, 635.37375pt x 295.1025pt>
File: image15.png Graphic file (type png)
 <use image15.png>
Package luatex.def Info: image15.png used on input line 4332.
(luatex.def)             Requested size: 469.75502pt x 218.18779pt.
 [74<D:/Documents/GitHub/Virtel/docs/manuals/virtel/Virtel457UG/latex/image14.pn
g>]
<image16.png, id=603, 12.045pt x 12.045pt>
File: image16.png Graphic file (type png)
 <use image16.png>
Package luatex.def Info: image16.png used on input line 4339.
(luatex.def)             Requested size: 16.26112pt x 16.26112pt.

<image17.png, id=604, 12.045pt x 12.045pt>
File: image17.png Graphic file (type png)
 <use image17.png>
Package luatex.def Info: image17.png used on input line 4378.
(luatex.def)             Requested size: 16.26112pt x 16.26112pt.
 [75<D:/Documents/GitHub/Virtel/docs/manuals/virtel/Virtel457UG/latex/image15.pn
g><D:/Documents/GitHub/Virtel/docs/manuals/virtel/Virtel457UG/latex/image16.png>
<D:/Documents/GitHub/Virtel/docs/manuals/virtel/Virtel457UG/latex/image17.png>]


LaTeX Warning: Hyper reference `User_Guide:v457ug-http-uploading-pages-signon' o
n page 76 undefined on input line 4423.

[76]
! Undefined control sequence.
l.4544 \newpag
            
? 
! Emergency stop.
l.4544 \newpag
            
End of file on the terminal!



Here is how much of LuaTeX's memory you used:
 23505 strings out of 494481
 305220,662416 words of node,token memory allocated 21781 words of node memory still in use:
   129 hlist, 6 vlist, 12 rule, 157 disc, 20 local_par, 1 dir, 30 math, 533 glue
, 160 kern, 73 penalty, 2035 glyph, 144 attribute, 66 glue_spec, 144 attribute_l
ist, 1 pdf_action, 118 pdf_colorstack nodes
   avail lists: 1:1,2:6339,3:1842,4:14728,5:3606,6:5938,7:7236,8:164,9:7580,10:6
9,11:1711
 26334 multiletter control sequences out of 65536+200000
 80 fonts using 14045095 bytes
 37i,12n,66p,1106b,481s stack positions out of 5000i,500n,10000p,200000b,50000s
!  ==> Fatal error occurred, no output PDF file produced!
